<?xml version="1.0" encoding="UTF-8"?>
<coverage generated="1789305008032" clover="3.2.0">
  <project timestamp="1789305008032" name="All files">
    <metrics statements="2533" coveredstatements="2069" conditionals="2030" coveredconditionals="1355" methods="347" coveredmethods="256" elements="4910" coveredelements="3680" complexity="0" loc="2533" ncloc="2533" packages="5" files="20" classes="20"/>
    <package name="lib">
      <metrics statements="39" coveredstatements="27" conditionals="21" coveredconditionals="7" methods="11" coveredmethods="8"/>
      <file name="schemas.ts" path="/mnt/1c5f09d2-4b36-42cf-8541-5cb64e85f9e9/projects/tauri/strata/src/lib/schemas.ts">
        <metrics statements="39" coveredstatements="27" conditionals="21" coveredconditionals="7" methods="11" coveredmethods="8"/>
        <line num="13" count="1" type="stmt"/>
        <line num="26" count="16" type="stmt"/>
        <line num="36" count="5" type="stmt"/>
        <line num="37" count="5" type="cond" truecount="1" falsecount="1"/>
        <line num="40" count="5" type="stmt"/>
        <line num="45" count="5" type="cond" truecount="1" falsecount="1"/>
        <line num="47" count="5" type="cond" truecount="1" falsecount="1"/>
        <line num="48" count="11" type="stmt"/>
        <line num="49" count="5" type="cond" truecount="2" falsecount="0"/>
        <line num="50" count="5" type="cond" truecount="1" falsecount="1"/>
        <line num="51" count="5" type="stmt"/>
        <line num="54" count="0" type="cond" truecount="0" falsecount="2"/>
        <line num="55" count="0" type="stmt"/>
        <line num="56" count="0" type="cond" truecount="0" falsecount="2"/>
        <line num="57" count="0" type="stmt"/>
        <line num="60" count="0" type="cond" truecount="0" falsecount="2"/>
        <line num="61" count="0" type="stmt"/>
        <line num="62" count="0" type="stmt"/>
        <line num="64" count="0" type="cond" truecount="0" falsecount="2"/>
        <line num="65" count="0" type="cond" truecount="0" falsecount="2"/>
        <line num="66" count="0" type="stmt"/>
        <line num="69" count="0" type="stmt"/>
        <line num="76" count="1" type="stmt"/>
        <line num="81" count="2" type="stmt"/>
        <line num="91" count="1" type="stmt"/>
        <line num="96" count="0" type="stmt"/>
        <line num="112" count="1" type="stmt"/>
        <line num="117" count="1" type="stmt"/>
        <line num="123" count="1" type="stmt"/>
        <line num="131" count="1" type="stmt"/>
        <line num="146" count="1" type="stmt"/>
        <line num="151" count="1" type="stmt"/>
        <line num="156" count="1" type="stmt"/>
        <line num="171" count="1" type="stmt"/>
        <line num="176" count="1" type="stmt"/>
        <line num="181" count="1" type="stmt"/>
        <line num="193" count="1" type="stmt"/>
        <line num="202" count="1" type="stmt"/>
        <line num="211" count="1" type="stmt"/>
      </file>
    </package>
    <package name="lib.mock">
      <metrics statements="1" coveredstatements="1" conditionals="0" coveredconditionals="0" methods="0" coveredmethods="0"/>
      <file name="academics.ts" path="/mnt/1c5f09d2-4b36-42cf-8541-5cb64e85f9e9/projects/tauri/strata/src/lib/mock/academics.ts">
        <metrics statements="0" coveredstatements="0" conditionals="0" coveredconditionals="0" methods="0" coveredmethods="0"/>
      </file>
      <file name="basic.ts" path="/mnt/1c5f09d2-4b36-42cf-8541-5cb64e85f9e9/projects/tauri/strata/src/lib/mock/basic.ts">
        <metrics statements="0" coveredstatements="0" conditionals="0" coveredconditionals="0" methods="0" coveredmethods="0"/>
      </file>
      <file name="fullstack.ts" path="/mnt/1c5f09d2-4b36-42cf-8541-5cb64e85f9e9/projects/tauri/strata/src/lib/mock/fullstack.ts">
        <metrics statements="0" coveredstatements="0" conditionals="0" coveredconditionals="0" methods="0" coveredmethods="0"/>
      </file>
      <file name="index.ts" path="/mnt/1c5f09d2-4b36-42cf-8541-5cb64e85f9e9/projects/tauri/strata/src/lib/mock/index.ts">
        <metrics statements="1" coveredstatements="1" conditionals="0" coveredconditionals="0" methods="0" coveredmethods="0"/>
        <line num="21" count="2" type="stmt"/>
      </file>
      <file name="infrastructure.ts" path="/mnt/1c5f09d2-4b36-42cf-8541-5cb64e85f9e9/projects/tauri/strata/src/lib/mock/infrastructure.ts">
        <metrics statements="0" coveredstatements="0" conditionals="0" coveredconditionals="0" methods="0" coveredmethods="0"/>
      </file>
      <file name="schema.ts" path="/mnt/1c5f09d2-4b36-42cf-8541-5cb64e85f9e9/projects/tauri/strata/src/lib/mock/schema.ts">
        <metrics statements="0" coveredstatements="0" conditionals="0" coveredconditionals="0" methods="0" coveredmethods="0"/>
      </file>
    </package>
    <package name="lib.parser">
      <metrics statements="1410" coveredstatements="1309" conditionals="1243" coveredconditionals="910" methods="107" coveredmethods="102"/>
      <file name="core.ts" path="/mnt/1c5f09d2-4b36-42cf-8541-5cb64e85f9e9/projects/tauri/strata/src/lib/parser/core.ts">
        <metrics statements="419" coveredstatements="386" conditionals="423" coveredconditionals="315" methods="33" coveredmethods="31"/>
        <line num="19" count="1" type="stmt"/>
        <line num="26" count="148" type="cond" truecount="4" falsecount="0"/>
        <line num="27" count="99" type="cond" truecount="2" falsecount="0"/>
        <line num="28" count="148" type="cond" truecount="2" falsecount="0"/>
        <line num="30" count="148" type="stmt"/>
        <line num="40" count="148" type="stmt"/>
        <line num="41" count="413" type="cond" truecount="2" falsecount="0"/>
        <line num="43" count="52" type="stmt"/>
        <line num="57" count="317" type="stmt"/>
        <line num="58" count="317" type="cond" truecount="3" falsecount="1"/>
        <line num="59" count="317" type="stmt"/>
        <line num="60" count="317" type="stmt"/>
        <line num="62" count="317" type="stmt"/>
        <line num="63" count="317" type="stmt"/>
        <line num="64" count="317" type="stmt"/>
        <line num="65" count="317" type="stmt"/>
        <line num="66" count="317" type="stmt"/>
        <line num="69" count="317" type="stmt"/>
        <line num="70" count="317" type="stmt"/>
        <line num="71" count="317" type="stmt"/>
        <line num="72" count="170" type="stmt"/>
        <line num="73" count="170" type="cond" truecount="2" falsecount="0"/>
        <line num="74" count="170" type="stmt"/>
        <line num="76" count="170" type="cond" truecount="3" falsecount="2"/>
        <line num="77" count="0" type="stmt"/>
        <line num="78" count="0" type="cond" truecount="0" falsecount="2"/>
        <line num="79" count="0" type="stmt"/>
        <line num="80" count="0" type="stmt"/>
        <line num="82" count="170" type="cond" truecount="4" falsecount="0"/>
        <line num="83" count="2" type="stmt"/>
        <line num="86" count="170" type="cond" truecount="2" falsecount="0"/>
        <line num="87" count="13" type="cond" truecount="2" falsecount="0"/>
        <line num="89" count="12" type="stmt"/>
        <line num="97" count="317" type="stmt"/>
        <line num="98" count="317" type="stmt"/>
        <line num="99" count="69" type="stmt"/>
        <line num="100" count="69" type="cond" truecount="1" falsecount="1"/>
        <line num="101" count="69" type="cond" truecount="1" falsecount="1"/>
        <line num="102" count="69" type="stmt"/>
        <line num="104" count="69" type="cond" truecount="2" falsecount="3"/>
        <line num="105" count="0" type="stmt"/>
        <line num="106" count="0" type="cond" truecount="0" falsecount="2"/>
        <line num="107" count="0" type="stmt"/>
        <line num="108" count="0" type="stmt"/>
        <line num="110" count="69" type="cond" truecount="4" falsecount="0"/>
        <line num="111" count="38" type="stmt"/>
        <line num="114" count="69" type="cond" truecount="1" falsecount="1"/>
        <line num="115" count="69" type="stmt"/>
        <line num="116" count="69" type="cond" truecount="2" falsecount="0"/>
        <line num="117" count="69" type="stmt"/>
        <line num="125" count="317" type="stmt"/>
        <line num="126" count="317" type="stmt"/>
        <line num="127" count="317" type="stmt"/>
        <line num="129" count="317" type="stmt"/>
        <line num="130" count="317" type="stmt"/>
        <line num="131" count="317" type="cond" truecount="2" falsecount="0"/>
        <line num="132" count="1" type="stmt"/>
        <line num="145" count="317" type="stmt"/>
        <line num="146" count="690" type="stmt"/>
        <line num="147" count="690" type="stmt"/>
        <line num="148" count="690" type="stmt"/>
        <line num="151" count="690" type="stmt"/>
        <line num="152" count="690" type="stmt"/>
        <line num="158" count="690" type="stmt"/>
        <line num="159" count="710" type="stmt"/>
        <line num="160" count="710" type="cond" truecount="2" falsecount="0"/>
        <line num="161" count="614" type="cond" truecount="2" falsecount="0"/>
        <line num="162" count="3" type="stmt"/>
        <line num="177" count="614" type="cond" truecount="2" falsecount="0"/>
        <line num="178" count="612" type="stmt"/>
        <line num="184" count="690" type="cond" truecount="2" falsecount="0"/>
        <line num="185" count="3" type="cond" truecount="1" falsecount="1"/>
        <line num="186" count="3" type="stmt"/>
        <line num="190" count="690" type="cond" truecount="2" falsecount="0"/>
        <line num="191" count="103" type="stmt"/>
        <line num="195" count="690" type="cond" truecount="7" falsecount="0"/>
        <line num="196" count="669" type="stmt"/>
        <line num="197" count="669" type="cond" truecount="1" falsecount="3"/>
        <line num="199" count="669" type="stmt"/>
        <line num="201" count="669" type="stmt"/>
        <line num="202" count="669" type="cond" truecount="2" falsecount="0"/>
        <line num="203" count="354" type="stmt"/>
        <line num="204" count="354" type="stmt"/>
        <line num="205" count="892" type="cond" truecount="5" falsecount="0"/>
        <line num="206" count="1" type="stmt"/>
        <line num="219" count="891" type="cond" truecount="5" falsecount="0"/>
        <line num="220" count="1" type="stmt"/>
        <line num="235" count="315" type="cond" truecount="2" falsecount="0"/>
        <line num="236" count="107" type="cond" truecount="2" falsecount="0"/>
        <line num="237" count="105" type="stmt"/>
        <line num="238" count="293" type="cond" truecount="4" falsecount="0"/>
        <line num="239" count="1" type="stmt"/>
        <line num="240" count="1" type="stmt"/>
        <line num="249" count="292" type="stmt"/>
        <line num="257" count="2" type="stmt"/>
        <line num="259" count="208" type="cond" truecount="2" falsecount="0"/>
        <line num="260" count="103" type="cond" truecount="1" falsecount="1"/>
        <line num="261" count="196" type="stmt"/>
        <line num="268" count="105" type="cond" truecount="2" falsecount="0"/>
        <line num="269" count="102" type="stmt"/>
        <line num="270" count="102" type="stmt"/>
        <line num="271" count="102" type="cond" truecount="2" falsecount="0"/>
        <line num="272" count="101" type="stmt"/>
        <line num="273" count="101" type="cond" truecount="2" falsecount="0"/>
        <line num="274" count="2" type="stmt"/>
        <line num="275" count="2" type="stmt"/>
        <line num="276" count="2" type="stmt"/>
        <line num="277" count="2" type="cond" truecount="2" falsecount="2"/>
        <line num="278" count="2" type="cond" truecount="1" falsecount="1"/>
        <line num="279" count="2" type="stmt"/>
        <line num="280" count="4" type="cond" truecount="2" falsecount="0"/>
        <line num="282" count="3" type="stmt"/>
        <line num="283" count="3" type="cond" truecount="2" falsecount="0"/>
        <line num="284" count="3" type="stmt"/>
        <line num="292" count="0" type="cond" truecount="0" falsecount="2"/>
        <line num="293" count="0" type="stmt"/>
        <line num="296" count="0" type="stmt"/>
        <line num="297" count="0" type="cond" truecount="0" falsecount="2"/>
        <line num="299" count="99" type="cond" truecount="2" falsecount="0"/>
        <line num="300" count="50" type="stmt"/>
        <line num="301" count="50" type="stmt"/>
        <line num="304" count="101" type="stmt"/>
        <line num="305" count="101" type="cond" truecount="2" falsecount="0"/>
        <line num="306" count="1" type="stmt"/>
        <line num="321" count="100" type="cond" truecount="4" falsecount="0"/>
        <line num="322" count="50" type="stmt"/>
        <line num="335" count="102" type="cond" truecount="2" falsecount="0"/>
        <line num="336" count="2" type="stmt"/>
        <line num="337" count="100" type="cond" truecount="4" falsecount="0"/>
        <line num="338" count="283" type="stmt"/>
        <line num="345" count="5" type="stmt"/>
        <line num="348" count="102" type="cond" truecount="2" falsecount="0"/>
        <line num="349" count="50" type="stmt"/>
        <line num="353" count="669" type="cond" truecount="2" falsecount="0"/>
        <line num="354" count="667" type="cond" truecount="2" falsecount="0"/>
        <line num="355" count="667" type="cond" truecount="1" falsecount="1"/>
        <line num="356" count="667" type="stmt"/>
        <line num="376" count="669" type="cond" truecount="4" falsecount="0"/>
        <line num="377" count="100" type="stmt"/>
        <line num="378" count="196" type="stmt"/>
        <line num="386" count="317" type="cond" truecount="2" falsecount="0"/>
        <line num="388" count="92" type="stmt"/>
        <line num="389" count="80" type="stmt"/>
        <line num="390" count="80" type="cond" truecount="1" falsecount="1"/>
        <line num="391" count="80" type="stmt"/>
        <line num="392" count="80" type="stmt"/>
        <line num="393" count="80" type="stmt"/>
        <line num="399" count="92" type="stmt"/>
        <line num="400" count="47" type="stmt"/>
        <line num="401" count="47" type="cond" truecount="2" falsecount="0"/>
        <line num="402" count="45" type="stmt"/>
        <line num="403" count="45" type="stmt"/>
        <line num="404" count="45" type="stmt"/>
        <line num="405" count="45" type="cond" truecount="2" falsecount="0"/>
        <line num="406" count="2" type="stmt"/>
        <line num="407" count="2" type="stmt"/>
        <line num="409" count="45" type="stmt"/>
        <line num="410" count="45" type="cond" truecount="2" falsecount="0"/>
        <line num="411" count="37" type="stmt"/>
        <line num="412" count="40" type="cond" truecount="2" falsecount="0"/>
        <line num="415" count="8" type="stmt"/>
        <line num="416" count="9" type="stmt"/>
        <line num="417" count="9" type="cond" truecount="3" falsecount="1"/>
        <line num="418" count="9" type="stmt"/>
        <line num="423" count="45" type="stmt"/>
        <line num="424" count="45" type="stmt"/>
        <line num="425" count="45" type="cond" truecount="1" falsecount="1"/>
        <line num="427" count="45" type="stmt"/>
        <line num="428" count="45" type="cond" truecount="1" falsecount="1"/>
        <line num="429" count="45" type="stmt"/>
        <line num="435" count="45" type="stmt"/>
        <line num="436" count="2" type="stmt"/>
        <line num="437" count="2" type="cond" truecount="1" falsecount="1"/>
        <line num="438" count="2" type="stmt"/>
        <line num="443" count="45" type="cond" truecount="1" falsecount="1"/>
        <line num="444" count="45" type="stmt"/>
        <line num="463" count="45" type="stmt"/>
        <line num="466" count="0" type="stmt"/>
        <line num="472" count="92" type="stmt"/>
        <line num="473" count="80" type="cond" truecount="2" falsecount="0"/>
        <line num="474" count="3" type="cond" truecount="3" falsecount="1"/>
        <line num="476" count="3" type="cond" truecount="1" falsecount="1"/>
        <line num="477" count="3" type="stmt"/>
        <line num="478" count="3" type="stmt"/>
        <line num="479" count="3" type="cond" truecount="2" falsecount="0"/>
        <line num="481" count="0" type="stmt"/>
        <line num="485" count="3" type="cond" truecount="2" falsecount="0"/>
        <line num="486" count="1" type="stmt"/>
        <line num="487" count="1" type="stmt"/>
        <line num="488" count="1" type="stmt"/>
        <line num="490" count="1" type="stmt"/>
        <line num="491" count="1" type="stmt"/>
        <line num="492" count="1" type="stmt"/>
        <line num="493" count="1" type="stmt"/>
        <line num="494" count="1" type="stmt"/>
        <line num="495" count="1" type="cond" truecount="1" falsecount="1"/>
        <line num="496" count="1" type="stmt"/>
        <line num="497" count="1" type="stmt"/>
        <line num="498" count="1" type="stmt"/>
        <line num="504" count="1" type="stmt"/>
        <line num="505" count="0" type="stmt"/>
        <line num="506" count="0" type="cond" truecount="0" falsecount="2"/>
        <line num="507" count="0" type="stmt"/>
        <line num="511" count="1" type="cond" truecount="1" falsecount="1"/>
        <line num="512" count="1" type="cond" truecount="1" falsecount="1"/>
        <line num="513" count="1" type="stmt"/>
        <line num="530" count="1" type="stmt"/>
        <line num="536" count="0" type="stmt"/>
        <line num="537" count="0" type="cond" truecount="0" falsecount="2"/>
        <line num="545" count="317" type="stmt"/>
        <line num="546" count="317" type="stmt"/>
        <line num="547" count="715" type="cond" truecount="1" falsecount="1"/>
        <line num="548" count="715" type="stmt"/>
        <line num="549" count="715" type="cond" truecount="1" falsecount="1"/>
        <line num="550" count="715" type="cond" truecount="2" falsecount="0"/>
        <line num="551" count="400" type="stmt"/>
        <line num="557" count="713" type="stmt"/>
        <line num="558" count="317" type="stmt"/>
        <line num="559" count="715" type="cond" truecount="1" falsecount="1"/>
        <line num="560" count="715" type="stmt"/>
        <line num="561" count="715" type="stmt"/>
        <line num="562" count="715" type="cond" truecount="1" falsecount="1"/>
        <line num="563" count="715" type="cond" truecount="1" falsecount="1"/>
        <line num="564" count="715" type="stmt"/>
        <line num="565" count="709" type="stmt"/>
        <line num="566" count="709" type="cond" truecount="4" falsecount="0"/>
        <line num="567" count="100" type="stmt"/>
        <line num="568" count="196" type="cond" truecount="2" falsecount="0"/>
        <line num="569" count="3" type="stmt"/>
        <line num="570" count="3" type="stmt"/>
        <line num="571" count="3" type="stmt"/>
        <line num="591" count="317" type="stmt"/>
        <line num="592" count="713" type="stmt"/>
        <line num="593" count="317" type="cond" truecount="2" falsecount="0"/>
        <line num="594" count="4" type="stmt"/>
        <line num="600" count="4" type="stmt"/>
        <line num="601" count="10" type="stmt"/>
        <line num="602" count="10" type="stmt"/>
        <line num="603" count="10" type="cond" truecount="1" falsecount="1"/>
        <line num="604" count="10" type="stmt"/>
        <line num="605" count="58" type="stmt"/>
        <line num="606" count="58" type="cond" truecount="4" falsecount="0"/>
        <line num="607" count="42" type="stmt"/>
        <line num="608" count="16" type="cond" truecount="2" falsecount="0"/>
        <line num="609" count="8" type="stmt"/>
        <line num="617" count="317" type="stmt"/>
        <line num="618" count="317" type="stmt"/>
        <line num="620" count="317" type="stmt"/>
        <line num="621" count="713" type="cond" truecount="1" falsecount="1"/>
        <line num="622" count="713" type="cond" truecount="1" falsecount="1"/>
        <line num="623" count="713" type="stmt"/>
        <line num="624" count="1735" type="stmt"/>
        <line num="625" count="1735" type="cond" truecount="2" falsecount="0"/>
        <line num="626" count="9" type="stmt"/>
        <line num="628" count="1735" type="cond" truecount="2" falsecount="0"/>
        <line num="629" count="1" type="stmt"/>
        <line num="634" count="317" type="cond" truecount="2" falsecount="0"/>
        <line num="635" count="7" type="stmt"/>
        <line num="636" count="9" type="stmt"/>
        <line num="637" count="7" type="cond" truecount="1" falsecount="1"/>
        <line num="638" count="7" type="stmt"/>
        <line num="651" count="7" type="stmt"/>
        <line num="652" count="9" type="stmt"/>
        <line num="653" count="9" type="cond" truecount="1" falsecount="1"/>
        <line num="654" count="9" type="stmt"/>
        <line num="672" count="317" type="cond" truecount="2" falsecount="0"/>
        <line num="673" count="1" type="stmt"/>
        <line num="674" count="1" type="stmt"/>
        <line num="675" count="1" type="cond" truecount="1" falsecount="1"/>
        <line num="676" count="1" type="stmt"/>
        <line num="689" count="1" type="stmt"/>
        <line num="690" count="1" type="stmt"/>
        <line num="691" count="1" type="cond" truecount="1" falsecount="1"/>
        <line num="692" count="1" type="stmt"/>
        <line num="711" count="317" type="cond" truecount="2" falsecount="0"/>
        <line num="712" count="15" type="stmt"/>
        <line num="713" count="15" type="cond" truecount="2" falsecount="0"/>
        <line num="714" count="14" type="stmt"/>
        <line num="723" count="721" type="stmt"/>
        <line num="724" count="317" type="stmt"/>
        <line num="725" count="317" type="stmt"/>
        <line num="726" count="263" type="cond" truecount="4" falsecount="0"/>
        <line num="727" count="254" type="stmt"/>
        <line num="728" count="9" type="cond" truecount="5" falsecount="0"/>
        <line num="729" count="6" type="stmt"/>
        <line num="730" count="6" type="cond" truecount="1" falsecount="1"/>
        <line num="731" count="6" type="cond" truecount="1" falsecount="1"/>
        <line num="732" count="6" type="cond" truecount="1" falsecount="1"/>
        <line num="735" count="6" type="stmt"/>
        <line num="736" count="6" type="stmt"/>
        <line num="747" count="317" type="cond" truecount="4" falsecount="0"/>
        <line num="748" count="23" type="stmt"/>
        <line num="749" count="23" type="cond" truecount="2" falsecount="0"/>
        <line num="754" count="23" type="stmt"/>
        <line num="768" count="294" type="stmt"/>
        <line num="770" count="0" type="stmt"/>
        <line num="772" count="0" type="stmt"/>
        <line num="773" count="0" type="stmt"/>
        <line num="774" count="0" type="stmt"/>
        <line num="775" count="0" type="cond" truecount="0" falsecount="2"/>
        <line num="776" count="0" type="stmt"/>
        <line num="777" count="0" type="stmt"/>
        <line num="780" count="0" type="stmt"/>
        <line num="789" count="0" type="stmt"/>
        <line num="799" count="317" type="stmt"/>
        <line num="800" count="317" type="stmt"/>
        <line num="802" count="317" type="stmt"/>
        <line num="803" count="85" type="stmt"/>
        <line num="804" count="85" type="stmt"/>
        <line num="806" count="0" type="stmt"/>
        <line num="816" count="400" type="stmt"/>
        <line num="817" count="400" type="stmt"/>
        <line num="818" count="400" type="cond" truecount="1" falsecount="1"/>
        <line num="820" count="400" type="stmt"/>
        <line num="822" count="400" type="cond" truecount="1" falsecount="1"/>
        <line num="823" count="400" type="stmt"/>
        <line num="824" count="400" type="cond" truecount="1" falsecount="1"/>
        <line num="825" count="400" type="stmt"/>
        <line num="826" count="400" type="cond" truecount="1" falsecount="1"/>
        <line num="827" count="400" type="stmt"/>
        <line num="828" count="957" type="cond" truecount="1" falsecount="1"/>
        <line num="829" count="957" type="stmt"/>
        <line num="830" count="957" type="cond" truecount="1" falsecount="1"/>
        <line num="831" count="957" type="stmt"/>
        <line num="832" count="957" type="stmt"/>
        <line num="833" count="957" type="stmt"/>
        <line num="834" count="957" type="stmt"/>
        <line num="835" count="957" type="stmt"/>
        <line num="837" count="957" type="cond" truecount="1" falsecount="1"/>
        <line num="838" count="957" type="stmt"/>
        <line num="839" count="957" type="stmt"/>
        <line num="840" count="957" type="stmt"/>
        <line num="841" count="957" type="cond" truecount="2" falsecount="0"/>
        <line num="842" count="957" type="cond" truecount="4" falsecount="0"/>
        <line num="843" count="2" type="stmt"/>
        <line num="845" count="957" type="stmt"/>
        <line num="848" count="957" type="stmt"/>
        <line num="861" count="400" type="stmt"/>
        <line num="868" count="7" type="stmt"/>
        <line num="869" count="7" type="stmt"/>
        <line num="870" count="7" type="stmt"/>
        <line num="872" count="7" type="cond" truecount="1" falsecount="1"/>
        <line num="873" count="0" type="stmt"/>
        <line num="874" count="0" type="cond" truecount="0" falsecount="4"/>
        <line num="875" count="0" type="stmt"/>
        <line num="879" count="7" type="cond" truecount="3" falsecount="1"/>
        <line num="880" count="7" type="stmt"/>
        <line num="881" count="3" type="cond" truecount="1" falsecount="1"/>
        <line num="882" count="3" type="stmt"/>
        <line num="891" count="7" type="stmt"/>
        <line num="898" count="400" type="stmt"/>
        <line num="899" count="400" type="cond" truecount="1" falsecount="1"/>
        <line num="904" count="400" type="stmt"/>
        <line num="905" count="12" type="stmt"/>
        <line num="906" count="38" type="cond" truecount="3" falsecount="1"/>
        <line num="907" count="38" type="stmt"/>
        <line num="908" count="38" type="stmt"/>
        <line num="909" count="62" type="stmt"/>
        <line num="910" count="62" type="cond" truecount="4" falsecount="0"/>
        <line num="911" count="20" type="stmt"/>
        <line num="912" count="20" type="cond" truecount="4" falsecount="0"/>
        <line num="913" count="7" type="stmt"/>
        <line num="914" count="7" type="cond" truecount="1" falsecount="1"/>
        <line num="915" count="7" type="cond" truecount="1" falsecount="1"/>
        <line num="916" count="7" type="stmt"/>
        <line num="917" count="10" type="cond" truecount="1" falsecount="1"/>
        <line num="918" count="10" type="stmt"/>
        <line num="919" count="10" type="cond" truecount="4" falsecount="0"/>
        <line num="920" count="7" type="stmt"/>
        <line num="929" count="5" type="stmt"/>
        <line num="933" count="400" type="stmt"/>
        <line num="934" count="400" type="cond" truecount="1" falsecount="1"/>
        <line num="935" count="400" type="stmt"/>
        <line num="936" count="400" type="stmt"/>
        <line num="937" count="1851" type="cond" truecount="2" falsecount="0"/>
        <line num="938" count="33" type="stmt"/>
        <line num="939" count="33" type="cond" truecount="1" falsecount="1"/>
        <line num="940" count="33" type="stmt"/>
        <line num="941" count="33" type="cond" truecount="1" falsecount="1"/>
        <line num="942" count="33" type="stmt"/>
        <line num="943" count="33" type="stmt"/>
        <line num="944" count="33" type="cond" truecount="1" falsecount="1"/>
        <line num="945" count="33" type="stmt"/>
        <line num="946" count="33" type="stmt"/>
        <line num="947" count="33" type="cond" truecount="3" falsecount="1"/>
        <line num="948" count="33" type="stmt"/>
        <line num="950" count="0" type="stmt"/>
        <line num="960" count="400" type="stmt"/>
        <line num="961" count="545" type="cond" truecount="3" falsecount="1"/>
        <line num="962" count="545" type="stmt"/>
        <line num="963" count="545" type="stmt"/>
        <line num="964" count="1322" type="stmt"/>
        <line num="965" count="1322" type="cond" truecount="4" falsecount="0"/>
        <line num="966" count="64" type="stmt"/>
        <line num="967" count="64" type="cond" truecount="4" falsecount="0"/>
        <line num="968" count="22" type="stmt"/>
        <line num="969" count="22" type="cond" truecount="1" falsecount="1"/>
        <line num="971" count="22" type="cond" truecount="1" falsecount="1"/>
        <line num="972" count="22" type="stmt"/>
        <line num="973" count="27" type="cond" truecount="1" falsecount="1"/>
        <line num="974" count="27" type="stmt"/>
        <line num="975" count="27" type="cond" truecount="1" falsecount="1"/>
        <line num="976" count="27" type="stmt"/>
        <line num="977" count="27" type="stmt"/>
        <line num="978" count="27" type="cond" truecount="1" falsecount="1"/>
        <line num="979" count="27" type="stmt"/>
        <line num="982" count="27" type="stmt"/>
        <line num="983" count="27" type="cond" truecount="2" falsecount="0"/>
        <line num="984" count="15" type="stmt"/>
        <line num="985" count="12" type="cond" truecount="1" falsecount="1"/>
        <line num="986" count="12" type="stmt"/>
        <line num="987" count="12" type="cond" truecount="2" falsecount="0"/>
        <line num="988" count="2" type="stmt"/>
        <line num="990" count="10" type="stmt"/>
        <line num="994" count="27" type="stmt"/>
        <line num="1021" count="256" type="cond" truecount="3" falsecount="1"/>
        <line num="1022" count="256" type="cond" truecount="4" falsecount="0"/>
        <line num="1024" count="253" type="cond" truecount="2" falsecount="0"/>
        <line num="1026" count="256" type="stmt"/>
      </file>
      <file name="helpers.ts" path="/mnt/1c5f09d2-4b36-42cf-8541-5cb64e85f9e9/projects/tauri/strata/src/lib/parser/helpers.ts">
        <metrics statements="243" coveredstatements="219" conditionals="199" coveredconditionals="144" methods="25" coveredmethods="24"/>
        <line num="16" count="1193" type="stmt"/>
        <line num="17" count="889" type="cond" truecount="2" falsecount="0"/>
        <line num="19" count="1193" type="cond" truecount="2" falsecount="0"/>
        <line num="20" count="862" type="stmt"/>
        <line num="21" count="862" type="cond" truecount="2" falsecount="0"/>
        <line num="24" count="353" type="stmt"/>
        <line num="25" count="27" type="stmt"/>
        <line num="26" count="27" type="stmt"/>
        <line num="35" count="750" type="stmt"/>
        <line num="36" count="750" type="cond" truecount="1" falsecount="1"/>
        <line num="38" count="750" type="stmt"/>
        <line num="39" count="750" type="cond" truecount="2" falsecount="0"/>
        <line num="41" count="404" type="stmt"/>
        <line num="42" count="404" type="stmt"/>
        <line num="43" count="404" type="cond" truecount="2" falsecount="0"/>
        <line num="45" count="114" type="stmt"/>
        <line num="46" count="114" type="cond" truecount="1" falsecount="3"/>
        <line num="49" count="290" type="stmt"/>
        <line num="50" count="290" type="stmt"/>
        <line num="51" count="290" type="cond" truecount="1" falsecount="1"/>
        <line num="52" count="290" type="stmt"/>
        <line num="53" count="290" type="stmt"/>
        <line num="54" count="290" type="cond" truecount="1" falsecount="1"/>
        <line num="55" count="290" type="stmt"/>
        <line num="61" count="0" type="stmt"/>
        <line num="62" count="0" type="cond" truecount="0" falsecount="4"/>
        <line num="63" count="0" type="stmt"/>
        <line num="66" count="0" type="stmt"/>
        <line num="73" count="978" type="stmt"/>
        <line num="74" count="978" type="stmt"/>
        <line num="76" count="978" type="stmt"/>
        <line num="77" count="1895" type="stmt"/>
        <line num="78" count="1895" type="cond" truecount="2" falsecount="0"/>
        <line num="79" count="917" type="stmt"/>
        <line num="80" count="917" type="stmt"/>
        <line num="81" count="917" type="stmt"/>
        <line num="82" count="917" type="stmt"/>
        <line num="84" count="978" type="stmt"/>
        <line num="87" count="978" type="stmt"/>
        <line num="94" count="8" type="stmt"/>
        <line num="95" count="8" type="stmt"/>
        <line num="96" count="10" type="stmt"/>
        <line num="98" count="8" type="stmt"/>
        <line num="106" count="5" type="cond" truecount="1" falsecount="1"/>
        <line num="107" count="5" type="cond" truecount="4" falsecount="0"/>
        <line num="108" count="1" type="stmt"/>
        <line num="110" count="4" type="cond" truecount="2" falsecount="0"/>
        <line num="111" count="1" type="stmt"/>
        <line num="113" count="3" type="cond" truecount="2" falsecount="0"/>
        <line num="114" count="2" type="stmt"/>
        <line num="116" count="1" type="stmt"/>
        <line num="123" count="42" type="stmt"/>
        <line num="124" count="42" type="cond" truecount="2" falsecount="0"/>
        <line num="125" count="9" type="stmt"/>
        <line num="127" count="107" type="stmt"/>
        <line num="128" count="33" type="stmt"/>
        <line num="129" count="73" type="cond" truecount="2" falsecount="0"/>
        <line num="138" count="5" type="stmt"/>
        <line num="139" count="15" type="cond" truecount="1" falsecount="1"/>
        <line num="140" count="15" type="stmt"/>
        <line num="141" count="15" type="stmt"/>
        <line num="142" count="25" type="cond" truecount="1" falsecount="1"/>
        <line num="144" count="46" type="stmt"/>
        <line num="145" count="25" type="cond" truecount="2" falsecount="0"/>
        <line num="146" count="6" type="stmt"/>
        <line num="147" count="72" type="cond" truecount="2" falsecount="0"/>
        <line num="149" count="6" type="cond" truecount="1" falsecount="1"/>
        <line num="150" count="6" type="stmt"/>
        <line num="151" count="6" type="cond" truecount="4" falsecount="1"/>
        <line num="152" count="6" type="stmt"/>
        <line num="157" count="25" type="cond" truecount="2" falsecount="0"/>
        <line num="160" count="19" type="stmt"/>
        <line num="161" count="19" type="cond" truecount="2" falsecount="2"/>
        <line num="162" count="0" type="stmt"/>
        <line num="163" count="0" type="cond" truecount="0" falsecount="2"/>
        <line num="165" count="0" type="cond" truecount="0" falsecount="2"/>
        <line num="166" count="0" type="cond" truecount="0" falsecount="4"/>
        <line num="167" count="0" type="stmt"/>
        <line num="180" count="82" type="stmt"/>
        <line num="181" count="82" type="stmt"/>
        <line num="183" count="82" type="cond" truecount="3" falsecount="1"/>
        <line num="184" count="0" type="cond" truecount="0" falsecount="2"/>
        <line num="188" count="82" type="cond" truecount="4" falsecount="0"/>
        <line num="189" count="2" type="stmt"/>
        <line num="190" count="2" type="cond" truecount="1" falsecount="1"/>
        <line num="191" count="0" type="stmt"/>
        <line num="192" count="0" type="stmt"/>
        <line num="193" count="0" type="stmt"/>
        <line num="194" count="0" type="cond" truecount="0" falsecount="2"/>
        <line num="195" count="0" type="stmt"/>
        <line num="197" count="0" type="stmt"/>
        <line num="201" count="82" type="stmt"/>
        <line num="202" count="82" type="stmt"/>
        <line num="203" count="82" type="stmt"/>
        <line num="204" count="82" type="stmt"/>
        <line num="205" count="174" type="cond" truecount="2" falsecount="0"/>
        <line num="206" count="92" type="cond" truecount="1" falsecount="1"/>
        <line num="207" count="0" type="stmt"/>
        <line num="209" count="92" type="stmt"/>
        <line num="212" count="82" type="stmt"/>
        <line num="213" count="82" type="cond" truecount="2" falsecount="0"/>
        <line num="214" count="78" type="stmt"/>
        <line num="216" count="82" type="stmt"/>
        <line num="227" count="2" type="stmt"/>
        <line num="228" count="2" type="stmt"/>
        <line num="230" count="2" type="stmt"/>
        <line num="231" count="3" type="cond" truecount="2" falsecount="2"/>
        <line num="232" count="0" type="stmt"/>
        <line num="234" count="3" type="cond" truecount="1" falsecount="1"/>
        <line num="235" count="3" type="stmt"/>
        <line num="236" count="3" type="cond" truecount="2" falsecount="0"/>
        <line num="237" count="2" type="stmt"/>
        <line num="238" count="2" type="stmt"/>
        <line num="239" count="2" type="stmt"/>
        <line num="243" count="0" type="stmt"/>
        <line num="261" count="1530" type="stmt"/>
        <line num="262" count="1530" type="cond" truecount="2" falsecount="0"/>
        <line num="264" count="1338" type="stmt"/>
        <line num="265" count="1338" type="cond" truecount="1" falsecount="1"/>
        <line num="266" count="0" type="stmt"/>
        <line num="277" count="1338" type="stmt"/>
        <line num="278" count="1338" type="stmt"/>
        <line num="279" count="1338" type="stmt"/>
        <line num="280" count="1338" type="stmt"/>
        <line num="282" count="1338" type="stmt"/>
        <line num="283" count="129175" type="stmt"/>
        <line num="284" count="129175" type="cond" truecount="1" falsecount="1"/>
        <line num="286" count="129175" type="cond" truecount="2" falsecount="0"/>
        <line num="287" count="78095" type="cond" truecount="2" falsecount="2"/>
        <line num="288" count="0" type="stmt"/>
        <line num="289" count="0" type="stmt"/>
        <line num="291" count="78095" type="cond" truecount="2" falsecount="0"/>
        <line num="292" count="10297" type="stmt"/>
        <line num="294" count="78095" type="stmt"/>
        <line num="297" count="51080" type="cond" truecount="4" falsecount="0"/>
        <line num="298" count="10297" type="stmt"/>
        <line num="299" count="10297" type="stmt"/>
        <line num="300" count="10297" type="stmt"/>
        <line num="303" count="40783" type="cond" truecount="2" falsecount="0"/>
        <line num="304" count="2149" type="stmt"/>
        <line num="305" count="38634" type="cond" truecount="2" falsecount="0"/>
        <line num="306" count="2147" type="stmt"/>
        <line num="307" count="2147" type="cond" truecount="2" falsecount="0"/>
        <line num="308" count="1336" type="stmt"/>
        <line num="309" count="1336" type="stmt"/>
        <line num="314" count="1338" type="cond" truecount="2" falsecount="0"/>
        <line num="315" count="2" type="stmt"/>
        <line num="316" count="2" type="stmt"/>
        <line num="327" count="1336" type="stmt"/>
        <line num="328" count="1336" type="stmt"/>
        <line num="330" count="1336" type="stmt"/>
        <line num="332" count="1336" type="stmt"/>
        <line num="333" count="1336" type="stmt"/>
        <line num="334" count="1336" type="stmt"/>
        <line num="335" count="1336" type="cond" truecount="6" falsecount="0"/>
        <line num="336" count="2" type="stmt"/>
        <line num="346" count="1329" type="stmt"/>
        <line num="353" count="5" type="stmt"/>
        <line num="354" count="5" type="cond" truecount="2" falsecount="0"/>
        <line num="355" count="2" type="stmt"/>
        <line num="366" count="3" type="stmt"/>
        <line num="367" count="3" type="stmt"/>
        <line num="380" count="6" type="stmt"/>
        <line num="381" count="6" type="stmt"/>
        <line num="387" count="6" type="stmt"/>
        <line num="389" count="4" type="stmt"/>
        <line num="404" count="322" type="stmt"/>
        <line num="405" count="322" type="cond" truecount="2" falsecount="0"/>
        <line num="406" count="21" type="stmt"/>
        <line num="407" count="21" type="stmt"/>
        <line num="408" count="21" type="stmt"/>
        <line num="409" count="21" type="stmt"/>
        <line num="411" count="1" type="stmt"/>
        <line num="412" count="1" type="cond" truecount="1" falsecount="1"/>
        <line num="413" count="1" type="stmt"/>
        <line num="414" count="1" type="stmt"/>
        <line num="426" count="5" type="stmt"/>
        <line num="435" count="2" type="cond" truecount="4" falsecount="1"/>
        <line num="437" count="2" type="stmt"/>
        <line num="438" count="2" type="stmt"/>
        <line num="440" count="2" type="stmt"/>
        <line num="441" count="2" type="stmt"/>
        <line num="443" count="2" type="cond" truecount="1" falsecount="1"/>
        <line num="444" count="2" type="cond" truecount="1" falsecount="1"/>
        <line num="447" count="2" type="stmt"/>
        <line num="448" count="2" type="cond" truecount="1" falsecount="1"/>
        <line num="450" count="2" type="cond" truecount="2" falsecount="0"/>
        <line num="451" count="1" type="stmt"/>
        <line num="454" count="1" type="cond" truecount="1" falsecount="1"/>
        <line num="455" count="2" type="cond" truecount="1" falsecount="1"/>
        <line num="457" count="2" type="stmt"/>
        <line num="458" count="2" type="cond" truecount="3" falsecount="0"/>
        <line num="459" count="1" type="stmt"/>
        <line num="462" count="1" type="stmt"/>
        <line num="463" count="1" type="stmt"/>
        <line num="464" count="1" type="stmt"/>
        <line num="465" count="4" type="stmt"/>
        <line num="467" count="1" type="stmt"/>
        <line num="468" count="4" type="stmt"/>
        <line num="470" count="1" type="stmt"/>
        <line num="472" count="1" type="stmt"/>
        <line num="473" count="1" type="cond" truecount="1" falsecount="1"/>
        <line num="486" count="2" type="cond" truecount="3" falsecount="1"/>
        <line num="487" count="2" type="stmt"/>
        <line num="488" count="2" type="stmt"/>
        <line num="491" count="2" type="stmt"/>
        <line num="492" count="2" type="cond" truecount="1" falsecount="1"/>
        <line num="494" count="2" type="stmt"/>
        <line num="497" count="2" type="stmt"/>
        <line num="498" count="2" type="stmt"/>
        <line num="499" count="11" type="stmt"/>
        <line num="500" count="11" type="cond" truecount="3" falsecount="1"/>
        <line num="501" count="1" type="stmt"/>
        <line num="502" count="1" type="cond" truecount="3" falsecount="1"/>
        <line num="503" count="1" type="cond" truecount="1" falsecount="1"/>
        <line num="505" count="0" type="stmt"/>
        <line num="507" count="10" type="stmt"/>
        <line num="509" count="1" type="stmt"/>
        <line num="518" count="26" type="cond" truecount="5" falsecount="0"/>
        <line num="519" count="1" type="stmt"/>
        <line num="522" count="25" type="stmt"/>
        <line num="523" count="25" type="stmt"/>
        <line num="524" count="25" type="stmt"/>
        <line num="525" count="34" type="stmt"/>
        <line num="528" count="25" type="cond" truecount="2" falsecount="0"/>
        <line num="531" count="31" type="cond" truecount="3" falsecount="0"/>
        <line num="532" count="20" type="cond" truecount="4" falsecount="0"/>
        <line num="533" count="18" type="stmt"/>
        <line num="536" count="20" type="stmt"/>
        <line num="537" count="20" type="stmt"/>
        <line num="539" count="20" type="cond" truecount="4" falsecount="0"/>
        <line num="540" count="2" type="stmt"/>
        <line num="541" count="2" type="stmt"/>
        <line num="544" count="20" type="stmt"/>
        <line num="545" count="20" type="cond" truecount="2" falsecount="0"/>
        <line num="546" count="2" type="stmt"/>
        <line num="547" count="2" type="stmt"/>
        <line num="548" count="2" type="stmt"/>
        <line num="549" count="2" type="stmt"/>
        <line num="550" count="2" type="cond" truecount="1" falsecount="1"/>
        <line num="551" count="2" type="stmt"/>
        <line num="553" count="0" type="stmt"/>
        <line num="557" count="20" type="stmt"/>
      </file>
      <file name="index.ts" path="/mnt/1c5f09d2-4b36-42cf-8541-5cb64e85f9e9/projects/tauri/strata/src/lib/parser/index.ts">
        <metrics statements="0" coveredstatements="0" conditionals="0" coveredconditionals="0" methods="0" coveredmethods="0"/>
      </file>
      <file name="mutators.ts" path="/mnt/1c5f09d2-4b36-42cf-8541-5cb64e85f9e9/projects/tauri/strata/src/lib/parser/mutators.ts">
        <metrics statements="743" coveredstatements="701" conditionals="621" coveredconditionals="451" methods="47" coveredmethods="46"/>
        <line num="30" count="105" type="stmt"/>
        <line num="31" count="105" type="stmt"/>
        <line num="33" count="105" type="cond" truecount="1" falsecount="1"/>
        <line num="34" count="105" type="stmt"/>
        <line num="35" count="105" type="cond" truecount="1" falsecount="1"/>
        <line num="36" count="105" type="stmt"/>
        <line num="37" count="105" type="stmt"/>
        <line num="39" count="105" type="stmt"/>
        <line num="40" count="104" type="stmt"/>
        <line num="41" count="104" type="stmt"/>
        <line num="43" count="104" type="cond" truecount="1" falsecount="1"/>
        <line num="44" count="104" type="cond" truecount="2" falsecount="0"/>
        <line num="45" count="104" type="stmt"/>
        <line num="46" count="104" type="stmt"/>
        <line num="47" count="104" type="stmt"/>
        <line num="48" count="104" type="stmt"/>
        <line num="49" count="104" type="stmt"/>
        <line num="53" count="105" type="cond" truecount="2" falsecount="0"/>
        <line num="54" count="1" type="stmt"/>
        <line num="58" count="105" type="stmt"/>
        <line num="65" count="3" type="stmt"/>
        <line num="66" count="3" type="stmt"/>
        <line num="67" count="4" type="stmt"/>
        <line num="68" count="4" type="cond" truecount="2" falsecount="0"/>
        <line num="69" count="3" type="stmt"/>
        <line num="70" count="3" type="cond" truecount="1" falsecount="1"/>
        <line num="71" count="3" type="stmt"/>
        <line num="72" count="3" type="stmt"/>
        <line num="74" count="3" type="stmt"/>
        <line num="75" count="2" type="stmt"/>
        <line num="76" count="2" type="stmt"/>
        <line num="78" count="2" type="cond" truecount="1" falsecount="1"/>
        <line num="79" count="2" type="cond" truecount="1" falsecount="1"/>
        <line num="80" count="2" type="stmt"/>
        <line num="81" count="2" type="stmt"/>
        <line num="82" count="2" type="stmt"/>
        <line num="83" count="2" type="stmt"/>
        <line num="84" count="2" type="stmt"/>
        <line num="88" count="3" type="cond" truecount="2" falsecount="0"/>
        <line num="89" count="1" type="stmt"/>
        <line num="92" count="1" type="cond" truecount="3" falsecount="2"/>
        <line num="93" count="0" type="stmt"/>
        <line num="94" count="0" type="stmt"/>
        <line num="95" count="0" type="stmt"/>
        <line num="100" count="0" type="cond" truecount="0" falsecount="2"/>
        <line num="101" count="0" type="cond" truecount="0" falsecount="2"/>
        <line num="102" count="0" type="cond" truecount="0" falsecount="2"/>
        <line num="103" count="0" type="cond" truecount="0" falsecount="2"/>
        <line num="104" count="0" type="cond" truecount="0" falsecount="2"/>
        <line num="105" count="0" type="cond" truecount="0" falsecount="2"/>
        <line num="107" count="0" type="stmt"/>
        <line num="108" count="0" type="stmt"/>
        <line num="111" count="3" type="stmt"/>
        <line num="112" count="4" type="stmt"/>
        <line num="113" count="3" type="cond" truecount="2" falsecount="0"/>
        <line num="114" count="1" type="stmt"/>
        <line num="115" count="1" type="stmt"/>
        <line num="116" count="1" type="stmt"/>
        <line num="118" count="1" type="stmt"/>
        <line num="120" count="3" type="stmt"/>
        <line num="124" count="30" type="stmt"/>
        <line num="125" count="30" type="cond" truecount="2" falsecount="0"/>
        <line num="126" count="1" type="stmt"/>
        <line num="128" count="30" type="cond" truecount="2" falsecount="0"/>
        <line num="141" count="22" type="stmt"/>
        <line num="142" count="22" type="stmt"/>
        <line num="144" count="22" type="cond" truecount="2" falsecount="0"/>
        <line num="145" count="2" type="stmt"/>
        <line num="146" count="20" type="cond" truecount="4" falsecount="0"/>
        <line num="147" count="1" type="stmt"/>
        <line num="149" count="19" type="stmt"/>
        <line num="152" count="22" type="cond" truecount="2" falsecount="0"/>
        <line num="153" count="2" type="stmt"/>
        <line num="154" count="2" type="stmt"/>
        <line num="157" count="22" type="cond" truecount="2" falsecount="0"/>
        <line num="158" count="2" type="stmt"/>
        <line num="161" count="22" type="stmt"/>
        <line num="177" count="20" type="stmt"/>
        <line num="179" count="20" type="stmt"/>
        <line num="180" count="20" type="stmt"/>
        <line num="181" count="20" type="stmt"/>
        <line num="182" count="20" type="stmt"/>
        <line num="183" count="3" type="stmt"/>
        <line num="184" count="3" type="stmt"/>
        <line num="187" count="20" type="cond" truecount="2" falsecount="0"/>
        <line num="188" count="16" type="stmt"/>
        <line num="189" count="16" type="stmt"/>
        <line num="190" count="16" type="stmt"/>
        <line num="191" count="16" type="stmt"/>
        <line num="192" count="4" type="cond" truecount="2" falsecount="0"/>
        <line num="193" count="1" type="cond" truecount="1" falsecount="1"/>
        <line num="194" count="1" type="cond" truecount="1" falsecount="1"/>
        <line num="195" count="1" type="stmt"/>
        <line num="196" count="1" type="stmt"/>
        <line num="197" count="3" type="cond" truecount="2" falsecount="0"/>
        <line num="198" count="2" type="cond" truecount="1" falsecount="1"/>
        <line num="199" count="2" type="stmt"/>
        <line num="200" count="2" type="stmt"/>
        <line num="202" count="1" type="cond" truecount="1" falsecount="1"/>
        <line num="203" count="1" type="stmt"/>
        <line num="204" count="1" type="stmt"/>
        <line num="206" count="20" type="stmt"/>
        <line num="223" count="20" type="stmt"/>
        <line num="224" count="20" type="stmt"/>
        <line num="225" count="20" type="cond" truecount="1" falsecount="1"/>
        <line num="227" count="20" type="stmt"/>
        <line num="228" count="20" type="cond" truecount="1" falsecount="1"/>
        <line num="229" count="20" type="stmt"/>
        <line num="230" count="20" type="stmt"/>
        <line num="231" count="11" type="stmt"/>
        <line num="232" count="11" type="stmt"/>
        <line num="233" count="11" type="cond" truecount="1" falsecount="1"/>
        <line num="234" count="11" type="stmt"/>
        <line num="235" count="11" type="stmt"/>
        <line num="236" count="11" type="stmt"/>
        <line num="238" count="0" type="stmt"/>
        <line num="241" count="11" type="cond" truecount="1" falsecount="1"/>
        <line num="242" count="11" type="cond" truecount="2" falsecount="0"/>
        <line num="243" count="1" type="cond" truecount="1" falsecount="1"/>
        <line num="244" count="1" type="cond" truecount="1" falsecount="1"/>
        <line num="245" count="1" type="stmt"/>
        <line num="246" count="1" type="stmt"/>
        <line num="247" count="10" type="cond" truecount="2" falsecount="0"/>
        <line num="248" count="1" type="cond" truecount="1" falsecount="1"/>
        <line num="249" count="1" type="cond" truecount="1" falsecount="1"/>
        <line num="250" count="1" type="stmt"/>
        <line num="251" count="1" type="stmt"/>
        <line num="252" count="9" type="cond" truecount="2" falsecount="0"/>
        <line num="253" count="3" type="cond" truecount="5" falsecount="0"/>
        <line num="254" count="2" type="stmt"/>
        <line num="255" count="2" type="stmt"/>
        <line num="256" count="2" type="stmt"/>
        <line num="257" count="2" type="stmt"/>
        <line num="258" count="2" type="cond" truecount="1" falsecount="1"/>
        <line num="259" count="2" type="cond" truecount="1" falsecount="1"/>
        <line num="260" count="2" type="stmt"/>
        <line num="261" count="2" type="stmt"/>
        <line num="262" count="2" type="stmt"/>
        <line num="263" count="2" type="cond" truecount="1" falsecount="1"/>
        <line num="264" count="2" type="stmt"/>
        <line num="265" count="2" type="stmt"/>
        <line num="266" count="2" type="cond" truecount="1" falsecount="1"/>
        <line num="267" count="2" type="stmt"/>
        <line num="268" count="4" type="stmt"/>
        <line num="269" count="2" type="stmt"/>
        <line num="276" count="2" type="cond" truecount="1" falsecount="1"/>
        <line num="277" count="2" type="stmt"/>
        <line num="285" count="2" type="stmt"/>
        <line num="286" count="2" type="stmt"/>
        <line num="289" count="1" type="stmt"/>
        <line num="290" count="1" type="stmt"/>
        <line num="292" count="1" type="stmt"/>
        <line num="294" count="1" type="cond" truecount="1" falsecount="1"/>
        <line num="295" count="1" type="stmt"/>
        <line num="296" count="1" type="stmt"/>
        <line num="297" count="1" type="cond" truecount="1" falsecount="1"/>
        <line num="298" count="1" type="stmt"/>
        <line num="300" count="1" type="cond" truecount="1" falsecount="1"/>
        <line num="301" count="1" type="stmt"/>
        <line num="302" count="1" type="stmt"/>
        <line num="303" count="1" type="stmt"/>
        <line num="306" count="0" type="stmt"/>
        <line num="313" count="15" type="stmt"/>
        <line num="314" count="15" type="cond" truecount="1" falsecount="1"/>
        <line num="316" count="15" type="stmt"/>
        <line num="318" count="15" type="cond" truecount="2" falsecount="0"/>
        <line num="319" count="13" type="stmt"/>
        <line num="320" count="13" type="cond" truecount="3" falsecount="1"/>
        <line num="321" count="13" type="stmt"/>
        <line num="322" count="13" type="stmt"/>
        <line num="323" count="13" type="cond" truecount="2" falsecount="0"/>
        <line num="324" count="1" type="stmt"/>
        <line num="325" count="1" type="stmt"/>
        <line num="326" count="12" type="cond" truecount="4" falsecount="0"/>
        <line num="327" count="1" type="stmt"/>
        <line num="328" count="1" type="stmt"/>
        <line num="331" count="13" type="stmt"/>
        <line num="333" count="13" type="cond" truecount="4" falsecount="0"/>
        <line num="334" count="1" type="cond" truecount="2" falsecount="2"/>
        <line num="335" count="0" type="stmt"/>
        <line num="337" count="1" type="stmt"/>
        <line num="340" count="13" type="cond" truecount="2" falsecount="0"/>
        <line num="341" count="1" type="stmt"/>
        <line num="344" count="12" type="stmt"/>
        <line num="349" count="2" type="cond" truecount="1" falsecount="1"/>
        <line num="350" count="2" type="cond" truecount="1" falsecount="1"/>
        <line num="351" count="2" type="stmt"/>
        <line num="353" count="14" type="stmt"/>
        <line num="369" count="6" type="stmt"/>
        <line num="370" count="6" type="stmt"/>
        <line num="371" count="6" type="cond" truecount="2" falsecount="0"/>
        <line num="373" count="5" type="stmt"/>
        <line num="374" count="5" type="cond" truecount="1" falsecount="1"/>
        <line num="376" count="5" type="stmt"/>
        <line num="377" count="5" type="cond" truecount="1" falsecount="1"/>
        <line num="379" count="5" type="stmt"/>
        <line num="380" count="5" type="cond" truecount="3" falsecount="1"/>
        <line num="382" count="5" type="stmt"/>
        <line num="383" count="5" type="stmt"/>
        <line num="385" count="5" type="cond" truecount="4" falsecount="0"/>
        <line num="386" count="1" type="stmt"/>
        <line num="389" count="5" type="stmt"/>
        <line num="391" count="5" type="cond" truecount="4" falsecount="0"/>
        <line num="392" count="2" type="stmt"/>
        <line num="393" count="2" type="cond" truecount="1" falsecount="1"/>
        <line num="394" count="2" type="stmt"/>
        <line num="395" count="2" type="cond" truecount="2" falsecount="0"/>
        <line num="396" count="1" type="stmt"/>
        <line num="401" count="3" type="stmt"/>
        <line num="402" count="3" type="stmt"/>
        <line num="403" count="3" type="stmt"/>
        <line num="409" count="5" type="stmt"/>
        <line num="423" count="7" type="stmt"/>
        <line num="424" count="7" type="stmt"/>
        <line num="425" count="7" type="stmt"/>
        <line num="426" count="7" type="cond" truecount="1" falsecount="1"/>
        <line num="428" count="7" type="cond" truecount="2" falsecount="2"/>
        <line num="429" count="0" type="stmt"/>
        <line num="432" count="7" type="stmt"/>
        <line num="433" count="7" type="cond" truecount="1" falsecount="1"/>
        <line num="436" count="7" type="cond" truecount="5" falsecount="0"/>
        <line num="437" count="2" type="stmt"/>
        <line num="438" count="2" type="cond" truecount="1" falsecount="1"/>
        <line num="439" count="2" type="stmt"/>
        <line num="440" count="2" type="stmt"/>
        <line num="441" count="2" type="cond" truecount="1" falsecount="1"/>
        <line num="442" count="2" type="stmt"/>
        <line num="443" count="2" type="stmt"/>
        <line num="444" count="2" type="cond" truecount="1" falsecount="1"/>
        <line num="445" count="2" type="cond" truecount="1" falsecount="1"/>
        <line num="446" count="2" type="stmt"/>
        <line num="447" count="2" type="stmt"/>
        <line num="449" count="0" type="stmt"/>
        <line num="452" count="2" type="stmt"/>
        <line num="456" count="5" type="stmt"/>
        <line num="457" count="5" type="stmt"/>
        <line num="458" count="5" type="stmt"/>
        <line num="459" count="5" type="stmt"/>
        <line num="461" count="5" type="cond" truecount="2" falsecount="0"/>
        <line num="462" count="4" type="stmt"/>
        <line num="472" count="1" type="stmt"/>
        <line num="473" count="1" type="cond" truecount="1" falsecount="1"/>
        <line num="474" count="1" type="stmt"/>
        <line num="475" count="1" type="cond" truecount="1" falsecount="1"/>
        <line num="476" count="1" type="cond" truecount="3" falsecount="1"/>
        <line num="477" count="1" type="stmt"/>
        <line num="481" count="5" type="stmt"/>
        <line num="488" count="4" type="stmt"/>
        <line num="491" count="4" type="stmt"/>
        <line num="492" count="4" type="stmt"/>
        <line num="494" count="14" type="cond" truecount="1" falsecount="1"/>
        <line num="495" count="14" type="stmt"/>
        <line num="496" count="14" type="cond" truecount="4" falsecount="0"/>
        <line num="497" count="2" type="stmt"/>
        <line num="498" count="2" type="cond" truecount="1" falsecount="1"/>
        <line num="499" count="2" type="stmt"/>
        <line num="500" count="2" type="cond" truecount="1" falsecount="1"/>
        <line num="501" count="2" type="cond" truecount="1" falsecount="1"/>
        <line num="502" count="2" type="stmt"/>
        <line num="503" count="2" type="cond" truecount="1" falsecount="1"/>
        <line num="504" count="2" type="stmt"/>
        <line num="505" count="2" type="cond" truecount="1" falsecount="1"/>
        <line num="506" count="2" type="stmt"/>
        <line num="507" count="2" type="cond" truecount="2" falsecount="0"/>
        <line num="508" count="1" type="stmt"/>
        <line num="514" count="2" type="cond" truecount="2" falsecount="0"/>
        <line num="515" count="1" type="stmt"/>
        <line num="524" count="4" type="stmt"/>
        <line num="525" count="4" type="stmt"/>
        <line num="526" count="13" type="cond" truecount="1" falsecount="1"/>
        <line num="527" count="13" type="cond" truecount="2" falsecount="0"/>
        <line num="528" count="10" type="cond" truecount="2" falsecount="0"/>
        <line num="529" count="3" type="stmt"/>
        <line num="530" count="3" type="cond" truecount="1" falsecount="1"/>
        <line num="531" count="3" type="cond" truecount="1" falsecount="1"/>
        <line num="532" count="3" type="stmt"/>
        <line num="533" count="3" type="cond" truecount="3" falsecount="1"/>
        <line num="534" count="3" type="stmt"/>
        <line num="535" count="12" type="cond" truecount="1" falsecount="1"/>
        <line num="536" count="12" type="stmt"/>
        <line num="537" count="12" type="cond" truecount="1" falsecount="1"/>
        <line num="538" count="12" type="stmt"/>
        <line num="539" count="12" type="stmt"/>
        <line num="540" count="12" type="cond" truecount="4" falsecount="0"/>
        <line num="541" count="1" type="stmt"/>
        <line num="542" count="1" type="cond" truecount="1" falsecount="1"/>
        <line num="543" count="1" type="stmt"/>
        <line num="544" count="1" type="stmt"/>
        <line num="545" count="1" type="stmt"/>
        <line num="556" count="4" type="stmt"/>
        <line num="557" count="4" type="cond" truecount="2" falsecount="0"/>
        <line num="558" count="3" type="stmt"/>
        <line num="560" count="3" type="stmt"/>
        <line num="563" count="3" type="stmt"/>
        <line num="564" count="6" type="stmt"/>
        <line num="567" count="4" type="stmt"/>
        <line num="568" count="4" type="stmt"/>
        <line num="575" count="6" type="stmt"/>
        <line num="576" count="6" type="stmt"/>
        <line num="577" count="6" type="stmt"/>
        <line num="578" count="6" type="stmt"/>
        <line num="580" count="6" type="cond" truecount="3" falsecount="1"/>
        <line num="583" count="6" type="cond" truecount="2" falsecount="0"/>
        <line num="584" count="5" type="stmt"/>
        <line num="585" count="5" type="cond" truecount="2" falsecount="0"/>
        <line num="586" count="1" type="stmt"/>
        <line num="587" count="1" type="cond" truecount="1" falsecount="1"/>
        <line num="588" count="1" type="stmt"/>
        <line num="589" count="1" type="stmt"/>
        <line num="590" count="1" type="cond" truecount="1" falsecount="1"/>
        <line num="591" count="1" type="stmt"/>
        <line num="592" count="1" type="stmt"/>
        <line num="593" count="1" type="cond" truecount="3" falsecount="1"/>
        <line num="594" count="1" type="stmt"/>
        <line num="595" count="1" type="cond" truecount="1" falsecount="1"/>
        <line num="596" count="1" type="stmt"/>
        <line num="598" count="1" type="stmt"/>
        <line num="600" count="0" type="stmt"/>
        <line num="603" count="1" type="stmt"/>
        <line num="608" count="5" type="cond" truecount="2" falsecount="0"/>
        <line num="609" count="3" type="stmt"/>
        <line num="610" count="3" type="cond" truecount="1" falsecount="1"/>
        <line num="611" count="3" type="stmt"/>
        <line num="612" count="3" type="cond" truecount="1" falsecount="1"/>
        <line num="613" count="3" type="cond" truecount="1" falsecount="1"/>
        <line num="614" count="3" type="cond" truecount="2" falsecount="0"/>
        <line num="615" count="1" type="cond" truecount="1" falsecount="1"/>
        <line num="616" count="1" type="stmt"/>
        <line num="617" count="1" type="cond" truecount="2" falsecount="0"/>
        <line num="619" count="0" type="stmt"/>
        <line num="622" count="3" type="cond" truecount="1" falsecount="1"/>
        <line num="623" count="3" type="stmt"/>
        <line num="626" count="3" type="cond" truecount="1" falsecount="1"/>
        <line num="627" count="3" type="stmt"/>
        <line num="634" count="5" type="cond" truecount="2" falsecount="0"/>
        <line num="635" count="4" type="stmt"/>
        <line num="636" count="4" type="cond" truecount="1" falsecount="1"/>
        <line num="637" count="4" type="cond" truecount="1" falsecount="1"/>
        <line num="638" count="4" type="stmt"/>
        <line num="639" count="4" type="cond" truecount="3" falsecount="1"/>
        <line num="640" count="4" type="stmt"/>
        <line num="641" count="7" type="cond" truecount="1" falsecount="1"/>
        <line num="642" count="7" type="cond" truecount="4" falsecount="0"/>
        <line num="643" count="4" type="stmt"/>
        <line num="644" count="4" type="cond" truecount="1" falsecount="1"/>
        <line num="645" count="4" type="stmt"/>
        <line num="646" count="4" type="stmt"/>
        <line num="647" count="4" type="cond" truecount="4" falsecount="0"/>
        <line num="648" count="2" type="stmt"/>
        <line num="649" count="2" type="cond" truecount="1" falsecount="1"/>
        <line num="650" count="2" type="stmt"/>
        <line num="651" count="2" type="stmt"/>
        <line num="652" count="2" type="stmt"/>
        <line num="663" count="5" type="stmt"/>
        <line num="665" count="5" type="stmt"/>
        <line num="677" count="9" type="stmt"/>
        <line num="678" count="9" type="stmt"/>
        <line num="679" count="9" type="cond" truecount="1" falsecount="1"/>
        <line num="681" count="9" type="stmt"/>
        <line num="682" count="9" type="cond" truecount="1" falsecount="1"/>
        <line num="683" count="9" type="stmt"/>
        <line num="684" count="9" type="stmt"/>
        <line num="685" count="5" type="stmt"/>
        <line num="686" count="5" type="stmt"/>
        <line num="687" count="5" type="cond" truecount="1" falsecount="1"/>
        <line num="688" count="5" type="stmt"/>
        <line num="689" count="5" type="stmt"/>
        <line num="690" count="5" type="stmt"/>
        <line num="692" count="0" type="stmt"/>
        <line num="695" count="5" type="cond" truecount="1" falsecount="1"/>
        <line num="696" count="5" type="cond" truecount="4" falsecount="0"/>
        <line num="697" count="1" type="stmt"/>
        <line num="698" count="1" type="stmt"/>
        <line num="699" count="1" type="stmt"/>
        <line num="700" count="4" type="cond" truecount="4" falsecount="0"/>
        <line num="701" count="1" type="cond" truecount="1" falsecount="1"/>
        <line num="702" count="1" type="stmt"/>
        <line num="703" count="1" type="stmt"/>
        <line num="704" count="1" type="stmt"/>
        <line num="705" count="3" type="cond" truecount="2" falsecount="0"/>
        <line num="706" count="2" type="stmt"/>
        <line num="707" count="2" type="stmt"/>
        <line num="708" count="2" type="cond" truecount="1" falsecount="1"/>
        <line num="709" count="2" type="stmt"/>
        <line num="711" count="2" type="cond" truecount="5" falsecount="0"/>
        <line num="712" count="1" type="stmt"/>
        <line num="713" count="1" type="stmt"/>
        <line num="714" count="1" type="stmt"/>
        <line num="715" count="1" type="stmt"/>
        <line num="716" count="1" type="cond" truecount="1" falsecount="1"/>
        <line num="717" count="1" type="cond" truecount="1" falsecount="1"/>
        <line num="718" count="1" type="stmt"/>
        <line num="719" count="1" type="stmt"/>
        <line num="720" count="1" type="stmt"/>
        <line num="723" count="0" type="stmt"/>
        <line num="724" count="0" type="stmt"/>
        <line num="726" count="1" type="stmt"/>
        <line num="727" count="1" type="cond" truecount="1" falsecount="1"/>
        <line num="728" count="2" type="stmt"/>
        <line num="729" count="1" type="stmt"/>
        <line num="730" count="1" type="stmt"/>
        <line num="732" count="0" type="stmt"/>
        <line num="739" count="5" type="stmt"/>
        <line num="740" count="5" type="cond" truecount="1" falsecount="1"/>
        <line num="742" count="5" type="stmt"/>
        <line num="744" count="5" type="cond" truecount="2" falsecount="0"/>
        <line num="745" count="3" type="stmt"/>
        <line num="746" count="3" type="cond" truecount="3" falsecount="1"/>
        <line num="747" count="3" type="stmt"/>
        <line num="749" count="2" type="cond" truecount="1" falsecount="1"/>
        <line num="750" count="2" type="stmt"/>
        <line num="753" count="5" type="stmt"/>
        <line num="761" count="2" type="stmt"/>
        <line num="762" count="2" type="cond" truecount="3" falsecount="1"/>
        <line num="764" count="2" type="stmt"/>
        <line num="765" count="2" type="stmt"/>
        <line num="767" count="2" type="cond" truecount="1" falsecount="1"/>
        <line num="769" count="2" type="stmt"/>
        <line num="772" count="2" type="stmt"/>
        <line num="773" count="2" type="cond" truecount="3" falsecount="1"/>
        <line num="774" count="2" type="stmt"/>
        <line num="775" count="2" type="cond" truecount="3" falsecount="1"/>
        <line num="776" count="2" type="stmt"/>
        <line num="781" count="2" type="stmt"/>
        <line num="782" count="2" type="stmt"/>
        <line num="783" count="2" type="stmt"/>
        <line num="784" count="2" type="cond" truecount="2" falsecount="0"/>
        <line num="785" count="1" type="stmt"/>
        <line num="787" count="1" type="stmt"/>
        <line num="788" count="1" type="cond" truecount="1" falsecount="1"/>
        <line num="789" count="1" type="stmt"/>
        <line num="790" count="1" type="cond" truecount="1" falsecount="1"/>
        <line num="795" count="2" type="stmt"/>
        <line num="796" count="2" type="stmt"/>
        <line num="810" count="10" type="stmt"/>
        <line num="811" count="10" type="stmt"/>
        <line num="812" count="10" type="cond" truecount="1" falsecount="1"/>
        <line num="814" count="10" type="stmt"/>
        <line num="815" count="10" type="cond" truecount="1" falsecount="1"/>
        <line num="816" count="10" type="stmt"/>
        <line num="817" count="10" type="stmt"/>
        <line num="818" count="5" type="stmt"/>
        <line num="819" count="5" type="stmt"/>
        <line num="820" count="5" type="cond" truecount="1" falsecount="1"/>
        <line num="821" count="5" type="stmt"/>
        <line num="822" count="5" type="stmt"/>
        <line num="823" count="5" type="stmt"/>
        <line num="825" count="0" type="stmt"/>
        <line num="828" count="5" type="cond" truecount="1" falsecount="1"/>
        <line num="829" count="5" type="cond" truecount="5" falsecount="0"/>
        <line num="830" count="1" type="stmt"/>
        <line num="831" count="1" type="stmt"/>
        <line num="832" count="1" type="stmt"/>
        <line num="833" count="1" type="stmt"/>
        <line num="834" count="1" type="stmt"/>
        <line num="835" count="4" type="cond" truecount="4" falsecount="0"/>
        <line num="836" count="1" type="cond" truecount="1" falsecount="1"/>
        <line num="837" count="1" type="cond" truecount="1" falsecount="1"/>
        <line num="838" count="1" type="cond" truecount="1" falsecount="1"/>
        <line num="839" count="1" type="stmt"/>
        <line num="840" count="1" type="stmt"/>
        <line num="841" count="1" type="stmt"/>
        <line num="842" count="1" type="stmt"/>
        <line num="843" count="1" type="stmt"/>
        <line num="845" count="3" type="cond" truecount="2" falsecount="0"/>
        <line num="846" count="2" type="stmt"/>
        <line num="847" count="2" type="stmt"/>
        <line num="848" count="2" type="stmt"/>
        <line num="849" count="2" type="cond" truecount="1" falsecount="1"/>
        <line num="850" count="2" type="stmt"/>
        <line num="851" count="2" type="cond" truecount="1" falsecount="1"/>
        <line num="853" count="2" type="cond" truecount="5" falsecount="0"/>
        <line num="854" count="1" type="stmt"/>
        <line num="855" count="1" type="stmt"/>
        <line num="856" count="1" type="stmt"/>
        <line num="857" count="1" type="stmt"/>
        <line num="858" count="1" type="cond" truecount="1" falsecount="1"/>
        <line num="859" count="1" type="cond" truecount="1" falsecount="1"/>
        <line num="860" count="1" type="stmt"/>
        <line num="861" count="1" type="stmt"/>
        <line num="862" count="1" type="stmt"/>
        <line num="865" count="0" type="stmt"/>
        <line num="866" count="0" type="stmt"/>
        <line num="868" count="1" type="stmt"/>
        <line num="869" count="1" type="cond" truecount="3" falsecount="1"/>
        <line num="870" count="1" type="stmt"/>
        <line num="871" count="1" type="cond" truecount="1" falsecount="1"/>
        <line num="872" count="1" type="stmt"/>
        <line num="873" count="1" type="stmt"/>
        <line num="874" count="1" type="stmt"/>
        <line num="877" count="0" type="stmt"/>
        <line num="884" count="6" type="stmt"/>
        <line num="885" count="6" type="cond" truecount="1" falsecount="1"/>
        <line num="887" count="6" type="stmt"/>
        <line num="889" count="6" type="cond" truecount="2" falsecount="0"/>
        <line num="890" count="4" type="stmt"/>
        <line num="891" count="4" type="cond" truecount="3" falsecount="1"/>
        <line num="892" count="4" type="stmt"/>
        <line num="893" count="4" type="cond" truecount="1" falsecount="1"/>
        <line num="894" count="4" type="stmt"/>
        <line num="896" count="4" type="stmt"/>
        <line num="897" count="4" type="cond" truecount="1" falsecount="1"/>
        <line num="898" count="4" type="stmt"/>
        <line num="899" count="4" type="cond" truecount="3" falsecount="1"/>
        <line num="900" count="4" type="stmt"/>
        <line num="905" count="2" type="cond" truecount="1" falsecount="1"/>
        <line num="906" count="2" type="stmt"/>
        <line num="907" count="2" type="cond" truecount="1" falsecount="1"/>
        <line num="908" count="2" type="stmt"/>
        <line num="912" count="6" type="stmt"/>
        <line num="924" count="9" type="stmt"/>
        <line num="925" count="9" type="stmt"/>
        <line num="926" count="9" type="cond" truecount="1" falsecount="1"/>
        <line num="928" count="9" type="stmt"/>
        <line num="929" count="9" type="cond" truecount="1" falsecount="1"/>
        <line num="930" count="9" type="stmt"/>
        <line num="931" count="9" type="stmt"/>
        <line num="932" count="5" type="stmt"/>
        <line num="933" count="5" type="stmt"/>
        <line num="934" count="5" type="cond" truecount="1" falsecount="1"/>
        <line num="935" count="5" type="stmt"/>
        <line num="936" count="5" type="stmt"/>
        <line num="937" count="5" type="cond" truecount="5" falsecount="0"/>
        <line num="938" count="4" type="stmt"/>
        <line num="939" count="4" type="stmt"/>
        <line num="940" count="4" type="cond" truecount="4" falsecount="0"/>
        <line num="941" count="3" type="stmt"/>
        <line num="943" count="1" type="stmt"/>
        <line num="946" count="4" type="cond" truecount="2" falsecount="0"/>
        <line num="947" count="2" type="cond" truecount="5" falsecount="0"/>
        <line num="948" count="1" type="stmt"/>
        <line num="950" count="1" type="stmt"/>
        <line num="953" count="4" type="cond" truecount="2" falsecount="0"/>
        <line num="954" count="2" type="cond" truecount="5" falsecount="0"/>
        <line num="955" count="1" type="stmt"/>
        <line num="957" count="1" type="stmt"/>
        <line num="960" count="4" type="cond" truecount="2" falsecount="0"/>
        <line num="961" count="1" type="cond" truecount="1" falsecount="1"/>
        <line num="962" count="1" type="stmt"/>
        <line num="966" count="4" type="stmt"/>
        <line num="967" count="4" type="cond" truecount="4" falsecount="0"/>
        <line num="968" count="1" type="stmt"/>
        <line num="970" count="3" type="stmt"/>
        <line num="973" count="4" type="stmt"/>
        <line num="974" count="4" type="stmt"/>
        <line num="981" count="5" type="stmt"/>
        <line num="982" count="5" type="cond" truecount="1" falsecount="1"/>
        <line num="984" count="5" type="stmt"/>
        <line num="986" count="5" type="cond" truecount="1" falsecount="1"/>
        <line num="987" count="5" type="stmt"/>
        <line num="988" count="5" type="cond" truecount="3" falsecount="1"/>
        <line num="989" count="5" type="stmt"/>
        <line num="990" count="5" type="cond" truecount="1" falsecount="1"/>
        <line num="991" count="5" type="stmt"/>
        <line num="992" count="5" type="cond" truecount="1" falsecount="1"/>
        <line num="993" count="5" type="stmt"/>
        <line num="996" count="5" type="cond" truecount="2" falsecount="0"/>
        <line num="997" count="2" type="stmt"/>
        <line num="998" count="2" type="cond" truecount="4" falsecount="0"/>
        <line num="999" count="1" type="stmt"/>
        <line num="1000" count="1" type="cond" truecount="3" falsecount="1"/>
        <line num="1001" count="1" type="stmt"/>
        <line num="1002" count="1" type="cond" truecount="1" falsecount="1"/>
        <line num="1007" count="5" type="cond" truecount="2" falsecount="0"/>
        <line num="1008" count="3" type="stmt"/>
        <line num="1009" count="3" type="cond" truecount="4" falsecount="0"/>
        <line num="1010" count="2" type="stmt"/>
        <line num="1011" count="1" type="cond" truecount="3" falsecount="1"/>
        <line num="1012" count="1" type="stmt"/>
        <line num="1013" count="1" type="cond" truecount="1" falsecount="1"/>
        <line num="1018" count="5" type="cond" truecount="2" falsecount="0"/>
        <line num="1019" count="7" type="cond" truecount="2" falsecount="0"/>
        <line num="1020" count="4" type="cond" truecount="5" falsecount="0"/>
        <line num="1021" count="1" type="cond" truecount="1" falsecount="1"/>
        <line num="1022" count="1" type="stmt"/>
        <line num="1025" count="3" type="cond" truecount="2" falsecount="0"/>
        <line num="1026" count="1" type="stmt"/>
        <line num="1028" count="2" type="stmt"/>
        <line num="1033" count="5" type="stmt"/>
        <line num="1034" count="5" type="stmt"/>
        <line num="1039" count="5" type="stmt"/>
        <line num="1050" count="5" type="stmt"/>
        <line num="1051" count="5" type="stmt"/>
        <line num="1052" count="5" type="cond" truecount="1" falsecount="1"/>
        <line num="1054" count="5" type="stmt"/>
        <line num="1055" count="5" type="cond" truecount="1" falsecount="1"/>
        <line num="1056" count="5" type="stmt"/>
        <line num="1057" count="5" type="stmt"/>
        <line num="1058" count="5" type="stmt"/>
        <line num="1059" count="5" type="stmt"/>
        <line num="1060" count="5" type="cond" truecount="1" falsecount="1"/>
        <line num="1061" count="5" type="stmt"/>
        <line num="1062" count="5" type="stmt"/>
        <line num="1064" count="5" type="cond" truecount="2" falsecount="0"/>
        <line num="1065" count="3" type="cond" truecount="2" falsecount="0"/>
        <line num="1066" count="2" type="stmt"/>
        <line num="1068" count="1" type="stmt"/>
        <line num="1071" count="5" type="cond" truecount="2" falsecount="0"/>
        <line num="1072" count="3" type="cond" truecount="4" falsecount="0"/>
[...]
        <line num="1066" count="43" type="cond" truecount="2" falsecount="0"/>
        <line num="1067" count="5" type="stmt"/>
        <line num="1068" count="5" type="stmt"/>
        <line num="1069" count="5" type="cond" truecount="1" falsecount="1"/>
        <line num="1070" count="5" type="stmt"/>
        <line num="1072" count="0" type="stmt"/>
        <line num="1075" count="38" type="stmt"/>
        <line num="1076" count="38" type="stmt"/>
        <line num="1077" count="38" type="cond" truecount="1" falsecount="1"/>
        <line num="1078" count="38" type="stmt"/>
        <line num="1080" count="0" type="stmt"/>
        <line num="1094" count="1" type="stmt"/>
        <line num="1095" count="1" type="stmt"/>
        <line num="1096" count="1" type="stmt"/>
        <line num="1097" count="1" type="stmt"/>
        <line num="1106" count="1" type="stmt"/>
        <line num="1107" count="1" type="stmt"/>
        <line num="1108" count="1" type="stmt"/>
        <line num="1109" count="1" type="stmt"/>
        <line num="1118" count="1" type="stmt"/>
        <line num="1119" count="1" type="stmt"/>
        <line num="1120" count="1" type="stmt"/>
        <line num="1121" count="1" type="stmt"/>
        <line num="1130" count="9" type="stmt"/>
        <line num="1131" count="2" type="cond" truecount="2" falsecount="0"/>
        <line num="1132" count="2" type="stmt"/>
        <line num="1134" count="2" type="stmt"/>
        <line num="1135" count="2" type="stmt"/>
        <line num="1136" count="2" type="stmt"/>
        <line num="1139" count="2" type="cond" truecount="2" falsecount="3"/>
        <line num="1140" count="0" type="stmt"/>
        <line num="1141" count="0" type="cond" truecount="0" falsecount="2"/>
        <line num="1142" count="0" type="stmt"/>
        <line num="1143" count="0" type="stmt"/>
        <line num="1146" count="2" type="cond" truecount="1" falsecount="1"/>
        <line num="1147" count="0" type="stmt"/>
        <line num="1150" count="2" type="cond" truecount="2" falsecount="2"/>
        <line num="1151" count="0" type="stmt"/>
        <line num="1159" count="3" type="stmt"/>
        <line num="1161" count="5" type="cond" truecount="3" falsecount="0"/>
        <line num="1165" count="3" type="cond" truecount="1" falsecount="1"/>
        <line num="1169" count="3" type="cond" truecount="4" falsecount="0"/>
        <line num="1170" count="2" type="cond" truecount="2" falsecount="0"/>
        <line num="1172" count="1" type="stmt"/>
        <line num="1173" count="5" type="cond" truecount="2" falsecount="0"/>
        <line num="1174" count="1" type="stmt"/>
        <line num="1175" count="1" type="stmt"/>
        <line num="1180" count="1" type="stmt"/>
        <line num="1181" count="1" type="cond" truecount="1" falsecount="1"/>
        <line num="1182" count="1" type="cond" truecount="3" falsecount="2"/>
        <line num="1183" count="0" type="stmt"/>
        <line num="1184" count="0" type="cond" truecount="0" falsecount="2"/>
        <line num="1185" count="0" type="stmt"/>
        <line num="1186" count="0" type="stmt"/>
        <line num="1193" count="3" type="cond" truecount="2" falsecount="0"/>
        <line num="1194" count="2" type="cond" truecount="1" falsecount="2"/>
        <line num="1197" count="3" type="stmt"/>
        <line num="1198" count="3" type="stmt"/>
        <line num="1207" count="3" type="cond" truecount="1" falsecount="1"/>
        <line num="1208" count="0" type="stmt"/>
        <line num="1211" count="0" type="stmt"/>
        <line num="1214" count="3" type="cond" truecount="3" falsecount="1"/>
        <line num="1216" count="3" type="stmt"/>
        <line num="1217" count="3" type="stmt"/>
        <line num="1218" count="3" type="stmt"/>
        <line num="1220" count="3" type="cond" truecount="2" falsecount="0"/>
        <line num="1221" count="0" type="stmt"/>
        <line num="1222" count="0" type="cond" truecount="0" falsecount="2"/>
        <line num="1225" count="3" type="cond" truecount="2" falsecount="0"/>
        <line num="1226" count="2" type="stmt"/>
        <line num="1227" count="2" type="stmt"/>
        <line num="1228" count="4" type="stmt"/>
        <line num="1234" count="2" type="stmt"/>
        <line num="1237" count="1" type="stmt"/>
        <line num="1239" count="3" type="stmt"/>
        <line num="1242" count="3" type="stmt"/>
        <line num="1243" count="3" type="stmt"/>
        <line num="1247" count="5" type="stmt"/>
        <line num="1248" count="1" type="cond" truecount="1" falsecount="1"/>
        <line num="1249" count="1" type="cond" truecount="1" falsecount="1"/>
        <line num="1250" count="1" type="stmt"/>
        <line num="1252" count="1" type="stmt"/>
        <line num="1253" count="1" type="stmt"/>
        <line num="1254" count="1" type="stmt"/>
        <line num="1257" count="1" type="cond" truecount="2" falsecount="3"/>
        <line num="1258" count="0" type="stmt"/>
        <line num="1259" count="0" type="cond" truecount="0" falsecount="2"/>
        <line num="1260" count="0" type="stmt"/>
        <line num="1261" count="0" type="stmt"/>
        <line num="1264" count="1" type="cond" truecount="1" falsecount="1"/>
        <line num="1265" count="0" type="stmt"/>
        <line num="1268" count="1" type="cond" truecount="2" falsecount="2"/>
        <line num="1269" count="0" type="stmt"/>
        <line num="1270" count="0" type="stmt"/>
        <line num="1278" count="1" type="stmt"/>
        <line num="1279" count="1" type="stmt"/>
        <line num="1280" count="1" type="stmt"/>
        <line num="1281" count="1" type="stmt"/>
        <line num="1290" count="1" type="stmt"/>
        <line num="1291" count="1" type="stmt"/>
        <line num="1292" count="1" type="stmt"/>
        <line num="1306" count="18" type="stmt"/>
        <line num="1308" count="18" type="cond" truecount="6" falsecount="0"/>
        <line num="1309" count="1" type="stmt"/>
        <line num="1310" count="1" type="cond" truecount="1" falsecount="1"/>
        <line num="1311" count="1" type="cond" truecount="1" falsecount="1"/>
        <line num="1312" count="1" type="stmt"/>
        <line num="1313" count="1" type="stmt"/>
        <line num="1315" count="1" type="stmt"/>
        <line num="1317" count="1" type="stmt"/>
        <line num="1318" count="1" type="stmt"/>
        <line num="1319" count="1" type="stmt"/>
        <line num="1320" count="1" type="stmt"/>
        <line num="1322" count="1" type="stmt"/>
        <line num="1323" count="1" type="stmt"/>
        <line num="1324" count="1" type="stmt"/>
        <line num="1328" count="1" type="stmt"/>
        <line num="1329" count="1" type="stmt"/>
        <line num="1332" count="1" type="stmt"/>
        <line num="1335" count="1" type="stmt"/>
        <line num="1338" count="17" type="cond" truecount="6" falsecount="0"/>
        <line num="1339" count="1" type="stmt"/>
        <line num="1340" count="1" type="stmt"/>
        <line num="1341" count="1" type="stmt"/>
        <line num="1345" count="1" type="cond" truecount="3" falsecount="1"/>
        <line num="1346" count="1" type="stmt"/>
        <line num="1347" count="1" type="stmt"/>
        <line num="1351" count="1" type="stmt"/>
        <line num="1352" count="1" type="cond" truecount="1" falsecount="1"/>
        <line num="1353" count="1" type="stmt"/>
        <line num="1357" count="1" type="stmt"/>
        <line num="1360" count="1" type="stmt"/>
        <line num="1363" count="16" type="stmt"/>
        <line num="1364" count="16" type="stmt"/>
        <line num="1367" count="16" type="cond" truecount="2" falsecount="0"/>
        <line num="1368" count="4" type="stmt"/>
        <line num="1382" count="37" type="stmt"/>
        <line num="1383" count="9" type="cond" truecount="1" falsecount="1"/>
        <line num="1384" count="11" type="cond" truecount="2" falsecount="0"/>
        <line num="1385" count="2" type="stmt"/>
        <line num="1388" count="2" type="stmt"/>
        <line num="1390" count="7" type="stmt"/>
        <line num="1392" count="7" type="cond" truecount="1" falsecount="1"/>
        <line num="1393" count="0" type="stmt"/>
        <line num="1394" count="0" type="cond" truecount="0" falsecount="5"/>
        <line num="1395" count="0" type="stmt"/>
        <line num="1396" count="0" type="stmt"/>
        <line num="1399" count="7" type="stmt"/>
        <line num="1400" count="7" type="stmt"/>
        <line num="1401" count="7" type="stmt"/>
        <line num="1410" count="2" type="stmt"/>
        <line num="1411" count="2" type="stmt"/>
        <line num="1413" count="2" type="cond" truecount="4" falsecount="1"/>
        <line num="1414" count="0" type="stmt"/>
        <line num="1415" count="0" type="stmt"/>
        <line num="1417" count="2" type="stmt"/>
        <line num="1418" count="2" type="stmt"/>
        <line num="1419" count="2" type="stmt"/>
        <line num="1429" count="1" type="cond" truecount="0" falsecount="4"/>
        <line num="1433" count="1" type="cond" truecount="1" falsecount="1"/>
        <line num="1434" count="0" type="stmt"/>
        <line num="1437" count="0" type="stmt"/>
        <line num="1440" count="1" type="stmt"/>
        <line num="1441" count="1" type="stmt"/>
        <line num="1443" count="1" type="cond" truecount="4" falsecount="1"/>
        <line num="1444" count="1" type="stmt"/>
        <line num="1445" count="1" type="stmt"/>
        <line num="1448" count="1" type="stmt"/>
        <line num="1449" count="1" type="stmt"/>
        <line num="1450" count="1" type="stmt"/>
        <line num="1459" count="0" type="stmt"/>
        <line num="1460" count="0" type="stmt"/>
        <line num="1461" count="0" type="stmt"/>
        <line num="1463" count="0" type="stmt"/>
        <line num="1472" count="1" type="cond" truecount="1" falsecount="1"/>
        <line num="1473" count="1" type="stmt"/>
        <line num="1474" count="1" type="stmt"/>
        <line num="1475" count="1" type="stmt"/>
        <line num="1477" count="1" type="stmt"/>
        <line num="1481" count="0" type="stmt"/>
        <line num="1482" count="0" type="stmt"/>
        <line num="1483" count="0" type="stmt"/>
        <line num="1485" count="0" type="stmt"/>
        <line num="1497" count="80" type="stmt"/>
        <line num="1498" count="80" type="stmt"/>
        <line num="1499" count="80" type="stmt"/>
        <line num="1500" count="80" type="stmt"/>
        <line num="1501" count="80" type="stmt"/>
        <line num="1502" count="80" type="stmt"/>
        <line num="1503" count="80" type="stmt"/>
        <line num="1504" count="80" type="stmt"/>
        <line num="1505" count="80" type="stmt"/>
        <line num="1506" count="80" type="stmt"/>
        <line num="1507" count="80" type="stmt"/>
        <line num="1508" count="80" type="stmt"/>
        <line num="1509" count="80" type="stmt"/>
        <line num="1510" count="80" type="stmt"/>
        <line num="1518" count="1" type="cond" truecount="1" falsecount="1"/>
        <line num="1519" count="0" type="stmt"/>
        <line num="1525" count="0" type="stmt"/>
        <line num="1526" count="0" type="stmt"/>
        <line num="1529" count="0" type="stmt"/>
        <line num="1531" count="1" type="stmt"/>
        <line num="1532" count="1" type="stmt"/>
        <line num="1539" count="1" type="stmt"/>
        <line num="1540" count="1" type="cond" truecount="3" falsecount="1"/>
        <line num="1541" count="1" type="stmt"/>
        <line num="1542" count="1" type="stmt"/>
        <line num="1551" count="0" type="stmt"/>
        <line num="1552" count="0" type="stmt"/>
        <line num="1559" count="3" type="cond" truecount="2" falsecount="0"/>
        <line num="1560" count="1" type="stmt"/>
        <line num="1563" count="1" type="stmt"/>
        <line num="1566" count="2" type="cond" truecount="3" falsecount="1"/>
        <line num="1567" count="0" type="stmt"/>
        <line num="1568" count="0" type="stmt"/>
        <line num="1569" count="0" type="stmt"/>
        <line num="1570" count="0" type="stmt"/>
        <line num="1571" count="0" type="stmt"/>
        <line num="1572" count="0" type="stmt"/>
        <line num="1576" count="0" type="stmt"/>
        <line num="1579" count="0" type="stmt"/>
        <line num="1583" count="2" type="cond" truecount="2" falsecount="0"/>
        <line num="1585" count="1" type="stmt"/>
        <line num="1586" count="1" type="stmt"/>
        <line num="1587" count="1" type="cond" truecount="3" falsecount="1"/>
        <line num="1588" count="1" type="cond" truecount="0" falsecount="2"/>
        <line num="1591" count="1" type="cond" truecount="1" falsecount="1"/>
        <line num="1592" count="0" type="stmt"/>
        <line num="1595" count="0" type="stmt"/>
        <line num="1598" count="1" type="stmt"/>
        <line num="1599" count="1" type="stmt"/>
        <line num="1600" count="1" type="cond" truecount="2" falsecount="0"/>
        <line num="1601" count="1" type="stmt"/>
        <line num="1604" count="1" type="stmt"/>
        <line num="1616" count="5" type="cond" truecount="2" falsecount="0"/>
        <line num="1619" count="1" type="cond" truecount="2" falsecount="3"/>
        <line num="1620" count="0" type="stmt"/>
        <line num="1621" count="0" type="stmt"/>
        <line num="1622" count="0" type="stmt"/>
        <line num="1623" count="0" type="stmt"/>
        <line num="1624" count="0" type="stmt"/>
        <line num="1625" count="0" type="stmt"/>
        <line num="1629" count="0" type="stmt"/>
        <line num="1633" count="1" type="cond" truecount="1" falsecount="1"/>
        <line num="1634" count="1" type="stmt"/>
        <line num="1635" count="1" type="stmt"/>
        <line num="1642" count="1" type="stmt"/>
        <line num="1646" count="0" type="stmt"/>
        <line num="1647" count="0" type="stmt"/>
        <line num="1656" count="8" type="cond" truecount="3" falsecount="1"/>
        <line num="1657" count="0" type="stmt"/>
        <line num="1658" count="0" type="stmt"/>
        <line num="1659" count="0" type="cond" truecount="0" falsecount="2"/>
        <line num="1661" count="0" type="cond" truecount="0" falsecount="3"/>
        <line num="1662" count="0" type="cond" truecount="0" falsecount="4"/>
        <line num="1663" count="0" type="stmt"/>
        <line num="1664" count="0" type="stmt"/>
        <line num="1665" count="0" type="stmt"/>
        <line num="1666" count="0" type="stmt"/>
        <line num="1667" count="0" type="stmt"/>
        <line num="1668" count="0" type="stmt"/>
        <line num="1669" count="0" type="stmt"/>
        <line num="1670" count="0" type="stmt"/>
      </file>
      <file name="uiStore.svelte.ts" path="/mnt/1c5f09d2-4b36-42cf-8541-5cb64e85f9e9/projects/tauri/strata/src/lib/state/uiStore.svelte.ts">
        <metrics statements="19" coveredstatements="16" conditionals="0" coveredconditionals="0" methods="17" coveredmethods="4"/>
        <line num="13" count="8" type="stmt"/>
        <line num="16" count="8" type="stmt"/>
        <line num="19" count="8" type="stmt"/>
        <line num="22" count="8" type="stmt"/>
        <line num="25" count="8" type="stmt"/>
        <line num="26" count="8" type="stmt"/>
        <line num="27" count="8" type="stmt"/>
        <line num="28" count="8" type="stmt"/>
        <line num="29" count="8" type="stmt"/>
        <line num="32" count="8" type="stmt"/>
        <line num="33" count="8" type="stmt"/>
        <line num="36" count="8" type="stmt"/>
        <line num="37" count="8" type="stmt"/>
        <line num="46" count="8" type="stmt"/>
        <line num="47" count="8" type="stmt"/>
        <line num="51" count="0" type="stmt"/>
        <line num="52" count="0" type="stmt"/>
        <line num="53" count="0" type="stmt"/>
        <line num="57" count="8" type="stmt"/>
      </file>
      <file name="updateState.svelte.ts" path="/mnt/1c5f09d2-4b36-42cf-8541-5cb64e85f9e9/projects/tauri/strata/src/lib/state/updateState.svelte.ts">
        <metrics statements="69" coveredstatements="69" conditionals="41" coveredconditionals="31" methods="20" coveredmethods="18"/>
        <line num="25" count="17" type="stmt"/>
        <line num="26" count="17" type="stmt"/>
        <line num="27" count="17" type="stmt"/>
        <line num="28" count="17" type="stmt"/>
        <line num="29" count="17" type="stmt"/>
        <line num="30" count="17" type="stmt"/>
        <line num="31" count="17" type="stmt"/>
        <line num="32" count="17" type="stmt"/>
        <line num="36" count="17" type="cond" truecount="1" falsecount="1"/>
        <line num="37" count="17" type="stmt"/>
        <line num="38" count="17" type="stmt"/>
        <line num="42" count="17" type="stmt"/>
        <line num="43" count="1" type="cond" truecount="1" falsecount="1"/>
        <line num="44" count="1" type="cond" truecount="1" falsecount="1"/>
        <line num="45" count="1" type="cond" truecount="3" falsecount="1"/>
        <line num="46" count="1" type="stmt"/>
        <line num="51" count="1" type="stmt"/>
        <line num="52" count="1" type="stmt"/>
        <line num="59" count="1" type="stmt"/>
        <line num="60" count="1" type="stmt"/>
        <line num="61" count="1" type="cond" truecount="2" falsecount="2"/>
        <line num="62" count="1" type="stmt"/>
        <line num="67" count="1" type="stmt"/>
        <line num="71" count="7" type="stmt"/>
        <line num="72" count="7" type="stmt"/>
        <line num="73" count="7" type="stmt"/>
        <line num="75" count="7" type="stmt"/>
        <line num="76" count="7" type="stmt"/>
        <line num="77" count="5" type="cond" truecount="2" falsecount="0"/>
        <line num="79" count="1" type="stmt"/>
        <line num="80" count="1" type="stmt"/>
        <line num="81" count="1" type="stmt"/>
        <line num="84" count="4" type="cond" truecount="2" falsecount="0"/>
        <line num="85" count="1" type="stmt"/>
        <line num="86" count="1" type="stmt"/>
        <line num="87" count="1" type="stmt"/>
        <line num="88" count="1" type="stmt"/>
        <line num="89" count="1" type="stmt"/>
        <line num="92" count="3" type="cond" truecount="4" falsecount="0"/>
        <line num="93" count="1" type="stmt"/>
        <line num="99" count="1" type="stmt"/>
        <line num="100" count="1" type="stmt"/>
        <line num="102" count="2" type="stmt"/>
        <line num="103" count="2" type="stmt"/>
        <line num="104" count="2" type="stmt"/>
        <line num="107" count="2" type="stmt"/>
        <line num="108" count="2" type="cond" truecount="1" falsecount="1"/>
        <line num="109" count="2" type="cond" truecount="2" falsecount="0"/>
        <line num="115" count="1" type="stmt"/>
        <line num="117" count="1" type="cond" truecount="1" falsecount="1"/>
        <line num="123" count="4" type="cond" truecount="4" falsecount="0"/>
        <line num="124" count="2" type="stmt"/>
        <line num="125" count="2" type="stmt"/>
        <line num="126" count="2" type="stmt"/>
        <line num="128" count="2" type="stmt"/>
        <line num="129" count="2" type="stmt"/>
        <line num="132" count="2" type="cond" truecount="1" falsecount="1"/>
        <line num="133" count="2" type="stmt"/>
        <line num="134" count="2" type="stmt"/>
        <line num="141" count="1" type="stmt"/>
        <line num="143" count="1" type="stmt"/>
        <line num="144" count="1" type="cond" truecount="1" falsecount="1"/>
        <line num="149" count="1" type="stmt"/>
        <line num="153" count="1" type="stmt"/>
        <line num="157" count="1" type="stmt"/>
        <line num="158" count="1" type="stmt"/>
        <line num="159" count="1" type="stmt"/>
        <line num="160" count="1" type="stmt"/>
        <line num="164" count="1" type="stmt"/>
      </file>
    </package>
  </project>
</coverage>
