<?xml version="1.0" encoding="UTF-8"?>
<coverage generated="1785675752711" clover="3.2.0">
  <project timestamp="1785675752711" name="All files">
    <metrics statements="1638" coveredstatements="1354" conditionals="1282" coveredconditionals="849" methods="251" coveredmethods="177" elements="3171" coveredelements="2380" complexity="0" loc="1638" ncloc="1638" packages="4" files="17" classes="17"/>
    <package name="mock">
      <metrics statements="1" coveredstatements="1" conditionals="0" coveredconditionals="0" methods="0" coveredmethods="0"/>
      <file name="academics.ts" path="/mnt/1c5f09d2-4b36-42cf-8541-5cb64e85f9e9/projects/tauri/strata/src/lib/mock/academics.ts">
        <metrics statements="0" coveredstatements="0" conditionals="0" coveredconditionals="0" methods="0" coveredmethods="0"/>
      </file>
      <file name="basic.ts" path="/mnt/1c5f09d2-4b36-42cf-8541-5cb64e85f9e9/projects/tauri/strata/src/lib/mock/basic.ts">
        <metrics statements="0" coveredstatements="0" conditionals="0" coveredconditionals="0" methods="0" coveredmethods="0"/>
      </file>
      <file name="fullstack.ts" path="/mnt/1c5f09d2-4b36-42cf-8541-5cb64e85f9e9/projects/tauri/strata/src/lib/mock/fullstack.ts">
        <metrics statements="0" coveredstatements="0" conditionals="0" coveredconditionals="0" methods="0" coveredmethods="0"/>
      </file>
      <file name="index.ts" path="/mnt/1c5f09d2-4b36-42cf-8541-5cb64e85f9e9/projects/tauri/strata/src/lib/mock/index.ts">
        <metrics statements="1" coveredstatements="1" conditionals="0" coveredconditionals="0" methods="0" coveredmethods="0"/>
        <line num="20" count="2" type="stmt"/>
      </file>
      <file name="infrastructure.ts" path="/mnt/1c5f09d2-4b36-42cf-8541-5cb64e85f9e9/projects/tauri/strata/src/lib/mock/infrastructure.ts">
        <metrics statements="0" coveredstatements="0" conditionals="0" coveredconditionals="0" methods="0" coveredmethods="0"/>
      </file>
    </package>
    <package name="parser">
      <metrics statements="992" coveredstatements="908" conditionals="852" coveredconditionals="601" methods="70" coveredmethods="68"/>
      <file name="core.ts" path="/mnt/1c5f09d2-4b36-42cf-8541-5cb64e85f9e9/projects/tauri/strata/src/lib/parser/core.ts">
        <metrics statements="289" coveredstatements="257" conditionals="273" coveredconditionals="195" methods="27" coveredmethods="26"/>
        <line num="18" count="1" type="stmt"/>
        <line num="25" count="95" type="cond" truecount="4" falsecount="0"/>
        <line num="26" count="51" type="cond" truecount="2" falsecount="0"/>
        <line num="27" count="45" type="stmt"/>
        <line num="28" count="45" type="cond" truecount="1" falsecount="1"/>
        <line num="29" count="45" type="stmt"/>
        <line num="30" count="45" type="cond" truecount="1" falsecount="1"/>
        <line num="31" count="45" type="stmt"/>
        <line num="44" count="233" type="stmt"/>
        <line num="45" count="233" type="stmt"/>
        <line num="46" count="233" type="stmt"/>
        <line num="48" count="233" type="stmt"/>
        <line num="49" count="233" type="stmt"/>
        <line num="50" count="233" type="stmt"/>
        <line num="51" count="233" type="stmt"/>
        <line num="54" count="233" type="stmt"/>
        <line num="55" count="233" type="stmt"/>
        <line num="56" count="233" type="stmt"/>
        <line num="57" count="131" type="stmt"/>
        <line num="58" count="131" type="cond" truecount="2" falsecount="0"/>
        <line num="59" count="131" type="stmt"/>
        <line num="61" count="131" type="cond" truecount="3" falsecount="2"/>
        <line num="62" count="0" type="stmt"/>
        <line num="63" count="0" type="cond" truecount="0" falsecount="2"/>
        <line num="64" count="0" type="stmt"/>
        <line num="65" count="0" type="stmt"/>
        <line num="69" count="131" type="cond" truecount="2" falsecount="0"/>
        <line num="70" count="10" type="cond" truecount="2" falsecount="0"/>
        <line num="72" count="9" type="stmt"/>
        <line num="80" count="233" type="stmt"/>
        <line num="81" count="233" type="stmt"/>
        <line num="82" count="233" type="stmt"/>
        <line num="84" count="233" type="stmt"/>
        <line num="85" count="603" type="stmt"/>
        <line num="86" count="603" type="stmt"/>
        <line num="87" count="603" type="stmt"/>
        <line num="90" count="603" type="stmt"/>
        <line num="91" count="603" type="stmt"/>
        <line num="97" count="603" type="stmt"/>
        <line num="98" count="648" type="stmt"/>
        <line num="99" count="648" type="cond" truecount="2" falsecount="0"/>
        <line num="100" count="560" type="stmt"/>
        <line num="104" count="603" type="cond" truecount="2" falsecount="0"/>
        <line num="105" count="3" type="cond" truecount="1" falsecount="1"/>
        <line num="106" count="3" type="stmt"/>
        <line num="110" count="603" type="cond" truecount="2" falsecount="0"/>
        <line num="111" count="91" type="stmt"/>
        <line num="115" count="603" type="cond" truecount="7" falsecount="0"/>
        <line num="116" count="583" type="stmt"/>
        <line num="117" count="583" type="cond" truecount="1" falsecount="3"/>
        <line num="119" count="583" type="stmt"/>
        <line num="121" count="583" type="stmt"/>
        <line num="122" count="583" type="cond" truecount="2" falsecount="0"/>
        <line num="123" count="301" type="stmt"/>
        <line num="124" count="282" type="cond" truecount="2" falsecount="0"/>
        <line num="125" count="97" type="cond" truecount="2" falsecount="0"/>
        <line num="126" count="95" type="stmt"/>
        <line num="127" count="263" type="cond" truecount="4" falsecount="0"/>
        <line num="128" count="1" type="stmt"/>
        <line num="129" count="1" type="stmt"/>
        <line num="138" count="262" type="stmt"/>
        <line num="146" count="2" type="stmt"/>
        <line num="148" count="185" type="cond" truecount="2" falsecount="0"/>
        <line num="149" count="93" type="cond" truecount="1" falsecount="1"/>
        <line num="150" count="176" type="stmt"/>
        <line num="157" count="92" type="cond" truecount="2" falsecount="0"/>
        <line num="158" count="90" type="stmt"/>
        <line num="159" count="90" type="stmt"/>
        <line num="160" count="90" type="cond" truecount="2" falsecount="0"/>
        <line num="161" count="89" type="stmt"/>
        <line num="162" count="89" type="cond" truecount="2" falsecount="0"/>
        <line num="163" count="1" type="stmt"/>
        <line num="164" count="1" type="stmt"/>
        <line num="165" count="1" type="stmt"/>
        <line num="166" count="1" type="cond" truecount="2" falsecount="2"/>
        <line num="167" count="1" type="cond" truecount="1" falsecount="1"/>
        <line num="168" count="1" type="stmt"/>
        <line num="169" count="3" type="cond" truecount="2" falsecount="0"/>
        <line num="171" count="2" type="stmt"/>
        <line num="172" count="2" type="cond" truecount="1" falsecount="1"/>
        <line num="173" count="2" type="stmt"/>
        <line num="181" count="0" type="cond" truecount="0" falsecount="2"/>
        <line num="182" count="0" type="stmt"/>
        <line num="185" count="0" type="stmt"/>
        <line num="186" count="0" type="cond" truecount="0" falsecount="2"/>
        <line num="188" count="88" type="cond" truecount="2" falsecount="0"/>
        <line num="189" count="44" type="stmt"/>
        <line num="190" count="44" type="stmt"/>
        <line num="194" count="90" type="cond" truecount="2" falsecount="0"/>
        <line num="195" count="1" type="stmt"/>
        <line num="196" count="89" type="cond" truecount="4" falsecount="0"/>
        <line num="197" count="252" type="stmt"/>
        <line num="204" count="5" type="stmt"/>
        <line num="207" count="90" type="cond" truecount="2" falsecount="0"/>
        <line num="208" count="44" type="stmt"/>
        <line num="212" count="583" type="cond" truecount="2" falsecount="0"/>
        <line num="213" count="581" type="stmt"/>
        <line num="227" count="583" type="cond" truecount="4" falsecount="0"/>
        <line num="228" count="89" type="stmt"/>
        <line num="229" count="175" type="stmt"/>
        <line num="237" count="233" type="cond" truecount="2" falsecount="0"/>
        <line num="239" count="57" type="stmt"/>
        <line num="240" count="6" type="stmt"/>
        <line num="241" count="6" type="cond" truecount="2" falsecount="0"/>
        <line num="242" count="5" type="stmt"/>
        <line num="244" count="5" type="stmt"/>
        <line num="245" count="5" type="stmt"/>
        <line num="246" count="5" type="stmt"/>
        <line num="247" count="5" type="cond" truecount="1" falsecount="1"/>
        <line num="248" count="0" type="stmt"/>
        <line num="249" count="0" type="cond" truecount="0" falsecount="2"/>
        <line num="252" count="5" type="stmt"/>
        <line num="253" count="6" type="stmt"/>
        <line num="254" count="6" type="cond" truecount="3" falsecount="1"/>
        <line num="255" count="6" type="stmt"/>
        <line num="260" count="5" type="stmt"/>
        <line num="261" count="6" type="stmt"/>
        <line num="262" count="7" type="cond" truecount="1" falsecount="1"/>
        <line num="264" count="6" type="stmt"/>
        <line num="265" count="6" type="cond" truecount="1" falsecount="1"/>
        <line num="266" count="6" type="stmt"/>
        <line num="272" count="6" type="stmt"/>
        <line num="273" count="0" type="stmt"/>
        <line num="274" count="0" type="cond" truecount="0" falsecount="2"/>
        <line num="275" count="0" type="stmt"/>
        <line num="280" count="6" type="stmt"/>
        <line num="294" count="6" type="stmt"/>
        <line num="297" count="0" type="stmt"/>
        <line num="303" count="57" type="stmt"/>
        <line num="304" count="9" type="cond" truecount="2" falsecount="0"/>
        <line num="305" count="2" type="cond" truecount="3" falsecount="1"/>
        <line num="307" count="2" type="stmt"/>
        <line num="308" count="2" type="cond" truecount="2" falsecount="0"/>
        <line num="311" count="2" type="cond" truecount="2" falsecount="0"/>
        <line num="312" count="1" type="stmt"/>
        <line num="313" count="1" type="stmt"/>
        <line num="314" count="1" type="stmt"/>
        <line num="316" count="1" type="stmt"/>
        <line num="317" count="1" type="stmt"/>
        <line num="318" count="1" type="stmt"/>
        <line num="319" count="1" type="stmt"/>
        <line num="320" count="1" type="stmt"/>
        <line num="321" count="1" type="cond" truecount="1" falsecount="1"/>
        <line num="322" count="1" type="stmt"/>
        <line num="323" count="1" type="stmt"/>
        <line num="324" count="1" type="stmt"/>
        <line num="330" count="1" type="stmt"/>
        <line num="331" count="0" type="stmt"/>
        <line num="332" count="0" type="cond" truecount="0" falsecount="2"/>
        <line num="333" count="0" type="stmt"/>
        <line num="337" count="1" type="cond" truecount="1" falsecount="1"/>
        <line num="338" count="1" type="stmt"/>
        <line num="349" count="1" type="stmt"/>
        <line num="355" count="0" type="stmt"/>
        <line num="356" count="0" type="cond" truecount="0" falsecount="2"/>
        <line num="364" count="233" type="stmt"/>
        <line num="365" count="590" type="cond" truecount="1" falsecount="1"/>
        <line num="366" count="590" type="cond" truecount="2" falsecount="0"/>
        <line num="367" count="307" type="stmt"/>
        <line num="372" count="588" type="stmt"/>
        <line num="373" count="233" type="stmt"/>
        <line num="374" count="590" type="stmt"/>
        <line num="375" count="590" type="cond" truecount="1" falsecount="1"/>
        <line num="376" count="590" type="stmt"/>
        <line num="377" count="645" type="stmt"/>
        <line num="378" count="645" type="cond" truecount="4" falsecount="0"/>
        <line num="379" count="89" type="stmt"/>
        <line num="380" count="175" type="cond" truecount="2" falsecount="0"/>
        <line num="381" count="2" type="stmt"/>
        <line num="389" count="233" type="cond" truecount="2" falsecount="0"/>
        <line num="391" count="233" type="cond" truecount="4" falsecount="0"/>
        <line num="392" count="3" type="stmt"/>
        <line num="395" count="230" type="stmt"/>
        <line num="397" count="0" type="stmt"/>
        <line num="399" count="0" type="stmt"/>
        <line num="400" count="0" type="stmt"/>
        <line num="401" count="0" type="stmt"/>
        <line num="402" count="0" type="cond" truecount="0" falsecount="2"/>
        <line num="403" count="0" type="stmt"/>
        <line num="404" count="0" type="stmt"/>
        <line num="407" count="0" type="stmt"/>
        <line num="415" count="233" type="stmt"/>
        <line num="416" count="7" type="stmt"/>
        <line num="417" count="7" type="stmt"/>
        <line num="419" count="0" type="stmt"/>
        <line num="429" count="308" type="stmt"/>
        <line num="430" count="308" type="stmt"/>
        <line num="431" count="308" type="cond" truecount="1" falsecount="1"/>
        <line num="433" count="308" type="stmt"/>
        <line num="435" count="308" type="cond" truecount="1" falsecount="1"/>
        <line num="436" count="308" type="stmt"/>
        <line num="437" count="308" type="cond" truecount="1" falsecount="1"/>
        <line num="438" count="308" type="stmt"/>
        <line num="439" count="308" type="cond" truecount="1" falsecount="1"/>
        <line num="440" count="308" type="stmt"/>
        <line num="441" count="726" type="cond" truecount="1" falsecount="1"/>
        <line num="442" count="726" type="stmt"/>
        <line num="443" count="726" type="cond" truecount="1" falsecount="1"/>
        <line num="444" count="726" type="stmt"/>
        <line num="445" count="726" type="stmt"/>
        <line num="446" count="726" type="stmt"/>
        <line num="447" count="726" type="stmt"/>
        <line num="448" count="726" type="stmt"/>
        <line num="450" count="726" type="cond" truecount="1" falsecount="1"/>
        <line num="451" count="726" type="stmt"/>
        <line num="452" count="726" type="stmt"/>
        <line num="453" count="726" type="stmt"/>
        <line num="454" count="726" type="cond" truecount="2" falsecount="0"/>
        <line num="455" count="726" type="cond" truecount="4" falsecount="0"/>
        <line num="456" count="2" type="stmt"/>
        <line num="458" count="726" type="stmt"/>
        <line num="461" count="726" type="stmt"/>
        <line num="474" count="308" type="stmt"/>
        <line num="481" count="7" type="stmt"/>
        <line num="482" count="7" type="stmt"/>
        <line num="483" count="7" type="stmt"/>
        <line num="485" count="7" type="cond" truecount="1" falsecount="1"/>
        <line num="486" count="0" type="stmt"/>
        <line num="487" count="0" type="cond" truecount="0" falsecount="4"/>
        <line num="488" count="0" type="stmt"/>
        <line num="492" count="7" type="cond" truecount="3" falsecount="1"/>
        <line num="493" count="7" type="stmt"/>
        <line num="494" count="3" type="cond" truecount="1" falsecount="1"/>
        <line num="495" count="3" type="stmt"/>
        <line num="504" count="7" type="stmt"/>
        <line num="511" count="307" type="stmt"/>
        <line num="514" count="307" type="stmt"/>
        <line num="515" count="7" type="stmt"/>
        <line num="516" count="7" type="stmt"/>
        <line num="517" count="36" type="stmt"/>
        <line num="518" count="36" type="cond" truecount="4" falsecount="0"/>
        <line num="519" count="11" type="stmt"/>
        <line num="520" count="11" type="cond" truecount="4" falsecount="0"/>
        <line num="521" count="6" type="stmt"/>
        <line num="522" count="6" type="cond" truecount="1" falsecount="1"/>
        <line num="523" count="6" type="cond" truecount="1" falsecount="1"/>
        <line num="524" count="6" type="stmt"/>
        <line num="525" count="9" type="cond" truecount="1" falsecount="1"/>
        <line num="526" count="9" type="stmt"/>
        <line num="527" count="9" type="cond" truecount="4" falsecount="0"/>
        <line num="528" count="6" type="stmt"/>
        <line num="536" count="1" type="stmt"/>
        <line num="540" count="307" type="stmt"/>
        <line num="541" count="307" type="cond" truecount="1" falsecount="1"/>
        <line num="542" count="307" type="stmt"/>
        <line num="543" count="307" type="stmt"/>
        <line num="544" count="1427" type="cond" truecount="2" falsecount="0"/>
        <line num="545" count="24" type="stmt"/>
        <line num="546" count="24" type="cond" truecount="1" falsecount="1"/>
        <line num="547" count="24" type="stmt"/>
        <line num="548" count="24" type="cond" truecount="1" falsecount="1"/>
        <line num="549" count="24" type="stmt"/>
        <line num="550" count="24" type="stmt"/>
        <line num="551" count="24" type="cond" truecount="1" falsecount="1"/>
        <line num="552" count="24" type="stmt"/>
        <line num="553" count="24" type="stmt"/>
        <line num="554" count="24" type="cond" truecount="3" falsecount="1"/>
        <line num="555" count="24" type="stmt"/>
        <line num="557" count="0" type="stmt"/>
        <line num="567" count="307" type="stmt"/>
        <line num="568" count="307" type="stmt"/>
        <line num="569" count="1026" type="stmt"/>
        <line num="570" count="1026" type="cond" truecount="4" falsecount="0"/>
        <line num="571" count="52" type="stmt"/>
        <line num="572" count="52" type="cond" truecount="4" falsecount="0"/>
        <line num="573" count="16" type="stmt"/>
        <line num="574" count="16" type="cond" truecount="1" falsecount="1"/>
        <line num="576" count="16" type="cond" truecount="1" falsecount="1"/>
        <line num="577" count="16" type="stmt"/>
        <line num="578" count="21" type="cond" truecount="1" falsecount="1"/>
        <line num="579" count="21" type="stmt"/>
        <line num="580" count="21" type="cond" truecount="1" falsecount="1"/>
        <line num="581" count="21" type="stmt"/>
        <line num="582" count="21" type="stmt"/>
        <line num="583" count="21" type="cond" truecount="1" falsecount="1"/>
        <line num="584" count="21" type="stmt"/>
        <line num="587" count="21" type="stmt"/>
        <line num="588" count="21" type="cond" truecount="2" falsecount="0"/>
        <line num="589" count="14" type="stmt"/>
        <line num="590" count="7" type="cond" truecount="1" falsecount="1"/>
        <line num="591" count="7" type="stmt"/>
        <line num="592" count="7" type="cond" truecount="2" falsecount="0"/>
        <line num="593" count="2" type="stmt"/>
        <line num="595" count="5" type="stmt"/>
        <line num="599" count="21" type="stmt"/>
        <line num="625" count="220" type="cond" truecount="3" falsecount="1"/>
        <line num="626" count="220" type="cond" truecount="3" falsecount="1"/>
        <line num="628" count="220" type="cond" truecount="2" falsecount="0"/>
        <line num="630" count="220" type="stmt"/>
      </file>
      <file name="helpers.ts" path="/mnt/1c5f09d2-4b36-42cf-8541-5cb64e85f9e9/projects/tauri/strata/src/lib/parser/helpers.ts">
        <metrics statements="124" coveredstatements="108" conditionals="84" coveredconditionals="60" methods="13" coveredmethods="13"/>
        <line num="16" count="957" type="stmt"/>
        <line num="17" count="685" type="cond" truecount="2" falsecount="0"/>
        <line num="19" count="957" type="cond" truecount="2" falsecount="0"/>
        <line num="20" count="662" type="stmt"/>
        <line num="21" count="662" type="cond" truecount="2" falsecount="0"/>
        <line num="24" count="313" type="stmt"/>
        <line num="25" count="23" type="stmt"/>
        <line num="26" count="23" type="stmt"/>
        <line num="35" count="616" type="stmt"/>
        <line num="36" count="616" type="cond" truecount="1" falsecount="1"/>
        <line num="38" count="616" type="stmt"/>
        <line num="39" count="616" type="cond" truecount="2" falsecount="0"/>
        <line num="41" count="310" type="stmt"/>
        <line num="42" count="310" type="stmt"/>
        <line num="43" count="310" type="cond" truecount="2" falsecount="0"/>
        <line num="45" count="113" type="stmt"/>
        <line num="46" count="113" type="cond" truecount="1" falsecount="3"/>
        <line num="49" count="197" type="stmt"/>
        <line num="50" count="197" type="stmt"/>
        <line num="51" count="197" type="cond" truecount="1" falsecount="1"/>
        <line num="52" count="197" type="stmt"/>
        <line num="53" count="197" type="stmt"/>
        <line num="54" count="197" type="cond" truecount="1" falsecount="1"/>
        <line num="55" count="197" type="stmt"/>
        <line num="61" count="0" type="stmt"/>
        <line num="62" count="0" type="cond" truecount="0" falsecount="4"/>
        <line num="63" count="0" type="stmt"/>
        <line num="66" count="0" type="stmt"/>
        <line num="73" count="742" type="stmt"/>
        <line num="74" count="742" type="stmt"/>
        <line num="76" count="742" type="stmt"/>
        <line num="77" count="1463" type="stmt"/>
        <line num="78" count="1463" type="cond" truecount="2" falsecount="0"/>
        <line num="79" count="721" type="stmt"/>
        <line num="80" count="721" type="stmt"/>
        <line num="81" count="721" type="stmt"/>
        <line num="82" count="721" type="stmt"/>
        <line num="84" count="742" type="stmt"/>
        <line num="87" count="742" type="stmt"/>
        <line num="94" count="7" type="stmt"/>
        <line num="95" count="7" type="stmt"/>
        <line num="96" count="10" type="stmt"/>
        <line num="98" count="7" type="stmt"/>
        <line num="105" count="24" type="stmt"/>
        <line num="106" count="24" type="cond" truecount="2" falsecount="0"/>
        <line num="107" count="6" type="stmt"/>
        <line num="109" count="67" type="stmt"/>
        <line num="110" count="18" type="stmt"/>
        <line num="111" count="40" type="cond" truecount="2" falsecount="0"/>
        <line num="121" count="9" type="stmt"/>
        <line num="122" count="9" type="stmt"/>
        <line num="124" count="9" type="cond" truecount="3" falsecount="1"/>
        <line num="125" count="0" type="cond" truecount="0" falsecount="2"/>
        <line num="129" count="9" type="cond" truecount="4" falsecount="0"/>
        <line num="130" count="2" type="stmt"/>
        <line num="131" count="2" type="cond" truecount="1" falsecount="1"/>
        <line num="132" count="0" type="stmt"/>
        <line num="133" count="0" type="stmt"/>
        <line num="134" count="0" type="stmt"/>
        <line num="135" count="0" type="cond" truecount="0" falsecount="2"/>
        <line num="136" count="0" type="stmt"/>
        <line num="138" count="0" type="stmt"/>
        <line num="142" count="9" type="stmt"/>
        <line num="143" count="9" type="stmt"/>
        <line num="144" count="9" type="stmt"/>
        <line num="145" count="9" type="stmt"/>
        <line num="146" count="24" type="cond" truecount="2" falsecount="0"/>
        <line num="147" count="15" type="cond" truecount="1" falsecount="1"/>
        <line num="148" count="0" type="stmt"/>
        <line num="150" count="15" type="stmt"/>
        <line num="153" count="9" type="stmt"/>
        <line num="154" count="9" type="cond" truecount="2" falsecount="0"/>
        <line num="155" count="5" type="stmt"/>
        <line num="157" count="9" type="stmt"/>
        <line num="168" count="2" type="stmt"/>
        <line num="169" count="2" type="stmt"/>
        <line num="171" count="2" type="stmt"/>
        <line num="172" count="3" type="cond" truecount="2" falsecount="2"/>
        <line num="173" count="0" type="stmt"/>
        <line num="175" count="3" type="cond" truecount="1" falsecount="1"/>
        <line num="176" count="3" type="stmt"/>
        <line num="177" count="3" type="cond" truecount="2" falsecount="0"/>
        <line num="178" count="2" type="stmt"/>
        <line num="179" count="2" type="stmt"/>
        <line num="180" count="2" type="stmt"/>
        <line num="184" count="0" type="stmt"/>
        <line num="198" count="1398" type="stmt"/>
        <line num="199" count="1398" type="cond" truecount="2" falsecount="0"/>
        <line num="201" count="1226" type="stmt"/>
        <line num="202" count="1226" type="cond" truecount="2" falsecount="0"/>
        <line num="204" count="1222" type="stmt"/>
        <line num="205" count="1222" type="stmt"/>
        <line num="206" count="1222" type="stmt"/>
        <line num="207" count="1222" type="stmt"/>
        <line num="209" count="1222" type="stmt"/>
        <line num="210" count="116104" type="stmt"/>
        <line num="211" count="116104" type="cond" truecount="1" falsecount="1"/>
        <line num="213" count="116104" type="cond" truecount="2" falsecount="0"/>
        <line num="214" count="70173" type="cond" truecount="2" falsecount="2"/>
        <line num="215" count="0" type="stmt"/>
        <line num="216" count="0" type="stmt"/>
        <line num="218" count="70173" type="cond" truecount="2" falsecount="0"/>
        <line num="219" count="9324" type="stmt"/>
        <line num="221" count="70173" type="stmt"/>
        <line num="224" count="45931" type="cond" truecount="4" falsecount="0"/>
        <line num="225" count="9324" type="stmt"/>
        <line num="226" count="9324" type="stmt"/>
        <line num="227" count="9324" type="stmt"/>
        <line num="230" count="36607" type="cond" truecount="2" falsecount="0"/>
        <line num="231" count="1950" type="stmt"/>
        <line num="232" count="34657" type="cond" truecount="2" falsecount="0"/>
        <line num="233" count="1950" type="stmt"/>
        <line num="234" count="1950" type="cond" truecount="2" falsecount="0"/>
        <line num="235" count="1222" type="stmt"/>
        <line num="236" count="1222" type="stmt"/>
        <line num="241" count="1222" type="cond" truecount="1" falsecount="1"/>
        <line num="243" count="1222" type="stmt"/>
        <line num="244" count="1222" type="stmt"/>
        <line num="246" count="1222" type="stmt"/>
        <line num="248" count="1222" type="stmt"/>
        <line num="249" count="1222" type="stmt"/>
        <line num="250" count="1222" type="stmt"/>
        <line num="256" count="3" type="stmt"/>
        <line num="257" count="3" type="stmt"/>
      </file>
      <file name="index.ts" path="/mnt/1c5f09d2-4b36-42cf-8541-5cb64e85f9e9/projects/tauri/strata/src/lib/parser/index.ts">
        <metrics statements="0" coveredstatements="0" conditionals="0" coveredconditionals="0" methods="0" coveredmethods="0"/>
      </file>
      <file name="mutators.ts" path="/mnt/1c5f09d2-4b36-42cf-8541-5cb64e85f9e9/projects/tauri/strata/src/lib/parser/mutators.ts">
        <metrics statements="569" coveredstatements="533" conditionals="491" coveredconditionals="342" methods="28" coveredmethods="27"/>
        <line num="26" count="104" type="stmt"/>
        <line num="27" count="104" type="stmt"/>
        <line num="29" count="104" type="cond" truecount="1" falsecount="1"/>
        <line num="30" count="104" type="stmt"/>
        <line num="31" count="104" type="cond" truecount="1" falsecount="1"/>
        <line num="32" count="104" type="stmt"/>
        <line num="33" count="104" type="stmt"/>
        <line num="35" count="104" type="stmt"/>
        <line num="36" count="103" type="stmt"/>
        <line num="37" count="103" type="stmt"/>
        <line num="39" count="103" type="cond" truecount="1" falsecount="1"/>
        <line num="40" count="103" type="cond" truecount="2" falsecount="0"/>
        <line num="41" count="103" type="stmt"/>
        <line num="42" count="103" type="stmt"/>
        <line num="43" count="103" type="stmt"/>
        <line num="44" count="103" type="stmt"/>
        <line num="45" count="103" type="stmt"/>
        <line num="49" count="104" type="cond" truecount="2" falsecount="0"/>
        <line num="50" count="1" type="stmt"/>
        <line num="54" count="104" type="stmt"/>
        <line num="61" count="3" type="stmt"/>
        <line num="62" count="3" type="stmt"/>
        <line num="63" count="4" type="stmt"/>
        <line num="64" count="4" type="cond" truecount="2" falsecount="0"/>
        <line num="65" count="3" type="stmt"/>
        <line num="66" count="3" type="cond" truecount="1" falsecount="1"/>
        <line num="67" count="3" type="stmt"/>
        <line num="68" count="3" type="stmt"/>
        <line num="70" count="3" type="stmt"/>
        <line num="71" count="2" type="stmt"/>
        <line num="72" count="2" type="stmt"/>
        <line num="74" count="2" type="cond" truecount="1" falsecount="1"/>
        <line num="75" count="2" type="cond" truecount="1" falsecount="1"/>
        <line num="76" count="2" type="stmt"/>
        <line num="77" count="2" type="stmt"/>
        <line num="78" count="2" type="stmt"/>
        <line num="79" count="2" type="stmt"/>
        <line num="80" count="2" type="stmt"/>
        <line num="84" count="3" type="cond" truecount="2" falsecount="0"/>
        <line num="85" count="1" type="stmt"/>
        <line num="88" count="1" type="cond" truecount="4" falsecount="1"/>
        <line num="89" count="0" type="stmt"/>
        <line num="90" count="0" type="stmt"/>
        <line num="91" count="0" type="stmt"/>
        <line num="96" count="0" type="cond" truecount="0" falsecount="2"/>
        <line num="97" count="0" type="cond" truecount="0" falsecount="2"/>
        <line num="98" count="0" type="cond" truecount="0" falsecount="2"/>
        <line num="99" count="0" type="cond" truecount="0" falsecount="2"/>
        <line num="100" count="0" type="cond" truecount="0" falsecount="2"/>
        <line num="101" count="0" type="cond" truecount="0" falsecount="2"/>
        <line num="103" count="0" type="stmt"/>
        <line num="104" count="0" type="stmt"/>
        <line num="107" count="3" type="stmt"/>
        <line num="119" count="15" type="stmt"/>
        <line num="121" count="15" type="cond" truecount="2" falsecount="0"/>
        <line num="122" count="11" type="stmt"/>
        <line num="123" count="11" type="stmt"/>
        <line num="126" count="11" type="stmt"/>
        <line num="127" count="4" type="cond" truecount="2" falsecount="0"/>
        <line num="128" count="1" type="cond" truecount="1" falsecount="1"/>
        <line num="129" count="1" type="cond" truecount="1" falsecount="1"/>
        <line num="130" count="1" type="stmt"/>
        <line num="131" count="1" type="stmt"/>
        <line num="132" count="3" type="cond" truecount="2" falsecount="0"/>
        <line num="133" count="2" type="stmt"/>
        <line num="134" count="2" type="stmt"/>
        <line num="136" count="1" type="stmt"/>
        <line num="137" count="1" type="stmt"/>
        <line num="139" count="15" type="stmt"/>
        <line num="154" count="17" type="stmt"/>
        <line num="155" count="17" type="stmt"/>
        <line num="156" count="17" type="cond" truecount="1" falsecount="1"/>
        <line num="158" count="17" type="stmt"/>
        <line num="159" count="17" type="cond" truecount="1" falsecount="1"/>
        <line num="160" count="17" type="stmt"/>
        <line num="161" count="17" type="stmt"/>
        <line num="162" count="10" type="stmt"/>
        <line num="163" count="10" type="stmt"/>
        <line num="164" count="10" type="cond" truecount="1" falsecount="1"/>
        <line num="165" count="10" type="stmt"/>
        <line num="166" count="10" type="stmt"/>
        <line num="167" count="10" type="stmt"/>
        <line num="169" count="0" type="stmt"/>
        <line num="172" count="10" type="cond" truecount="1" falsecount="1"/>
        <line num="173" count="10" type="cond" truecount="2" falsecount="0"/>
        <line num="174" count="1" type="cond" truecount="1" falsecount="1"/>
        <line num="175" count="1" type="cond" truecount="1" falsecount="1"/>
        <line num="176" count="1" type="stmt"/>
        <line num="177" count="1" type="stmt"/>
        <line num="178" count="9" type="cond" truecount="2" falsecount="0"/>
        <line num="179" count="1" type="cond" truecount="1" falsecount="1"/>
        <line num="180" count="1" type="cond" truecount="1" falsecount="1"/>
        <line num="181" count="1" type="stmt"/>
        <line num="182" count="1" type="stmt"/>
        <line num="183" count="8" type="cond" truecount="2" falsecount="0"/>
        <line num="184" count="3" type="cond" truecount="5" falsecount="0"/>
        <line num="185" count="2" type="stmt"/>
        <line num="186" count="2" type="stmt"/>
        <line num="187" count="2" type="stmt"/>
        <line num="188" count="2" type="stmt"/>
        <line num="189" count="2" type="cond" truecount="1" falsecount="1"/>
        <line num="190" count="2" type="cond" truecount="1" falsecount="1"/>
        <line num="191" count="2" type="stmt"/>
        <line num="192" count="2" type="stmt"/>
        <line num="193" count="2" type="stmt"/>
        <line num="194" count="2" type="cond" truecount="1" falsecount="1"/>
        <line num="195" count="2" type="stmt"/>
        <line num="196" count="2" type="stmt"/>
        <line num="197" count="2" type="cond" truecount="1" falsecount="1"/>
        <line num="198" count="2" type="stmt"/>
        <line num="199" count="4" type="stmt"/>
        <line num="200" count="2" type="stmt"/>
        <line num="207" count="2" type="cond" truecount="1" falsecount="1"/>
        <line num="208" count="2" type="stmt"/>
        <line num="216" count="2" type="stmt"/>
        <line num="217" count="2" type="stmt"/>
        <line num="220" count="1" type="stmt"/>
        <line num="221" count="1" type="stmt"/>
        <line num="223" count="1" type="stmt"/>
        <line num="225" count="1" type="cond" truecount="1" falsecount="1"/>
        <line num="226" count="1" type="stmt"/>
        <line num="227" count="1" type="stmt"/>
        <line num="228" count="1" type="cond" truecount="1" falsecount="1"/>
        <line num="229" count="1" type="stmt"/>
        <line num="231" count="1" type="cond" truecount="1" falsecount="1"/>
        <line num="232" count="1" type="stmt"/>
        <line num="233" count="1" type="stmt"/>
        <line num="234" count="1" type="stmt"/>
        <line num="237" count="0" type="stmt"/>
        <line num="244" count="12" type="stmt"/>
        <line num="245" count="12" type="cond" truecount="1" falsecount="1"/>
        <line num="247" count="12" type="stmt"/>
        <line num="249" count="12" type="cond" truecount="2" falsecount="0"/>
        <line num="250" count="10" type="stmt"/>
        <line num="251" count="10" type="cond" truecount="3" falsecount="1"/>
        <line num="252" count="10" type="stmt"/>
        <line num="253" count="10" type="stmt"/>
        <line num="254" count="10" type="cond" truecount="2" falsecount="0"/>
        <line num="255" count="1" type="stmt"/>
        <line num="256" count="1" type="stmt"/>
        <line num="257" count="9" type="cond" truecount="4" falsecount="0"/>
        <line num="258" count="1" type="stmt"/>
        <line num="259" count="1" type="stmt"/>
        <line num="262" count="10" type="stmt"/>
        <line num="264" count="10" type="cond" truecount="4" falsecount="0"/>
        <line num="265" count="1" type="stmt"/>
        <line num="268" count="10" type="stmt"/>
        <line num="273" count="2" type="cond" truecount="1" falsecount="1"/>
        <line num="274" count="2" type="cond" truecount="1" falsecount="1"/>
        <line num="275" count="2" type="stmt"/>
        <line num="277" count="12" type="stmt"/>
        <line num="285" count="5" type="stmt"/>
        <line num="286" count="5" type="stmt"/>
        <line num="287" count="5" type="stmt"/>
        <line num="288" count="5" type="cond" truecount="3" falsecount="1"/>
        <line num="290" count="5" type="stmt"/>
        <line num="291" count="5" type="stmt"/>
        <line num="294" count="5" type="cond" truecount="4" falsecount="0"/>
        <line num="295" count="2" type="stmt"/>
        <line num="296" count="2" type="cond" truecount="1" falsecount="1"/>
        <line num="297" count="2" type="stmt"/>
        <line num="298" count="2" type="stmt"/>
        <line num="299" count="2" type="cond" truecount="1" falsecount="1"/>
        <line num="300" count="2" type="stmt"/>
        <line num="301" count="2" type="stmt"/>
        <line num="302" count="2" type="cond" truecount="1" falsecount="1"/>
        <line num="303" count="2" type="cond" truecount="1" falsecount="1"/>
        <line num="304" count="2" type="stmt"/>
        <line num="305" count="2" type="stmt"/>
        <line num="307" count="0" type="stmt"/>
        <line num="310" count="2" type="stmt"/>
        <line num="314" count="3" type="stmt"/>
        <line num="315" count="3" type="stmt"/>
        <line num="316" count="3" type="stmt"/>
        <line num="317" count="3" type="cond" truecount="2" falsecount="0"/>
        <line num="319" count="5" type="cond" truecount="2" falsecount="0"/>
        <line num="320" count="2" type="stmt"/>
        <line num="330" count="1" type="stmt"/>
        <line num="331" count="1" type="cond" truecount="1" falsecount="1"/>
        <line num="332" count="1" type="stmt"/>
        <line num="333" count="1" type="cond" truecount="1" falsecount="1"/>
        <line num="334" count="1" type="cond" truecount="3" falsecount="1"/>
        <line num="335" count="1" type="stmt"/>
        <line num="339" count="3" type="stmt"/>
        <line num="346" count="3" type="stmt"/>
        <line num="349" count="3" type="stmt"/>
        <line num="350" count="3" type="stmt"/>
        <line num="352" count="10" type="cond" truecount="1" falsecount="1"/>
        <line num="353" count="10" type="stmt"/>
        <line num="354" count="10" type="cond" truecount="4" falsecount="0"/>
        <line num="355" count="2" type="stmt"/>
        <line num="356" count="2" type="cond" truecount="1" falsecount="1"/>
        <line num="357" count="2" type="stmt"/>
        <line num="358" count="2" type="cond" truecount="1" falsecount="1"/>
        <line num="359" count="2" type="cond" truecount="1" falsecount="1"/>
        <line num="360" count="2" type="stmt"/>
        <line num="361" count="2" type="cond" truecount="1" falsecount="1"/>
        <line num="362" count="2" type="stmt"/>
        <line num="363" count="2" type="cond" truecount="1" falsecount="1"/>
        <line num="364" count="2" type="stmt"/>
        <line num="365" count="2" type="cond" truecount="2" falsecount="0"/>
        <line num="366" count="1" type="stmt"/>
        <line num="372" count="2" type="cond" truecount="2" falsecount="0"/>
        <line num="373" count="1" type="stmt"/>
        <line num="382" count="3" type="stmt"/>
        <line num="383" count="3" type="stmt"/>
        <line num="384" count="9" type="cond" truecount="1" falsecount="1"/>
        <line num="385" count="9" type="cond" truecount="2" falsecount="0"/>
        <line num="386" count="6" type="cond" truecount="2" falsecount="0"/>
        <line num="387" count="2" type="stmt"/>
        <line num="388" count="2" type="cond" truecount="1" falsecount="1"/>
        <line num="389" count="2" type="cond" truecount="1" falsecount="1"/>
        <line num="390" count="2" type="stmt"/>
        <line num="391" count="2" type="cond" truecount="3" falsecount="1"/>
        <line num="392" count="2" type="stmt"/>
        <line num="393" count="7" type="cond" truecount="1" falsecount="1"/>
        <line num="394" count="7" type="stmt"/>
        <line num="395" count="7" type="cond" truecount="1" falsecount="1"/>
        <line num="396" count="7" type="stmt"/>
        <line num="397" count="7" type="stmt"/>
        <line num="398" count="7" type="cond" truecount="4" falsecount="0"/>
        <line num="399" count="1" type="stmt"/>
        <line num="400" count="1" type="cond" truecount="1" falsecount="1"/>
        <line num="401" count="1" type="stmt"/>
        <line num="402" count="1" type="stmt"/>
        <line num="403" count="1" type="stmt"/>
        <line num="414" count="3" type="stmt"/>
        <line num="415" count="3" type="cond" truecount="1" falsecount="1"/>
        <line num="416" count="3" type="stmt"/>
        <line num="418" count="3" type="stmt"/>
        <line num="421" count="3" type="stmt"/>
        <line num="422" count="6" type="stmt"/>
        <line num="425" count="3" type="stmt"/>
        <line num="432" count="4" type="stmt"/>
        <line num="433" count="4" type="stmt"/>
        <line num="434" count="4" type="cond" truecount="1" falsecount="1"/>
        <line num="436" count="4" type="stmt"/>
        <line num="439" count="4" type="cond" truecount="2" falsecount="0"/>
        <line num="440" count="1" type="stmt"/>
        <line num="441" count="1" type="cond" truecount="1" falsecount="1"/>
        <line num="442" count="1" type="stmt"/>
        <line num="443" count="1" type="stmt"/>
        <line num="444" count="1" type="cond" truecount="1" falsecount="1"/>
        <line num="445" count="1" type="stmt"/>
        <line num="446" count="1" type="stmt"/>
        <line num="447" count="1" type="cond" truecount="3" falsecount="1"/>
        <line num="448" count="1" type="stmt"/>
        <line num="449" count="1" type="cond" truecount="1" falsecount="1"/>
        <line num="450" count="1" type="stmt"/>
        <line num="452" count="1" type="stmt"/>
        <line num="454" count="0" type="stmt"/>
        <line num="457" count="1" type="stmt"/>
        <line num="461" count="3" type="stmt"/>
        <line num="462" count="3" type="stmt"/>
        <line num="463" count="3" type="cond" truecount="2" falsecount="0"/>
        <line num="464" count="2" type="stmt"/>
        <line num="465" count="2" type="cond" truecount="1" falsecount="1"/>
        <line num="466" count="2" type="stmt"/>
        <line num="467" count="2" type="cond" truecount="1" falsecount="1"/>
        <line num="468" count="2" type="cond" truecount="1" falsecount="1"/>
        <line num="469" count="2" type="cond" truecount="2" falsecount="0"/>
        <line num="470" count="1" type="cond" truecount="1" falsecount="1"/>
        <line num="471" count="1" type="stmt"/>
        <line num="472" count="1" type="cond" truecount="2" falsecount="0"/>
        <line num="474" count="0" type="stmt"/>
        <line num="477" count="2" type="cond" truecount="1" falsecount="1"/>
        <line num="478" count="2" type="stmt"/>
        <line num="481" count="2" type="cond" truecount="1" falsecount="1"/>
        <line num="482" count="2" type="stmt"/>
        <line num="489" count="3" type="stmt"/>
        <line num="490" count="3" type="cond" truecount="1" falsecount="1"/>
        <line num="491" count="4" type="cond" truecount="2" falsecount="0"/>
        <line num="492" count="3" type="stmt"/>
        <line num="493" count="3" type="cond" truecount="3" falsecount="1"/>
        <line num="494" count="3" type="stmt"/>
        <line num="495" count="4" type="cond" truecount="1" falsecount="1"/>
        <line num="496" count="4" type="stmt"/>
        <line num="497" count="4" type="cond" truecount="1" falsecount="1"/>
        <line num="498" count="4" type="stmt"/>
        <line num="499" count="4" type="stmt"/>
        <line num="500" count="4" type="cond" truecount="4" falsecount="0"/>
        <line num="501" count="1" type="stmt"/>
        <line num="502" count="1" type="cond" truecount="1" falsecount="1"/>
        <line num="503" count="1" type="stmt"/>
        <line num="504" count="1" type="stmt"/>
        <line num="505" count="1" type="stmt"/>
        <line num="514" count="3" type="stmt"/>
        <line num="526" count="9" type="stmt"/>
        <line num="527" count="9" type="stmt"/>
        <line num="528" count="9" type="cond" truecount="1" falsecount="1"/>
        <line num="530" count="9" type="stmt"/>
        <line num="531" count="9" type="cond" truecount="1" falsecount="1"/>
        <line num="532" count="9" type="stmt"/>
        <line num="533" count="9" type="stmt"/>
        <line num="534" count="5" type="stmt"/>
        <line num="535" count="5" type="stmt"/>
        <line num="536" count="5" type="cond" truecount="1" falsecount="1"/>
        <line num="537" count="5" type="stmt"/>
        <line num="538" count="5" type="stmt"/>
        <line num="539" count="5" type="stmt"/>
        <line num="541" count="0" type="stmt"/>
        <line num="544" count="5" type="cond" truecount="1" falsecount="1"/>
        <line num="545" count="5" type="cond" truecount="4" falsecount="0"/>
        <line num="546" count="1" type="stmt"/>
        <line num="547" count="1" type="stmt"/>
        <line num="548" count="1" type="stmt"/>
        <line num="549" count="4" type="cond" truecount="4" falsecount="0"/>
        <line num="550" count="1" type="cond" truecount="1" falsecount="1"/>
        <line num="551" count="1" type="stmt"/>
        <line num="552" count="1" type="stmt"/>
        <line num="553" count="1" type="stmt"/>
        <line num="554" count="3" type="cond" truecount="2" falsecount="0"/>
        <line num="555" count="2" type="stmt"/>
        <line num="556" count="2" type="stmt"/>
        <line num="557" count="2" type="cond" truecount="1" falsecount="1"/>
        <line num="558" count="2" type="stmt"/>
        <line num="560" count="2" type="cond" truecount="5" falsecount="0"/>
        <line num="561" count="1" type="stmt"/>
        <line num="562" count="1" type="stmt"/>
        <line num="563" count="1" type="stmt"/>
        <line num="564" count="1" type="stmt"/>
        <line num="565" count="1" type="cond" truecount="1" falsecount="1"/>
        <line num="566" count="1" type="cond" truecount="1" falsecount="1"/>
        <line num="567" count="1" type="stmt"/>
        <line num="568" count="1" type="stmt"/>
        <line num="569" count="1" type="stmt"/>
        <line num="572" count="0" type="stmt"/>
        <line num="573" count="0" type="stmt"/>
        <line num="575" count="1" type="stmt"/>
        <line num="576" count="1" type="cond" truecount="1" falsecount="1"/>
        <line num="577" count="2" type="stmt"/>
        <line num="578" count="1" type="stmt"/>
        <line num="579" count="1" type="stmt"/>
        <line num="581" count="0" type="stmt"/>
        <line num="588" count="5" type="stmt"/>
        <line num="589" count="5" type="cond" truecount="1" falsecount="1"/>
        <line num="591" count="5" type="stmt"/>
        <line num="593" count="5" type="cond" truecount="2" falsecount="0"/>
        <line num="594" count="3" type="stmt"/>
        <line num="595" count="3" type="cond" truecount="3" falsecount="1"/>
        <line num="596" count="3" type="stmt"/>
        <line num="598" count="2" type="cond" truecount="1" falsecount="1"/>
        <line num="599" count="2" type="stmt"/>
        <line num="602" count="5" type="stmt"/>
        <line num="610" count="2" type="stmt"/>
        <line num="611" count="2" type="stmt"/>
        <line num="613" count="2" type="cond" truecount="1" falsecount="1"/>
        <line num="615" count="2" type="stmt"/>
        <line num="618" count="2" type="stmt"/>
        <line num="619" count="2" type="cond" truecount="3" falsecount="1"/>
        <line num="620" count="2" type="stmt"/>
        <line num="621" count="2" type="cond" truecount="3" falsecount="1"/>
        <line num="622" count="2" type="stmt"/>
        <line num="627" count="2" type="stmt"/>
        <line num="628" count="2" type="stmt"/>
        <line num="629" count="2" type="stmt"/>
        <line num="630" count="2" type="cond" truecount="2" falsecount="0"/>
        <line num="631" count="1" type="stmt"/>
        <line num="633" count="1" type="stmt"/>
        <line num="634" count="1" type="cond" truecount="1" falsecount="1"/>
        <line num="635" count="1" type="stmt"/>
        <line num="636" count="1" type="cond" truecount="1" falsecount="1"/>
        <line num="641" count="2" type="stmt"/>
        <line num="654" count="10" type="stmt"/>
        <line num="655" count="10" type="stmt"/>
        <line num="656" count="10" type="cond" truecount="1" falsecount="1"/>
        <line num="658" count="10" type="stmt"/>
        <line num="659" count="10" type="cond" truecount="1" falsecount="1"/>
        <line num="660" count="10" type="stmt"/>
        <line num="661" count="10" type="stmt"/>
        <line num="662" count="5" type="stmt"/>
        <line num="663" count="5" type="stmt"/>
        <line num="664" count="5" type="cond" truecount="1" falsecount="1"/>
        <line num="665" count="5" type="stmt"/>
        <line num="666" count="5" type="stmt"/>
        <line num="667" count="5" type="stmt"/>
        <line num="669" count="0" type="stmt"/>
        <line num="672" count="5" type="cond" truecount="1" falsecount="1"/>
        <line num="673" count="5" type="cond" truecount="5" falsecount="0"/>
        <line num="674" count="1" type="stmt"/>
        <line num="675" count="1" type="stmt"/>
        <line num="676" count="1" type="stmt"/>
        <line num="677" count="1" type="stmt"/>
        <line num="678" count="1" type="stmt"/>
        <line num="679" count="4" type="cond" truecount="4" falsecount="0"/>
        <line num="680" count="1" type="cond" truecount="1" falsecount="1"/>
        <line num="681" count="1" type="cond" truecount="1" falsecount="1"/>
        <line num="682" count="1" type="cond" truecount="1" falsecount="1"/>
        <line num="683" count="1" type="stmt"/>
        <line num="684" count="1" type="stmt"/>
        <line num="685" count="1" type="stmt"/>
        <line num="686" count="1" type="stmt"/>
        <line num="687" count="1" type="stmt"/>
        <line num="689" count="3" type="cond" truecount="2" falsecount="0"/>
        <line num="690" count="2" type="stmt"/>
        <line num="691" count="2" type="stmt"/>
        <line num="692" count="2" type="stmt"/>
        <line num="693" count="2" type="cond" truecount="1" falsecount="1"/>
        <line num="694" count="2" type="stmt"/>
        <line num="695" count="2" type="cond" truecount="1" falsecount="1"/>
        <line num="697" count="2" type="cond" truecount="5" falsecount="0"/>
        <line num="698" count="1" type="stmt"/>
        <line num="699" count="1" type="stmt"/>
        <line num="700" count="1" type="stmt"/>
        <line num="701" count="1" type="stmt"/>
        <line num="702" count="1" type="cond" truecount="1" falsecount="1"/>
        <line num="703" count="1" type="cond" truecount="1" falsecount="1"/>
        <line num="704" count="1" type="stmt"/>
        <line num="705" count="1" type="stmt"/>
        <line num="706" count="1" type="stmt"/>
        <line num="709" count="0" type="stmt"/>
        <line num="710" count="0" type="stmt"/>
        <line num="712" count="1" type="stmt"/>
        <line num="713" count="1" type="cond" truecount="3" falsecount="1"/>
        <line num="714" count="1" type="stmt"/>
        <line num="715" count="1" type="cond" truecount="1" falsecount="1"/>
        <line num="716" count="1" type="stmt"/>
        <line num="717" count="1" type="stmt"/>
        <line num="718" count="1" type="stmt"/>
        <line num="721" count="0" type="stmt"/>
        <line num="728" count="6" type="stmt"/>
        <line num="729" count="6" type="cond" truecount="1" falsecount="1"/>
        <line num="731" count="6" type="stmt"/>
        <line num="733" count="6" type="cond" truecount="2" falsecount="0"/>
        <line num="734" count="4" type="stmt"/>
        <line num="735" count="4" type="cond" truecount="3" falsecount="1"/>
        <line num="736" count="4" type="stmt"/>
        <line num="737" count="4" type="cond" truecount="1" falsecount="1"/>
        <line num="738" count="4" type="stmt"/>
        <line num="740" count="4" type="stmt"/>
        <line num="741" count="4" type="cond" truecount="1" falsecount="1"/>
        <line num="742" count="4" type="stmt"/>
        <line num="743" count="4" type="cond" truecount="3" falsecount="1"/>
        <line num="744" count="4" type="stmt"/>
        <line num="749" count="2" type="cond" truecount="1" falsecount="1"/>
        <line num="750" count="2" type="stmt"/>
        <line num="751" count="2" type="cond" truecount="1" falsecount="1"/>
        <line num="752" count="2" type="stmt"/>
        <line num="756" count="6" type="stmt"/>
        <line num="768" count="9" type="stmt"/>
        <line num="769" count="9" type="stmt"/>
        <line num="770" count="9" type="cond" truecount="1" falsecount="1"/>
        <line num="772" count="9" type="stmt"/>
        <line num="773" count="9" type="cond" truecount="1" falsecount="1"/>
        <line num="774" count="9" type="stmt"/>
        <line num="775" count="9" type="stmt"/>
        <line num="776" count="5" type="stmt"/>
        <line num="777" count="5" type="stmt"/>
        <line num="778" count="5" type="cond" truecount="1" falsecount="1"/>
        <line num="779" count="5" type="stmt"/>
        <line num="780" count="5" type="stmt"/>
        <line num="781" count="5" type="cond" truecount="5" falsecount="0"/>
        <line num="782" count="4" type="stmt"/>
        <line num="783" count="4" type="stmt"/>
        <line num="784" count="4" type="cond" truecount="4" falsecount="0"/>
        <line num="785" count="3" type="stmt"/>
        <line num="787" count="1" type="stmt"/>
        <line num="790" count="4" type="cond" truecount="2" falsecount="0"/>
        <line num="791" count="2" type="cond" truecount="5" falsecount="0"/>
        <line num="792" count="1" type="stmt"/>
        <line num="794" count="1" type="stmt"/>
        <line num="797" count="4" type="cond" truecount="2" falsecount="0"/>
        <line num="798" count="2" type="cond" truecount="5" falsecount="0"/>
        <line num="799" count="1" type="stmt"/>
        <line num="801" count="1" type="stmt"/>
        <line num="804" count="4" type="cond" truecount="2" falsecount="0"/>
        <line num="805" count="1" type="cond" truecount="1" falsecount="1"/>
        <line num="806" count="1" type="stmt"/>
        <line num="810" count="4" type="stmt"/>
        <line num="811" count="4" type="cond" truecount="4" falsecount="0"/>
        <line num="812" count="1" type="stmt"/>
        <line num="814" count="3" type="stmt"/>
        <line num="817" count="4" type="stmt"/>
        <line num="818" count="4" type="stmt"/>
        <line num="825" count="5" type="stmt"/>
        <line num="826" count="5" type="cond" truecount="1" falsecount="1"/>
        <line num="828" count="5" type="stmt"/>
        <line num="830" count="5" type="cond" truecount="1" falsecount="1"/>
        <line num="831" count="5" type="stmt"/>
        <line num="832" count="5" type="cond" truecount="3" falsecount="1"/>
        <line num="833" count="5" type="stmt"/>
        <line num="834" count="5" type="cond" truecount="1" falsecount="1"/>
        <line num="835" count="5" type="stmt"/>
        <line num="836" count="5" type="cond" truecount="1" falsecount="1"/>
        <line num="837" count="5" type="stmt"/>
        <line num="840" count="5" type="cond" truecount="2" falsecount="0"/>
        <line num="841" count="2" type="stmt"/>
        <line num="842" count="2" type="cond" truecount="4" falsecount="0"/>
        <line num="843" count="1" type="stmt"/>
        <line num="844" count="1" type="cond" truecount="3" falsecount="1"/>
        <line num="845" count="1" type="stmt"/>
        <line num="846" count="1" type="cond" truecount="1" falsecount="1"/>
        <line num="851" count="5" type="cond" truecount="2" falsecount="0"/>
        <line num="852" count="3" type="stmt"/>
        <line num="853" count="3" type="cond" truecount="4" falsecount="0"/>
        <line num="854" count="2" type="stmt"/>
        <line num="855" count="1" type="cond" truecount="3" falsecount="1"/>
        <line num="856" count="1" type="stmt"/>
        <line num="857" count="1" type="cond" truecount="1" falsecount="1"/>
        <line num="862" count="5" type="cond" truecount="2" falsecount="0"/>
        <line num="863" count="7" type="cond" truecount="2" falsecount="0"/>
        <line num="864" count="4" type="cond" truecount="5" falsecount="0"/>
        <line num="865" count="1" type="cond" truecount="1" falsecount="1"/>
        <line num="866" count="1" type="stmt"/>
        <line num="869" count="3" type="cond" truecount="2" falsecount="0"/>
        <line num="870" count="1" type="stmt"/>
        <line num="872" count="2" type="stmt"/>
        <line num="877" count="5" type="stmt"/>
        <line num="878" count="5" type="stmt"/>
        <line num="883" count="5" type="stmt"/>
        <line num="894" count="4" type="stmt"/>
        <line num="895" count="4" type="stmt"/>
        <line num="896" count="4" type="cond" truecount="1" falsecount="1"/>
        <line num="898" count="4" type="stmt"/>
        <line num="899" count="4" type="cond" truecount="1" falsecount="1"/>
        <line num="900" count="4" type="stmt"/>
        <line num="901" count="4" type="stmt"/>
        <line num="902" count="4" type="stmt"/>
        <line num="903" count="4" type="stmt"/>
        <line num="904" count="4" type="cond" truecount="1" falsecount="1"/>
        <line num="905" count="4" type="stmt"/>
        <line num="906" count="4" type="stmt"/>
        <line num="908" count="4" type="cond" truecount="2" falsecount="0"/>
        <line num="909" count="3" type="cond" truecount="2" falsecount="0"/>
        <line num="910" count="2" type="stmt"/>
        <line num="912" count="1" type="stmt"/>
        <line num="915" count="4" type="cond" truecount="2" falsecount="0"/>
        <line num="916" count="3" type="cond" truecount="4" falsecount="0"/>
        <line num="917" count="2" type="stmt"/>
        <line num="919" count="1" type="stmt"/>
        <line num="922" count="4" type="cond" truecount="2" falsecount="0"/>
        <line num="923" count="2" type="cond" truecount="1" falsecount="1"/>
        <line num="924" count="2" type="stmt"/>
        <line num="926" count="0" type="stmt"/>
        <line num="929" count="4" type="cond" truecount="1" falsecount="1"/>
        <line num="930" count="0" type="cond" truecount="0" falsecount="4"/>
        <line num="931" count="0" type="stmt"/>
        <line num="933" count="0" type="stmt"/>
        <line num="936" count="4" type="cond" truecount="1" falsecount="1"/>
        <line num="937" count="0" type="cond" truecount="0" falsecount="4"/>
        <line num="938" count="0" type="stmt"/>
        <line num="940" count="0" type="stmt"/>
        <line num="944" count="4" type="stmt"/>
        <line num="945" count="4" type="stmt"/>
        <line num="950" count="0" type="stmt"/>
        <line num="957" count="3" type="stmt"/>
        <line num="958" count="3" type="stmt"/>
        <line num="960" count="3" type="stmt"/>
        <line num="965" count="3" type="cond" truecount="2" falsecount="0"/>
        <line num="966" count="1" type="stmt"/>
        <line num="967" count="1" type="cond" truecount="1" falsecount="1"/>
        <line num="968" count="1" type="stmt"/>
        <line num="969" count="1" type="cond" truecount="1" falsecount="1"/>
        <line num="970" count="1" type="stmt"/>
        <line num="971" count="1" type="stmt"/>
        <line num="972" count="1" type="stmt"/>
        <line num="973" count="1" type="cond" truecount="1" falsecount="1"/>
        <line num="974" count="1" type="stmt"/>
        <line num="975" count="1" type="stmt"/>
        <line num="976" count="1" type="stmt"/>
        <line num="977" count="1" type="stmt"/>
        <line num="978" count="1" type="stmt"/>
        <line num="981" count="0" type="stmt"/>
        <line num="982" count="0" type="stmt"/>
        <line num="984" count="0" type="stmt"/>
        <line num="987" count="0" type="stmt"/>
        <line num="991" count="2" type="stmt"/>
        <line num="992" count="2" type="stmt"/>
        <line num="994" count="2" type="stmt"/>
      </file>
      <file name="project.ts" path="/mnt/1c5f09d2-4b36-42cf-8541-5cb64e85f9e9/projects/tauri/strata/src/lib/parser/project.ts">
        <metrics statements="10" coveredstatements="10" conditionals="4" coveredconditionals="4" methods="2" coveredmethods="2"/>
        <line num="14" count="6" type="stmt"/>
        <line num="17" count="421" type="cond" truecount="2" falsecount="0"/>
        <line num="18" count="5" type="stmt"/>
        <line num="23" count="421" type="stmt"/>
        <line num="31" count="421" type="stmt"/>
        <line num="32" count="421" type="stmt"/>
        <line num="33" count="421" type="cond" truecount="2" falsecount="0"/>
        <line num="34" count="416" type="stmt"/>
        <line num="36" count="421" type="stmt"/>
        <line num="37" count="421" type="stmt"/>
      </file>
    </package>
    <package name="services">
      <metrics statements="66" coveredstatements="62" conditionals="54" coveredconditionals="35" methods="19" coveredmethods="17"/>
      <file name="layout.ts" path="/mnt/1c5f09d2-4b36-42cf-8541-5cb64e85f9e9/projects/tauri/strata/src/lib/services/layout.ts">
        <metrics statements="29" coveredstatements="27" conditionals="25" coveredconditionals="20" methods="6" coveredmethods="6"/>
        <line num="12" count="1" type="stmt"/>
        <line num="19" count="3" type="cond" truecount="2" falsecount="0"/>
        <line num="21" count="2" type="stmt"/>
        <line num="22" count="2" type="stmt"/>
        <line num="23" count="3" type="cond" truecount="1" falsecount="1"/>
        <line num="24" count="3" type="cond" truecount="2" falsecount="0"/>
        <line num="28" count="3" type="cond" truecount="2" falsecount="0"/>
        <line num="29" count="3" type="stmt"/>
        <line num="30" count="3" type="stmt"/>
        <line num="33" count="3" type="cond" truecount="2" falsecount="0"/>
        <line num="34" count="3" type="cond" truecount="2" falsecount="0"/>
        <line num="37" count="3" type="stmt"/>
        <line num="38" count="2" type="cond" truecount="1" falsecount="1"/>
        <line num="43" count="2" type="stmt"/>
        <line num="44" count="2" type="cond" truecount="1" falsecount="1"/>
        <line num="45" count="2" type="stmt"/>
        <line num="46" count="2" type="stmt"/>
        <line num="48" count="2" type="cond" truecount="1" falsecount="1"/>
        <line num="49" count="0" type="stmt"/>
        <line num="54" count="3" type="stmt"/>
        <line num="57" count="3" type="cond" truecount="2" falsecount="0"/>
        <line num="58" count="3" type="stmt"/>
        <line num="65" count="2" type="stmt"/>
        <line num="71" count="2" type="stmt"/>
        <line num="87" count="2" type="stmt"/>
        <line num="88" count="4" type="stmt"/>
        <line num="89" count="3" type="cond" truecount="4" falsecount="1"/>
        <line num="90" count="3" type="stmt"/>
        <line num="98" count="0" type="stmt"/>
      </file>
      <file name="platform.ts" path="/mnt/1c5f09d2-4b36-42cf-8541-5cb64e85f9e9/projects/tauri/strata/src/lib/services/platform.ts">
        <metrics statements="37" coveredstatements="35" conditionals="29" coveredconditionals="15" methods="13" coveredmethods="11"/>
        <line num="11" count="41" type="cond" truecount="3" falsecount="1"/>
        <line num="12" count="41" type="stmt"/>
        <line num="14" count="0" type="cond" truecount="0" falsecount="3"/>
        <line num="18" count="31" type="cond" truecount="1" falsecount="1"/>
        <line num="19" count="31" type="stmt"/>
        <line num="20" count="31" type="stmt"/>
        <line num="24" count="2" type="cond" truecount="1" falsecount="1"/>
        <line num="25" count="2" type="stmt"/>
        <line num="26" count="2" type="stmt"/>
        <line num="36" count="1" type="cond" truecount="1" falsecount="1"/>
        <line num="37" count="1" type="stmt"/>
        <line num="38" count="1" type="stmt"/>
        <line num="48" count="1" type="cond" truecount="1" falsecount="1"/>
        <line num="49" count="1" type="stmt"/>
        <line num="50" count="1" type="stmt"/>
        <line num="55" count="1" type="cond" truecount="1" falsecount="1"/>
        <line num="59" count="1" type="cond" truecount="1" falsecount="1"/>
        <line num="60" count="1" type="stmt"/>
        <line num="61" count="1" type="stmt"/>
        <line num="62" count="1" type="stmt"/>
        <line num="64" count="0" type="stmt"/>
        <line num="67" count="1" type="stmt"/>
        <line num="68" count="1" type="stmt"/>
        <line num="69" count="1" type="stmt"/>
        <line num="72" count="1" type="stmt"/>
        <line num="76" count="1" type="cond" truecount="1" falsecount="1"/>
        <line num="77" count="1" type="stmt"/>
        <line num="78" count="1" type="stmt"/>
        <line num="82" count="1" type="cond" truecount="1" falsecount="1"/>
        <line num="83" count="1" type="stmt"/>
        <line num="84" count="1" type="stmt"/>
        <line num="88" count="1" type="cond" truecount="1" falsecount="1"/>
        <line num="89" count="1" type="stmt"/>
        <line num="90" count="1" type="stmt"/>
        <line num="94" count="1" type="cond" truecount="1" falsecount="1"/>
        <line num="95" count="1" type="stmt"/>
        <line num="96" count="1" type="stmt"/>
      </file>
    </package>
    <package name="state">
      <metrics statements="579" coveredstatements="383" conditionals="376" coveredconditionals="213" methods="162" coveredmethods="92"/>
      <file name="fsm.ts" path="/mnt/1c5f09d2-4b36-42cf-8541-5cb64e85f9e9/projects/tauri/strata/src/lib/state/fsm.ts">
        <metrics statements="1" coveredstatements="1" conditionals="0" coveredconditionals="0" methods="1" coveredmethods="1"/>
        <line num="12" count="3" type="stmt"/>
      </file>
      <file name="index.ts" path="/mnt/1c5f09d2-4b36-42cf-8541-5cb64e85f9e9/projects/tauri/strata/src/lib/state/index.ts">
        <metrics statements="3" coveredstatements="3" conditionals="4" coveredconditionals="3" methods="0" coveredmethods="0"/>
        <line num="10" count="3" type="stmt"/>
        <line num="13" count="3" type="cond" truecount="3" falsecount="1"/>
        <line num="14" count="3" type="stmt"/>
      </file>
      <file name="queue.ts" path="/mnt/1c5f09d2-4b36-42cf-8541-5cb64e85f9e9/projects/tauri/strata/src/lib/state/queue.ts">
        <metrics statements="4" coveredstatements="3" conditionals="0" coveredconditionals="0" methods="2" coveredmethods="1"/>
        <line num="9" count="3" type="stmt"/>
        <line num="12" count="38" type="stmt"/>
        <line num="13" count="0" type="stmt"/>
        <line num="15" count="38" type="stmt"/>
      </file>
      <file name="store.svelte.ts" path="/mnt/1c5f09d2-4b36-42cf-8541-5cb64e85f9e9/projects/tauri/strata/src/lib/state/store.svelte.ts">
        <metrics statements="550" coveredstatements="358" conditionals="372" coveredconditionals="210" methods="140" coveredmethods="85"/>
        <line num="22" count="20" type="stmt"/>
        <line num="23" count="20" type="stmt"/>
        <line num="24" count="20" type="stmt"/>
        <line num="25" count="20" type="stmt"/>
        <line num="26" count="20" type="stmt"/>
        <line num="27" count="3560" type="stmt"/>
        <line num="28" count="3560" type="stmt"/>
        <line num="29" count="3560" type="cond" truecount="2" falsecount="0"/>
        <line num="30" count="1121" type="stmt"/>
        <line num="31" count="1121" type="cond" truecount="1" falsecount="1"/>
        <line num="32" count="0" type="cond" truecount="0" falsecount="2"/>
        <line num="33" count="0" type="stmt"/>
        <line num="34" count="0" type="stmt"/>
        <line num="36" count="1121" type="cond" truecount="2" falsecount="0"/>
        <line num="37" count="121" type="stmt"/>
        <line num="39" count="1121" type="stmt"/>
        <line num="40" count="1121" type="stmt"/>
        <line num="42" count="2439" type="cond" truecount="4" falsecount="0"/>
        <line num="43" count="121" type="stmt"/>
        <line num="44" count="121" type="stmt"/>
        <line num="45" count="121" type="stmt"/>
        <line num="46" count="121" type="stmt"/>
        <line num="47" count="121" type="stmt"/>
        <line num="49" count="2318" type="cond" truecount="3" falsecount="1"/>
        <line num="50" count="0" type="stmt"/>
        <line num="51" count="0" type="cond" truecount="0" falsecount="3"/>
        <line num="52" count="0" type="stmt"/>
        <line num="54" count="2318" type="cond" truecount="4" falsecount="0"/>
        <line num="55" count="11" type="stmt"/>
        <line num="56" count="639" type="cond" truecount="4" falsecount="0"/>
        <line num="57" count="11" type="stmt"/>
        <line num="58" count="11" type="stmt"/>
        <line num="60" count="2307" type="stmt"/>
        <line num="61" count="2307" type="stmt"/>
        <line num="63" count="20" type="stmt"/>
        <line num="64" count="20" type="stmt"/>
        <line num="72" count="6" type="stmt"/>
        <line num="73" count="6" type="stmt"/>
        <line num="75" count="6" type="stmt"/>
        <line num="76" count="6" type="stmt"/>
        <line num="77" count="6" type="stmt"/>
        <line num="78" count="13" type="stmt"/>
        <line num="79" count="13" type="stmt"/>
        <line num="80" count="13" type="stmt"/>
        <line num="81" count="13" type="stmt"/>
        <line num="82" count="13" type="stmt"/>
        <line num="83" count="13" type="stmt"/>
        <line num="85" count="13" type="stmt"/>
        <line num="89" count="6" type="cond" truecount="1" falsecount="1"/>
        <line num="91" count="0" type="stmt"/>
        <line num="92" count="0" type="cond" truecount="0" falsecount="2"/>
        <line num="93" count="0" type="stmt"/>
        <line num="96" count="0" type="stmt"/>
        <line num="97" count="0" type="stmt"/>
        <line num="98" count="0" type="stmt"/>
        <line num="99" count="0" type="stmt"/>
        <line num="100" count="0" type="stmt"/>
        <line num="101" count="0" type="stmt"/>
        <line num="102" count="0" type="stmt"/>
        <line num="103" count="0" type="stmt"/>
        <line num="104" count="0" type="cond" truecount="0" falsecount="2"/>
        <line num="105" count="0" type="stmt"/>
        <line num="108" count="0" type="stmt"/>
        <line num="112" count="0" type="stmt"/>
        <line num="123" count="2" type="stmt"/>
        <line num="124" count="2" type="stmt"/>
        <line num="125" count="2" type="stmt"/>
        <line num="126" count="2" type="stmt"/>
        <line num="127" count="2" type="stmt"/>
        <line num="128" count="2" type="stmt"/>
        <line num="129" count="2" type="stmt"/>
        <line num="131" count="0" type="stmt"/>
        <line num="132" count="0" type="stmt"/>
        <line num="137" count="2" type="stmt"/>
        <line num="138" count="0" type="cond" truecount="0" falsecount="2"/>
        <line num="139" count="0" type="stmt"/>
        <line num="140" count="0" type="stmt"/>
        <line num="141" count="0" type="stmt"/>
        <line num="142" count="0" type="stmt"/>
        <line num="143" count="0" type="stmt"/>
        <line num="145" count="0" type="stmt"/>
        <line num="146" count="0" type="stmt"/>
        <line num="151" count="2" type="stmt"/>
        <line num="155" count="3" type="stmt"/>
        <line num="156" count="3" type="stmt"/>
        <line num="158" count="3" type="stmt"/>
        <line num="159" count="3" type="stmt"/>
        <line num="160" count="3" type="stmt"/>
        <line num="162" count="3" type="cond" truecount="1" falsecount="1"/>
        <line num="163" count="0" type="stmt"/>
        <line num="164" count="0" type="stmt"/>
        <line num="165" count="0" type="stmt"/>
        <line num="166" count="0" type="cond" truecount="0" falsecount="2"/>
        <line num="167" count="0" type="stmt"/>
        <line num="168" count="0" type="stmt"/>
        <line num="171" count="0" type="cond" truecount="0" falsecount="2"/>
        <line num="172" count="0" type="stmt"/>
        <line num="174" count="3" type="cond" truecount="1" falsecount="1"/>
        <line num="175" count="0" type="stmt"/>
        <line num="176" count="0" type="stmt"/>
        <line num="177" count="0" type="stmt"/>
        <line num="178" count="0" type="stmt"/>
        <line num="179" count="0" type="cond" truecount="0" falsecount="2"/>
        <line num="180" count="0" type="stmt"/>
        <line num="182" count="0" type="stmt"/>
        <line num="183" count="0" type="cond" truecount="0" falsecount="2"/>
        <line num="184" count="0" type="stmt"/>
        <line num="187" count="0" type="cond" truecount="0" falsecount="2"/>
        <line num="188" count="0" type="stmt"/>
        <line num="190" count="3" type="cond" truecount="1" falsecount="1"/>
        <line num="191" count="0" type="stmt"/>
        <line num="192" count="0" type="stmt"/>
        <line num="193" count="0" type="stmt"/>
        <line num="194" count="0" type="cond" truecount="0" falsecount="2"/>
        <line num="195" count="0" type="stmt"/>
        <line num="196" count="0" type="stmt"/>
        <line num="199" count="0" type="cond" truecount="0" falsecount="2"/>
        <line num="200" count="0" type="stmt"/>
        <line num="204" count="3" type="stmt"/>
        <line num="208" count="1" type="stmt"/>
        <line num="209" count="1" type="stmt"/>
        <line num="210" count="1" type="stmt"/>
        <line num="212" count="1" type="cond" truecount="1" falsecount="1"/>
        <line num="213" count="0" type="stmt"/>
        <line num="214" count="0" type="cond" truecount="0" falsecount="4"/>
        <line num="215" count="0" type="stmt"/>
        <line num="219" count="0" type="cond" truecount="0" falsecount="4"/>
        <line num="220" count="0" type="stmt"/>
        <line num="221" count="0" type="cond" truecount="0" falsecount="4"/>
        <line num="222" count="0" type="stmt"/>
        <line num="226" count="0" type="cond" truecount="0" falsecount="2"/>
        <line num="227" count="0" type="stmt"/>
        <line num="228" count="0" type="cond" truecount="0" falsecount="4"/>
        <line num="229" count="0" type="stmt"/>
        <line num="234" count="1" type="stmt"/>
        <line num="236" count="1" type="stmt"/>
        <line num="240" count="4" type="cond" truecount="4" falsecount="0"/>
        <line num="241" count="1" type="stmt"/>
        <line num="243" count="3" type="stmt"/>
        <line num="250" count="6" type="cond" truecount="1" falsecount="1"/>
        <line num="251" count="6" type="stmt"/>
        <line num="254" count="6" type="cond" truecount="2" falsecount="0"/>
        <line num="255" count="1" type="stmt"/>
        <line num="256" count="1" type="stmt"/>
        <line num="257" count="1" type="stmt"/>
        <line num="258" count="1" type="cond" truecount="1" falsecount="1"/>
        <line num="259" count="1" type="stmt"/>
        <line num="268" count="5" type="stmt"/>
        <line num="269" count="5" type="stmt"/>
        <line num="270" count="5" type="stmt"/>
        <line num="271" count="5" type="stmt"/>
        <line num="272" count="9" type="stmt"/>
        <line num="273" count="9" type="stmt"/>
        <line num="274" count="9" type="stmt"/>
        <line num="275" count="9" type="cond" truecount="2" falsecount="0"/>
        <line num="276" count="3" type="stmt"/>
        <line num="283" count="2" type="stmt"/>
        <line num="284" count="2" type="cond" truecount="1" falsecount="1"/>
        <line num="285" count="0" type="stmt"/>
        <line num="286" count="0" type="stmt"/>
        <line num="288" count="2" type="stmt"/>
        <line num="295" count="51" type="stmt"/>
        <line num="296" count="225" type="stmt"/>
        <line num="297" count="225" type="cond" truecount="2" falsecount="0"/>
        <line num="298" count="2" type="stmt"/>
        <line num="299" count="2" type="cond" truecount="2" falsecount="0"/>
        <line num="300" count="1" type="stmt"/>
        <line num="301" count="1" type="cond" truecount="3" falsecount="1"/>
        <line num="302" count="1" type="stmt"/>
        <line num="303" count="1" type="stmt"/>
        <line num="304" count="1" type="cond" truecount="1" falsecount="1"/>
        <line num="305" count="0" type="stmt"/>
        <line num="306" count="0" type="stmt"/>
        <line num="307" count="0" type="stmt"/>
        <line num="312" count="225" type="stmt"/>
        <line num="329" count="3" type="stmt"/>
        <line num="331" count="3" type="stmt"/>
        <line num="333" count="3" type="stmt"/>
        <line num="335" count="3" type="stmt"/>
        <line num="337" count="3" type="stmt"/>
        <line num="339" count="3" type="stmt"/>
        <line num="341" count="6" type="stmt"/>
        <line num="342" count="24" type="stmt"/>
        <line num="346" count="2" type="cond" truecount="1" falsecount="1"/>
        <line num="347" count="2" type="stmt"/>
        <line num="351" count="0" type="stmt"/>
        <line num="352" count="0" type="stmt"/>
        <line num="355" count="0" type="stmt"/>
        <line num="356" count="0" type="stmt"/>
        <line num="359" count="4" type="stmt"/>
        <line num="360" count="3" type="stmt"/>
        <line num="363" count="0" type="stmt"/>
        <line num="364" count="0" type="stmt"/>
        <line num="367" count="0" type="stmt"/>
        <line num="368" count="0" type="stmt"/>
        <line num="371" count="0" type="stmt"/>
        <line num="373" count="0" type="stmt"/>
        <line num="379" count="3" type="stmt"/>
        <line num="381" count="3" type="stmt"/>
        <line num="383" count="3" type="stmt"/>
        <line num="386" count="3" type="stmt"/>
        <line num="393" count="3" type="cond" truecount="1" falsecount="1"/>
        <line num="397" count="0" type="stmt"/>
        <line num="399" count="0" type="stmt"/>
        <line num="401" count="0" type="stmt"/>
        <line num="407" count="0" type="stmt"/>
        <line num="408" count="0" type="stmt"/>
        <line num="411" count="0" type="stmt"/>
        <line num="412" count="0" type="stmt"/>
        <line num="415" count="68" type="stmt"/>
        <line num="416" count="17" type="stmt"/>
        <line num="418" count="0" type="stmt"/>
        <line num="419" count="16" type="stmt"/>
        <line num="422" count="0" type="stmt"/>
        <line num="423" count="0" type="stmt"/>
        <line num="425" count="0" type="stmt"/>
        <line num="426" count="0" type="stmt"/>
        <line num="429" count="0" type="stmt"/>
        <line num="430" count="0" type="stmt"/>
        <line num="432" count="0" type="stmt"/>
        <line num="433" count="0" type="stmt"/>
        <line num="437" count="0" type="stmt"/>
        <line num="438" count="0" type="stmt"/>
        <line num="443" count="0" type="stmt"/>
        <line num="444" count="0" type="stmt"/>
        <line num="448" count="0" type="stmt"/>
        <line num="449" count="0" type="stmt"/>
        <line num="452" count="2" type="stmt"/>
        <line num="453" count="0" type="stmt"/>
        <line num="458" count="3" type="stmt"/>
        <line num="461" count="0" type="stmt"/>
        <line num="462" count="0" type="stmt"/>
        <line num="465" count="0" type="stmt"/>
        <line num="466" count="0" type="stmt"/>
        <line num="473" count="0" type="stmt"/>
        <line num="474" count="0" type="stmt"/>
        <line num="475" count="0" type="stmt"/>
        <line num="477" count="0" type="cond" truecount="0" falsecount="2"/>
        <line num="478" count="0" type="stmt"/>
        <line num="479" count="0" type="stmt"/>
        <line num="480" count="0" type="cond" truecount="0" falsecount="4"/>
        <line num="481" count="0" type="stmt"/>
        <line num="484" count="0" type="stmt"/>
        <line num="485" count="0" type="cond" truecount="0" falsecount="4"/>
        <line num="486" count="0" type="stmt"/>
        <line num="491" count="0" type="stmt"/>
        <line num="492" count="0" type="stmt"/>
        <line num="493" count="0" type="cond" truecount="0" falsecount="5"/>
        <line num="494" count="0" type="stmt"/>
        <line num="495" count="0" type="cond" truecount="0" falsecount="2"/>
        <line num="496" count="0" type="cond" truecount="0" falsecount="2"/>
        <line num="497" count="0" type="stmt"/>
        <line num="503" count="0" type="stmt"/>
        <line num="512" count="0" type="stmt"/>
        <line num="516" count="51" type="stmt"/>
        <line num="518" count="51" type="cond" truecount="2" falsecount="0"/>
        <line num="519" count="51" type="stmt"/>
        <line num="520" count="51" type="stmt"/>
        <line num="523" count="51" type="stmt"/>
        <line num="524" count="51" type="stmt"/>
        <line num="526" count="51" type="cond" truecount="7" falsecount="0"/>
        <line num="527" count="2" type="stmt"/>
        <line num="531" count="51" type="stmt"/>
        <line num="533" count="51" type="cond" truecount="1" falsecount="1"/>
        <line num="534" count="51" type="stmt"/>
        <line num="536" count="51" type="cond" truecount="4" falsecount="0"/>
        <line num="537" count="42" type="stmt"/>
        <line num="538" count="44" type="stmt"/>
        <line num="546" count="51" type="cond" truecount="2" falsecount="0"/>
        <line num="549" count="51" type="stmt"/>
        <line num="550" count="51" type="stmt"/>
        <line num="551" count="51" type="stmt"/>
        <line num="553" count="51" type="stmt"/>
        <line num="554" count="0" type="cond" truecount="0" falsecount="2"/>
        <line num="555" count="0" type="stmt"/>
        <line num="577" count="158" type="stmt"/>
        <line num="578" count="51" type="cond" truecount="2" falsecount="0"/>
        <line num="579" count="51" type="stmt"/>
        <line num="580" count="51" type="stmt"/>
        <line num="581" count="51" type="stmt"/>
        <line num="582" count="51" type="stmt"/>
        <line num="583" count="51" type="stmt"/>
        <line num="584" count="51" type="stmt"/>
        <line num="585" count="51" type="stmt"/>
        <line num="587" count="0" type="stmt"/>
        <line num="588" count="0" type="cond" truecount="0" falsecount="2"/>
        <line num="589" count="0" type="cond" truecount="0" falsecount="2"/>
        <line num="590" count="0" type="stmt"/>
        <line num="591" count="0" type="stmt"/>
        <line num="596" count="6" type="stmt"/>
        <line num="597" count="6" type="cond" truecount="1" falsecount="1"/>
        <line num="599" count="6" type="stmt"/>
        <line num="600" count="6" type="stmt"/>
        <line num="601" count="6" type="stmt"/>
        <line num="603" count="6" type="stmt"/>
        <line num="604" count="6" type="stmt"/>
        <line num="605" count="4" type="cond" truecount="2" falsecount="2"/>
        <line num="607" count="0" type="stmt"/>
        <line num="608" count="0" type="stmt"/>
        <line num="611" count="4" type="stmt"/>
        <line num="612" count="4" type="cond" truecount="1" falsecount="1"/>
        <line num="614" count="4" type="cond" truecount="4" falsecount="1"/>
        <line num="615" count="4" type="stmt"/>
        <line num="616" count="4" type="stmt"/>
        <line num="617" count="4" type="stmt"/>
        <line num="618" count="4" type="stmt"/>
        <line num="619" count="4" type="stmt"/>
        <line num="620" count="4" type="stmt"/>
        <line num="622" count="4" type="stmt"/>
        <line num="624" count="0" type="stmt"/>
        <line num="627" count="2" type="stmt"/>
        <line num="628" count="2" type="stmt"/>
        <line num="629" count="2" type="stmt"/>
        <line num="630" count="2" type="stmt"/>
        <line num="631" count="2" type="stmt"/>
        <line num="632" count="2" type="stmt"/>
        <line num="637" count="2" type="cond" truecount="4" falsecount="1"/>
        <line num="638" count="2" type="cond" truecount="1" falsecount="2"/>
        <line num="639" count="2" type="cond" truecount="4" falsecount="0"/>
        <line num="640" count="1" type="stmt"/>
        <line num="641" count="1" type="stmt"/>
        <line num="642" count="1" type="stmt"/>
        <line num="643" count="1" type="stmt"/>
        <line num="655" count="0" type="cond" truecount="0" falsecount="4"/>
        <line num="656" count="0" type="cond" truecount="0" falsecount="2"/>
        <line num="657" count="0" type="stmt"/>
        <line num="658" count="0" type="stmt"/>
        <line num="659" count="0" type="stmt"/>
        <line num="661" count="0" type="stmt"/>
        <line num="668" count="16" type="stmt"/>
        <line num="669" count="16" type="cond" truecount="1" falsecount="1"/>
        <line num="671" count="16" type="stmt"/>
        <line num="672" count="16" type="stmt"/>
        <line num="673" count="16" type="stmt"/>
        <line num="674" count="16" type="stmt"/>
        <line num="676" count="16" type="stmt"/>
        <line num="677" count="16" type="cond" truecount="1" falsecount="1"/>
        <line num="678" count="16" type="stmt"/>
        <line num="679" count="16" type="stmt"/>
        <line num="683" count="0" type="stmt"/>
        <line num="691" count="0" type="stmt"/>
        <line num="692" count="0" type="stmt"/>
        <line num="693" count="0" type="stmt"/>
        <line num="694" count="0" type="stmt"/>
        <line num="701" count="0" type="stmt"/>
        <line num="702" count="0" type="stmt"/>
        <line num="703" count="0" type="stmt"/>
        <line num="704" count="0" type="cond" truecount="0" falsecount="2"/>
        <line num="705" count="0" type="stmt"/>
        <line num="706" count="0" type="stmt"/>
        <line num="707" count="0" type="stmt"/>
        <line num="708" count="0" type="stmt"/>
        <line num="711" count="0" type="stmt"/>
        <line num="722" count="32" type="stmt"/>
        <line num="723" count="32" type="cond" truecount="3" falsecount="1"/>
        <line num="724" count="32" type="stmt"/>
        <line num="725" count="32" type="stmt"/>
        <line num="726" count="32" type="stmt"/>
        <line num="727" count="32" type="cond" truecount="4" falsecount="0"/>
        <line num="728" count="3" type="stmt"/>
        <line num="729" count="3" type="stmt"/>
        <line num="730" count="3" type="stmt"/>
        <line num="733" count="31" type="stmt"/>
        <line num="734" count="31" type="cond" truecount="1" falsecount="1"/>
        <line num="735" count="31" type="stmt"/>
        <line num="737" count="0" type="stmt"/>
        <line num="740" count="1" type="stmt"/>
        <line num="741" count="1" type="stmt"/>
        <line num="742" count="1" type="cond" truecount="1" falsecount="1"/>
        <line num="743" count="1" type="stmt"/>
        <line num="744" count="1" type="stmt"/>
        <line num="759" count="1" type="stmt"/>
        <line num="760" count="1" type="stmt"/>
        <line num="761" count="1" type="stmt"/>
        <line num="769" count="1" type="stmt"/>
        <line num="770" count="1" type="stmt"/>
        <line num="771" count="1" type="stmt"/>
        <line num="779" count="1" type="stmt"/>
        <line num="780" count="1" type="stmt"/>
        <line num="781" count="1" type="cond" truecount="2" falsecount="0"/>
        <line num="789" count="5" type="stmt"/>
        <line num="790" count="1" type="cond" truecount="1" falsecount="1"/>
        <line num="792" count="1" type="stmt"/>
        <line num="793" count="1" type="stmt"/>
        <line num="794" count="1" type="stmt"/>
        <line num="796" count="1" type="cond" truecount="1" falsecount="1"/>
        <line num="797" count="0" type="stmt"/>
        <line num="800" count="1" type="cond" truecount="2" falsecount="2"/>
        <line num="801" count="0" type="stmt"/>
        <line num="809" count="1" type="stmt"/>
        <line num="810" count="1" type="stmt"/>
        <line num="811" count="1" type="stmt"/>
        <line num="819" count="2" type="cond" truecount="1" falsecount="1"/>
        <line num="820" count="0" type="stmt"/>
        <line num="823" count="0" type="stmt"/>
        <line num="826" count="2" type="cond" truecount="3" falsecount="1"/>
        <line num="828" count="2" type="stmt"/>
        <line num="829" count="2" type="stmt"/>
        <line num="830" count="2" type="cond" truecount="1" falsecount="1"/>
        <line num="831" count="2" type="stmt"/>
        <line num="832" count="2" type="stmt"/>
        <line num="834" count="2" type="stmt"/>
        <line num="838" count="2" type="cond" truecount="3" falsecount="1"/>
        <line num="839" count="2" type="stmt"/>
        <line num="840" count="2" type="cond" truecount="2" falsecount="0"/>
        <line num="841" count="1" type="stmt"/>
        <line num="842" count="1" type="stmt"/>
        <line num="847" count="2" type="stmt"/>
        <line num="848" count="2" type="stmt"/>
        <line num="852" count="5" type="stmt"/>
        <line num="853" count="1" type="cond" truecount="1" falsecount="1"/>
        <line num="854" count="1" type="cond" truecount="1" falsecount="1"/>
        <line num="856" count="1" type="stmt"/>
        <line num="857" count="1" type="stmt"/>
        <line num="858" count="1" type="stmt"/>
        <line num="860" count="1" type="cond" truecount="1" falsecount="1"/>
        <line num="861" count="0" type="stmt"/>
        <line num="864" count="1" type="cond" truecount="2" falsecount="2"/>
        <line num="865" count="0" type="stmt"/>
        <line num="866" count="0" type="stmt"/>
        <line num="874" count="1" type="stmt"/>
        <line num="875" count="1" type="stmt"/>
        <line num="876" count="1" type="cond" truecount="2" falsecount="0"/>
        <line num="884" count="1" type="stmt"/>
        <line num="885" count="1" type="stmt"/>
        <line num="886" count="1" type="stmt"/>
        <line num="894" count="15" type="stmt"/>
        <line num="895" count="15" type="stmt"/>
        <line num="896" count="15" type="stmt"/>
        <line num="899" count="15" type="cond" truecount="3" falsecount="1"/>
        <line num="900" count="0" type="stmt"/>
        <line num="914" count="5" type="stmt"/>
        <line num="915" count="5" type="stmt"/>
        <line num="916" count="5" type="cond" truecount="2" falsecount="0"/>
        <line num="924" count="2" type="stmt"/>
        <line num="925" count="2" type="stmt"/>
        <line num="926" count="2" type="stmt"/>
        <line num="935" count="23" type="stmt"/>
        <line num="936" count="23" type="stmt"/>
        <line num="937" count="23" type="stmt"/>
        <line num="938" count="23" type="stmt"/>
        <line num="939" count="23" type="stmt"/>
        <line num="940" count="23" type="stmt"/>
        <line num="941" count="23" type="stmt"/>
        <line num="942" count="23" type="stmt"/>
        <line num="949" count="3" type="cond" truecount="2" falsecount="0"/>
        <line num="950" count="1" type="stmt"/>
        <line num="953" count="1" type="stmt"/>
        <line num="956" count="2" type="cond" truecount="2" falsecount="0"/>
        <line num="957" count="1" type="stmt"/>
        <line num="960" count="1" type="stmt"/>
        <line num="963" count="1" type="stmt"/>
        <line num="964" count="1" type="stmt"/>
        <line num="965" count="1" type="cond" truecount="3" falsecount="1"/>
        <line num="966" count="1" type="cond" truecount="0" falsecount="2"/>
        <line num="969" count="1" type="cond" truecount="1" falsecount="1"/>
        <line num="970" count="0" type="stmt"/>
        <line num="973" count="0" type="stmt"/>
        <line num="976" count="1" type="stmt"/>
        <line num="977" count="1" type="stmt"/>
        <line num="978" count="1" type="cond" truecount="2" falsecount="0"/>
        <line num="979" count="1" type="stmt"/>
        <line num="982" count="1" type="stmt"/>
        <line num="994" count="1" type="cond" truecount="1" falsecount="1"/>
        <line num="995" count="1" type="cond" truecount="1" falsecount="1"/>
        <line num="996" count="1" type="stmt"/>
        <line num="997" count="1" type="stmt"/>
        <line num="1004" count="1" type="stmt"/>
        <line num="1008" count="0" type="stmt"/>
        <line num="1009" count="0" type="stmt"/>
        <line num="1018" count="3" type="cond" truecount="3" falsecount="1"/>
        <line num="1019" count="0" type="stmt"/>
        <line num="1020" count="0" type="stmt"/>
        <line num="1021" count="0" type="cond" truecount="0" falsecount="2"/>
        <line num="1023" count="0" type="cond" truecount="0" falsecount="3"/>
        <line num="1024" count="0" type="cond" truecount="0" falsecount="4"/>
        <line num="1025" count="0" type="stmt"/>
        <line num="1026" count="0" type="stmt"/>
        <line num="1027" count="0" type="stmt"/>
        <line num="1028" count="0" type="stmt"/>
        <line num="1029" count="0" type="stmt"/>
        <line num="1030" count="0" type="stmt"/>
        <line num="1031" count="0" type="stmt"/>
        <line num="1032" count="0" type="stmt"/>
        <line num="1044" count="7" type="stmt"/>
        <line num="1046" count="7" type="cond" truecount="2" falsecount="0"/>
        <line num="1047" count="3" type="stmt"/>
        <line num="1048" count="15" type="stmt"/>
        <line num="1049" count="15" type="cond" truecount="2" falsecount="0"/>
        <line num="1051" count="12" type="stmt"/>
        <line num="1052" count="12" type="stmt"/>
        <line num="1054" count="12" type="cond" truecount="4" falsecount="0"/>
        <line num="1055" count="5" type="stmt"/>
        <line num="1057" count="10" type="cond" truecount="4" falsecount="0"/>
        <line num="1058" count="2" type="stmt"/>
        <line num="1060" count="9" type="cond" truecount="4" falsecount="0"/>
        <line num="1061" count="2" type="stmt"/>
        <line num="1063" count="8" type="stmt"/>
        <line num="1065" count="3" type="stmt"/>
        <line num="1067" count="4" type="stmt"/>
        <line num="1068" count="4" type="stmt"/>
        <line num="1069" count="14" type="stmt"/>
        <line num="1070" count="14" type="cond" truecount="2" falsecount="0"/>
        <line num="1071" count="10" type="stmt"/>
        <line num="1072" count="10" type="stmt"/>
        <line num="1074" count="10" type="cond" truecount="4" falsecount="0"/>
        <line num="1075" count="3" type="cond" truecount="1" falsecount="1"/>
        <line num="1076" count="0" type="stmt"/>
        <line num="1077" count="0" type="stmt"/>
        <line num="1080" count="10" type="cond" truecount="3" falsecount="1"/>
        <line num="1081" count="0" type="cond" truecount="0" falsecount="2"/>
        <line num="1082" count="0" type="stmt"/>
        <line num="1083" count="0" type="stmt"/>
        <line num="1086" count="10" type="cond" truecount="4" falsecount="0"/>
        <line num="1087" count="2" type="cond" truecount="1" falsecount="1"/>
        <line num="1088" count="1" type="stmt"/>
        <line num="1089" count="1" type="stmt"/>
        <line num="1094" count="4" type="cond" truecount="2" falsecount="0"/>
        <line num="1096" count="3" type="stmt"/>
        <line num="1097" count="3" type="cond" truecount="2" falsecount="0"/>
        <line num="1098" count="1" type="stmt"/>
        <line num="1099" count="2" type="cond" truecount="2" falsecount="0"/>
        <line num="1100" count="1" type="stmt"/>
        <line num="1101" count="1" type="cond" truecount="1" falsecount="1"/>
        <line num="1102" count="1" type="cond" truecount="1" falsecount="1"/>
        <line num="1103" count="1" type="stmt"/>
        <line num="1105" count="3" type="stmt"/>
        <line num="1113" count="6" type="stmt"/>
        <line num="1115" count="6" type="cond" truecount="2" falsecount="0"/>
        <line num="1116" count="3" type="cond" truecount="4" falsecount="0"/>
        <line num="1117" count="2" type="stmt"/>
        <line num="1118" count="2" type="cond" truecount="4" falsecount="0"/>
        <line num="1119" count="1" type="stmt"/>
        <line num="1120" count="1" type="cond" truecount="4" falsecount="1"/>
        <line num="1121" count="1" type="stmt"/>
        <line num="1124" count="3" type="cond" truecount="2" falsecount="0"/>
        <line num="1125" count="1" type="cond" truecount="1" falsecount="1"/>
        <line num="1126" count="1" type="cond" truecount="1" falsecount="1"/>
        <line num="1127" count="1" type="stmt"/>
        <line num="1129" count="2" type="cond" truecount="2" falsecount="0"/>
        <line num="1130" count="1" type="cond" truecount="1" falsecount="1"/>
        <line num="1131" count="1" type="cond" truecount="1" falsecount="1"/>
        <line num="1132" count="1" type="stmt"/>
        <line num="1134" count="1" type="cond" truecount="1" falsecount="1"/>
        <line num="1135" count="1" type="cond" truecount="1" falsecount="1"/>
        <line num="1136" count="1" type="cond" truecount="1" falsecount="1"/>
        <line num="1137" count="1" type="cond" truecount="1" falsecount="1"/>
        <line num="1138" count="1" type="cond" truecount="1" falsecount="1"/>
        <line num="1139" count="1" type="stmt"/>
        <line num="1143" count="6" type="stmt"/>
      </file>
      <file name="uiStore.svelte.ts" path="/mnt/1c5f09d2-4b36-42cf-8541-5cb64e85f9e9/projects/tauri/strata/src/lib/state/uiStore.svelte.ts">
        <metrics statements="21" coveredstatements="18" conditionals="0" coveredconditionals="0" methods="19" coveredmethods="5"/>
        <line num="13" count="3" type="stmt"/>
        <line num="16" count="3" type="stmt"/>
        <line num="19" count="3" type="stmt"/>
        <line num="22" count="3" type="stmt"/>
        <line num="25" count="3" type="stmt"/>
        <line num="28" count="3" type="stmt"/>
        <line num="29" count="3" type="stmt"/>
        <line num="30" count="3" type="stmt"/>
        <line num="31" count="3" type="stmt"/>
        <line num="34" count="3" type="stmt"/>
        <line num="35" count="3" type="stmt"/>
        <line num="38" count="3" type="stmt"/>
        <line num="39" count="3" type="stmt"/>
        <line num="48" count="3" type="stmt"/>
        <line num="49" count="3" type="stmt"/>
        <line num="52" count="3" type="stmt"/>
        <line num="53" count="3" type="stmt"/>
        <line num="57" count="0" type="stmt"/>
        <line num="58" count="0" type="stmt"/>
        <line num="59" count="0" type="stmt"/>
        <line num="63" count="3" type="stmt"/>
      </file>
    </package>
  </project>
</coverage>
