{"/mnt/1c5f09d2-4b36-42cf-8541-5cb64e85f9e9/projects/tauri/strata/src/lib/mock/academics.ts": {"path":"/mnt/1c5f09d2-4b36-42cf-8541-5cb64e85f9e9/projects/tauri/strata/src/lib/mock/academics.ts","statementMap":{},"fnMap":{},"branchMap":{},"s":{},"f":{},"b":{},"meta":{"lastBranch":0,"lastFunction":0,"lastStatement":0,"seen":{},"fnNames":{}}}
,"/mnt/1c5f09d2-4b36-42cf-8541-5cb64e85f9e9/projects/tauri/strata/src/lib/mock/basic.ts": {"path":"/mnt/1c5f09d2-4b36-42cf-8541-5cb64e85f9e9/projects/tauri/strata/src/lib/mock/basic.ts","statementMap":{},"fnMap":{},"branchMap":{},"s":{},"f":{},"b":{},"meta":{"lastBranch":0,"lastFunction":0,"lastStatement":0,"seen":{},"fnNames":{}}}
,"/mnt/1c5f09d2-4b36-42cf-8541-5cb64e85f9e9/projects/tauri/strata/src/lib/mock/fullstack.ts": {"path":"/mnt/1c5f09d2-4b36-42cf-8541-5cb64e85f9e9/projects/tauri/strata/src/lib/mock/fullstack.ts","statementMap":{},"fnMap":{},"branchMap":{},"s":{},"f":{},"b":{},"meta":{"lastBranch":0,"lastFunction":0,"lastStatement":0,"seen":{},"fnNames":{}}}
,"/mnt/1c5f09d2-4b36-42cf-8541-5cb64e85f9e9/projects/tauri/strata/src/lib/mock/index.ts": {"path":"/mnt/1c5f09d2-4b36-42cf-8541-5cb64e85f9e9/projects/tauri/strata/src/lib/mock/index.ts","statementMap":{"0":{"start":{"line":20,"column":64},"end":{"line":57,"column":null}}},"fnMap":{},"branchMap":{},"s":{"0":2},"f":{},"b":{},"meta":{"lastBranch":0,"lastFunction":0,"lastStatement":1,"seen":{"s:20:64:57:Infinity":0},"fnNames":{}}}
,"/mnt/1c5f09d2-4b36-42cf-8541-5cb64e85f9e9/projects/tauri/strata/src/lib/mock/infrastructure.ts": {"path":"/mnt/1c5f09d2-4b36-42cf-8541-5cb64e85f9e9/projects/tauri/strata/src/lib/mock/infrastructure.ts","statementMap":{},"fnMap":{},"branchMap":{},"s":{},"f":{},"b":{},"meta":{"lastBranch":0,"lastFunction":0,"lastStatement":0,"seen":{},"fnNames":{}}}
,"/mnt/1c5f09d2-4b36-42cf-8541-5cb64e85f9e9/projects/tauri/strata/src/lib/parser/core.ts": {"path":"/mnt/1c5f09d2-4b36-42cf-8541-5cb64e85f9e9/projects/tauri/strata/src/lib/parser/core.ts","statementMap":{"0":{"start":{"line":18,"column":1},"end":{"line":18,"column":null}},"1":{"start":{"line":25,"column":1},"end":{"line":25,"column":null}},"2":{"start":{"line":25,"column":23},"end":{"line":25,"column":null}},"3":{"start":{"line":26,"column":1},"end":{"line":26,"column":null}},"4":{"start":{"line":26,"column":23},"end":{"line":26,"column":null}},"5":{"start":{"line":27,"column":15},"end":{"line":27,"column":null}},"6":{"start":{"line":28,"column":1},"end":{"line":28,"column":null}},"7":{"start":{"line":28,"column":21},"end":{"line":28,"column":null}},"8":{"start":{"line":29,"column":18},"end":{"line":29,"column":null}},"9":{"start":{"line":30,"column":1},"end":{"line":30,"column":null}},"10":{"start":{"line":30,"column":24},"end":{"line":30,"column":null}},"11":{"start":{"line":31,"column":1},"end":{"line":31,"column":null}},"12":{"start":{"line":44,"column":39},"end":{"line":44,"column":null}},"13":{"start":{"line":45,"column":30},"end":{"line":45,"column":null}},"14":{"start":{"line":46,"column":1},"end":{"line":422,"column":null}},"15":{"start":{"line":48,"column":24},"end":{"line":48,"column":null}},"16":{"start":{"line":49,"column":24},"end":{"line":49,"column":null}},"17":{"start":{"line":50,"column":34},"end":{"line":50,"column":null}},"18":{"start":{"line":51,"column":29},"end":{"line":51,"column":null}},"19":{"start":{"line":54,"column":73},"end":{"line":54,"column":null}},"20":{"start":{"line":55,"column":22},"end":{"line":55,"column":null}},"21":{"start":{"line":56,"column":2},"end":{"line":77,"column":null}},"22":{"start":{"line":57,"column":21},"end":{"line":57,"column":null}},"23":{"start":{"line":58,"column":20},"end":{"line":58,"column":null}},"24":{"start":{"line":59,"column":22},"end":{"line":59,"column":null}},"25":{"start":{"line":61,"column":3},"end":{"line":67,"column":null}},"26":{"start":{"line":62,"column":10},"end":{"line":62,"column":null}},"27":{"start":{"line":63,"column":4},"end":{"line":66,"column":null}},"28":{"start":{"line":64,"column":5},"end":{"line":64,"column":null}},"29":{"start":{"line":65,"column":5},"end":{"line":65,"column":null}},"30":{"start":{"line":69,"column":3},"end":{"line":76,"column":null}},"31":{"start":{"line":70,"column":18},"end":{"line":70,"column":null}},"32":{"start":{"line":70,"column":50},"end":{"line":70,"column":94}},"33":{"start":{"line":72,"column":4},"end":{"line":75,"column":null}},"34":{"start":{"line":80,"column":29},"end":{"line":80,"column":null}},"35":{"start":{"line":81,"column":28},"end":{"line":81,"column":null}},"36":{"start":{"line":82,"column":41},"end":{"line":82,"column":null}},"37":{"start":{"line":84,"column":2},"end":{"line":234,"column":null}},"38":{"start":{"line":85,"column":24},"end":{"line":85,"column":null}},"39":{"start":{"line":86,"column":3},"end":{"line":233,"column":null}},"40":{"start":{"line":87,"column":10},"end":{"line":87,"column":null}},"41":{"start":{"line":90,"column":19},"end":{"line":90,"column":null}},"42":{"start":{"line":91,"column":26},"end":{"line":95,"column":null}},"43":{"start":{"line":97,"column":4},"end":{"line":102,"column":null}},"44":{"start":{"line":98,"column":11},"end":{"line":98,"column":null}},"45":{"start":{"line":99,"column":5},"end":{"line":101,"column":null}},"46":{"start":{"line":100,"column":6},"end":{"line":100,"column":null}},"47":{"start":{"line":104,"column":4},"end":{"line":108,"column":null}},"48":{"start":{"line":105,"column":5},"end":{"line":107,"column":null}},"49":{"start":{"line":106,"column":6},"end":{"line":106,"column":null}},"50":{"start":{"line":110,"column":4},"end":{"line":112,"column":null}},"51":{"start":{"line":111,"column":5},"end":{"line":111,"column":null}},"52":{"start":{"line":115,"column":4},"end":{"line":232,"column":null}},"53":{"start":{"line":116,"column":23},"end":{"line":116,"column":null}},"54":{"start":{"line":117,"column":20},"end":{"line":117,"column":null}},"55":{"start":{"line":119,"column":5},"end":{"line":119,"column":null}},"56":{"start":{"line":121,"column":26},"end":{"line":121,"column":null}},"57":{"start":{"line":122,"column":5},"end":{"line":210,"column":null}},"58":{"start":{"line":123,"column":6},"end":{"line":123,"column":null}},"59":{"start":{"line":124,"column":12},"end":{"line":210,"column":null}},"60":{"start":{"line":125,"column":6},"end":{"line":147,"column":null}},"61":{"start":{"line":126,"column":7},"end":{"line":144,"column":null}},"62":{"start":{"line":127,"column":8},"end":{"line":137,"column":null}},"63":{"start":{"line":128,"column":24},"end":{"line":128,"column":null}},"64":{"start":{"line":129,"column":9},"end":{"line":136,"column":null}},"65":{"start":{"line":138,"column":8},"end":{"line":143,"column":null}},"66":{"start":{"line":146,"column":7},"end":{"line":146,"column":null}},"67":{"start":{"line":148,"column":12},"end":{"line":210,"column":null}},"68":{"start":{"line":149,"column":6},"end":{"line":156,"column":null}},"69":{"start":{"line":150,"column":7},"end":{"line":155,"column":null}},"70":{"start":{"line":150,"column":75},"end":{"line":155,"column":9}},"71":{"start":{"line":157,"column":12},"end":{"line":210,"column":null}},"72":{"start":{"line":158,"column":29},"end":{"line":158,"column":null}},"73":{"start":{"line":159,"column":51},"end":{"line":159,"column":null}},"74":{"start":{"line":160,"column":6},"end":{"line":192,"column":null}},"75":{"start":{"line":161,"column":27},"end":{"line":161,"column":null}},"76":{"start":{"line":162,"column":7},"end":{"line":191,"column":null}},"77":{"start":{"line":163,"column":8},"end":{"line":187,"column":null}},"78":{"start":{"line":164,"column":22},"end":{"line":164,"column":null}},"79":{"start":{"line":165,"column":9},"end":{"line":165,"column":null}},"80":{"start":{"line":166,"column":15},"end":{"line":166,"column":null}},"81":{"start":{"line":167,"column":9},"end":{"line":183,"column":null}},"82":{"start":{"line":168,"column":10},"end":{"line":179,"column":null}},"83":{"start":{"line":169,"column":24},"end":{"line":169,"column":66}},"84":{"start":{"line":171,"column":29},"end":{"line":171,"column":null}},"85":{"start":{"line":171,"column":56},"end":{"line":171,"column":67}},"86":{"start":{"line":172,"column":28},"end":{"line":172,"column":null}},"87":{"start":{"line":173,"column":12},"end":{"line":178,"column":null}},"88":{"start":{"line":181,"column":10},"end":{"line":181,"column":null}},"89":{"start":{"line":182,"column":10},"end":{"line":182,"column":null}},"90":{"start":{"line":185,"column":9},"end":{"line":185,"column":null}},"91":{"start":{"line":186,"column":9},"end":{"line":186,"column":null}},"92":{"start":{"line":188,"column":14},"end":{"line":191,"column":null}},"93":{"start":{"line":189,"column":8},"end":{"line":189,"column":null}},"94":{"start":{"line":190,"column":8},"end":{"line":190,"column":null}},"95":{"start":{"line":194,"column":6},"end":{"line":205,"column":null}},"96":{"start":{"line":195,"column":7},"end":{"line":195,"column":null}},"97":{"start":{"line":196,"column":13},"end":{"line":205,"column":null}},"98":{"start":{"line":197,"column":7},"end":{"line":202,"column":null}},"99":{"start":{"line":197,"column":56},"end":{"line":202,"column":9}},"100":{"start":{"line":204,"column":7},"end":{"line":204,"column":null}},"101":{"start":{"line":207,"column":6},"end":{"line":209,"column":null}},"102":{"start":{"line":208,"column":7},"end":{"line":208,"column":null}},"103":{"start":{"line":212,"column":5},"end":{"line":224,"column":null}},"104":{"start":{"line":213,"column":6},"end":{"line":223,"column":null}},"105":{"start":{"line":227,"column":5},"end":{"line":231,"column":null}},"106":{"start":{"line":228,"column":6},"end":{"line":230,"column":null}},"107":{"start":{"line":229,"column":7},"end":{"line":229,"column":null}},"108":{"start":{"line":237,"column":2},"end":{"line":361,"column":null}},"109":{"start":{"line":239,"column":3},"end":{"line":300,"column":null}},"110":{"start":{"line":240,"column":28},"end":{"line":240,"column":null}},"111":{"start":{"line":241,"column":4},"end":{"line":299,"column":null}},"112":{"start":{"line":242,"column":5},"end":{"line":298,"column":null}},"113":{"start":{"line":244,"column":20},"end":{"line":244,"column":null}},"114":{"start":{"line":245,"column":6},"end":{"line":245,"column":null}},"115":{"start":{"line":246,"column":49},"end":{"line":246,"column":null}},"116":{"start":{"line":247,"column":6},"end":{"line":258,"column":null}},"117":{"start":{"line":248,"column":7},"end":{"line":250,"column":null}},"118":{"start":{"line":249,"column":8},"end":{"line":249,"column":null}},"119":{"start":{"line":249,"column":42},"end":{"line":249,"column":null}},"120":{"start":{"line":252,"column":7},"end":{"line":257,"column":null}},"121":{"start":{"line":253,"column":21},"end":{"line":253,"column":null}},"122":{"start":{"line":254,"column":8},"end":{"line":256,"column":null}},"123":{"start":{"line":255,"column":9},"end":{"line":255,"column":null}},"124":{"start":{"line":260,"column":6},"end":{"line":295,"column":null}},"125":{"start":{"line":261,"column":20},"end":{"line":261,"column":null}},"126":{"start":{"line":262,"column":7},"end":{"line":262,"column":null}},"127":{"start":{"line":262,"column":27},"end":{"line":262,"column":40}},"128":{"start":{"line":262,"column":43},"end":{"line":262,"column":null}},"129":{"start":{"line":264,"column":25},"end":{"line":264,"column":null}},"130":{"start":{"line":265,"column":22},"end":{"line":265,"column":null}},"131":{"start":{"line":266,"column":29},"end":{"line":270,"column":null}},"132":{"start":{"line":272,"column":7},"end":{"line":277,"column":null}},"133":{"start":{"line":273,"column":14},"end":{"line":273,"column":null}},"134":{"start":{"line":274,"column":8},"end":{"line":276,"column":null}},"135":{"start":{"line":275,"column":9},"end":{"line":275,"column":null}},"136":{"start":{"line":280,"column":7},"end":{"line":291,"column":null}},"137":{"start":{"line":294,"column":7},"end":{"line":294,"column":null}},"138":{"start":{"line":297,"column":6},"end":{"line":297,"column":null}},"139":{"start":{"line":303,"column":3},"end":{"line":360,"column":null}},"140":{"start":{"line":304,"column":4},"end":{"line":359,"column":null}},"141":{"start":{"line":305,"column":28},"end":{"line":309,"column":null}},"142":{"start":{"line":305,"column":45},"end":{"line":305,"column":134}},"143":{"start":{"line":307,"column":22},"end":{"line":307,"column":null}},"144":{"start":{"line":308,"column":7},"end":{"line":308,"column":null}},"145":{"start":{"line":311,"column":5},"end":{"line":358,"column":null}},"146":{"start":{"line":312,"column":6},"end":{"line":357,"column":null}},"147":{"start":{"line":313,"column":24},"end":{"line":313,"column":null}},"148":{"start":{"line":314,"column":7},"end":{"line":314,"column":null}},"149":{"start":{"line":316,"column":34},"end":{"line":316,"column":null}},"150":{"start":{"line":317,"column":7},"end":{"line":353,"column":null}},"151":{"start":{"line":318,"column":29},"end":{"line":318,"column":null}},"152":{"start":{"line":319,"column":8},"end":{"line":352,"column":null}},"153":{"start":{"line":320,"column":15},"end":{"line":320,"column":null}},"154":{"start":{"line":321,"column":9},"end":{"line":351,"column":null}},"155":{"start":{"line":322,"column":28},"end":{"line":322,"column":null}},"156":{"start":{"line":323,"column":25},"end":{"line":323,"column":null}},"157":{"start":{"line":324,"column":32},"end":{"line":328,"column":null}},"158":{"start":{"line":330,"column":10},"end":{"line":335,"column":null}},"159":{"start":{"line":331,"column":17},"end":{"line":331,"column":null}},"160":{"start":{"line":332,"column":11},"end":{"line":334,"column":null}},"161":{"start":{"line":333,"column":12},"end":{"line":333,"column":null}},"162":{"start":{"line":337,"column":10},"end":{"line":350,"column":null}},"163":{"start":{"line":337,"column":31},"end":{"line":337,"column":49}},"164":{"start":{"line":338,"column":11},"end":{"line":348,"column":null}},"165":{"start":{"line":349,"column":11},"end":{"line":349,"column":null}},"166":{"start":{"line":355,"column":7},"end":{"line":355,"column":null}},"167":{"start":{"line":356,"column":7},"end":{"line":356,"column":null}},"168":{"start":{"line":364,"column":2},"end":{"line":369,"column":null}},"169":{"start":{"line":365,"column":23},"end":{"line":365,"column":null}},"170":{"start":{"line":366,"column":3},"end":{"line":368,"column":null}},"171":{"start":{"line":367,"column":4},"end":{"line":367,"column":null}},"172":{"start":{"line":372,"column":21},"end":{"line":372,"column":null}},"173":{"start":{"line":372,"column":44},"end":{"line":372,"column":48}},"174":{"start":{"line":373,"column":2},"end":{"line":386,"column":null}},"175":{"start":{"line":374,"column":21},"end":{"line":374,"column":null}},"176":{"start":{"line":375,"column":18},"end":{"line":375,"column":null}},"177":{"start":{"line":376,"column":3},"end":{"line":385,"column":null}},"178":{"start":{"line":377,"column":10},"end":{"line":377,"column":null}},"179":{"start":{"line":378,"column":4},"end":{"line":384,"column":null}},"180":{"start":{"line":379,"column":5},"end":{"line":383,"column":null}},"181":{"start":{"line":380,"column":6},"end":{"line":382,"column":null}},"182":{"start":{"line":381,"column":7},"end":{"line":381,"column":null}},"183":{"start":{"line":389,"column":21},"end":{"line":389,"column":null}},"184":{"start":{"line":389,"column":39},"end":{"line":389,"column":91}},"185":{"start":{"line":391,"column":2},"end":{"line":393,"column":null}},"186":{"start":{"line":392,"column":3},"end":{"line":392,"column":null}},"187":{"start":{"line":395,"column":2},"end":{"line":395,"column":null}},"188":{"start":{"line":397,"column":2},"end":{"line":397,"column":null}},"189":{"start":{"line":399,"column":13},"end":{"line":399,"column":null}},"190":{"start":{"line":400,"column":15},"end":{"line":400,"column":null}},"191":{"start":{"line":401,"column":16},"end":{"line":401,"column":null}},"192":{"start":{"line":402,"column":2},"end":{"line":405,"column":null}},"193":{"start":{"line":403,"column":3},"end":{"line":403,"column":null}},"194":{"start":{"line":404,"column":3},"end":{"line":404,"column":null}},"195":{"start":{"line":407,"column":2},"end":{"line":413,"column":null}},"196":{"start":{"line":415,"column":2},"end":{"line":421,"column":null}},"197":{"start":{"line":416,"column":3},"end":{"line":420,"column":null}},"198":{"start":{"line":417,"column":4},"end":{"line":417,"column":null}},"199":{"start":{"line":419,"column":4},"end":{"line":419,"column":null}},"200":{"start":{"line":429,"column":24},"end":{"line":429,"column":null}},"201":{"start":{"line":430,"column":21},"end":{"line":430,"column":null}},"202":{"start":{"line":431,"column":1},"end":{"line":431,"column":null}},"203":{"start":{"line":431,"column":19},"end":{"line":431,"column":null}},"204":{"start":{"line":433,"column":5},"end":{"line":433,"column":null}},"205":{"start":{"line":435,"column":1},"end":{"line":473,"column":null}},"206":{"start":{"line":436,"column":15},"end":{"line":436,"column":null}},"207":{"start":{"line":437,"column":2},"end":{"line":472,"column":null}},"208":{"start":{"line":438,"column":18},"end":{"line":438,"column":null}},"209":{"start":{"line":439,"column":3},"end":{"line":471,"column":null}},"210":{"start":{"line":440,"column":4},"end":{"line":470,"column":null}},"211":{"start":{"line":441,"column":5},"end":{"line":469,"column":null}},"212":{"start":{"line":442,"column":19},"end":{"line":442,"column":null}},"213":{"start":{"line":443,"column":18},"end":{"line":443,"column":null}},"214":{"start":{"line":444,"column":23},"end":{"line":444,"column":null}},"215":{"start":{"line":445,"column":17},"end":{"line":445,"column":null}},"216":{"start":{"line":446,"column":20},"end":{"line":446,"column":null}},"217":{"start":{"line":447,"column":43},"end":{"line":447,"column":null}},"218":{"start":{"line":448,"column":25},"end":{"line":448,"column":null}},"219":{"start":{"line":450,"column":6},"end":{"line":459,"column":null}},"220":{"start":{"line":451,"column":15},"end":{"line":451,"column":null}},"221":{"start":{"line":452,"column":7},"end":{"line":452,"column":null}},"222":{"start":{"line":452,"column":34},"end":{"line":452,"column":57}},"223":{"start":{"line":453,"column":7},"end":{"line":453,"column":null}},"224":{"start":{"line":453,"column":37},"end":{"line":453,"column":57}},"225":{"start":{"line":454,"column":26},"end":{"line":454,"column":null}},"226":{"start":{"line":454,"column":46},"end":{"line":454,"column":92}},"227":{"start":{"line":455,"column":7},"end":{"line":457,"column":null}},"228":{"start":{"line":456,"column":8},"end":{"line":456,"column":null}},"229":{"start":{"line":458,"column":7},"end":{"line":458,"column":null}},"230":{"start":{"line":458,"column":42},"end":{"line":458,"column":65}},"231":{"start":{"line":461,"column":6},"end":{"line":468,"column":null}},"232":{"start":{"line":474,"column":1},"end":{"line":474,"column":null}},"233":{"start":{"line":481,"column":23},"end":{"line":481,"column":null}},"234":{"start":{"line":482,"column":21},"end":{"line":482,"column":null}},"235":{"start":{"line":483,"column":26},"end":{"line":483,"column":null}},"236":{"start":{"line":485,"column":1},"end":{"line":490,"column":null}},"237":{"start":{"line":486,"column":15},"end":{"line":486,"column":null}},"238":{"start":{"line":487,"column":2},"end":{"line":489,"column":null}},"239":{"start":{"line":488,"column":3},"end":{"line":488,"column":null}},"240":{"start":{"line":492,"column":1},"end":{"line":503,"column":null}},"241":{"start":{"line":493,"column":2},"end":{"line":502,"column":null}},"242":{"start":{"line":494,"column":3},"end":{"line":501,"column":null}},"243":{"start":{"line":495,"column":4},"end":{"line":500,"column":null}},"244":{"start":{"line":504,"column":1},"end":{"line":504,"column":null}},"245":{"start":{"line":511,"column":27},"end":{"line":511,"column":null}},"246":{"start":{"line":514,"column":7},"end":{"line":537,"column":null}},"247":{"start":{"line":515,"column":26},"end":{"line":515,"column":null}},"248":{"start":{"line":516,"column":2},"end":{"line":535,"column":null}},"249":{"start":{"line":517,"column":16},"end":{"line":517,"column":null}},"250":{"start":{"line":518,"column":3},"end":{"line":534,"column":null}},"251":{"start":{"line":519,"column":17},"end":{"line":519,"column":null}},"252":{"start":{"line":520,"column":4},"end":{"line":533,"column":null}},"253":{"start":{"line":521,"column":19},"end":{"line":521,"column":null}},"254":{"start":{"line":522,"column":24},"end":{"line":522,"column":null}},"255":{"start":{"line":523,"column":5},"end":{"line":532,"column":null}},"256":{"start":{"line":524,"column":6},"end":{"line":531,"column":null}},"257":{"start":{"line":525,"column":7},"end":{"line":530,"column":null}},"258":{"start":{"line":526,"column":24},"end":{"line":526,"column":null}},"259":{"start":{"line":527,"column":8},"end":{"line":529,"column":null}},"260":{"start":{"line":528,"column":9},"end":{"line":528,"column":null}},"261":{"start":{"line":536,"column":2},"end":{"line":536,"column":null}},"262":{"start":{"line":540,"column":21},"end":{"line":540,"column":null}},"263":{"start":{"line":541,"column":1},"end":{"line":564,"column":null}},"264":{"start":{"line":542,"column":19},"end":{"line":542,"column":null}},"265":{"start":{"line":543,"column":2},"end":{"line":563,"column":null}},"266":{"start":{"line":544,"column":3},"end":{"line":562,"column":null}},"267":{"start":{"line":545,"column":17},"end":{"line":545,"column":null}},"268":{"start":{"line":546,"column":4},"end":{"line":561,"column":null}},"269":{"start":{"line":547,"column":24},"end":{"line":547,"column":null}},"270":{"start":{"line":548,"column":5},"end":{"line":560,"column":null}},"271":{"start":{"line":549,"column":26},"end":{"line":549,"column":null}},"272":{"start":{"line":550,"column":24},"end":{"line":550,"column":null}},"273":{"start":{"line":551,"column":6},"end":{"line":559,"column":null}},"274":{"start":{"line":552,"column":7},"end":{"line":552,"column":null}},"275":{"start":{"line":553,"column":23},"end":{"line":553,"column":null}},"276":{"start":{"line":553,"column":53},"end":{"line":553,"column":92}},"277":{"start":{"line":554,"column":7},"end":{"line":558,"column":null}},"278":{"start":{"line":555,"column":8},"end":{"line":555,"column":null}},"279":{"start":{"line":557,"column":8},"end":{"line":557,"column":null}},"280":{"start":{"line":567,"column":25},"end":{"line":567,"column":null}},"281":{"start":{"line":568,"column":1},"end":{"line":607,"column":null}},"282":{"start":{"line":569,"column":15},"end":{"line":569,"column":null}},"283":{"start":{"line":570,"column":2},"end":{"line":606,"column":null}},"284":{"start":{"line":571,"column":16},"end":{"line":571,"column":null}},"285":{"start":{"line":572,"column":3},"end":{"line":605,"column":null}},"286":{"start":{"line":573,"column":18},"end":{"line":573,"column":null}},"287":{"start":{"line":574,"column":23},"end":{"line":574,"column":null}},"288":{"start":{"line":576,"column":4},"end":{"line":604,"column":null}},"289":{"start":{"line":577,"column":5},"end":{"line":603,"column":null}},"290":{"start":{"line":578,"column":6},"end":{"line":602,"column":null}},"291":{"start":{"line":579,"column":23},"end":{"line":579,"column":null}},"292":{"start":{"line":580,"column":7},"end":{"line":601,"column":null}},"293":{"start":{"line":581,"column":24},"end":{"line":581,"column":null}},"294":{"start":{"line":582,"column":28},"end":{"line":582,"column":null}},"295":{"start":{"line":583,"column":8},"end":{"line":600,"column":null}},"296":{"start":{"line":584,"column":27},"end":{"line":584,"column":null}},"297":{"start":{"line":587,"column":62},"end":{"line":587,"column":null}},"298":{"start":{"line":588,"column":9},"end":{"line":597,"column":null}},"299":{"start":{"line":589,"column":10},"end":{"line":589,"column":null}},"300":{"start":{"line":590,"column":16},"end":{"line":597,"column":null}},"301":{"start":{"line":591,"column":30},"end":{"line":591,"column":null}},"302":{"start":{"line":592,"column":10},"end":{"line":596,"column":null}},"303":{"start":{"line":593,"column":11},"end":{"line":593,"column":null}},"304":{"start":{"line":595,"column":11},"end":{"line":595,"column":null}},"305":{"start":{"line":599,"column":9},"end":{"line":599,"column":null}},"306":{"start":{"line":625,"column":12},"end":{"line":625,"column":null}},"307":{"start":{"line":626,"column":1},"end":{"line":626,"column":null}},"308":{"start":{"line":626,"column":42},"end":{"line":626,"column":53}},"309":{"start":{"line":626,"column":56},"end":{"line":626,"column":null}},"310":{"start":{"line":628,"column":19},"end":{"line":628,"column":null}},"311":{"start":{"line":630,"column":1},"end":{"line":650,"column":null}}},"fnMap":{"0":{"name":"wrapCode","decl":{"start":{"line":17,"column":16},"end":{"line":17,"column":25}},"loc":{"start":{"line":17,"column":39},"end":{"line":19,"column":null}},"line":17},"1":{"name":"getMapFileContent","decl":{"start":{"line":24,"column":16},"end":{"line":24,"column":34}},"loc":{"start":{"line":24,"column":121},"end":{"line":32,"column":null}},"line":24},"2":{"name":"parseSchema","decl":{"start":{"line":38,"column":16},"end":{"line":38,"column":null}},"loc":{"start":{"line":43,"column":15},"end":{"line":423,"column":null}},"line":43},"3":{"name":"(anonymous_3)","decl":{"start":{"line":70,"column":40},"end":{"line":70,"column":44}},"loc":{"start":{"line":70,"column":50},"end":{"line":70,"column":94}},"line":70},"4":{"name":"(anonymous_4)","decl":{"start":{"line":126,"column":51},"end":{"line":126,"column":56}},"loc":{"start":{"line":126,"column":72},"end":{"line":144,"column":8}},"line":126},"5":{"name":"(anonymous_5)","decl":{"start":{"line":150,"column":52},"end":{"line":150,"column":57}},"loc":{"start":{"line":150,"column":75},"end":{"line":155,"column":9}},"line":150},"6":{"name":"(anonymous_6)","decl":{"start":{"line":169,"column":12},"end":{"line":169,"column":19}},"loc":{"start":{"line":169,"column":24},"end":{"line":169,"column":66}},"line":169},"7":{"name":"(anonymous_7)","decl":{"start":{"line":170,"column":12},"end":{"line":170,"column":16}},"loc":{"start":{"line":170,"column":21},"end":{"line":179,"column":12}},"line":170},"8":{"name":"(anonymous_8)","decl":{"start":{"line":171,"column":47},"end":{"line":171,"column":51}},"loc":{"start":{"line":171,"column":56},"end":{"line":171,"column":67}},"line":171},"9":{"name":"(anonymous_9)","decl":{"start":{"line":197,"column":36},"end":{"line":197,"column":41}},"loc":{"start":{"line":197,"column":56},"end":{"line":202,"column":9}},"line":197},"10":{"name":"(anonymous_10)","decl":{"start":{"line":262,"column":17},"end":{"line":262,"column":22}},"loc":{"start":{"line":262,"column":27},"end":{"line":262,"column":40}},"line":262},"11":{"name":"(anonymous_11)","decl":{"start":{"line":305,"column":34},"end":{"line":305,"column":39}},"loc":{"start":{"line":305,"column":45},"end":{"line":305,"column":134}},"line":305},"12":{"name":"(anonymous_12)","decl":{"start":{"line":306,"column":48},"end":{"line":306,"column":53}},"loc":{"start":{"line":306,"column":58},"end":{"line":309,"column":7}},"line":306},"13":{"name":"(anonymous_13)","decl":{"start":{"line":337,"column":21},"end":{"line":337,"column":26}},"loc":{"start":{"line":337,"column":31},"end":{"line":337,"column":49}},"line":337},"14":{"name":"(anonymous_14)","decl":{"start":{"line":372,"column":35},"end":{"line":372,"column":39}},"loc":{"start":{"line":372,"column":44},"end":{"line":372,"column":48}},"line":372},"15":{"name":"(anonymous_15)","decl":{"start":{"line":389,"column":27},"end":{"line":389,"column":34}},"loc":{"start":{"line":389,"column":39},"end":{"line":389,"column":91}},"line":389},"16":{"name":"extractColumns","decl":{"start":{"line":428,"column":16},"end":{"line":428,"column":31}},"loc":{"start":{"line":428,"column":58},"end":{"line":475,"column":null}},"line":428},"17":{"name":"(anonymous_17)","decl":{"start":{"line":452,"column":24},"end":{"line":452,"column":29}},"loc":{"start":{"line":452,"column":34},"end":{"line":452,"column":57}},"line":452},"18":{"name":"(anonymous_18)","decl":{"start":{"line":453,"column":27},"end":{"line":453,"column":32}},"loc":{"start":{"line":453,"column":37},"end":{"line":453,"column":57}},"line":453},"19":{"name":"(anonymous_19)","decl":{"start":{"line":454,"column":36},"end":{"line":454,"column":41}},"loc":{"start":{"line":454,"column":46},"end":{"line":454,"column":92}},"line":454},"20":{"name":"(anonymous_20)","decl":{"start":{"line":458,"column":32},"end":{"line":458,"column":37}},"loc":{"start":{"line":458,"column":42},"end":{"line":458,"column":65}},"line":458},"21":{"name":"extractObjectFields","decl":{"start":{"line":480,"column":16},"end":{"line":480,"column":36}},"loc":{"start":{"line":480,"column":63},"end":{"line":505,"column":null}},"line":480},"22":{"name":"extractRelations","decl":{"start":{"line":510,"column":16},"end":{"line":510,"column":33}},"loc":{"start":{"line":510,"column":103},"end":{"line":608,"column":null}},"line":510},"23":{"name":"(anonymous_23)","decl":{"start":{"line":514,"column":7},"end":{"line":514,"column":29}},"loc":{"start":{"line":514,"column":83},"end":{"line":537,"column":null}},"line":514},"24":{"name":"(anonymous_24)","decl":{"start":{"line":553,"column":43},"end":{"line":553,"column":48}},"loc":{"start":{"line":553,"column":53},"end":{"line":553,"column":92}},"line":553},"25":{"name":"addEdgeIfUnique","decl":{"start":{"line":614,"column":16},"end":{"line":614,"column":null}},"loc":{"start":{"line":624,"column":2},"end":{"line":651,"column":null}},"line":624},"26":{"name":"(anonymous_26)","decl":{"start":{"line":626,"column":32},"end":{"line":626,"column":37}},"loc":{"start":{"line":626,"column":42},"end":{"line":626,"column":53}},"line":626}},"branchMap":{"0":{"loc":{"start":{"line":25,"column":1},"end":{"line":25,"column":null}},"type":"if","locations":[{"start":{"line":25,"column":1},"end":{"line":25,"column":null}},{"start":{},"end":{}}],"line":25},"1":{"loc":{"start":{"line":25,"column":5},"end":{"line":25,"column":23}},"type":"binary-expr","locations":[{"start":{"line":25,"column":5},"end":{"line":25,"column":13}},{"start":{"line":25,"column":13},"end":{"line":25,"column":23}}],"line":25},"2":{"loc":{"start":{"line":26,"column":1},"end":{"line":26,"column":null}},"type":"if","locations":[{"start":{"line":26,"column":1},"end":{"line":26,"column":null}},{"start":{},"end":{}}],"line":26},"3":{"loc":{"start":{"line":28,"column":1},"end":{"line":28,"column":null}},"type":"if","locations":[{"start":{"line":28,"column":1},"end":{"line":28,"column":null}},{"start":{},"end":{}}],"line":28},"4":{"loc":{"start":{"line":30,"column":1},"end":{"line":30,"column":null}},"type":"if","locations":[{"start":{"line":30,"column":1},"end":{"line":30,"column":null}},{"start":{},"end":{}}],"line":30},"5":{"loc":{"start":{"line":58,"column":20},"end":{"line":58,"column":null}},"type":"binary-expr","locations":[{"start":{"line":58,"column":20},"end":{"line":58,"column":49}},{"start":{"line":58,"column":49},"end":{"line":58,"column":null}}],"line":58},"6":{"loc":{"start":{"line":61,"column":3},"end":{"line":67,"column":null}},"type":"if","locations":[{"start":{"line":61,"column":3},"end":{"line":67,"column":null}},{"start":{},"end":{}}],"line":61},"7":{"loc":{"start":{"line":61,"column":7},"end":{"line":61,"column":45}},"type":"binary-expr","locations":[{"start":{"line":61,"column":7},"end":{"line":61,"column":22}},{"start":{"line":61,"column":22},"end":{"line":61,"column":31}},{"start":{"line":61,"column":31},"end":{"line":61,"column":45}}],"line":61},"8":{"loc":{"start":{"line":63,"column":4},"end":{"line":66,"column":null}},"type":"if","locations":[{"start":{"line":63,"column":4},"end":{"line":66,"column":null}},{"start":{},"end":{}}],"line":63},"9":{"loc":{"start":{"line":69,"column":3},"end":{"line":76,"column":null}},"type":"if","locations":[{"start":{"line":69,"column":3},"end":{"line":76,"column":null}},{"start":{},"end":{}}],"line":69},"10":{"loc":{"start":{"line":70,"column":50},"end":{"line":70,"column":94}},"type":"binary-expr","locations":[{"start":{"line":70,"column":50},"end":{"line":70,"column":82}},{"start":{"line":70,"column":82},"end":{"line":70,"column":94}}],"line":70},"11":{"loc":{"start":{"line":74,"column":18},"end":{"line":74,"column":null}},"type":"cond-expr","locations":[{"start":{"line":74,"column":37},"end":{"line":74,"column":45}},{"start":{"line":74,"column":45},"end":{"line":74,"column":null}}],"line":74},"12":{"loc":{"start":{"line":94,"column":13},"end":{"line":94,"column":null}},"type":"cond-expr","locations":[{"start":{"line":94,"column":23},"end":{"line":94,"column":30}},{"start":{"line":94,"column":30},"end":{"line":94,"column":null}}],"line":94},"13":{"loc":{"start":{"line":99,"column":5},"end":{"line":101,"column":null}},"type":"if","locations":[{"start":{"line":99,"column":5},"end":{"line":101,"column":null}},{"start":{},"end":{}}],"line":99},"14":{"loc":{"start":{"line":104,"column":4},"end":{"line":108,"column":null}},"type":"if","locations":[{"start":{"line":104,"column":4},"end":{"line":108,"column":null}},{"start":{},"end":{}}],"line":104},"15":{"loc":{"start":{"line":105,"column":5},"end":{"line":107,"column":null}},"type":"if","locations":[{"start":{"line":105,"column":5},"end":{"line":107,"column":null}},{"start":{},"end":{}}],"line":105},"16":{"loc":{"start":{"line":110,"column":4},"end":{"line":112,"column":null}},"type":"if","locations":[{"start":{"line":110,"column":4},"end":{"line":112,"column":null}},{"start":{},"end":{}}],"line":110},"17":{"loc":{"start":{"line":115,"column":4},"end":{"line":232,"column":null}},"type":"if","locations":[{"start":{"line":115,"column":4},"end":{"line":232,"column":null}},{"start":{},"end":{}}],"line":115},"18":{"loc":{"start":{"line":115,"column":8},"end":{"line":115,"column":141}},"type":"binary-expr","locations":[{"start":{"line":115,"column":8},"end":{"line":115,"column":19}},{"start":{"line":115,"column":19},"end":{"line":115,"column":49}},{"start":{"line":115,"column":49},"end":{"line":115,"column":79}},{"start":{"line":115,"column":79},"end":{"line":115,"column":109}},{"start":{"line":115,"column":109},"end":{"line":115,"column":141}}],"line":115},"19":{"loc":{"start":{"line":117,"column":20},"end":{"line":117,"column":null}},"type":"binary-expr","locations":[{"start":{"line":117,"column":20},"end":{"line":117,"column":42}},{"start":{"line":117,"column":42},"end":{"line":117,"column":null}}],"line":117},"20":{"loc":{"start":{"line":117,"column":42},"end":{"line":117,"column":null}},"type":"cond-expr","locations":[{"start":{"line":117,"column":52},"end":{"line":117,"column":59}},{"start":{"line":117,"column":59},"end":{"line":117,"column":null}}],"line":117},"21":{"loc":{"start":{"line":122,"column":5},"end":{"line":210,"column":null}},"type":"if","locations":[{"start":{"line":122,"column":5},"end":{"line":210,"column":null}},{"start":{"line":124,"column":12},"end":{"line":210,"column":null}}],"line":122},"22":{"loc":{"start":{"line":124,"column":12},"end":{"line":210,"column":null}},"type":"if","locations":[{"start":{"line":124,"column":12},"end":{"line":210,"column":null}},{"start":{"line":148,"column":12},"end":{"line":210,"column":null}}],"line":124},"23":{"loc":{"start":{"line":125,"column":6},"end":{"line":147,"column":null}},"type":"if","locations":[{"start":{"line":125,"column":6},"end":{"line":147,"column":null}},{"start":{"line":145,"column":13},"end":{"line":147,"column":null}}],"line":125},"24":{"loc":{"start":{"line":127,"column":8},"end":{"line":137,"column":null}},"type":"if","locations":[{"start":{"line":127,"column":8},"end":{"line":137,"column":null}},{"start":{},"end":{}}],"line":127},"25":{"loc":{"start":{"line":127,"column":12},"end":{"line":127,"column":53}},"type":"binary-expr","locations":[{"start":{"line":127,"column":12},"end":{"line":127,"column":39}},{"start":{"line":127,"column":39},"end":{"line":127,"column":53}}],"line":127},"26":{"loc":{"start":{"line":131,"column":29},"end":{"line":131,"column":52}},"type":"binary-expr","locations":[{"start":{"line":131,"column":29},"end":{"line":131,"column":44}},{"start":{"line":131,"column":44},"end":{"line":131,"column":52}}],"line":131},"27":{"loc":{"start":{"line":132,"column":15},"end":{"line":132,"column":null}},"type":"cond-expr","locations":[{"start":{"line":132,"column":28},"end":{"line":132,"column":49}},{"start":{"line":132,"column":49},"end":{"line":132,"column":null}}],"line":132},"28":{"loc":{"start":{"line":133,"column":20},"end":{"line":133,"column":null}},"type":"cond-expr","locations":[{"start":{"line":133,"column":38},"end":{"line":133,"column":64}},{"start":{"line":133,"column":64},"end":{"line":133,"column":null}}],"line":133},"29":{"loc":{"start":{"line":148,"column":12},"end":{"line":210,"column":null}},"type":"if","locations":[{"start":{"line":148,"column":12},"end":{"line":210,"column":null}},{"start":{"line":157,"column":12},"end":{"line":210,"column":null}}],"line":148},"30":{"loc":{"start":{"line":149,"column":6},"end":{"line":156,"column":null}},"type":"if","locations":[{"start":{"line":149,"column":6},"end":{"line":156,"column":null}},{"start":{},"end":{}}],"line":149},"31":{"loc":{"start":{"line":157,"column":12},"end":{"line":210,"column":null}},"type":"if","locations":[{"start":{"line":157,"column":12},"end":{"line":210,"column":null}},{"start":{},"end":{}}],"line":157},"32":{"loc":{"start":{"line":160,"column":6},"end":{"line":192,"column":null}},"type":"if","locations":[{"start":{"line":160,"column":6},"end":{"line":192,"column":null}},{"start":{},"end":{}}],"line":160},"33":{"loc":{"start":{"line":162,"column":7},"end":{"line":191,"column":null}},"type":"if","locations":[{"start":{"line":162,"column":7},"end":{"line":191,"column":null}},{"start":{"line":188,"column":14},"end":{"line":191,"column":null}}],"line":162},"34":{"loc":{"start":{"line":166,"column":15},"end":{"line":166,"column":null}},"type":"binary-expr","locations":[{"start":{"line":166,"column":28},"end":{"line":166,"column":95}},{"start":{"line":166,"column":95},"end":{"line":166,"column":null}}],"line":166},"35":{"loc":{"start":{"line":166,"column":28},"end":{"line":166,"column":95}},"type":"cond-expr","locations":[{"start":{"line":166,"column":47},"end":{"line":166,"column":81}},{"start":{"line":166,"column":81},"end":{"line":166,"column":95}}],"line":166},"36":{"loc":{"start":{"line":167,"column":9},"end":{"line":183,"column":null}},"type":"if","locations":[{"start":{"line":167,"column":9},"end":{"line":183,"column":null}},{"start":{"line":180,"column":16},"end":{"line":183,"column":null}}],"line":167},"37":{"loc":{"start":{"line":169,"column":24},"end":{"line":169,"column":66}},"type":"binary-expr","locations":[{"start":{"line":169,"column":24},"end":{"line":169,"column":53}},{"start":{"line":169,"column":53},"end":{"line":169,"column":66}}],"line":169},"38":{"loc":{"start":{"line":172,"column":28},"end":{"line":172,"column":null}},"type":"binary-expr","locations":[{"start":{"line":172,"column":28},"end":{"line":172,"column":64}},{"start":{"line":172,"column":64},"end":{"line":172,"column":null}}],"line":172},"39":{"loc":{"start":{"line":181,"column":56},"end":{"line":181,"column":86}},"type":"binary-expr","locations":[{"start":{"line":181,"column":56},"end":{"line":181,"column":76}},{"start":{"line":181,"column":76},"end":{"line":181,"column":86}}],"line":181},"40":{"loc":{"start":{"line":186,"column":82},"end":{"line":186,"column":111}},"type":"binary-expr","locations":[{"start":{"line":186,"column":82},"end":{"line":186,"column":98}},{"start":{"line":186,"column":98},"end":{"line":186,"column":111}}],"line":186},"41":{"loc":{"start":{"line":188,"column":14},"end":{"line":191,"column":null}},"type":"if","locations":[{"start":{"line":188,"column":14},"end":{"line":191,"column":null}},{"start":{},"end":{}}],"line":188},"42":{"loc":{"start":{"line":194,"column":6},"end":{"line":205,"column":null}},"type":"if","locations":[{"start":{"line":194,"column":6},"end":{"line":205,"column":null}},{"start":{"line":196,"column":13},"end":{"line":205,"column":null}}],"line":194},"43":{"loc":{"start":{"line":196,"column":13},"end":{"line":205,"column":null}},"type":"if","locations":[{"start":{"line":196,"column":13},"end":{"line":205,"column":null}},{"start":{"line":203,"column":13},"end":{"line":205,"column":null}}],"line":196},"44":{"loc":{"start":{"line":196,"column":17},"end":{"line":196,"column":74}},"type":"binary-expr","locations":[{"start":{"line":196,"column":17},"end":{"line":196,"column":39}},{"start":{"line":196,"column":39},"end":{"line":196,"column":74}}],"line":196},"45":{"loc":{"start":{"line":207,"column":6},"end":{"line":209,"column":null}},"type":"if","locations":[{"start":{"line":207,"column":6},"end":{"line":209,"column":null}},{"start":{},"end":{}}],"line":207},"46":{"loc":{"start":{"line":212,"column":5},"end":{"line":224,"column":null}},"type":"if","locations":[{"start":{"line":212,"column":5},"end":{"line":224,"column":null}},{"start":{},"end":{}}],"line":212},"47":{"loc":{"start":{"line":227,"column":5},"end":{"line":231,"column":null}},"type":"if","locations":[{"start":{"line":227,"column":5},"end":{"line":231,"column":null}},{"start":{},"end":{}}],"line":227},"48":{"loc":{"start":{"line":227,"column":9},"end":{"line":227,"column":70}},"type":"binary-expr","locations":[{"start":{"line":227,"column":9},"end":{"line":227,"column":33}},{"start":{"line":227,"column":33},"end":{"line":227,"column":70}}],"line":227},"49":{"loc":{"start":{"line":237,"column":2},"end":{"line":361,"column":null}},"type":"if","locations":[{"start":{"line":237,"column":2},"end":{"line":361,"column":null}},{"start":{},"end":{}}],"line":237},"50":{"loc":{"start":{"line":241,"column":4},"end":{"line":299,"column":null}},"type":"if","locations":[{"start":{"line":241,"column":4},"end":{"line":299,"column":null}},{"start":{},"end":{}}],"line":241},"51":{"loc":{"start":{"line":247,"column":6},"end":{"line":258,"column":null}},"type":"if","locations":[{"start":{"line":247,"column":6},"end":{"line":258,"column":null}},{"start":{"line":251,"column":13},"end":{"line":258,"column":null}}],"line":247},"52":{"loc":{"start":{"line":249,"column":8},"end":{"line":249,"column":null}},"type":"if","locations":[{"start":{"line":249,"column":8},"end":{"line":249,"column":null}},{"start":{},"end":{}}],"line":249},"53":{"loc":{"start":{"line":254,"column":8},"end":{"line":256,"column":null}},"type":"if","locations":[{"start":{"line":254,"column":8},"end":{"line":256,"column":null}},{"start":{},"end":{}}],"line":254},"54":{"loc":{"start":{"line":254,"column":12},"end":{"line":254,"column":53}},"type":"binary-expr","locations":[{"start":{"line":254,"column":12},"end":{"line":254,"column":20}},{"start":{"line":254,"column":12},"end":{"line":254,"column":53}}],"line":254},"55":{"loc":{"start":{"line":262,"column":7},"end":{"line":262,"column":null}},"type":"if","locations":[{"start":{"line":262,"column":7},"end":{"line":262,"column":null}},{"start":{},"end":{}}],"line":262},"56":{"loc":{"start":{"line":265,"column":22},"end":{"line":265,"column":null}},"type":"binary-expr","locations":[{"start":{"line":265,"column":22},"end":{"line":265,"column":48}},{"start":{"line":265,"column":48},"end":{"line":265,"column":null}}],"line":265},"57":{"loc":{"start":{"line":274,"column":8},"end":{"line":276,"column":null}},"type":"if","locations":[{"start":{"line":274,"column":8},"end":{"line":276,"column":null}},{"start":{},"end":{}}],"line":274},"58":{"loc":{"start":{"line":286,"column":17},"end":{"line":286,"column":null}},"type":"binary-expr","locations":[{"start":{"line":286,"column":17},"end":{"line":286,"column":38}},{"start":{"line":286,"column":38},"end":{"line":286,"column":null}}],"line":286},"59":{"loc":{"start":{"line":304,"column":4},"end":{"line":359,"column":null}},"type":"if","locations":[{"start":{"line":304,"column":4},"end":{"line":359,"column":null}},{"start":{},"end":{}}],"line":304},"60":{"loc":{"start":{"line":305,"column":28},"end":{"line":309,"column":null}},"type":"binary-expr","locations":[{"start":{"line":305,"column":28},"end":{"line":305,"column":null}},{"start":{"line":306,"column":9},"end":{"line":309,"column":null}}],"line":305},"61":{"loc":{"start":{"line":305,"column":45},"end":{"line":305,"column":134}},"type":"binary-expr","locations":[{"start":{"line":305,"column":45},"end":{"line":305,"column":93}},{"start":{"line":305,"column":93},"end":{"line":305,"column":134}}],"line":305},"62":{"loc":{"start":{"line":308,"column":14},"end":{"line":308,"column":null}},"type":"binary-expr","locations":[{"start":{"line":308,"column":14},"end":{"line":308,"column":56}},{"start":{"line":308,"column":56},"end":{"line":308,"column":null}}],"line":308},"63":{"loc":{"start":{"line":311,"column":5},"end":{"line":358,"column":null}},"type":"if","locations":[{"start":{"line":311,"column":5},"end":{"line":358,"column":null}},{"start":{},"end":{}}],"line":311},"64":{"loc":{"start":{"line":321,"column":9},"end":{"line":351,"column":null}},"type":"if","locations":[{"start":{"line":321,"column":9},"end":{"line":351,"column":null}},{"start":{},"end":{}}],"line":321},"65":{"loc":{"start":{"line":332,"column":11},"end":{"line":334,"column":null}},"type":"if","locations":[{"start":{"line":332,"column":11},"end":{"line":334,"column":null}},{"start":{},"end":{}}],"line":332},"66":{"loc":{"start":{"line":337,"column":10},"end":{"line":350,"column":null}},"type":"if","locations":[{"start":{"line":337,"column":10},"end":{"line":350,"column":null}},{"start":{},"end":{}}],"line":337},"67":{"loc":{"start":{"line":344,"column":21},"end":{"line":344,"column":null}},"type":"binary-expr","locations":[{"start":{"line":344,"column":21},"end":{"line":344,"column":42}},{"start":{"line":344,"column":42},"end":{"line":344,"column":null}}],"line":344},"68":{"loc":{"start":{"line":356,"column":80},"end":{"line":356,"column":109}},"type":"binary-expr","locations":[{"start":{"line":356,"column":80},"end":{"line":356,"column":96}},{"start":{"line":356,"column":96},"end":{"line":356,"column":109}}],"line":356},"69":{"loc":{"start":{"line":365,"column":23},"end":{"line":365,"column":null}},"type":"binary-expr","locations":[{"start":{"line":365,"column":23},"end":{"line":365,"column":59}},{"start":{"line":365,"column":59},"end":{"line":365,"column":null}}],"line":365},"70":{"loc":{"start":{"line":366,"column":3},"end":{"line":368,"column":null}},"type":"if","locations":[{"start":{"line":366,"column":3},"end":{"line":368,"column":null}},{"start":{},"end":{}}],"line":366},"71":{"loc":{"start":{"line":375,"column":18},"end":{"line":375,"column":null}},"type":"binary-expr","locations":[{"start":{"line":375,"column":18},"end":{"line":375,"column":44}},{"start":{"line":375,"column":44},"end":{"line":375,"column":null}}],"line":375},"72":{"loc":{"start":{"line":378,"column":4},"end":{"line":384,"column":null}},"type":"if","locations":[{"start":{"line":378,"column":4},"end":{"line":384,"column":null}},{"start":{},"end":{}}],"line":378},"73":{"loc":{"start":{"line":378,"column":8},"end":{"line":378,"column":91}},"type":"binary-expr","locations":[{"start":{"line":378,"column":8},"end":{"line":378,"column":44}},{"start":{"line":378,"column":44},"end":{"line":378,"column":91}}],"line":378},"74":{"loc":{"start":{"line":380,"column":6},"end":{"line":382,"column":null}},"type":"if","locations":[{"start":{"line":380,"column":6},"end":{"line":382,"column":null}},{"start":{},"end":{}}],"line":380},"75":{"loc":{"start":{"line":389,"column":39},"end":{"line":389,"column":91}},"type":"binary-expr","locations":[{"start":{"line":389,"column":39},"end":{"line":389,"column":67}},{"start":{"line":389,"column":67},"end":{"line":389,"column":91}}],"line":389},"76":{"loc":{"start":{"line":391,"column":2},"end":{"line":393,"column":null}},"type":"if","locations":[{"start":{"line":391,"column":2},"end":{"line":393,"column":null}},{"start":{},"end":{}}],"line":391},"77":{"loc":{"start":{"line":391,"column":6},"end":{"line":391,"column":52}},"type":"binary-expr","locations":[{"start":{"line":391,"column":6},"end":{"line":391,"column":28}},{"start":{"line":391,"column":28},"end":{"line":391,"column":52}}],"line":391},"78":{"loc":{"start":{"line":402,"column":2},"end":{"line":405,"column":null}},"type":"if","locations":[{"start":{"line":402,"column":2},"end":{"line":405,"column":null}},{"start":{},"end":{}}],"line":402},"79":{"loc":{"start":{"line":409,"column":10},"end":{"line":409,"column":null}},"type":"binary-expr","locations":[{"start":{"line":409,"column":10},"end":{"line":409,"column":23}},{"start":{"line":409,"column":23},"end":{"line":409,"column":null}}],"line":409},"80":{"loc":{"start":{"line":431,"column":1},"end":{"line":431,"column":null}},"type":"if","locations":[{"start":{"line":431,"column":1},"end":{"line":431,"column":null}},{"start":{},"end":{}}],"line":431},"81":{"loc":{"start":{"line":435,"column":1},"end":{"line":473,"column":null}},"type":"if","locations":[{"start":{"line":435,"column":1},"end":{"line":473,"column":null}},{"start":{},"end":{}}],"line":435},"82":{"loc":{"start":{"line":437,"column":2},"end":{"line":472,"column":null}},"type":"if","locations":[{"start":{"line":437,"column":2},"end":{"line":472,"column":null}},{"start":{},"end":{}}],"line":437},"83":{"loc":{"start":{"line":439,"column":3},"end":{"line":471,"column":null}},"type":"if","locations":[{"start":{"line":439,"column":3},"end":{"line":471,"column":null}},{"start":{},"end":{}}],"line":439},"84":{"loc":{"start":{"line":441,"column":5},"end":{"line":469,"column":null}},"type":"if","locations":[{"start":{"line":441,"column":5},"end":{"line":469,"column":null}},{"start":{},"end":{}}],"line":441},"85":{"loc":{"start":{"line":443,"column":18},"end":{"line":443,"column":null}},"type":"binary-expr","locations":[{"start":{"line":443,"column":18},"end":{"line":443,"column":54}},{"start":{"line":443,"column":54},"end":{"line":443,"column":null}}],"line":443},"86":{"loc":{"start":{"line":450,"column":6},"end":{"line":459,"column":null}},"type":"if","locations":[{"start":{"line":450,"column":6},"end":{"line":459,"column":null}},{"start":{},"end":{}}],"line":450},"87":{"loc":{"start":{"line":454,"column":46},"end":{"line":454,"column":92}},"type":"binary-expr","locations":[{"start":{"line":454,"column":46},"end":{"line":454,"column":70}},{"start":{"line":454,"column":70},"end":{"line":454,"column":92}}],"line":454},"88":{"loc":{"start":{"line":455,"column":7},"end":{"line":457,"column":null}},"type":"if","locations":[{"start":{"line":455,"column":7},"end":{"line":457,"column":null}},{"start":{},"end":{}}],"line":455},"89":{"loc":{"start":{"line":455,"column":11},"end":{"line":455,"column":53}},"type":"binary-expr","locations":[{"start":{"line":455,"column":11},"end":{"line":455,"column":25}},{"start":{"line":455,"column":25},"end":{"line":455,"column":53}}],"line":455},"90":{"loc":{"start":{"line":485,"column":1},"end":{"line":490,"column":null}},"type":"if","locations":[{"start":{"line":485,"column":1},"end":{"line":490,"column":null}},{"start":{},"end":{}}],"line":485},"91":{"loc":{"start":{"line":487,"column":2},"end":{"line":489,"column":null}},"type":"if","locations":[{"start":{"line":487,"column":2},"end":{"line":489,"column":null}},{"start":{},"end":{}}],"line":487},"92":{"loc":{"start":{"line":487,"column":6},"end":{"line":487,"column":77}},"type":"binary-expr","locations":[{"start":{"line":487,"column":6},"end":{"line":487,"column":25}},{"start":{"line":487,"column":25},"end":{"line":487,"column":77}}],"line":487},"93":{"loc":{"start":{"line":492,"column":1},"end":{"line":503,"column":null}},"type":"if","locations":[{"start":{"line":492,"column":1},"end":{"line":503,"column":null}},{"start":{},"end":{}}],"line":492},"94":{"loc":{"start":{"line":492,"column":5},"end":{"line":492,"column":80}},"type":"binary-expr","locations":[{"start":{"line":492,"column":5},"end":{"line":492,"column":22}},{"start":{"line":492,"column":22},"end":{"line":492,"column":80}}],"line":492},"95":{"loc":{"start":{"line":494,"column":3},"end":{"line":501,"column":null}},"type":"if","locations":[{"start":{"line":494,"column":3},"end":{"line":501,"column":null}},{"start":{},"end":{}}],"line":494},"96":{"loc":{"start":{"line":497,"column":17},"end":{"line":497,"column":null}},"type":"binary-expr","locations":[{"start":{"line":497,"column":17},"end":{"line":497,"column":53}},{"start":{"line":497,"column":53},"end":{"line":497,"column":null}}],"line":497},"97":{"loc":{"start":{"line":518,"column":3},"end":{"line":534,"column":null}},"type":"if","locations":[{"start":{"line":518,"column":3},"end":{"line":534,"column":null}},{"start":{},"end":{}}],"line":518},"98":{"loc":{"start":{"line":518,"column":7},"end":{"line":518,"column":98}},"type":"binary-expr","locations":[{"start":{"line":518,"column":7},"end":{"line":518,"column":50}},{"start":{"line":518,"column":50},"end":{"line":518,"column":98}}],"line":518},"99":{"loc":{"start":{"line":520,"column":4},"end":{"line":533,"column":null}},"type":"if","locations":[{"start":{"line":520,"column":4},"end":{"line":533,"column":null}},{"start":{},"end":{}}],"line":520},"100":{"loc":{"start":{"line":520,"column":8},"end":{"line":520,"column":60}},"type":"binary-expr","locations":[{"start":{"line":520,"column":8},"end":{"line":520,"column":27}},{"start":{"line":520,"column":27},"end":{"line":520,"column":60}}],"line":520},"101":{"loc":{"start":{"line":522,"column":24},"end":{"line":522,"column":null}},"type":"cond-expr","locations":[{"start":{"line":522,"column":74},"end":{"line":522,"column":81}},{"start":{"line":522,"column":81},"end":{"line":522,"column":null}}],"line":522},"102":{"loc":{"start":{"line":523,"column":5},"end":{"line":532,"column":null}},"type":"if","locations":[{"start":{"line":523,"column":5},"end":{"line":532,"column":null}},{"start":{},"end":{}}],"line":523},"103":{"loc":{"start":{"line":525,"column":7},"end":{"line":530,"column":null}},"type":"if","locations":[{"start":{"line":525,"column":7},"end":{"line":530,"column":null}},{"start":{},"end":{}}],"line":525},"104":{"loc":{"start":{"line":527,"column":8},"end":{"line":529,"column":null}},"type":"if","locations":[{"start":{"line":527,"column":8},"end":{"line":529,"column":null}},{"start":{},"end":{}}],"line":527},"105":{"loc":{"start":{"line":527,"column":12},"end":{"line":527,"column":108}},"type":"binary-expr","locations":[{"start":{"line":527,"column":12},"end":{"line":527,"column":58}},{"start":{"line":527,"column":58},"end":{"line":527,"column":108}}],"line":527},"106":{"loc":{"start":{"line":541,"column":1},"end":{"line":564,"column":null}},"type":"if","locations":[{"start":{"line":541,"column":1},"end":{"line":564,"column":null}},{"start":{},"end":{}}],"line":541},"107":{"loc":{"start":{"line":544,"column":3},"end":{"line":562,"column":null}},"type":"if","locations":[{"start":{"line":544,"column":3},"end":{"line":562,"column":null}},{"start":{},"end":{}}],"line":544},"108":{"loc":{"start":{"line":546,"column":4},"end":{"line":561,"column":null}},"type":"if","locations":[{"start":{"line":546,"column":4},"end":{"line":561,"column":null}},{"start":{},"end":{}}],"line":546},"109":{"loc":{"start":{"line":548,"column":5},"end":{"line":560,"column":null}},"type":"if","locations":[{"start":{"line":548,"column":5},"end":{"line":560,"column":null}},{"start":{},"end":{}}],"line":548},"110":{"loc":{"start":{"line":551,"column":6},"end":{"line":559,"column":null}},"type":"if","locations":[{"start":{"line":551,"column":6},"end":{"line":559,"column":null}},{"start":{},"end":{}}],"line":551},"111":{"loc":{"start":{"line":554,"column":7},"end":{"line":558,"column":null}},"type":"if","locations":[{"start":{"line":554,"column":7},"end":{"line":558,"column":null}},{"start":{"line":556,"column":14},"end":{"line":558,"column":null}}],"line":554},"112":{"loc":{"start":{"line":554,"column":11},"end":{"line":554,"column":33}},"type":"binary-expr","locations":[{"start":{"line":554,"column":11},"end":{"line":554,"column":22}},{"start":{"line":554,"column":22},"end":{"line":554,"column":33}}],"line":554},"113":{"loc":{"start":{"line":570,"column":2},"end":{"line":606,"column":null}},"type":"if","locations":[{"start":{"line":570,"column":2},"end":{"line":606,"column":null}},{"start":{},"end":{}}],"line":570},"114":{"loc":{"start":{"line":570,"column":6},"end":{"line":570,"column":97}},"type":"binary-expr","locations":[{"start":{"line":570,"column":6},"end":{"line":570,"column":49}},{"start":{"line":570,"column":49},"end":{"line":570,"column":97}}],"line":570},"115":{"loc":{"start":{"line":572,"column":3},"end":{"line":605,"column":null}},"type":"if","locations":[{"start":{"line":572,"column":3},"end":{"line":605,"column":null}},{"start":{},"end":{}}],"line":572},"116":{"loc":{"start":{"line":572,"column":7},"end":{"line":572,"column":59}},"type":"binary-expr","locations":[{"start":{"line":572,"column":7},"end":{"line":572,"column":26}},{"start":{"line":572,"column":26},"end":{"line":572,"column":59}}],"line":572},"117":{"loc":{"start":{"line":574,"column":23},"end":{"line":574,"column":null}},"type":"cond-expr","locations":[{"start":{"line":574,"column":73},"end":{"line":574,"column":80}},{"start":{"line":574,"column":80},"end":{"line":574,"column":null}}],"line":574},"118":{"loc":{"start":{"line":576,"column":4},"end":{"line":604,"column":null}},"type":"if","locations":[{"start":{"line":576,"column":4},"end":{"line":604,"column":null}},{"start":{},"end":{}}],"line":576},"119":{"loc":{"start":{"line":578,"column":6},"end":{"line":602,"column":null}},"type":"if","locations":[{"start":{"line":578,"column":6},"end":{"line":602,"column":null}},{"start":{},"end":{}}],"line":578},"120":{"loc":{"start":{"line":580,"column":7},"end":{"line":601,"column":null}},"type":"if","locations":[{"start":{"line":580,"column":7},"end":{"line":601,"column":null}},{"start":{},"end":{}}],"line":580},"121":{"loc":{"start":{"line":583,"column":8},"end":{"line":600,"column":null}},"type":"if","locations":[{"start":{"line":583,"column":8},"end":{"line":600,"column":null}},{"start":{},"end":{}}],"line":583},"122":{"loc":{"start":{"line":588,"column":9},"end":{"line":597,"column":null}},"type":"if","locations":[{"start":{"line":588,"column":9},"end":{"line":597,"column":null}},{"start":{"line":590,"column":16},"end":{"line":597,"column":null}}],"line":588},"123":{"loc":{"start":{"line":590,"column":16},"end":{"line":597,"column":null}},"type":"if","locations":[{"start":{"line":590,"column":16},"end":{"line":597,"column":null}},{"start":{},"end":{}}],"line":590},"124":{"loc":{"start":{"line":592,"column":10},"end":{"line":596,"column":null}},"type":"if","locations":[{"start":{"line":592,"column":10},"end":{"line":596,"column":null}},{"start":{"line":594,"column":17},"end":{"line":596,"column":null}}],"line":592},"125":{"loc":{"start":{"line":621,"column":1},"end":{"line":621,"column":null}},"type":"default-arg","locations":[{"start":{"line":621,"column":50},"end":{"line":621,"column":null}}],"line":621},"126":{"loc":{"start":{"line":622,"column":1},"end":{"line":622,"column":null}},"type":"default-arg","locations":[{"start":{"line":622,"column":24},"end":{"line":622,"column":null}}],"line":622},"127":{"loc":{"start":{"line":623,"column":1},"end":{"line":623,"column":null}},"type":"default-arg","locations":[{"start":{"line":623,"column":24},"end":{"line":623,"column":null}}],"line":623},"128":{"loc":{"start":{"line":625,"column":37},"end":{"line":625,"column":null}},"type":"binary-expr","locations":[{"start":{"line":625,"column":37},"end":{"line":625,"column":46}},{"start":{"line":625,"column":46},"end":{"line":625,"column":null}}],"line":625},"129":{"loc":{"start":{"line":625,"column":46},"end":{"line":625,"column":null}},"type":"cond-expr","locations":[{"start":{"line":625,"column":58},"end":{"line":625,"column":64}},{"start":{"line":625,"column":64},"end":{"line":625,"column":null}}],"line":625},"130":{"loc":{"start":{"line":626,"column":1},"end":{"line":626,"column":null}},"type":"if","locations":[{"start":{"line":626,"column":1},"end":{"line":626,"column":null}},{"start":{},"end":{}}],"line":626},"131":{"loc":{"start":{"line":626,"column":5},"end":{"line":626,"column":56}},"type":"binary-expr","locations":[{"start":{"line":626,"column":5},"end":{"line":626,"column":26}},{"start":{"line":626,"column":26},"end":{"line":626,"column":56}}],"line":626},"132":{"loc":{"start":{"line":628,"column":19},"end":{"line":628,"column":null}},"type":"cond-expr","locations":[{"start":{"line":628,"column":31},"end":{"line":628,"column":58}},{"start":{"line":628,"column":58},"end":{"line":628,"column":null}}],"line":628},"133":{"loc":{"start":{"line":637,"column":9},"end":{"line":637,"column":null}},"type":"binary-expr","locations":[{"start":{"line":637,"column":9},"end":{"line":637,"column":18}},{"start":{"line":637,"column":18},"end":{"line":637,"column":null}}],"line":637},"134":{"loc":{"start":{"line":637,"column":18},"end":{"line":637,"column":null}},"type":"cond-expr","locations":[{"start":{"line":637,"column":37},"end":{"line":637,"column":47}},{"start":{"line":637,"column":47},"end":{"line":637,"column":null}}],"line":637},"135":{"loc":{"start":{"line":639,"column":9},"end":{"line":641,"column":null}},"type":"cond-expr","locations":[{"start":{"line":640,"column":5},"end":{"line":640,"column":null}},{"start":{"line":641,"column":5},"end":{"line":641,"column":null}}],"line":639}},"s":{"0":1,"1":95,"2":44,"3":51,"4":6,"5":45,"6":45,"7":0,"8":45,"9":45,"10":0,"11":45,"12":233,"13":233,"14":233,"15":233,"16":233,"17":233,"18":233,"19":233,"20":233,"21":233,"22":131,"23":131,"24":131,"25":131,"26":0,"27":0,"28":0,"29":0,"30":131,"31":9,"32":10,"33":9,"34":233,"35":233,"36":233,"37":233,"38":603,"39":603,"40":603,"41":603,"42":603,"43":603,"44":648,"45":648,"46":560,"47":603,"48":3,"49":3,"50":603,"51":91,"52":603,"53":583,"54":583,"55":583,"56":583,"57":583,"58":301,"59":282,"60":97,"61":95,"62":263,"63":1,"64":1,"65":262,"66":2,"67":185,"68":93,"69":93,"70":176,"71":92,"72":90,"73":90,"74":90,"75":89,"76":89,"77":1,"78":1,"79":1,"80":1,"81":1,"82":1,"83":3,"84":2,"85":1,"86":2,"87":2,"88":0,"89":0,"90":0,"91":0,"92":88,"93":44,"94":44,"95":90,"96":1,"97":89,"98":84,"99":252,"100":5,"101":90,"102":44,"103":583,"104":581,"105":583,"106":89,"107":175,"108":233,"109":57,"110":6,"111":6,"112":5,"113":5,"114":5,"115":5,"116":5,"117":0,"118":0,"119":0,"120":5,"121":6,"122":6,"123":6,"124":5,"125":6,"126":6,"127":7,"128":0,"129":6,"130":6,"131":6,"132":6,"133":0,"134":0,"135":0,"136":6,"137":6,"138":0,"139":57,"140":9,"141":2,"142":1,"143":2,"144":2,"145":2,"146":1,"147":1,"148":1,"149":1,"150":1,"151":1,"152":1,"153":1,"154":1,"155":1,"156":1,"157":1,"158":1,"159":0,"160":0,"161":0,"162":1,"163":0,"164":1,"165":1,"166":0,"167":0,"168":233,"169":590,"170":590,"171":307,"172":233,"173":588,"174":233,"175":590,"176":590,"177":590,"178":645,"179":645,"180":89,"181":175,"182":2,"183":233,"184":220,"185":233,"186":3,"187":230,"188":0,"189":0,"190":0,"191":0,"192":0,"193":0,"194":0,"195":0,"196":233,"197":7,"198":7,"199":0,"200":308,"201":308,"202":308,"203":0,"204":308,"205":308,"206":308,"207":308,"208":308,"209":308,"210":308,"211":726,"212":726,"213":726,"214":726,"215":726,"216":726,"217":726,"218":726,"219":726,"220":726,"221":726,"222":704,"223":726,"224":694,"225":726,"226":704,"227":726,"228":2,"229":726,"230":704,"231":726,"232":308,"233":7,"234":7,"235":7,"236":7,"237":0,"238":0,"239":0,"240":7,"241":7,"242":3,"243":3,"244":7,"245":307,"246":307,"247":7,"248":7,"249":36,"250":36,"251":11,"252":11,"253":6,"254":6,"255":6,"256":6,"257":9,"258":9,"259":9,"260":6,"261":1,"262":307,"263":307,"264":307,"265":307,"266":1427,"267":24,"268":24,"269":24,"270":24,"271":24,"272":24,"273":24,"274":24,"275":24,"276":24,"277":24,"278":24,"279":0,"280":307,"281":307,"282":1026,"283":1026,"284":52,"285":52,"286":16,"287":16,"288":16,"289":16,"290":21,"291":21,"292":21,"293":21,"294":21,"295":21,"296":21,"297":21,"298":21,"299":14,"300":7,"301":7,"302":7,"303":2,"304":5,"305":21,"306":220,"307":220,"308":161,"309":0,"310":220,"311":220},"f":{"0":1,"1":95,"2":233,"3":10,"4":263,"5":176,"6":3,"7":2,"8":1,"9":252,"10":7,"11":1,"12":2,"13":0,"14":588,"15":220,"16":308,"17":704,"18":694,"19":704,"20":704,"21":7,"22":307,"23":7,"24":24,"25":220,"26":161},"b":{"0":[44,51],"1":[95,51],"2":[6,45],"3":[0,45],"4":[0,45],"5":[131,122],"6":[0,131],"7":[131,122,0],"8":[0,0],"9":[9,122],"10":[10,9],"11":[9,0],"12":[301,302],"13":[560,88],"14":[3,600],"15":[3,0],"16":[91,512],"17":[583,20],"18":[603,302,205,115,22],"19":[583,0],"20":[0,0],"21":[301,282],"22":[97,185],"23":[95,2],"24":[1,262],"25":[263,1],"26":[1,0],"27":[1,0],"28":[1,0],"29":[93,92],"30":[93,0],"31":[90,2],"32":[89,1],"33":[1,88],"34":[1,0],"35":[1,0],"36":[1,0],"37":[3,1],"38":[2,0],"39":[0,0],"40":[0,0],"41":[44,44],"42":[1,89],"43":[84,5],"44":[89,84],"45":[44,46],"46":[581,2],"47":[89,494],"48":[583,89],"49":[57,176],"50":[5,1],"51":[0,5],"52":[0,0],"53":[6,0],"54":[6,6],"55":[0,6],"56":[6,0],"57":[0,0],"58":[6,0],"59":[2,7],"60":[2,2],"61":[1,0],"62":[2,1],"63":[1,1],"64":[1,0],"65":[0,0],"66":[1,0],"67":[1,0],"68":[0,0],"69":[590,0],"70":[307,283],"71":[590,0],"72":[89,556],"73":[645,89],"74":[2,173],"75":[220,220],"76":[3,230],"77":[233,3],"78":[0,0],"79":[0,0],"80":[0,308],"81":[308,0],"82":[308,0],"83":[308,0],"84":[726,0],"85":[726,0],"86":[726,0],"87":[704,702],"88":[2,724],"89":[726,2],"90":[0,7],"91":[0,0],"92":[0,0],"93":[7,0],"94":[7,7],"95":[3,0],"96":[3,0],"97":[11,25],"98":[36,36],"99":[6,5],"100":[11,11],"101":[0,6],"102":[6,0],"103":[9,0],"104":[6,3],"105":[9,9],"106":[307,0],"107":[24,1403],"108":[24,0],"109":[24,0],"110":[24,0],"111":[24,0],"112":[24,24],"113":[52,974],"114":[1026,552],"115":[16,36],"116":[52,52],"117":[0,16],"118":[16,0],"119":[21,0],"120":[21,0],"121":[21,0],"122":[14,7],"123":[7,0],"124":[2,5],"125":[220],"126":[220],"127":[220],"128":[220,175],"129":[175,0],"130":[0,220],"131":[220,220],"132":[192,28],"133":[220,175],"134":[175,0],"135":[192,28]},"meta":{"lastBranch":136,"lastFunction":27,"lastStatement":312,"seen":{"f:17:16:17:25":0,"s:18:1:18:Infinity":0,"f:24:16:24:34":1,"b:25:1:25:Infinity:undefined:undefined:undefined:undefined":0,"s:25:1:25:Infinity":1,"b:25:5:25:13:25:13:25:23":1,"s:25:23:25:Infinity":2,"b:26:1:26:Infinity:undefined:undefined:undefined:undefined":2,"s:26:1:26:Infinity":3,"s:26:23:26:Infinity":4,"s:27:15:27:Infinity":5,"b:28:1:28:Infinity:undefined:undefined:undefined:undefined":3,"s:28:1:28:Infinity":6,"s:28:21:28:Infinity":7,"s:29:18:29:Infinity":8,"b:30:1:30:Infinity:undefined:undefined:undefined:undefined":4,"s:30:1:30:Infinity":9,"s:30:24:30:Infinity":10,"s:31:1:31:Infinity":11,"f:38:16:38:Infinity":2,"s:44:39:44:Infinity":12,"s:45:30:45:Infinity":13,"s:46:1:422:Infinity":14,"s:48:24:48:Infinity":15,"s:49:24:49:Infinity":16,"s:50:34:50:Infinity":17,"s:51:29:51:Infinity":18,"s:54:73:54:Infinity":19,"s:55:22:55:Infinity":20,"s:56:2:77:Infinity":21,"s:57:21:57:Infinity":22,"s:58:20:58:Infinity":23,"b:58:20:58:49:58:49:58:Infinity":5,"s:59:22:59:Infinity":24,"b:61:3:67:Infinity:undefined:undefined:undefined:undefined":6,"s:61:3:67:Infinity":25,"b:61:7:61:22:61:22:61:31:61:31:61:45":7,"s:62:10:62:Infinity":26,"b:63:4:66:Infinity:undefined:undefined:undefined:undefined":8,"s:63:4:66:Infinity":27,"s:64:5:64:Infinity":28,"s:65:5:65:Infinity":29,"b:69:3:76:Infinity:undefined:undefined:undefined:undefined":9,"s:69:3:76:Infinity":30,"s:70:18:70:Infinity":31,"f:70:40:70:44":3,"s:70:50:70:94":32,"b:70:50:70:82:70:82:70:94":10,"s:72:4:75:Infinity":33,"b:74:37:74:45:74:45:74:Infinity":11,"s:80:29:80:Infinity":34,"s:81:28:81:Infinity":35,"s:82:41:82:Infinity":36,"s:84:2:234:Infinity":37,"s:85:24:85:Infinity":38,"s:86:3:233:Infinity":39,"s:87:10:87:Infinity":40,"s:90:19:90:Infinity":41,"s:91:26:95:Infinity":42,"b:94:23:94:30:94:30:94:Infinity":12,"s:97:4:102:Infinity":43,"s:98:11:98:Infinity":44,"b:99:5:101:Infinity:undefined:undefined:undefined:undefined":13,"s:99:5:101:Infinity":45,"s:100:6:100:Infinity":46,"b:104:4:108:Infinity:undefined:undefined:undefined:undefined":14,"s:104:4:108:Infinity":47,"b:105:5:107:Infinity:undefined:undefined:undefined:undefined":15,"s:105:5:107:Infinity":48,"s:106:6:106:Infinity":49,"b:110:4:112:Infinity:undefined:undefined:undefined:undefined":16,"s:110:4:112:Infinity":50,"s:111:5:111:Infinity":51,"b:115:4:232:Infinity:undefined:undefined:undefined:undefined":17,"s:115:4:232:Infinity":52,"b:115:8:115:19:115:19:115:49:115:49:115:79:115:79:115:109:115:109:115:141":18,"s:116:23:116:Infinity":53,"s:117:20:117:Infinity":54,"b:117:20:117:42:117:42:117:Infinity":19,"b:117:52:117:59:117:59:117:Infinity":20,"s:119:5:119:Infinity":55,"s:121:26:121:Infinity":56,"b:122:5:210:Infinity:124:12:210:Infinity":21,"s:122:5:210:Infinity":57,"s:123:6:123:Infinity":58,"b:124:12:210:Infinity:148:12:210:Infinity":22,"s:124:12:210:Infinity":59,"b:125:6:147:Infinity:145:13:147:Infinity":23,"s:125:6:147:Infinity":60,"s:126:7:144:Infinity":61,"f:126:51:126:56":4,"b:127:8:137:Infinity:undefined:undefined:undefined:undefined":24,"s:127:8:137:Infinity":62,"b:127:12:127:39:127:39:127:53":25,"s:128:24:128:Infinity":63,"s:129:9:136:Infinity":64,"b:131:29:131:44:131:44:131:52":26,"b:132:28:132:49:132:49:132:Infinity":27,"b:133:38:133:64:133:64:133:Infinity":28,"s:138:8:143:Infinity":65,"s:146:7:146:Infinity":66,"b:148:12:210:Infinity:157:12:210:Infinity":29,"s:148:12:210:Infinity":67,"b:149:6:156:Infinity:undefined:undefined:undefined:undefined":30,"s:149:6:156:Infinity":68,"s:150:7:155:Infinity":69,"f:150:52:150:57":5,"s:150:75:155:9":70,"b:157:12:210:Infinity:undefined:undefined:undefined:undefined":31,"s:157:12:210:Infinity":71,"s:158:29:158:Infinity":72,"s:159:51:159:Infinity":73,"b:160:6:192:Infinity:undefined:undefined:undefined:undefined":32,"s:160:6:192:Infinity":74,"s:161:27:161:Infinity":75,"b:162:7:191:Infinity:188:14:191:Infinity":33,"s:162:7:191:Infinity":76,"s:163:8:187:Infinity":77,"s:164:22:164:Infinity":78,"s:165:9:165:Infinity":79,"s:166:15:166:Infinity":80,"b:166:28:166:95:166:95:166:Infinity":34,"b:166:47:166:81:166:81:166:95":35,"b:167:9:183:Infinity:180:16:183:Infinity":36,"s:167:9:183:Infinity":81,"s:168:10:179:Infinity":82,"f:169:12:169:19":6,"s:169:24:169:66":83,"b:169:24:169:53:169:53:169:66":37,"f:170:12:170:16":7,"s:171:29:171:Infinity":84,"f:171:47:171:51":8,"s:171:56:171:67":85,"s:172:28:172:Infinity":86,"b:172:28:172:64:172:64:172:Infinity":38,"s:173:12:178:Infinity":87,"s:181:10:181:Infinity":88,"b:181:56:181:76:181:76:181:86":39,"s:182:10:182:Infinity":89,"s:185:9:185:Infinity":90,"s:186:9:186:Infinity":91,"b:186:82:186:98:186:98:186:111":40,"b:188:14:191:Infinity:undefined:undefined:undefined:undefined":41,"s:188:14:191:Infinity":92,"s:189:8:189:Infinity":93,"s:190:8:190:Infinity":94,"b:194:6:205:Infinity:196:13:205:Infinity":42,"s:194:6:205:Infinity":95,"s:195:7:195:Infinity":96,"b:196:13:205:Infinity:203:13:205:Infinity":43,"s:196:13:205:Infinity":97,"b:196:17:196:39:196:39:196:74":44,"s:197:7:202:Infinity":98,"f:197:36:197:41":9,"s:197:56:202:9":99,"s:204:7:204:Infinity":100,"b:207:6:209:Infinity:undefined:undefined:undefined:undefined":45,"s:207:6:209:Infinity":101,"s:208:7:208:Infinity":102,"b:212:5:224:Infinity:undefined:undefined:undefined:undefined":46,"s:212:5:224:Infinity":103,"s:213:6:223:Infinity":104,"b:227:5:231:Infinity:undefined:undefined:undefined:undefined":47,"s:227:5:231:Infinity":105,"b:227:9:227:33:227:33:227:70":48,"s:228:6:230:Infinity":106,"s:229:7:229:Infinity":107,"b:237:2:361:Infinity:undefined:undefined:undefined:undefined":49,"s:237:2:361:Infinity":108,"s:239:3:300:Infinity":109,"s:240:28:240:Infinity":110,"b:241:4:299:Infinity:undefined:undefined:undefined:undefined":50,"s:241:4:299:Infinity":111,"s:242:5:298:Infinity":112,"s:244:20:244:Infinity":113,"s:245:6:245:Infinity":114,"s:246:49:246:Infinity":115,"b:247:6:258:Infinity:251:13:258:Infinity":51,"s:247:6:258:Infinity":116,"s:248:7:250:Infinity":117,"b:249:8:249:Infinity:undefined:undefined:undefined:undefined":52,"s:249:8:249:Infinity":118,"s:249:42:249:Infinity":119,"s:252:7:257:Infinity":120,"s:253:21:253:Infinity":121,"b:254:8:256:Infinity:undefined:undefined:undefined:undefined":53,"s:254:8:256:Infinity":122,"b:254:12:254:20:254:12:254:53":54,"s:255:9:255:Infinity":123,"s:260:6:295:Infinity":124,"s:261:20:261:Infinity":125,"b:262:7:262:Infinity:undefined:undefined:undefined:undefined":55,"s:262:7:262:Infinity":126,"f:262:17:262:22":10,"s:262:27:262:40":127,"s:262:43:262:Infinity":128,"s:264:25:264:Infinity":129,"s:265:22:265:Infinity":130,"b:265:22:265:48:265:48:265:Infinity":56,"s:266:29:270:Infinity":131,"s:272:7:277:Infinity":132,"s:273:14:273:Infinity":133,"b:274:8:276:Infinity:undefined:undefined:undefined:undefined":57,"s:274:8:276:Infinity":134,"s:275:9:275:Infinity":135,"s:280:7:291:Infinity":136,"b:286:17:286:38:286:38:286:Infinity":58,"s:294:7:294:Infinity":137,"s:297:6:297:Infinity":138,"s:303:3:360:Infinity":139,"b:304:4:359:Infinity:undefined:undefined:undefined:undefined":59,"s:304:4:359:Infinity":140,"s:305:28:309:Infinity":141,"b:305:28:305:Infinity:306:9:309:Infinity":60,"f:305:34:305:39":11,"s:305:45:305:134":142,"b:305:45:305:93:305:93:305:134":61,"f:306:48:306:53":12,"s:307:22:307:Infinity":143,"s:308:7:308:Infinity":144,"b:308:14:308:56:308:56:308:Infinity":62,"b:311:5:358:Infinity:undefined:undefined:undefined:undefined":63,"s:311:5:358:Infinity":145,"s:312:6:357:Infinity":146,"s:313:24:313:Infinity":147,"s:314:7:314:Infinity":148,"s:316:34:316:Infinity":149,"s:317:7:353:Infinity":150,"s:318:29:318:Infinity":151,"s:319:8:352:Infinity":152,"s:320:15:320:Infinity":153,"b:321:9:351:Infinity:undefined:undefined:undefined:undefined":64,"s:321:9:351:Infinity":154,"s:322:28:322:Infinity":155,"s:323:25:323:Infinity":156,"s:324:32:328:Infinity":157,"s:330:10:335:Infinity":158,"s:331:17:331:Infinity":159,"b:332:11:334:Infinity:undefined:undefined:undefined:undefined":65,"s:332:11:334:Infinity":160,"s:333:12:333:Infinity":161,"b:337:10:350:Infinity:undefined:undefined:undefined:undefined":66,"s:337:10:350:Infinity":162,"f:337:21:337:26":13,"s:337:31:337:49":163,"s:338:11:348:Infinity":164,"b:344:21:344:42:344:42:344:Infinity":67,"s:349:11:349:Infinity":165,"s:355:7:355:Infinity":166,"s:356:7:356:Infinity":167,"b:356:80:356:96:356:96:356:109":68,"s:364:2:369:Infinity":168,"s:365:23:365:Infinity":169,"b:365:23:365:59:365:59:365:Infinity":69,"b:366:3:368:Infinity:undefined:undefined:undefined:undefined":70,"s:366:3:368:Infinity":170,"s:367:4:367:Infinity":171,"s:372:21:372:Infinity":172,"f:372:35:372:39":14,"s:372:44:372:48":173,"s:373:2:386:Infinity":174,"s:374:21:374:Infinity":175,"s:375:18:375:Infinity":176,"b:375:18:375:44:375:44:375:Infinity":71,"s:376:3:385:Infinity":177,"s:377:10:377:Infinity":178,"b:378:4:384:Infinity:undefined:undefined:undefined:undefined":72,"s:378:4:384:Infinity":179,"b:378:8:378:44:378:44:378:91":73,"s:379:5:383:Infinity":180,"b:380:6:382:Infinity:undefined:undefined:undefined:undefined":74,"s:380:6:382:Infinity":181,"s:381:7:381:Infinity":182,"s:389:21:389:Infinity":183,"f:389:27:389:34":15,"s:389:39:389:91":184,"b:389:39:389:67:389:67:389:91":75,"b:391:2:393:Infinity:undefined:undefined:undefined:undefined":76,"s:391:2:393:Infinity":185,"b:391:6:391:28:391:28:391:52":77,"s:392:3:392:Infinity":186,"s:395:2:395:Infinity":187,"s:397:2:397:Infinity":188,"s:399:13:399:Infinity":189,"s:400:15:400:Infinity":190,"s:401:16:401:Infinity":191,"b:402:2:405:Infinity:undefined:undefined:undefined:undefined":78,"s:402:2:405:Infinity":192,"s:403:3:403:Infinity":193,"s:404:3:404:Infinity":194,"s:407:2:413:Infinity":195,"b:409:10:409:23:409:23:409:Infinity":79,"s:415:2:421:Infinity":196,"s:416:3:420:Infinity":197,"s:417:4:417:Infinity":198,"s:419:4:419:Infinity":199,"f:428:16:428:31":16,"s:429:24:429:Infinity":200,"s:430:21:430:Infinity":201,"b:431:1:431:Infinity:undefined:undefined:undefined:undefined":80,"s:431:1:431:Infinity":202,"s:431:19:431:Infinity":203,"s:433:5:433:Infinity":204,"b:435:1:473:Infinity:undefined:undefined:undefined:undefined":81,"s:435:1:473:Infinity":205,"s:436:15:436:Infinity":206,"b:437:2:472:Infinity:undefined:undefined:undefined:undefined":82,"s:437:2:472:Infinity":207,"s:438:18:438:Infinity":208,"b:439:3:471:Infinity:undefined:undefined:undefined:undefined":83,"s:439:3:471:Infinity":209,"s:440:4:470:Infinity":210,"b:441:5:469:Infinity:undefined:undefined:undefined:undefined":84,"s:441:5:469:Infinity":211,"s:442:19:442:Infinity":212,"s:443:18:443:Infinity":213,"b:443:18:443:54:443:54:443:Infinity":85,"s:444:23:444:Infinity":214,"s:445:17:445:Infinity":215,"s:446:20:446:Infinity":216,"s:447:43:447:Infinity":217,"s:448:25:448:Infinity":218,"b:450:6:459:Infinity:undefined:undefined:undefined:undefined":86,"s:450:6:459:Infinity":219,"s:451:15:451:Infinity":220,"s:452:7:452:Infinity":221,"f:452:24:452:29":17,"s:452:34:452:57":222,"s:453:7:453:Infinity":223,"f:453:27:453:32":18,"s:453:37:453:57":224,"s:454:26:454:Infinity":225,"f:454:36:454:41":19,"s:454:46:454:92":226,"b:454:46:454:70:454:70:454:92":87,"b:455:7:457:Infinity:undefined:undefined:undefined:undefined":88,"s:455:7:457:Infinity":227,"b:455:11:455:25:455:25:455:53":89,"s:456:8:456:Infinity":228,"s:458:7:458:Infinity":229,"f:458:32:458:37":20,"s:458:42:458:65":230,"s:461:6:468:Infinity":231,"s:474:1:474:Infinity":232,"f:480:16:480:36":21,"s:481:23:481:Infinity":233,"s:482:21:482:Infinity":234,"s:483:26:483:Infinity":235,"b:485:1:490:Infinity:undefined:undefined:undefined:undefined":90,"s:485:1:490:Infinity":236,"s:486:15:486:Infinity":237,"b:487:2:489:Infinity:undefined:undefined:undefined:undefined":91,"s:487:2:489:Infinity":238,"b:487:6:487:25:487:25:487:77":92,"s:488:3:488:Infinity":239,"b:492:1:503:Infinity:undefined:undefined:undefined:undefined":93,"s:492:1:503:Infinity":240,"b:492:5:492:22:492:22:492:80":94,"s:493:2:502:Infinity":241,"b:494:3:501:Infinity:undefined:undefined:undefined:undefined":95,"s:494:3:501:Infinity":242,"s:495:4:500:Infinity":243,"b:497:17:497:53:497:53:497:Infinity":96,"s:504:1:504:Infinity":244,"f:510:16:510:33":22,"s:511:27:511:Infinity":245,"s:514:7:537:Infinity":246,"f:514:7:514:29":23,"s:515:26:515:Infinity":247,"s:516:2:535:Infinity":248,"s:517:16:517:Infinity":249,"b:518:3:534:Infinity:undefined:undefined:undefined:undefined":97,"s:518:3:534:Infinity":250,"b:518:7:518:50:518:50:518:98":98,"s:519:17:519:Infinity":251,"b:520:4:533:Infinity:undefined:undefined:undefined:undefined":99,"s:520:4:533:Infinity":252,"b:520:8:520:27:520:27:520:60":100,"s:521:19:521:Infinity":253,"s:522:24:522:Infinity":254,"b:522:74:522:81:522:81:522:Infinity":101,"b:523:5:532:Infinity:undefined:undefined:undefined:undefined":102,"s:523:5:532:Infinity":255,"s:524:6:531:Infinity":256,"b:525:7:530:Infinity:undefined:undefined:undefined:undefined":103,"s:525:7:530:Infinity":257,"s:526:24:526:Infinity":258,"b:527:8:529:Infinity:undefined:undefined:undefined:undefined":104,"s:527:8:529:Infinity":259,"b:527:12:527:58:527:58:527:108":105,"s:528:9:528:Infinity":260,"s:536:2:536:Infinity":261,"s:540:21:540:Infinity":262,"b:541:1:564:Infinity:undefined:undefined:undefined:undefined":106,"s:541:1:564:Infinity":263,"s:542:19:542:Infinity":264,"s:543:2:563:Infinity":265,"b:544:3:562:Infinity:undefined:undefined:undefined:undefined":107,"s:544:3:562:Infinity":266,"s:545:17:545:Infinity":267,"b:546:4:561:Infinity:undefined:undefined:undefined:undefined":108,"s:546:4:561:Infinity":268,"s:547:24:547:Infinity":269,"b:548:5:560:Infinity:undefined:undefined:undefined:undefined":109,"s:548:5:560:Infinity":270,"s:549:26:549:Infinity":271,"s:550:24:550:Infinity":272,"b:551:6:559:Infinity:undefined:undefined:undefined:undefined":110,"s:551:6:559:Infinity":273,"s:552:7:552:Infinity":274,"s:553:23:553:Infinity":275,"f:553:43:553:48":24,"s:553:53:553:92":276,"b:554:7:558:Infinity:556:14:558:Infinity":111,"s:554:7:558:Infinity":277,"b:554:11:554:22:554:22:554:33":112,"s:555:8:555:Infinity":
[...]
nfinity":343,"s:643:6:643:Infinity":344,"f:654:1:654:52":84,"s:655:21:655:Infinity":345,"b:655:21:655:39:655:39:655:Infinity":88,"b:655:69:655:91:655:91:655:Infinity":89,"b:656:2:660:Infinity:undefined:undefined:undefined:undefined":90,"s:656:2:660:Infinity":346,"s:657:17:657:Infinity":347,"s:658:3:658:Infinity":348,"s:659:3:659:Infinity":349,"s:661:2:661:Infinity":350,"f:667:7:667:23":85,"b:667:45:667:58":91,"s:668:10:668:Infinity":351,"s:669:19:669:Infinity":352,"b:669:19:669:52:669:52:669:Infinity":92,"s:671:2:671:Infinity":353,"s:672:2:672:Infinity":354,"s:673:2:673:Infinity":355,"s:674:2:674:Infinity":356,"s:676:8:676:Infinity":357,"b:677:2:684:Infinity:682:9:684:Infinity":93,"s:677:2:684:Infinity":358,"s:678:3:678:Infinity":359,"s:679:3:680:Infinity":360,"s:683:3:683:Infinity":361,"f:690:7:690:24":86,"s:691:2:691:Infinity":362,"s:692:2:692:Infinity":363,"s:693:2:693:Infinity":364,"s:694:8:694:Infinity":365,"f:700:7:700:21":87,"s:701:2:712:Infinity":366,"s:702:23:702:Infinity":367,"s:703:9:703:Infinity":368,"b:704:3:709:Infinity:undefined:undefined:undefined:undefined":94,"s:704:3:709:Infinity":369,"s:705:4:705:Infinity":370,"s:706:4:706:Infinity":371,"s:707:4:707:Infinity":372,"s:708:10:708:Infinity":373,"s:711:3:711:Infinity":374,"f:718:15:718:Infinity":88,"s:722:8:748:Infinity":375,"f:722:27:722:39":89,"b:723:3:723:Infinity:undefined:undefined:undefined:undefined":95,"s:723:3:723:Infinity":376,"b:723:3:723:26:723:13:723:46":96,"s:723:46:723:Infinity":377,"s:724:3:724:Infinity":378,"s:725:3:747:Infinity":379,"s:726:10:726:Infinity":380,"b:727:4:731:Infinity:undefined:undefined:undefined:undefined":97,"s:727:4:731:Infinity":381,"b:727:4:727:31:727:31:727:46":98,"s:728:5:728:Infinity":382,"s:729:5:729:Infinity":383,"s:730:11:730:Infinity":384,"s:733:10:733:Infinity":385,"b:734:4:738:Infinity:736:11:738:Infinity":99,"s:734:4:738:Infinity":386,"s:735:5:735:Infinity":387,"s:737:5:737:Infinity":388,"s:740:4:740:Infinity":389,"s:741:4:741:Infinity":390,"s:742:4:742:Infinity":391,"b:742:42:742:52:742:52:742:Infinity":100,"s:743:4:743:Infinity":392,"s:744:4:745:Infinity":393,"b:745:18:745:31:745:31:745:Infinity":101,"f:754:7:754:Infinity":90,"s:759:10:759:Infinity":394,"s:760:8:761:Infinity":395,"f:760:35:760:62":91,"s:761:3:761:Infinity":396,"f:768:7:768:27":92,"s:769:10:769:Infinity":397,"s:770:8:771:Infinity":398,"f:770:35:770:61":93,"s:771:3:771:Infinity":399,"f:778:7:778:20":94,"s:779:10:779:Infinity":400,"s:780:8:781:Infinity":401,"f:780:35:780:53":95,"s:781:3:781:Infinity":402,"b:781:52:781:69:781:69:781:78":102,"f:788:7:788:19":96,"s:789:15:789:Infinity":403,"f:789:26:789:31":97,"s:789:31:789:Infinity":404,"s:790:8:790:Infinity":405,"b:790:8:790:48:790:48:790:Infinity":103,"s:792:10:792:Infinity":406,"s:793:8:794:Infinity":407,"f:793:35:793:52":98,"s:794:3:794:Infinity":408,"b:796:2:798:Infinity:undefined:undefined:undefined:undefined":104,"s:796:2:798:Infinity":409,"s:797:3:797:Infinity":410,"b:800:2:802:Infinity:undefined:undefined:undefined:undefined":105,"s:800:2:802:Infinity":411,"b:800:2:800:25:800:25:800:54":106,"s:801:9:801:Infinity":412,"f:808:7:808:22":99,"s:809:10:809:Infinity":413,"s:810:8:811:Infinity":414,"f:810:35:810:55":100,"s:811:3:811:Infinity":415,"f:818:7:818:20":101,"b:819:2:824:Infinity:undefined:undefined:undefined:undefined":107,"s:819:2:824:Infinity":416,"s:820:3:821:Infinity":417,"s:823:3:823:Infinity":418,"b:826:2:826:Infinity:undefined:undefined:undefined:undefined":108,"s:826:2:826:Infinity":419,"b:826:2:826:24:826:12:826:57":109,"s:826:57:826:Infinity":420,"s:828:8:835:Infinity":421,"f:828:43:828:50":102,"s:829:21:829:Infinity":422,"b:830:3:833:Infinity:undefined:undefined:undefined:undefined":110,"s:830:3:833:Infinity":423,"s:831:12:831:Infinity":424,"s:832:4:832:Infinity":425,"s:834:3:834:Infinity":426,"b:838:2:845:Infinity:undefined:undefined:undefined:undefined":111,"s:838:2:845:Infinity":427,"b:838:2:838:39:838:39:838:60":112,"s:839:3:844:Infinity":428,"b:840:4:843:Infinity:undefined:undefined:undefined:undefined":113,"s:840:4:843:Infinity":429,"s:841:11:841:Infinity":430,"s:842:5:842:Infinity":431,"s:847:2:847:Infinity":432,"s:848:2:848:Infinity":433,"f:848:2:848:20":103,"s:848:20:848:51":434,"f:851:7:851:19":104,"s:852:15:852:Infinity":435,"f:852:26:852:31":105,"s:852:31:852:Infinity":436,"s:853:8:853:Infinity":437,"b:853:8:853:48:853:48:853:Infinity":114,"s:854:8:854:Infinity":438,"b:854:8:854:Infinity:854:37:854:Infinity":115,"s:856:10:856:Infinity":439,"s:857:8:858:Infinity":440,"f:857:35:857:52":106,"s:858:3:858:Infinity":441,"b:860:2:862:Infinity:undefined:undefined:undefined:undefined":116,"s:860:2:862:Infinity":442,"s:861:3:861:Infinity":443,"b:864:2:867:Infinity:undefined:undefined:undefined:undefined":117,"s:864:2:867:Infinity":444,"b:864:2:864:25:864:25:864:54":118,"s:865:9:865:Infinity":445,"s:866:9:866:Infinity":446,"f:873:7:873:20":107,"s:874:10:874:Infinity":447,"s:875:8:876:Infinity":448,"f:875:35:875:53":108,"s:876:3:876:Infinity":449,"b:876:65:876:82:876:82:876:91":119,"f:883:7:883:27":109,"s:884:10:884:Infinity":450,"s:885:8:886:Infinity":451,"f:885:35:885:61":110,"s:886:3:886:Infinity":452,"f:893:7:893:16":111,"b:893:71:893:77":120,"s:894:10:894:Infinity":453,"s:895:8:896:Infinity":454,"f:895:35:895:49":112,"s:896:3:896:Infinity":455,"b:899:2:901:Infinity:undefined:undefined:undefined:undefined":121,"s:899:2:901:Infinity":456,"b:899:2:899:25:899:25:899:54":122,"s:900:9:900:Infinity":457,"f:907:7:907:Infinity":113,"b:910:17:910:Infinity":123,"s:914:10:914:Infinity":458,"s:915:8:916:Infinity":459,"f:915:35:915:50":114,"s:916:3:916:Infinity":460,"b:916:91:916:108:916:108:916:117":124,"f:923:7:923:19":115,"s:924:10:924:Infinity":461,"s:925:8:926:Infinity":462,"f:925:35:925:52":116,"s:926:3:926:Infinity":463,"f:934:1:934:9":117,"s:935:2:935:Infinity":464,"s:936:2:936:Infinity":465,"s:937:2:937:Infinity":466,"s:938:2:938:Infinity":467,"s:939:2:939:Infinity":468,"s:940:2:940:Infinity":469,"s:941:2:941:Infinity":470,"s:942:2:942:Infinity":471,"f:948:7:948:37":118,"b:949:2:954:Infinity:undefined:undefined:undefined:undefined":125,"s:949:2:954:Infinity":472,"s:950:3:951:Infinity":473,"s:953:3:953:Infinity":474,"b:956:2:961:Infinity:undefined:undefined:undefined:undefined":126,"s:956:2:961:Infinity":475,"s:957:3:958:Infinity":476,"s:960:3:960:Infinity":477,"s:963:28:967:Infinity":478,"f:963:39:963:46":119,"s:964:19:964:Infinity":479,"b:965:3:965:Infinity:undefined:undefined:undefined:undefined":127,"s:965:3:965:Infinity":480,"b:965:3:965:18:965:8:965:35":128,"s:965:35:965:Infinity":481,"s:966:3:966:Infinity":482,"f:966:33:966:38":120,"s:966:38:966:Infinity":483,"b:966:38:966:62:966:56:966:Infinity":129,"b:969:2:974:Infinity:undefined:undefined:undefined:undefined":130,"s:969:2:974:Infinity":484,"s:970:3:971:Infinity":485,"s:973:3:973:Infinity":486,"s:976:2:980:Infinity":487,"s:977:19:977:Infinity":488,"s:978:18:978:Infinity":489,"b:978:18:978:Infinity:978:36:978:Infinity":131,"s:979:9:979:Infinity":490,"s:982:2:983:Infinity":491,"f:990:7:990:Infinity":121,"b:994:2:994:Infinity:undefined:undefined:undefined:undefined":132,"s:994:2:994:Infinity":492,"s:994:26:994:Infinity":493,"b:995:2:995:Infinity:undefined:undefined:undefined:undefined":133,"s:995:2:995:Infinity":494,"s:995:36:995:Infinity":495,"s:996:2:1012:Infinity":496,"s:997:9:1002:Infinity":497,"b:1002:4:1002:Infinity:1002:12:1002:Infinity":134,"s:1004:3:1005:Infinity":498,"b:1005:39:1005:49:1005:49:1005:62":135,"s:1008:3:1008:Infinity":499,"s:1009:3:1010:Infinity":500,"b:1010:17:1010:33:1010:33:1010:Infinity":136,"f:1017:1:1017:15":122,"b:1018:2:1036:Infinity:undefined:undefined:undefined:undefined":137,"s:1018:2:1036:Infinity":501,"b:1018:2:1018:39:1018:39:1018:60":138,"s:1019:3:1035:Infinity":502,"s:1020:22:1020:Infinity":503,"s:1021:4:1021:Infinity":504,"b:1021:35:1021:Infinity:1021:55:1021:Infinity":139,"s:1023:10:1023:Infinity":505,"b:1023:10:1023:79:1023:38:1023:89:1023:89:1023:Infinity":140,"b:1024:4:1034:Infinity:undefined:undefined:undefined:undefined":141,"s:1024:4:1034:Infinity":506,"b:1024:8:1024:40:1024:34:1024:48":142,"s:1025:22:1025:Infinity":507,"s:1026:5:1026:Infinity":508,"s:1027:5:1027:Infinity":509,"s:1028:5:1033:Infinity":510,"f:1028:25:1028:31":123,"s:1029:6:1029:Infinity":511,"s:1030:6:1030:Infinity":512,"f:1030:42:1030:49":124,"s:1030:49:1030:Infinity":513,"s:1031:6:1031:Infinity":514,"s:1032:6:1032:Infinity":515,"f:1043:16:1043:33":125,"s:1044:16:1044:Infinity":516,"b:1046:1:1106:Infinity:1066:8:1106:Infinity":143,"s:1046:1:1106:Infinity":517,"s:1047:25:1064:Infinity":518,"f:1047:32:1047:39":126,"s:1048:19:1048:Infinity":519,"b:1049:3:1049:Infinity:undefined:undefined:undefined:undefined":144,"s:1049:3:1049:Infinity":520,"s:1049:34:1049:Infinity":521,"s:1051:17:1051:Infinity":522,"s:1052:18:1052:Infinity":523,"b:1054:3:1056:Infinity:undefined:undefined:undefined:undefined":145,"s:1054:3:1056:Infinity":524,"b:1054:3:1054:32:1054:32:1054:72":146,"s:1055:4:1055:Infinity":525,"f:1055:18:1055:23":127,"s:1055:31:1055:Infinity":526,"b:1057:3:1059:Infinity:undefined:undefined:undefined:undefined":147,"s:1057:3:1059:Infinity":527,"b:1057:3:1057:32:1057:32:1057:69":148,"s:1058:4:1058:Infinity":528,"f:1058:18:1058:23":128,"s:1058:31:1058:Infinity":529,"b:1060:3:1062:Infinity:undefined:undefined:undefined:undefined":149,"s:1060:3:1062:Infinity":530,"b:1060:3:1060:32:1060:32:1060:83":150,"s:1061:4:1061:Infinity":531,"f:1061:18:1061:23":129,"s:1061:31:1061:Infinity":532,"s:1063:3:1063:Infinity":533,"s:1065:2:1065:Infinity":534,"s:1067:15:1067:Infinity":535,"s:1068:2:1092:Infinity":536,"s:1069:19:1069:Infinity":537,"b:1070:3:1070:Infinity:undefined:undefined:undefined:undefined":151,"s:1070:3:1070:Infinity":538,"s:1070:34:1070:Infinity":539,"s:1071:17:1071:Infinity":540,"s:1072:18:1072:Infinity":541,"b:1074:3:1079:Infinity:undefined:undefined:undefined:undefined":152,"s:1074:3:1079:Infinity":542,"b:1074:3:1074:32:1074:32:1074:72":153,"b:1075:4:1078:Infinity:undefined:undefined:undefined:undefined":154,"s:1075:4:1078:Infinity":543,"f:1075:14:1075:19":130,"s:1075:27:1075:95":544,"s:1076:5:1076:Infinity":545,"s:1077:5:1077:Infinity":546,"b:1080:3:1085:Infinity:undefined:undefined:undefined:undefined":155,"s:1080:3:1085:Infinity":547,"b:1080:3:1080:32:1080:32:1080:69":156,"b:1081:4:1084:Infinity:undefined:undefined:undefined:undefined":157,"s:1081:4:1084:Infinity":548,"f:1081:14:1081:19":131,"s:1081:27:1081:95":549,"s:1082:5:1082:Infinity":550,"s:1083:5:1083:Infinity":551,"b:1086:3:1091:Infinity:undefined:undefined:undefined:undefined":158,"s:1086:3:1091:Infinity":552,"b:1086:3:1086:32:1086:32:1086:83":159,"b:1087:4:1090:Infinity:undefined:undefined:undefined:undefined":160,"s:1087:4:1090:Infinity":553,"f:1087:14:1087:19":132,"s:1087:27:1087:92":554,"s:1088:5:1088:Infinity":555,"s:1089:5:1089:Infinity":556,"b:1094:2:1094:Infinity:undefined:undefined:undefined:undefined":161,"s:1094:2:1094:Infinity":557,"s:1094:14:1094:Infinity":558,"s:1096:19:1096:Infinity":559,"b:1097:2:1104:Infinity:1099:9:1104:Infinity":162,"s:1097:2:1104:Infinity":560,"s:1098:3:1098:Infinity":561,"b:1099:9:1104:Infinity:1101:9:1104:Infinity":163,"s:1099:9:1104:Infinity":562,"s:1100:3:1100:Infinity":563,"b:1101:9:1104:Infinity:undefined:undefined:undefined:undefined":164,"s:1101:9:1104:Infinity":564,"s:1102:21:1102:Infinity":565,"b:1102:21:1102:45:1102:45:1102:Infinity":165,"s:1103:3:1103:Infinity":566,"s:1105:2:1105:Infinity":567,"f:1112:16:1112:33":133,"s:1113:14:1113:Infinity":568,"b:1115:1:1142:Infinity:1123:8:1142:Infinity":166,"s:1115:1:1142:Infinity":569,"b:1116:2:1122:Infinity:1118:9:1122:Infinity":167,"s:1116:2:1122:Infinity":570,"b:1116:2:1116:31:1116:31:1116:66":168,"s:1117:3:1117:Infinity":571,"f:1117:43:1117:51":134,"s:1117:51:1117:Infinity":572,"b:1118:9:1122:Infinity:1120:9:1122:Infinity":169,"s:1118:9:1122:Infinity":573,"b:1118:9:1118:38:1118:38:1118:70":170,"s:1119:3:1119:Infinity":574,"f:1119:37:1119:45":135,"s:1119:45:1119:Infinity":575,"b:1120:9:1122:Infinity:undefined:undefined:undefined:undefined":171,"s:1120:9:1122:Infinity":576,"b:1120:9:1120:38:1120:38:1120:62:1120:62:1120:108":172,"s:1121:3:1121:Infinity":577,"f:1121:65:1121:73":136,"s:1121:73:1121:Infinity":578,"b:1124:2:1141:Infinity:1129:9:1141:Infinity":173,"s:1124:2:1141:Infinity":579,"b:1125:3:1125:Infinity:undefined:undefined:undefined:undefined":174,"s:1125:3:1125:Infinity":580,"s:1125:43:1125:Infinity":581,"b:1126:3:1128:Infinity:undefined:undefined:undefined:undefined":175,"s:1126:3:1128:Infinity":582,"f:1126:27:1126:33":137,"s:1126:33:1126:76":583,"s:1127:4:1127:Infinity":584,"b:1129:9:1141:Infinity:1134:9:1141:Infinity":176,"s:1129:9:1141:Infinity":585,"b:1130:3:1130:Infinity:undefined:undefined:undefined:undefined":177,"s:1130:3:1130:Infinity":586,"s:1130:40:1130:Infinity":587,"b:1131:3:1133:Infinity:undefined:undefined:undefined:undefined":178,"s:1131:3:1133:Infinity":588,"f:1131:24:1131:30":138,"s:1131:30:1131:73":589,"s:1132:4:1132:Infinity":590,"b:1134:9:1141:Infinity:undefined:undefined:undefined:undefined":179,"s:1134:9:1141:Infinity":591,"b:1135:3:1135:Infinity:undefined:undefined:undefined:undefined":180,"s:1135:3:1135:Infinity":592,"s:1135:30:1135:Infinity":593,"b:1136:3:1136:Infinity:undefined:undefined:undefined:undefined":181,"s:1136:3:1136:Infinity":594,"s:1136:54:1136:Infinity":595,"b:1137:3:1140:Infinity:undefined:undefined:undefined:undefined":182,"s:1137:3:1140:Infinity":596,"f:1137:38:1137:44":139,"s:1137:44:1137:88":597,"s:1138:22:1138:Infinity":598,"b:1138:22:1138:46:1138:46:1138:Infinity":183,"s:1139:4:1139:Infinity":599,"s:1143:1:1143:Infinity":600},"fnNames":{}}}
,"/mnt/1c5f09d2-4b36-42cf-8541-5cb64e85f9e9/projects/tauri/strata/src/lib/state/uiStore.svelte.ts": {"path":"/mnt/1c5f09d2-4b36-42cf-8541-5cb64e85f9e9/projects/tauri/strata/src/lib/state/uiStore.svelte.ts","statementMap":{"0":{"start":{"line":13,"column":25},"end":{"line":13,"column":null}},"1":{"start":{"line":16,"column":21},"end":{"line":16,"column":null}},"2":{"start":{"line":19,"column":17},"end":{"line":19,"column":null}},"3":{"start":{"line":22,"column":15},"end":{"line":22,"column":null}},"4":{"start":{"line":25,"column":16},"end":{"line":25,"column":null}},"5":{"start":{"line":28,"column":21},"end":{"line":28,"column":null}},"6":{"start":{"line":29,"column":28},"end":{"line":29,"column":null}},"7":{"start":{"line":30,"column":17},"end":{"line":30,"column":null}},"8":{"start":{"line":31,"column":19},"end":{"line":31,"column":null}},"9":{"start":{"line":34,"column":19},"end":{"line":34,"column":null}},"10":{"start":{"line":35,"column":24},"end":{"line":35,"column":null}},"11":{"start":{"line":38,"column":20},"end":{"line":38,"column":null}},"12":{"start":{"line":39,"column":20},"end":{"line":45,"column":null}},"13":{"start":{"line":48,"column":17},"end":{"line":48,"column":null}},"14":{"start":{"line":49,"column":22},"end":{"line":49,"column":null}},"15":{"start":{"line":52,"column":19},"end":{"line":52,"column":null}},"16":{"start":{"line":53,"column":22},"end":{"line":53,"column":null}},"17":{"start":{"line":57,"column":2},"end":{"line":57,"column":null}},"18":{"start":{"line":58,"column":2},"end":{"line":58,"column":null}},"19":{"start":{"line":59,"column":2},"end":{"line":59,"column":null}},"20":{"start":{"line":63,"column":23},"end":{"line":63,"column":null}}},"fnMap":{"0":{"name":"viewMode","decl":{"start":{"line":10,"column":1},"end":{"line":10,"column":12}},"loc":{"start":{"line":10,"column":1},"end":{"line":10,"column":12}},"line":10},"1":{"name":"activeInspectorNodeId","decl":{"start":{"line":13,"column":1},"end":{"line":13,"column":25}},"loc":{"start":{"line":13,"column":1},"end":{"line":13,"column":25}},"line":13},"2":{"name":"activeCoordinates","decl":{"start":{"line":16,"column":1},"end":{"line":16,"column":21}},"loc":{"start":{"line":16,"column":1},"end":{"line":16,"column":21}},"line":16},"3":{"name":"hoveredNodeId","decl":{"start":{"line":19,"column":1},"end":{"line":19,"column":17}},"loc":{"start":{"line":19,"column":1},"end":{"line":19,"column":17}},"line":19},"4":{"name":"compactMode","decl":{"start":{"line":22,"column":1},"end":{"line":22,"column":15}},"loc":{"start":{"line":22,"column":1},"end":{"line":22,"column":15}},"line":22},"5":{"name":"activeFilter","decl":{"start":{"line":25,"column":1},"end":{"line":25,"column":16}},"loc":{"start":{"line":25,"column":1},"end":{"line":25,"column":16}},"line":25},"6":{"name":"showNewTableModal","decl":{"start":{"line":28,"column":1},"end":{"line":28,"column":21}},"loc":{"start":{"line":28,"column":1},"end":{"line":28,"column":21}},"line":28},"7":{"name":"showProjectSettingsModal","decl":{"start":{"line":29,"column":1},"end":{"line":29,"column":28}},"loc":{"start":{"line":29,"column":1},"end":{"line":29,"column":28}},"line":29},"8":{"name":"showHelpModal","decl":{"start":{"line":30,"column":1},"end":{"line":30,"column":17}},"loc":{"start":{"line":30,"column":1},"end":{"line":30,"column":17}},"line":30},"9":{"name":"showExportToast","decl":{"start":{"line":31,"column":1},"end":{"line":31,"column":19}},"loc":{"start":{"line":31,"column":1},"end":{"line":31,"column":19}},"line":31},"10":{"name":"showRenameModal","decl":{"start":{"line":34,"column":1},"end":{"line":34,"column":19}},"loc":{"start":{"line":34,"column":1},"end":{"line":34,"column":19}},"line":34},"11":{"name":"renameEntityTargetId","decl":{"start":{"line":35,"column":1},"end":{"line":35,"column":24}},"loc":{"start":{"line":35,"column":1},"end":{"line":35,"column":24}},"line":35},"12":{"name":"showConfirmModal","decl":{"start":{"line":38,"column":1},"end":{"line":38,"column":20}},"loc":{"start":{"line":38,"column":1},"end":{"line":38,"column":20}},"line":38},"13":{"name":"confirmModalData","decl":{"start":{"line":39,"column":1},"end":{"line":39,"column":20}},"loc":{"start":{"line":39,"column":1},"end":{"line":39,"column":20}},"line":39},"14":{"name":"isSandboxMode","decl":{"start":{"line":48,"column":1},"end":{"line":48,"column":17}},"loc":{"start":{"line":48,"column":1},"end":{"line":48,"column":17}},"line":48},"15":{"name":"sandboxTemplateKey","decl":{"start":{"line":49,"column":1},"end":{"line":49,"column":22}},"loc":{"start":{"line":49,"column":1},"end":{"line":49,"column":22}},"line":49},"16":{"name":"isCodeCollapsed","decl":{"start":{"line":52,"column":1},"end":{"line":52,"column":19}},"loc":{"start":{"line":52,"column":1},"end":{"line":52,"column":19}},"line":52},"17":{"name":"isDiagramCollapsed","decl":{"start":{"line":53,"column":1},"end":{"line":53,"column":22}},"loc":{"start":{"line":53,"column":1},"end":{"line":53,"column":22}},"line":53},"18":{"name":"resetSelection","decl":{"start":{"line":56,"column":1},"end":{"line":56,"column":18}},"loc":{"start":{"line":56,"column":18},"end":{"line":60,"column":null}},"line":56}},"branchMap":{},"s":{"0":3,"1":3,"2":3,"3":3,"4":3,"5":3,"6":3,"7":3,"8":3,"9":3,"10":3,"11":3,"12":3,"13":3,"14":3,"15":3,"16":3,"17":0,"18":0,"19":0,"20":3},"f":{"0":2,"1":30,"2":0,"3":0,"4":7,"5":0,"6":0,"7":0,"8":0,"9":0,"10":0,"11":0,"12":0,"13":0,"14":85,"15":16,"16":0,"17":0,"18":0},"b":{},"meta":{"lastBranch":0,"lastFunction":19,"lastStatement":21,"seen":{"s:13:25:13:Infinity":0,"s:16:21:16:Infinity":1,"s:19:17:19:Infinity":2,"s:22:15:22:Infinity":3,"s:25:16:25:Infinity":4,"s:28:21:28:Infinity":5,"s:29:28:29:Infinity":6,"s:30:17:30:Infinity":7,"s:31:19:31:Infinity":8,"s:34:19:34:Infinity":9,"s:35:24:35:Infinity":10,"s:38:20:38:Infinity":11,"s:39:20:45:Infinity":12,"s:48:17:48:Infinity":13,"s:49:22:49:Infinity":14,"s:52:19:52:Infinity":15,"s:53:22:53:Infinity":16,"f:10:1:10:12":0,"f:13:1:13:25":1,"f:16:1:16:21":2,"f:19:1:19:17":3,"f:22:1:22:15":4,"f:25:1:25:16":5,"f:28:1:28:21":6,"f:29:1:29:28":7,"f:30:1:30:17":8,"f:31:1:31:19":9,"f:34:1:34:19":10,"f:35:1:35:24":11,"f:38:1:38:20":12,"f:39:1:39:20":13,"f:48:1:48:17":14,"f:49:1:49:22":15,"f:52:1:52:19":16,"f:53:1:53:22":17,"f:56:1:56:18":18,"s:57:2:57:Infinity":17,"s:58:2:58:Infinity":18,"s:59:2:59:Infinity":19,"s:63:23:63:Infinity":20},"fnNames":{}}}
}
