{"/run/media/system/2tbsata/projects/tauri/strata/src/lib/parser.ts": {"path":"/run/media/system/2tbsata/projects/tauri/strata/src/lib/parser.ts","statementMap":{"0":{"start":{"line":19,"column":16},"end":{"line":19,"column":null}},"1":{"start":{"line":20,"column":17},"end":{"line":20,"column":null}},"2":{"start":{"line":38,"column":1},"end":{"line":40,"column":null}},"3":{"start":{"line":39,"column":2},"end":{"line":39,"column":null}},"4":{"start":{"line":41,"column":1},"end":{"line":41,"column":null}},"5":{"start":{"line":48,"column":1},"end":{"line":50,"column":null}},"6":{"start":{"line":49,"column":2},"end":{"line":49,"column":null}},"7":{"start":{"line":51,"column":1},"end":{"line":51,"column":null}},"8":{"start":{"line":51,"column":78},"end":{"line":51,"column":123}},"9":{"start":{"line":59,"column":21},"end":{"line":59,"column":null}},"10":{"start":{"line":60,"column":1},"end":{"line":60,"column":null}},"11":{"start":{"line":60,"column":19},"end":{"line":60,"column":null}},"12":{"start":{"line":62,"column":19},"end":{"line":62,"column":null}},"13":{"start":{"line":64,"column":1},"end":{"line":64,"column":null}},"14":{"start":{"line":64,"column":17},"end":{"line":64,"column":null}},"15":{"start":{"line":66,"column":20},"end":{"line":66,"column":null}},"16":{"start":{"line":67,"column":16},"end":{"line":67,"column":null}},"17":{"start":{"line":68,"column":1},"end":{"line":71,"column":null}},"18":{"start":{"line":70,"column":2},"end":{"line":70,"column":null}},"19":{"start":{"line":73,"column":22},"end":{"line":73,"column":null}},"20":{"start":{"line":74,"column":1},"end":{"line":82,"column":null}},"21":{"start":{"line":75,"column":2},"end":{"line":81,"column":null}},"22":{"start":{"line":76,"column":22},"end":{"line":76,"column":null}},"23":{"start":{"line":77,"column":27},"end":{"line":77,"column":null}},"24":{"start":{"line":78,"column":3},"end":{"line":80,"column":null}},"25":{"start":{"line":79,"column":4},"end":{"line":79,"column":null}},"26":{"start":{"line":84,"column":1},"end":{"line":84,"column":null}},"27":{"start":{"line":91,"column":1},"end":{"line":91,"column":null}},"28":{"start":{"line":99,"column":1},"end":{"line":201,"column":null}},"29":{"start":{"line":100,"column":13},"end":{"line":100,"column":null}},"30":{"start":{"line":102,"column":24},"end":{"line":102,"column":null}},"31":{"start":{"line":103,"column":24},"end":{"line":103,"column":null}},"32":{"start":{"line":106,"column":29},"end":{"line":106,"column":null}},"33":{"start":{"line":107,"column":28},"end":{"line":107,"column":null}},"34":{"start":{"line":109,"column":2},"end":{"line":163,"column":null}},"35":{"start":{"line":110,"column":24},"end":{"line":110,"column":null}},"36":{"start":{"line":111,"column":3},"end":{"line":162,"column":null}},"37":{"start":{"line":112,"column":20},"end":{"line":112,"column":null}},"38":{"start":{"line":115,"column":19},"end":{"line":115,"column":null}},"39":{"start":{"line":116,"column":26},"end":{"line":120,"column":null}},"40":{"start":{"line":122,"column":4},"end":{"line":134,"column":null}},"41":{"start":{"line":123,"column":22},"end":{"line":123,"column":null}},"42":{"start":{"line":124,"column":19},"end":{"line":124,"column":null}},"43":{"start":{"line":125,"column":5},"end":{"line":133,"column":null}},"44":{"start":{"line":126,"column":6},"end":{"line":132,"column":null}},"45":{"start":{"line":127,"column":23},"end":{"line":127,"column":null}},"46":{"start":{"line":128,"column":22},"end":{"line":128,"column":null}},"47":{"start":{"line":129,"column":7},"end":{"line":129,"column":null}},"48":{"start":{"line":131,"column":7},"end":{"line":131,"column":null}},"49":{"start":{"line":137,"column":4},"end":{"line":161,"column":null}},"50":{"start":{"line":138,"column":23},"end":{"line":138,"column":null}},"51":{"start":{"line":139,"column":20},"end":{"line":139,"column":null}},"52":{"start":{"line":141,"column":5},"end":{"line":141,"column":null}},"53":{"start":{"line":143,"column":5},"end":{"line":153,"column":null}},"54":{"start":{"line":156,"column":5},"end":{"line":160,"column":null}},"55":{"start":{"line":157,"column":6},"end":{"line":159,"column":null}},"56":{"start":{"line":158,"column":7},"end":{"line":158,"column":null}},"57":{"start":{"line":166,"column":2},"end":{"line":171,"column":null}},"58":{"start":{"line":167,"column":23},"end":{"line":167,"column":null}},"59":{"start":{"line":168,"column":3},"end":{"line":170,"column":null}},"60":{"start":{"line":169,"column":4},"end":{"line":169,"column":null}},"61":{"start":{"line":174,"column":21},"end":{"line":174,"column":null}},"62":{"start":{"line":174,"column":44},"end":{"line":174,"column":48}},"63":{"start":{"line":175,"column":21},"end":{"line":175,"column":null}},"64":{"start":{"line":175,"column":39},"end":{"line":175,"column":91}},"65":{"start":{"line":177,"column":2},"end":{"line":179,"column":null}},"66":{"start":{"line":178,"column":3},"end":{"line":178,"column":null}},"67":{"start":{"line":181,"column":2},"end":{"line":181,"column":null}},"68":{"start":{"line":183,"column":2},"end":{"line":183,"column":null}},"69":{"start":{"line":186,"column":13},"end":{"line":186,"column":null}},"70":{"start":{"line":187,"column":15},"end":{"line":187,"column":null}},"71":{"start":{"line":188,"column":16},"end":{"line":188,"column":null}},"72":{"start":{"line":189,"column":2},"end":{"line":192,"column":null}},"73":{"start":{"line":190,"column":3},"end":{"line":190,"column":null}},"74":{"start":{"line":191,"column":3},"end":{"line":191,"column":null}},"75":{"start":{"line":194,"column":2},"end":{"line":200,"column":null}},"76":{"start":{"line":213,"column":35},"end":{"line":213,"column":null}},"77":{"start":{"line":214,"column":15},"end":{"line":214,"column":null}},"78":{"start":{"line":216,"column":1},"end":{"line":226,"column":null}},"79":{"start":{"line":217,"column":15},"end":{"line":217,"column":null}},"80":{"start":{"line":218,"column":2},"end":{"line":225,"column":null}},"81":{"start":{"line":219,"column":16},"end":{"line":219,"column":null}},"82":{"start":{"line":220,"column":16},"end":{"line":220,"column":null}},"83":{"start":{"line":220,"column":48},"end":{"line":220,"column":59}},"84":{"start":{"line":221,"column":3},"end":{"line":221,"column":null}},"85":{"start":{"line":222,"column":3},"end":{"line":222,"column":null}},"86":{"start":{"line":224,"column":3},"end":{"line":224,"column":null}},"87":{"start":{"line":227,"column":1},"end":{"line":230,"column":null}},"88":{"start":{"line":234,"column":13},"end":{"line":234,"column":null}},"89":{"start":{"line":235,"column":1},"end":{"line":237,"column":null}},"90":{"start":{"line":236,"column":2},"end":{"line":236,"column":null}},"91":{"start":{"line":238,"column":1},"end":{"line":238,"column":null}},"92":{"start":{"line":245,"column":24},"end":{"line":245,"column":null}},"93":{"start":{"line":246,"column":21},"end":{"line":246,"column":null}},"94":{"start":{"line":247,"column":1},"end":{"line":247,"column":null}},"95":{"start":{"line":247,"column":19},"end":{"line":247,"column":null}},"96":{"start":{"line":249,"column":17},"end":{"line":249,"column":null}},"97":{"start":{"line":251,"column":1},"end":{"line":289,"column":null}},"98":{"start":{"line":252,"column":15},"end":{"line":252,"column":null}},"99":{"start":{"line":253,"column":2},"end":{"line":288,"column":null}},"100":{"start":{"line":254,"column":18},"end":{"line":254,"column":null}},"101":{"start":{"line":255,"column":3},"end":{"line":287,"column":null}},"102":{"start":{"line":256,"column":4},"end":{"line":286,"column":null}},"103":{"start":{"line":257,"column":5},"end":{"line":285,"column":null}},"104":{"start":{"line":258,"column":19},"end":{"line":258,"column":null}},"105":{"start":{"line":259,"column":18},"end":{"line":259,"column":null}},"106":{"start":{"line":260,"column":23},"end":{"line":260,"column":null}},"107":{"start":{"line":261,"column":17},"end":{"line":261,"column":null}},"108":{"start":{"line":262,"column":20},"end":{"line":262,"column":null}},"109":{"start":{"line":263,"column":43},"end":{"line":263,"column":null}},"110":{"start":{"line":264,"column":25},"end":{"line":264,"column":null}},"111":{"start":{"line":266,"column":6},"end":{"line":275,"column":null}},"112":{"start":{"line":267,"column":29},"end":{"line":267,"column":null}},"113":{"start":{"line":268,"column":7},"end":{"line":268,"column":null}},"114":{"start":{"line":268,"column":34},"end":{"line":268,"column":57}},"115":{"start":{"line":269,"column":7},"end":{"line":269,"column":null}},"116":{"start":{"line":269,"column":37},"end":{"line":269,"column":57}},"117":{"start":{"line":270,"column":26},"end":{"line":270,"column":null}},"118":{"start":{"line":270,"column":46},"end":{"line":270,"column":92}},"119":{"start":{"line":271,"column":7},"end":{"line":273,"column":null}},"120":{"start":{"line":272,"column":8},"end":{"line":272,"column":null}},"121":{"start":{"line":274,"column":7},"end":{"line":274,"column":null}},"122":{"start":{"line":274,"column":42},"end":{"line":274,"column":65}},"123":{"start":{"line":277,"column":6},"end":{"line":284,"column":null}},"124":{"start":{"line":290,"column":1},"end":{"line":290,"column":null}},"125":{"start":{"line":297,"column":23},"end":{"line":297,"column":null}},"126":{"start":{"line":298,"column":21},"end":{"line":298,"column":null}},"127":{"start":{"line":299,"column":26},"end":{"line":299,"column":null}},"128":{"start":{"line":301,"column":1},"end":{"line":306,"column":null}},"129":{"start":{"line":302,"column":15},"end":{"line":302,"column":null}},"130":{"start":{"line":303,"column":2},"end":{"line":305,"column":null}},"131":{"start":{"line":304,"column":3},"end":{"line":304,"column":null}},"132":{"start":{"line":308,"column":1},"end":{"line":319,"column":null}},"133":{"start":{"line":309,"column":2},"end":{"line":318,"column":null}},"134":{"start":{"line":310,"column":3},"end":{"line":317,"column":null}},"135":{"start":{"line":311,"column":4},"end":{"line":316,"column":null}},"136":{"start":{"line":320,"column":1},"end":{"line":320,"column":null}},"137":{"start":{"line":327,"column":27},"end":{"line":327,"column":null}},"138":{"start":{"line":330,"column":21},"end":{"line":330,"column":null}},"139":{"start":{"line":331,"column":1},"end":{"line":347,"column":null}},"140":{"start":{"line":332,"column":19},"end":{"line":332,"column":null}},"141":{"start":{"line":333,"column":2},"end":{"line":346,"column":null}},"142":{"start":{"line":334,"column":3},"end":{"line":345,"column":null}},"143":{"start":{"line":335,"column":17},"end":{"line":335,"column":null}},"144":{"start":{"line":336,"column":4},"end":{"line":344,"column":null}},"145":{"start":{"line":337,"column":19},"end":{"line":337,"column":null}},"146":{"start":{"line":338,"column":5},"end":{"line":343,"column":null}},"147":{"start":{"line":339,"column":26},"end":{"line":339,"column":null}},"148":{"start":{"line":340,"column":6},"end":{"line":340,"column":null}},"149":{"start":{"line":341,"column":22},"end":{"line":341,"column":null}},"150":{"start":{"line":341,"column":52},"end":{"line":341,"column":91}},"151":{"start":{"line":342,"column":6},"end":{"line":342,"column":null}},"152":{"start":{"line":350,"column":25},"end":{"line":350,"column":null}},"153":{"start":{"line":351,"column":1},"end":{"line":376,"column":null}},"154":{"start":{"line":352,"column":15},"end":{"line":352,"column":null}},"155":{"start":{"line":353,"column":2},"end":{"line":375,"column":null}},"156":{"start":{"line":354,"column":16},"end":{"line":354,"column":null}},"157":{"start":{"line":355,"column":3},"end":{"line":374,"column":null}},"158":{"start":{"line":356,"column":18},"end":{"line":356,"column":null}},"159":{"start":{"line":357,"column":23},"end":{"line":357,"column":null}},"160":{"start":{"line":359,"column":4},"end":{"line":373,"column":null}},"161":{"start":{"line":360,"column":5},"end":{"line":372,"column":null}},"162":{"start":{"line":361,"column":6},"end":{"line":371,"column":null}},"163":{"start":{"line":362,"column":23},"end":{"line":362,"column":null}},"164":{"start":{"line":363,"column":7},"end":{"line":370,"column":null}},"165":{"start":{"line":364,"column":24},"end":{"line":364,"column":null}},"166":{"start":{"line":365,"column":28},"end":{"line":365,"column":null}},"167":{"start":{"line":366,"column":8},"end":{"line":369,"column":null}},"168":{"start":{"line":367,"column":27},"end":{"line":367,"column":null}},"169":{"start":{"line":368,"column":9},"end":{"line":368,"column":null}},"170":{"start":{"line":384,"column":12},"end":{"line":384,"column":null}},"171":{"start":{"line":385,"column":1},"end":{"line":385,"column":null}},"172":{"start":{"line":385,"column":42},"end":{"line":385,"column":53}},"173":{"start":{"line":385,"column":56},"end":{"line":385,"column":null}},"174":{"start":{"line":387,"column":1},"end":{"line":401,"column":null}},"175":{"start":{"line":408,"column":12},"end":{"line":408,"column":null}},"176":{"start":{"line":409,"column":14},"end":{"line":409,"column":null}},"177":{"start":{"line":411,"column":1},"end":{"line":437,"column":null}},"178":{"start":{"line":412,"column":20},"end":{"line":412,"column":null}},"179":{"start":{"line":413,"column":2},"end":{"line":436,"column":null}},"180":{"start":{"line":414,"column":18},"end":{"line":414,"column":null}},"181":{"start":{"line":415,"column":21},"end":{"line":415,"column":null}},"182":{"start":{"line":417,"column":3},"end":{"line":431,"column":null}},"183":{"start":{"line":418,"column":17},"end":{"line":418,"column":null}},"184":{"start":{"line":419,"column":24},"end":{"line":419,"column":null}},"185":{"start":{"line":421,"column":4},"end":{"line":430,"column":null}},"186":{"start":{"line":422,"column":5},"end":{"line":429,"column":null}},"187":{"start":{"line":423,"column":23},"end":{"line":423,"column":null}},"188":{"start":{"line":424,"column":6},"end":{"line":424,"column":null}},"189":{"start":{"line":425,"column":6},"end":{"line":425,"column":null}},"190":{"start":{"line":426,"column":6},"end":{"line":426,"column":null}},"191":{"start":{"line":427,"column":6},"end":{"line":427,"column":null}},"192":{"start":{"line":428,"column":6},"end":{"line":428,"column":null}},"193":{"start":{"line":429,"column":19},"end":{"line":429,"column":37}},"194":{"start":{"line":433,"column":3},"end":{"line":435,"column":null}},"195":{"start":{"line":434,"column":4},"end":{"line":434,"column":null}},"196":{"start":{"line":438,"column":1},"end":{"line":438,"column":null}},"197":{"start":{"line":445,"column":12},"end":{"line":445,"column":null}},"198":{"start":{"line":446,"column":1},"end":{"line":475,"column":null}},"199":{"start":{"line":447,"column":15},"end":{"line":447,"column":null}},"200":{"start":{"line":448,"column":2},"end":{"line":474,"column":null}},"201":{"start":{"line":449,"column":21},"end":{"line":449,"column":null}},"202":{"start":{"line":450,"column":3},"end":{"line":473,"column":null}},"203":{"start":{"line":451,"column":19},"end":{"line":451,"column":null}},"204":{"start":{"line":452,"column":22},"end":{"line":452,"column":null}},"205":{"start":{"line":454,"column":4},"end":{"line":468,"column":null}},"206":{"start":{"line":455,"column":18},"end":{"line":455,"column":null}},"207":{"start":{"line":456,"column":25},"end":{"line":456,"column":null}},"208":{"start":{"line":458,"column":5},"end":{"line":467,"column":null}},"209":{"start":{"line":459,"column":6},"end":{"line":466,"column":null}},"210":{"start":{"line":460,"column":24},"end":{"line":460,"column":null}},"211":{"start":{"line":461,"column":7},"end":{"line":461,"column":null}},"212":{"start":{"line":462,"column":7},"end":{"line":462,"column":null}},"213":{"start":{"line":463,"column":7},"end":{"line":463,"column":null}},"214":{"start":{"line":464,"column":7},"end":{"line":464,"column":null}},"215":{"start":{"line":465,"column":7},"end":{"line":465,"column":null}},"216":{"start":{"line":466,"column":20},"end":{"line":466,"column":38}},"217":{"start":{"line":470,"column":4},"end":{"line":472,"column":null}},"218":{"start":{"line":471,"column":5},"end":{"line":471,"column":null}},"219":{"start":{"line":476,"column":1},"end":{"line":476,"column":null}},"220":{"start":{"line":483,"column":11},"end":{"line":483,"column":null}},"221":{"start":{"line":483,"column":40},"end":{"line":483,"column":78}},"222":{"start":{"line":484,"column":1},"end":{"line":491,"column":null}},"223":{"start":{"line":485,"column":2},"end":{"line":485,"column":null}},"224":{"start":{"line":487,"column":19},"end":{"line":487,"column":null}},"225":{"start":{"line":487,"column":50},"end":{"line":487,"column":61}},"226":{"start":{"line":488,"column":2},"end":{"line":490,"column":null}},"227":{"start":{"line":489,"column":3},"end":{"line":489,"column":null}},"228":{"start":{"line":489,"column":33},"end":{"line":489,"column":null}},"229":{"start":{"line":498,"column":12},"end":{"line":498,"column":null}},"230":{"start":{"line":500,"column":1},"end":{"line":510,"column":null}},"231":{"start":{"line":501,"column":2},"end":{"line":501,"column":null}},"232":{"start":{"line":502,"column":22},"end":{"line":502,"column":null}},"233":{"start":{"line":503,"column":18},"end":{"line":503,"column":null}},"234":{"start":{"line":506,"column":2},"end":{"line":506,"column":null}},"235":{"start":{"line":508,"column":18},"end":{"line":508,"column":null}},"236":{"start":{"line":509,"column":2},"end":{"line":509,"column":null}},"237":{"start":{"line":511,"column":1},"end":{"line":511,"column":null}},"238":{"start":{"line":525,"column":12},"end":{"line":525,"column":null}},"239":{"start":{"line":526,"column":14},"end":{"line":526,"column":null}},"240":{"start":{"line":527,"column":21},"end":{"line":527,"column":null}},"241":{"start":{"line":528,"column":1},"end":{"line":528,"column":null}},"242":{"start":{"line":528,"column":19},"end":{"line":528,"column":null}},"243":{"start":{"line":530,"column":19},"end":{"line":530,"column":null}},"244":{"start":{"line":532,"column":1},"end":{"line":549,"column":null}},"245":{"start":{"line":533,"column":15},"end":{"line":533,"column":null}},"246":{"start":{"line":534,"column":2},"end":{"line":546,"column":null}},"247":{"start":{"line":535,"column":3},"end":{"line":535,"column":null}},"248":{"start":{"line":537,"column":19},"end":{"line":537,"column":null}},"249":{"start":{"line":538,"column":3},"end":{"line":540,"column":null}},"250":{"start":{"line":539,"column":4},"end":{"line":539,"column":null}},"251":{"start":{"line":542,"column":3},"end":{"line":545,"column":null}},"252":{"start":{"line":547,"column":8},"end":{"line":549,"column":null}},"253":{"start":{"line":548,"column":2},"end":{"line":548,"column":null}},"254":{"start":{"line":550,"column":1},"end":{"line":550,"column":null}},"255":{"start":{"line":558,"column":12},"end":{"line":558,"column":null}},"256":{"start":{"line":559,"column":20},"end":{"line":559,"column":null}},"257":{"start":{"line":560,"column":20},"end":{"line":560,"column":null}},"258":{"start":{"line":561,"column":1},"end":{"line":561,"column":null}},"259":{"start":{"line":561,"column":33},"end":{"line":561,"column":null}},"260":{"start":{"line":563,"column":23},"end":{"line":563,"column":null}},"261":{"start":{"line":564,"column":23},"end":{"line":564,"column":null}},"262":{"start":{"line":567,"column":1},"end":{"line":584,"column":null}},"263":{"start":{"line":568,"column":16},"end":{"line":568,"column":null}},"264":{"start":{"line":569,"column":2},"end":{"line":582,"column":null}},"265":{"start":{"line":570,"column":20},"end":{"line":570,"column":null}},"266":{"start":{"line":571,"column":17},"end":{"line":571,"column":null}},"267":{"start":{"line":572,"column":3},"end":{"line":581,"column":null}},"268":{"start":{"line":573,"column":4},"end":{"line":580,"column":null}},"269":{"start":{"line":574,"column":20},"end":{"line":574,"column":null}},"270":{"start":{"line":575,"column":5},"end":{"line":575,"column":null}},"271":{"start":{"line":575,"column":28},"end":{"line":575,"column":null}},"272":{"start":{"line":576,"column":5},"end":{"line":579,"column":null}},"273":{"start":{"line":576,"column":44},"end":{"line":576,"column":59}},"274":{"start":{"line":577,"column":6},"end":{"line":577,"column":null}},"275":{"start":{"line":578,"column":6},"end":{"line":578,"column":null}},"276":{"start":{"line":580,"column":18},"end":{"line":580,"column":36}},"277":{"start":{"line":583,"column":2},"end":{"line":583,"column":null}},"278":{"start":{"line":587,"column":1},"end":{"line":587,"column":null}},"279":{"start":{"line":588,"column":22},"end":{"line":588,"column":null}},"280":{"start":{"line":589,"column":15},"end":{"line":589,"column":null}},"281":{"start":{"line":590,"column":21},"end":{"line":590,"column":null}},"282":{"start":{"line":592,"column":1},"end":{"line":611,"column":null}},"283":{"start":{"line":593,"column":2},"end":{"line":601,"column":null}},"284":{"start":{"line":603,"column":15},"end":{"line":603,"column":null}},"285":{"start":{"line":604,"column":2},"end":{"line":610,"column":null}},"286":{"start":{"line":605,"column":17},"end":{"line":605,"column":null}},"287":{"start":{"line":606,"column":15},"end":{"line":606,"column":null}},"288":{"start":{"line":607,"column":3},"end":{"line":609,"column":null}},"289":{"start":{"line":608,"column":4},"end":{"line":608,"column":null}},"290":{"start":{"line":612,"column":1},"end":{"line":612,"column":null}},"291":{"start":{"line":619,"column":12},"end":{"line":619,"column":null}},"292":{"start":{"line":620,"column":14},"end":{"line":620,"column":null}},"293":{"start":{"line":622,"column":1},"end":{"line":630,"column":null}},"294":{"start":{"line":623,"column":20},"end":{"line":623,"column":null}},"295":{"start":{"line":625,"column":2},"end":{"line":625,"column":null}},"296":{"start":{"line":628,"column":18},"end":{"line":628,"column":null}},"297":{"start":{"line":629,"column":2},"end":{"line":629,"column":null}},"298":{"start":{"line":629,"column":31},"end":{"line":629,"column":85}},"299":{"start":{"line":629,"column":61},"end":{"line":629,"column":84}},"300":{"start":{"line":632,"column":1},"end":{"line":632,"column":null}},"301":{"start":{"line":639,"column":12},"end":{"line":639,"column":null}},"302":{"start":{"line":640,"column":14},"end":{"line":640,"column":null}},"303":{"start":{"line":641,"column":21},"end":{"line":641,"column":null}},"304":{"start":{"line":643,"column":1},"end":{"line":643,"column":null}},"305":{"start":{"line":643,"column":19},"end":{"line":643,"column":null}},"306":{"start":{"line":645,"column":19},"end":{"line":645,"column":null}},"307":{"start":{"line":647,"column":1},"end":{"line":654,"column":null}},"308":{"start":{"line":648,"column":15},"end":{"line":648,"column":null}},"309":{"start":{"line":649,"column":2},"end":{"line":651,"column":null}},"310":{"start":{"line":650,"column":3},"end":{"line":650,"column":null}},"311":{"start":{"line":652,"column":8},"end":{"line":654,"column":null}},"312":{"start":{"line":653,"column":2},"end":{"line":653,"column":null}},"313":{"start":{"line":656,"column":1},"end":{"line":656,"column":null}},"314":{"start":{"line":664,"column":12},"end":{"line":664,"column":null}},"315":{"start":{"line":665,"column":14},"end":{"line":665,"column":null}},"316":{"start":{"line":667,"column":1},"end":{"line":693,"column":null}},"317":{"start":{"line":669,"column":2},"end":{"line":669,"column":null}},"318":{"start":{"line":672,"column":22},"end":{"line":672,"column":null}},"319":{"start":{"line":673,"column":2},"end":{"line":678,"column":null}},"320":{"start":{"line":674,"column":16},"end":{"line":674,"column":null}},"321":{"start":{"line":675,"column":3},"end":{"line":677,"column":null}},"322":{"start":{"line":676,"column":4},"end":{"line":676,"column":null}},"323":{"start":{"line":681,"column":21},"end":{"line":681,"column":null}},"324":{"start":{"line":682,"column":21},"end":{"line":682,"column":null}},"325":{"start":{"line":683,"column":18},"end":{"line":683,"column":null}},"326":{"start":{"line":684,"column":2},"end":{"line":692,"column":null}},"327":{"start":{"line":685,"column":3},"end":{"line":685,"column":null}},"328":{"start":{"line":687,"column":19},"end":{"line":687,"column":null}},"329":{"start":{"line":688,"column":3},"end":{"line":691,"column":null}},"330":{"start":{"line":689,"column":17},"end":{"line":689,"column":null}},"331":{"start":{"line":690,"column":4},"end":{"line":690,"column":null}},"332":{"start":{"line":690,"column":25},"end":{"line":690,"column":null}},"333":{"start":{"line":695,"column":1},"end":{"line":695,"column":null}},"334":{"start":{"line":702,"column":12},"end":{"line":702,"column":null}},"335":{"start":{"line":703,"column":14},"end":{"line":703,"column":null}},"336":{"start":{"line":704,"column":21},"end":{"line":704,"column":null}},"337":{"start":{"line":706,"column":1},"end":{"line":706,"column":null}},"338":{"start":{"line":706,"column":19},"end":{"line":706,"column":null}},"339":{"start":{"line":708,"column":19},"end":{"line":708,"column":null}},"340":{"start":{"line":710,"column":1},"end":{"line":731,"column":null}},"341":{"start":{"line":711,"column":15},"end":{"line":711,"column":null}},"342":{"start":{"line":712,"column":2},"end":{"line":725,"column":null}},"343":{"start":{"line":713,"column":16},"end":{"line":713,"column":null}},"344":{"start":{"line":714,"column":3},"end":{"line":724,"column":null}},"345":{"start":{"line":715,"column":4},"end":{"line":715,"column":null}},"346":{"start":{"line":717,"column":20},"end":{"line":717,"column":null}},"347":{"start":{"line":718,"column":4},"end":{"line":723,"column":null}},"348":{"start":{"line":719,"column":21},"end":{"line":719,"column":null}},"349":{"start":{"line":720,"column":5},"end":{"line":722,"column":null}},"350":{"start":{"line":721,"column":6},"end":{"line":721,"column":null}},"351":{"start":{"line":726,"column":8},"end":{"line":731,"column":null}},"352":{"start":{"line":727,"column":15},"end":{"line":727,"column":null}},"353":{"start":{"line":728,"column":2},"end":{"line":730,"column":null}},"354":{"start":{"line":729,"column":3},"end":{"line":729,"column":null}},"355":{"start":{"line":733,"column":1},"end":{"line":733,"column":null}},"356":{"start":{"line":745,"column":12},"end":{"line":745,"column":null}},"357":{"start":{"line":746,"column":14},"end":{"line":746,"column":null}},"358":{"start":{"line":747,"column":21},"end":{"line":747,"column":null}},"359":{"start":{"line":749,"column":1},"end":{"line":749,"column":null}},"360":{"start":{"line":749,"column":19},"end":{"line":749,"column":null}},"361":{"start":{"line":751,"column":19},"end":{"line":751,"column":null}},"362":{"start":{"line":753,"column":1},"end":{"line":805,"column":null}},"363":{"start":{"line":754,"column":15},"end":{"line":754,"column":null}},"364":{"start":{"line":755,"column":2},"end":{"line":804,"column":null}},"365":{"start":{"line":756,"column":16},"end":{"line":756,"column":null}},"366":{"start":{"line":757,"column":3},"end":{"line":803,"column":null}},"367":{"start":{"line":758,"column":20},"end":{"line":758,"column":null}},"368":{"start":{"line":759,"column":4},"end":{"line":802,"column":null}},"369":{"start":{"line":760,"column":52},"end":{"line":760,"column":null}},"370":{"start":{"line":763,"column":5},"end":{"line":771,"column":null}},"371":{"start":{"line":764,"column":20},"end":{"line":764,"column":null}},"372":{"start":{"line":764,"column":40},"end":{"line":764,"column":63}},"373":{"start":{"line":765,"column":6},"end":{"line":770,"column":null}},"374":{"start":{"line":766,"column":7},"end":{"line":766,"column":null}},"375":{"start":{"line":767,"column":13},"end":{"line":770,"column":null}},"376":{"start":{"line":768,"column":21},"end":{"line":768,"column":null}},"377":{"start":{"line":768,"column":46},"end":{"line":768,"column":69}},"378":{"start":{"line":769,"column":7},"end":{"line":769,"column":null}},"379":{"start":{"line":769,"column":25},"end":{"line":769,"column":null}},"380":{"start":{"line":774,"column":5},"end":{"line":782,"column":null}},"381":{"start":{"line":775,"column":25},"end":{"line":775,"column":null}},"382":{"start":{"line":775,"column":45},"end":{"line":775,"column":65}},"383":{"start":{"line":776,"column":6},"end":{"line":781,"column":null}},"384":{"start":{"line":777,"column":7},"end":{"line":777,"column":null}},"385":{"start":{"line":778,"column":13},"end":{"line":781,"column":null}},"386":{"start":{"line":779,"column":21},"end":{"line":779,"column":null}},"387":{"start":{"line":779,"column":46},"end":{"line":779,"column":66}},"388":{"start":{"line":780,"column":7},"end":{"line":780,"column":null}},"389":{"start":{"line":780,"column":25},"end":{"line":780,"column":null}},"390":{"start":{"line":785,"column":5},"end":{"line":798,"column":null}},"391":{"start":{"line":786,"column":25},"end":{"line":786,"column":null}},"392":{"start":{"line":786,"column":50},"end":{"line":786,"column":96}},"393":{"start":{"line":787,"column":6},"end":{"line":797,"column":null}},"394":{"start":{"line":788,"column":7},"end":{"line":790,"column":null}},"395":{"start":{"line":789,"column":8},"end":{"line":789,"column":null}},"396":{"start":{"line":792,"column":7},"end":{"line":796,"column":null}},"397":{"start":{"line":793,"column":8},"end":{"line":793,"column":null}},"398":{"start":{"line":795,"column":8},"end":{"line":795,"column":null}},"399":{"start":{"line":800,"column":23},"end":{"line":800,"column":null}},"400":{"start":{"line":801,"column":5},"end":{"line":801,"column":null}},"401":{"start":{"line":806,"column":1},"end":{"line":806,"column":null}}},"fnMap":{"0":{"name":"syncSourceFile","decl":{"start":{"line":37,"column":9},"end":{"line":37,"column":24}},"loc":{"start":{"line":37,"column":38},"end":{"line":42,"column":null}},"line":37},"1":{"name":"findSqliteTableCall","decl":{"start":{"line":47,"column":9},"end":{"line":47,"column":29}},"loc":{"start":{"line":47,"column":56},"end":{"line":52,"column":null}},"line":47},"2":{"name":"(anonymous_2)","decl":{"start":{"line":51,"column":68},"end":{"line":51,"column":73}},"loc":{"start":{"line":51,"column":78},"end":{"line":51,"column":123}},"line":51},"3":{"name":"isDrizzleTableDeclaration","decl":{"start":{"line":58,"column":9},"end":{"line":58,"column":35}},"loc":{"start":{"line":58,"column":71},"end":{"line":85,"column":null}},"line":58},"4":{"name":"wrapCode","decl":{"start":{"line":90,"column":16},"end":{"line":90,"column":25}},"loc":{"start":{"line":90,"column":39},"end":{"line":92,"column":null}},"line":90},"5":{"name":"parseSchema","decl":{"start":{"line":98,"column":16},"end":{"line":98,"column":28}},"loc":{"start":{"line":98,"column":55},"end":{"line":202,"column":null}},"line":98},"6":{"name":"(anonymous_6)","decl":{"start":{"line":174,"column":35},"end":{"line":174,"column":39}},"loc":{"start":{"line":174,"column":44},"end":{"line":174,"column":48}},"line":174},"7":{"name":"(anonymous_7)","decl":{"start":{"line":175,"column":27},"end":{"line":175,"column":34}},"loc":{"start":{"line":175,"column":39},"end":{"line":175,"column":91}},"line":175},"8":{"name":"parseColumnChain","decl":{"start":{"line":212,"column":9},"end":{"line":212,"column":26}},"loc":{"start":{"line":212,"column":94},"end":{"line":231,"column":null}},"line":212},"9":{"name":"(anonymous_9)","decl":{"start":{"line":220,"column":39},"end":{"line":220,"column":43}},"loc":{"start":{"line":220,"column":48},"end":{"line":220,"column":59}},"line":220},"10":{"name":"buildColumnChain","decl":{"start":{"line":233,"column":9},"end":{"line":233,"column":26}},"loc":{"start":{"line":233,"column":83},"end":{"line":239,"column":null}},"line":233},"11":{"name":"extractColumns","decl":{"start":{"line":244,"column":9},"end":{"line":244,"column":24}},"loc":{"start":{"line":244,"column":51},"end":{"line":291,"column":null}},"line":244},"12":{"name":"(anonymous_12)","decl":{"start":{"line":268,"column":24},"end":{"line":268,"column":29}},"loc":{"start":{"line":268,"column":34},"end":{"line":268,"column":57}},"line":268},"13":{"name":"(anonymous_13)","decl":{"start":{"line":269,"column":27},"end":{"line":269,"column":32}},"loc":{"start":{"line":269,"column":37},"end":{"line":269,"column":57}},"line":269},"14":{"name":"(anonymous_14)","decl":{"start":{"line":270,"column":36},"end":{"line":270,"column":41}},"loc":{"start":{"line":270,"column":46},"end":{"line":270,"column":92}},"line":270},"15":{"name":"(anonymous_15)","decl":{"start":{"line":274,"column":32},"end":{"line":274,"column":37}},"loc":{"start":{"line":274,"column":42},"end":{"line":274,"column":65}},"line":274},"16":{"name":"extractObjectFields","decl":{"start":{"line":296,"column":9},"end":{"line":296,"column":29}},"loc":{"start":{"line":296,"column":56},"end":{"line":321,"column":null}},"line":296},"17":{"name":"extractRelations","decl":{"start":{"line":326,"column":9},"end":{"line":326,"column":26}},"loc":{"start":{"line":326,"column":96},"end":{"line":377,"column":null}},"line":326},"18":{"name":"(anonymous_18)","decl":{"start":{"line":341,"column":42},"end":{"line":341,"column":47}},"loc":{"start":{"line":341,"column":52},"end":{"line":341,"column":91}},"line":341},"19":{"name":"addEdgeIfUnique","decl":{"start":{"line":383,"column":9},"end":{"line":383,"column":25}},"loc":{"start":{"line":383,"column":125},"end":{"line":402,"column":null}},"line":383},"20":{"name":"(anonymous_20)","decl":{"start":{"line":385,"column":32},"end":{"line":385,"column":37}},"loc":{"start":{"line":385,"column":42},"end":{"line":385,"column":53}},"line":385},"21":{"name":"updateNodePositionInSchema","decl":{"start":{"line":407,"column":16},"end":{"line":407,"column":43}},"loc":{"start":{"line":407,"column":106},"end":{"line":439,"column":null}},"line":407},"22":{"name":"updateAllNodePositionsInSchema","decl":{"start":{"line":444,"column":16},"end":{"line":444,"column":47}},"loc":{"start":{"line":444,"column":84},"end":{"line":477,"column":null}},"line":444},"23":{"name":"ensureImports","decl":{"start":{"line":482,"column":9},"end":{"line":482,"column":23}},"loc":{"start":{"line":482,"column":72},"end":{"line":492,"column":null}},"line":482},"24":{"name":"(anonymous_24)","decl":{"start":{"line":483,"column":14},"end":{"line":483,"column":35}},"loc":{"start":{"line":483,"column":40},"end":{"line":483,"column":78}},"line":483},"25":{"name":"(anonymous_25)","decl":{"start":{"line":487,"column":41},"end":{"line":487,"column":45}},"loc":{"start":{"line":487,"column":50},"end":{"line":487,"column":61}},"line":487},"26":{"name":"addTableToSchema","decl":{"start":{"line":497,"column":16},"end":{"line":497,"column":33}},"loc":{"start":{"line":497,"column":109},"end":{"line":512,"column":null}},"line":497},"27":{"name":"addColumnToSchema","decl":{"start":{"line":517,"column":16},"end":{"line":517,"column":null}},"loc":{"start":{"line":524,"column":10},"end":{"line":551,"column":null}},"line":524},"28":{"name":"addEdgeToSchema","decl":{"start":{"line":557,"column":16},"end":{"line":557,"column":32}},"loc":{"start":{"line":557,"column":86},"end":{"line":613,"column":null}},"line":557},"29":{"name":"(anonymous_29)","decl":{"start":{"line":576,"column":27},"end":{"line":576,"column":33}},"loc":{"start":{"line":576,"column":44},"end":{"line":576,"column":59}},"line":576},"30":{"name":"removeTableFromSchema","decl":{"start":{"line":618,"column":16},"end":{"line":618,"column":38}},"loc":{"start":{"line":618,"column":79},"end":{"line":633,"column":null}},"line":618},"31":{"name":"(anonymous_31)","decl":{"start":{"line":629,"column":5},"end":{"line":629,"column":26}},"loc":{"start":{"line":629,"column":31},"end":{"line":629,"column":85}},"line":629},"32":{"name":"(anonymous_32)","decl":{"start":{"line":629,"column":51},"end":{"line":629,"column":56}},"loc":{"start":{"line":629,"column":61},"end":{"line":629,"column":84}},"line":629},"33":{"name":"removeColumnFromSchema","decl":{"start":{"line":638,"column":16},"end":{"line":638,"column":39}},"loc":{"start":{"line":638,"column":100},"end":{"line":657,"column":null}},"line":638},"34":{"name":"renameTableInSchema","decl":{"start":{"line":663,"column":16},"end":{"line":663,"column":36}},"loc":{"start":{"line":663,"column":92},"end":{"line":696,"column":null}},"line":663},"35":{"name":"renameColumnInSchema","decl":{"start":{"line":701,"column":16},"end":{"line":701,"column":37}},"loc":{"start":{"line":701,"column":118},"end":{"line":734,"column":null}},"line":701},"36":{"name":"updateColumnModifiersInSchema","decl":{"start":{"line":739,"column":16},"end":{"line":739,"column":null}},"loc":{"start":{"line":744,"column":10},"end":{"line":807,"column":null}},"line":744},"37":{"name":"(anonymous_37)","decl":{"start":{"line":764,"column":30},"end":{"line":764,"column":35}},"loc":{"start":{"line":764,"column":40},"end":{"line":764,"column":63}},"line":764},"38":{"name":"(anonymous_38)","decl":{"start":{"line":768,"column":31},"end":{"line":768,"column":41}},"loc":{"start":{"line":768,"column":46},"end":{"line":768,"column":69}},"line":768},"39":{"name":"(anonymous_39)","decl":{"start":{"line":775,"column":35},"end":{"line":775,"column":40}},"loc":{"start":{"line":775,"column":45},"end":{"line":775,"column":65}},"line":775},"40":{"name":"(anonymous_40)","decl":{"start":{"line":779,"column":31},"end":{"line":779,"column":41}},"loc":{"start":{"line":779,"column":46},"end":{"line":779,"column":66}},"line":779},"41":{"name":"(anonymous_41)","decl":{"start":{"line":786,"column":35},"end":{"line":786,"column":45}},"loc":{"start":{"line":786,"column":50},"end":{"line":786,"column":96}},"line":786}},"branchMap":{"0":{"loc":{"start":{"line":38,"column":1},"end":{"line":40,"column":null}},"type":"if","locations":[{"start":{"line":38,"column":1},"end":{"line":40,"column":null}},{"start":{},"end":{}}],"line":38},"1":{"loc":{"start":{"line":48,"column":1},"end":{"line":50,"column":null}},"type":"if","locations":[{"start":{"line":48,"column":1},"end":{"line":50,"column":null}},{"start":{},"end":{}}],"line":48},"2":{"loc":{"start":{"line":48,"column":5},"end":{"line":48,"column":111}},"type":"binary-expr","locations":[{"start":{"line":48,"column":5},"end":{"line":48,"column":54}},{"start":{"line":48,"column":54},"end":{"line":48,"column":111}}],"line":48},"3":{"loc":{"start":{"line":60,"column":1},"end":{"line":60,"column":null}},"type":"if","locations":[{"start":{"line":60,"column":1},"end":{"line":60,"column":null}},{"start":{},"end":{}}],"line":60},"4":{"loc":{"start":{"line":64,"column":1},"end":{"line":64,"column":null}},"type":"if","locations":[{"start":{"line":64,"column":1},"end":{"line":64,"column":null}},{"start":{},"end":{}}],"line":64},"5":{"loc":{"start":{"line":68,"column":1},"end":{"line":71,"column":null}},"type":"if","locations":[{"start":{"line":68,"column":1},"end":{"line":71,"column":null}},{"start":{},"end":{}}],"line":68},"6":{"loc":{"start":{"line":75,"column":2},"end":{"line":81,"column":null}},"type":"if","locations":[{"start":{"line":75,"column":2},"end":{"line":81,"column":null}},{"start":{},"end":{}}],"line":75},"7":{"loc":{"start":{"line":78,"column":3},"end":{"line":80,"column":null}},"type":"if","locations":[{"start":{"line":78,"column":3},"end":{"line":80,"column":null}},{"start":{},"end":{}}],"line":78},"8":{"loc":{"start":{"line":119,"column":13},"end":{"line":119,"column":null}},"type":"cond-expr","locations":[{"start":{"line":119,"column":23},"end":{"line":119,"column":30}},{"start":{"line":119,"column":30},"end":{"line":119,"column":null}}],"line":119},"9":{"loc":{"start":{"line":125,"column":5},"end":{"line":133,"column":null}},"type":"if","locations":[{"start":{"line":125,"column":5},"end":{"line":133,"column":null}},{"start":{},"end":{}}],"line":125},"10":{"loc":{"start":{"line":137,"column":4},"end":{"line":161,"column":null}},"type":"if","locations":[{"start":{"line":137,"column":4},"end":{"line":161,"column":null}},{"start":{},"end":{}}],"line":137},"11":{"loc":{"start":{"line":137,"column":8},"end":{"line":137,"column":77}},"type":"binary-expr","locations":[{"start":{"line":137,"column":8},"end":{"line":137,"column":19}},{"start":{"line":137,"column":19},"end":{"line":137,"column":49}},{"start":{"line":137,"column":49},"end":{"line":137,"column":77}}],"line":137},"12":{"loc":{"start":{"line":139,"column":20},"end":{"line":139,"column":null}},"type":"binary-expr","locations":[{"start":{"line":139,"column":20},"end":{"line":139,"column":42}},{"start":{"line":139,"column":42},"end":{"line":139,"column":null}}],"line":139},"13":{"loc":{"start":{"line":139,"column":42},"end":{"line":139,"column":null}},"type":"cond-expr","locations":[{"start":{"line":139,"column":52},"end":{"line":139,"column":59}},{"start":{"line":139,"column":59},"end":{"line":139,"column":null}}],"line":139},"14":{"loc":{"start":{"line":148,"column":16},"end":{"line":148,"column":null}},"type":"cond-expr","locations":[{"start":{"line":148,"column":26},"end":{"line":148,"column":49}},{"start":{"line":148,"column":49},"end":{"line":148,"column":null}}],"line":148},"15":{"loc":{"start":{"line":156,"column":5},"end":{"line":160,"column":null}},"type":"if","locations":[{"start":{"line":156,"column":5},"end":{"line":160,"column":null}},{"start":{},"end":{}}],"line":156},"16":{"loc":{"start":{"line":156,"column":9},"end":{"line":156,"column":70}},"type":"binary-expr","locations":[{"start":{"line":156,"column":9},"end":{"line":156,"column":33}},{"start":{"line":156,"column":33},"end":{"line":156,"column":70}}],"line":156},"17":{"loc":{"start":{"line":167,"column":23},"end":{"line":167,"column":null}},"type":"binary-expr","locations":[{"start":{"line":167,"column":23},"end":{"line":167,"column":59}},{"start":{"line":167,"column":59},"end":{"line":167,"column":null}}],"line":167},"18":{"loc":{"start":{"line":168,"column":3},"end":{"line":170,"column":null}},"type":"if","locations":[{"start":{"line":168,"column":3},"end":{"line":170,"column":null}},{"start":{},"end":{}}],"line":168},"19":{"loc":{"start":{"line":175,"column":39},"end":{"line":175,"column":91}},"type":"binary-expr","locations":[{"start":{"line":175,"column":39},"end":{"line":175,"column":67}},{"start":{"line":175,"column":67},"end":{"line":175,"column":91}}],"line":175},"20":{"loc":{"start":{"line":177,"column":2},"end":{"line":179,"column":null}},"type":"if","locations":[{"start":{"line":177,"column":2},"end":{"line":179,"column":null}},{"start":{},"end":{}}],"line":177},"21":{"loc":{"start":{"line":177,"column":6},"end":{"line":177,"column":52}},"type":"binary-expr","locations":[{"start":{"line":177,"column":6},"end":{"line":177,"column":28}},{"start":{"line":177,"column":28},"end":{"line":177,"column":52}}],"line":177},"22":{"loc":{"start":{"line":189,"column":2},"end":{"line":192,"column":null}},"type":"if","locations":[{"start":{"line":189,"column":2},"end":{"line":192,"column":null}},{"start":{},"end":{}}],"line":189},"23":{"loc":{"start":{"line":196,"column":10},"end":{"line":196,"column":null}},"type":"binary-expr","locations":[{"start":{"line":196,"column":10},"end":{"line":196,"column":23}},{"start":{"line":196,"column":23},"end":{"line":196,"column":null}}],"line":196},"24":{"loc":{"start":{"line":218,"column":2},"end":{"line":225,"column":null}},"type":"if","locations":[{"start":{"line":218,"column":2},"end":{"line":225,"column":null}},{"start":{"line":223,"column":9},"end":{"line":225,"column":null}}],"line":218},"25":{"loc":{"start":{"line":247,"column":1},"end":{"line":247,"column":null}},"type":"if","locations":[{"start":{"line":247,"column":1},"end":{"line":247,"column":null}},{"start":{},"end":{}}],"line":247},"26":{"loc":{"start":{"line":251,"column":1},"end":{"line":289,"column":null}},"type":"if","locations":[{"start":{"line":251,"column":1},"end":{"line":289,"column":null}},{"start":{},"end":{}}],"line":251},"27":{"loc":{"start":{"line":253,"column":2},"end":{"line":288,"column":null}},"type":"if","locations":[{"start":{"line":253,"column":2},"end":{"line":288,"column":null}},{"start":{},"end":{}}],"line":253},"28":{"loc":{"start":{"line":255,"column":3},"end":{"line":287,"column":null}},"type":"if","locations":[{"start":{"line":255,"column":3},"end":{"line":287,"column":null}},{"start":{},"end":{}}],"line":255},"29":{"loc":{"start":{"line":257,"column":5},"end":{"line":285,"column":null}},"type":"if","locations":[{"start":{"line":257,"column":5},"end":{"line":285,"column":null}},{"start":{},"end":{}}],"line":257},"30":{"loc":{"start":{"line":259,"column":18},"end":{"line":259,"column":null}},"type":"binary-expr","locations":[{"start":{"line":259,"column":18},"end":{"line":259,"column":54}},{"start":{"line":259,"column":54},"end":{"line":259,"column":null}}],"line":259},"31":{"loc":{"start":{"line":266,"column":6},"end":{"line":275,"column":null}},"type":"if","locations":[{"start":{"line":266,"column":6},"end":{"line":275,"column":null}},{"start":{},"end":{}}],"line":266},"32":{"loc":{"start":{"line":270,"column":46},"end":{"line":270,"column":92}},"type":"binary-expr","locations":[{"start":{"line":270,"column":46},"end":{"line":270,"column":70}},{"start":{"line":270,"column":70},"end":{"line":270,"column":92}}],"line":270},"33":{"loc":{"start":{"line":271,"column":7},"end":{"line":273,"column":null}},"type":"if","locations":[{"start":{"line":271,"column":7},"end":{"line":273,"column":null}},{"start":{},"end":{}}],"line":271},"34":{"loc":{"start":{"line":271,"column":11},"end":{"line":271,"column":53}},"type":"binary-expr","locations":[{"start":{"line":271,"column":11},"end":{"line":271,"column":25}},{"start":{"line":271,"column":25},"end":{"line":271,"column":53}}],"line":271},"35":{"loc":{"start":{"line":301,"column":1},"end":{"line":306,"column":null}},"type":"if","locations":[{"start":{"line":301,"column":1},"end":{"line":306,"column":null}},{"start":{},"end":{}}],"line":301},"36":{"loc":{"start":{"line":303,"column":2},"end":{"line":305,"column":null}},"type":"if","locations":[{"start":{"line":303,"column":2},"end":{"line":305,"column":null}},{"start":{},"end":{}}],"line":303},"37":{"loc":{"start":{"line":303,"column":6},"end":{"line":303,"column":77}},"type":"binary-expr","locations":[{"start":{"line":303,"column":6},"end":{"line":303,"column":25}},{"start":{"line":303,"column":25},"end":{"line":303,"column":77}}],"line":303},"38":{"loc":{"start":{"line":308,"column":1},"end":{"line":319,"column":null}},"type":"if","locations":[{"start":{"line":308,"column":1},"end":{"line":319,"column":null}},{"start":{},"end":{}}],"line":308},"39":{"loc":{"start":{"line":308,"column":5},"end":{"line":308,"column":80}},"type":"binary-expr","locations":[{"start":{"line":308,"column":5},"end":{"line":308,"column":22}},{"start":{"line":308,"column":22},"end":{"line":308,"column":80}}],"line":308},"40":{"loc":{"start":{"line":310,"column":3},"end":{"line":317,"column":null}},"type":"if","locations":[{"start":{"line":310,"column":3},"end":{"line":317,"column":null}},{"start":{},"end":{}}],"line":310},"41":{"loc":{"start":{"line":313,"column":17},"end":{"line":313,"column":null}},"type":"binary-expr","locations":[{"start":{"line":313,"column":17},"end":{"line":313,"column":53}},{"start":{"line":313,"column":53},"end":{"line":313,"column":null}}],"line":313},"42":{"loc":{"start":{"line":331,"column":1},"end":{"line":347,"column":null}},"type":"if","locations":[{"start":{"line":331,"column":1},"end":{"line":347,"column":null}},{"start":{},"end":{}}],"line":331},"43":{"loc":{"start":{"line":334,"column":3},"end":{"line":345,"column":null}},"type":"if","locations":[{"start":{"line":334,"column":3},"end":{"line":345,"column":null}},{"start":{},"end":{}}],"line":334},"44":{"loc":{"start":{"line":336,"column":4},"end":{"line":344,"column":null}},"type":"if","locations":[{"start":{"line":336,"column":4},"end":{"line":344,"column":null}},{"start":{},"end":{}}],"line":336},"45":{"loc":{"start":{"line":338,"column":5},"end":{"line":343,"column":null}},"type":"if","locations":[{"start":{"line":338,"column":5},"end":{"line":343,"column":null}},{"start":{},"end":{}}],"line":338},"46":{"loc":{"start":{"line":353,"column":2},"end":{"line":375,"column":null}},"type":"if","locations":[{"start":{"line":353,"column":2},"end":{"line":375,"column":null}},{"start":{},"end":{}}],"line":353},"47":{"loc":{"start":{"line":353,"column":6},"end":{"line":353,"column":97}},"type":"binary-expr","locations":[{"start":{"line":353,"column":6},"end":{"line":353,"column":49}},{"start":{"line":353,"column":49},"end":{"line":353,"column":97}}],"line":353},"48":{"loc":{"start":{"line":355,"column":3},"end":{"line":374,"column":null}},"type":"if","locations":[{"start":{"line":355,"column":3},"end":{"line":374,"column":null}},{"start":{},"end":{}}],"line":355},"49":{"loc":{"start":{"line":355,"column":7},"end":{"line":355,"column":59}},"type":"binary-expr","locations":[{"start":{"line":355,"column":7},"end":{"line":355,"column":26}},{"start":{"line":355,"column":26},"end":{"line":355,"column":59}}],"line":355},"50":{"loc":{"start":{"line":357,"column":23},"end":{"line":357,"column":null}},"type":"cond-expr","locations":[{"start":{"line":357,"column":73},"end":{"line":357,"column":80}},{"start":{"line":357,"column":80},"end":{"line":357,"column":null}}],"line":357},"51":{"loc":{"start":{"line":359,"column":4},"end":{"line":373,"column":null}},"type":"if","locations":[{"start":{"line":359,"column":4},"end":{"line":373,"column":null}},{"start":{},"end":{}}],"line":359},"52":{"loc":{"start":{"line":361,"column":6},"end":{"line":371,"column":null}},"type":"if","locations":[{"start":{"line":361,"column":6},"end":{"line":371,"column":null}},{"start":{},"end":{}}],"line":361},"53":{"loc":{"start":{"line":363,"column":7},"end":{"line":370,"column":null}},"type":"if","locations":[{"start":{"line":363,"column":7},"end":{"line":370,"column":null}},{"start":{},"end":{}}],"line":363},"54":{"loc":{"start":{"line":366,"column":8},"end":{"line":369,"column":null}},"type":"if","locations":[{"start":{"line":366,"column":8},"end":{"line":369,"column":null}},{"start":{},"end":{}}],"line":366},"55":{"loc":{"start":{"line":384,"column":37},"end":{"line":384,"column":null}},"type":"binary-expr","locations":[{"start":{"line":384,"column":37},"end":{"line":384,"column":46}},{"start":{"line":384,"column":46},"end":{"line":384,"column":null}}],"line":384},"56":{"loc":{"start":{"line":384,"column":46},"end":{"line":384,"column":null}},"type":"cond-expr","locations":[{"start":{"line":384,"column":58},"end":{"line":384,"column":64}},{"start":{"line":384,"column":64},"end":{"line":384,"column":null}}],"line":384},"57":{"loc":{"start":{"line":385,"column":1},"end":{"line":385,"column":null}},"type":"if","locations":[{"start":{"line":385,"column":1},"end":{"line":385,"column":null}},{"start":{},"end":{}}],"line":385},"58":{"loc":{"start":{"line":385,"column":5},"end":{"line":385,"column":56}},"type":"binary-expr","locations":[{"start":{"line":385,"column":5},"end":{"line":385,"column":26}},{"start":{"line":385,"column":26},"end":{"line":385,"column":56}}],"line":385},"59":{"loc":{"start":{"line":394,"column":9},"end":{"line":394,"column":null}},"type":"binary-expr","locations":[{"start":{"line":394,"column":9},"end":{"line":394,"column":18}},{"start":{"line":394,"column":18},"end":{"line":394,"column":null}}],"line":394},"60":{"loc":{"start":{"line":394,"column":18},"end":{"line":394,"column":null}},"type":"cond-expr","locations":[{"start":{"line":394,"column":37},"end":{"line":394,"column":47}},{"start":{"line":394,"column":47},"end":{"line":394,"column":null}}],"line":394},"61":{"loc":{"start":{"line":396,"column":9},"end":{"line":398,"column":null}},"type":"cond-expr","locations":[{"start":{"line":397,"column":5},"end":{"line":397,"column":null}},{"start":{"line":398,"column":5},"end":{"line":398,"column":null}}],"line":396},"62":{"loc":{"start":{"line":411,"column":1},"end":{"line":437,"column":null}},"type":"if","locations":[{"start":{"line":411,"column":1},"end":{"line":437,"column":null}},{"start":{},"end":{}}],"line":411},"63":{"loc":{"start":{"line":413,"column":2},"end":{"line":436,"column":null}},"type":"if","locations":[{"start":{"line":413,"column":2},"end":{"line":436,"column":null}},{"start":{},"end":{}}],"line":413},"64":{"loc":{"start":{"line":421,"column":4},"end":{"line":430,"column":null}},"type":"if","locations":[{"start":{"line":421,"column":4},"end":{"line":430,"column":null}},{"start":{},"end":{}}],"line":421},"65":{"loc":{"start":{"line":433,"column":3},"end":{"line":435,"column":null}},"type":"if","locations":[{"start":{"line":433,"column":3},"end":{"line":435,"column":null}},{"start":{},"end":{}}],"line":433},"66":{"loc":{"start":{"line":448,"column":2},"end":{"line":474,"column":null}},"type":"if","locations":[{"start":{"line":448,"column":2},"end":{"line":474,"column":null}},{"start":{},"end":{}}],"line":448},"67":{"loc":{"start":{"line":450,"column":3},"end":{"line":473,"column":null}},"type":"if","locations":[{"start":{"line":450,"column":3},"end":{"line":473,"column":null}},{"start":{},"end":{}}],"line":450},"68":{"loc":{"start":{"line":458,"column":5},"end":{"line":467,"column":null}},"type":"if","locations":[{"start":{"line":458,"column":5},"end":{"line":467,"column":null}},{"start":{},"end":{}}],"line":458},"69":{"loc":{"start":{"line":470,"column":4},"end":{"line":472,"column":null}},"type":"if","locations":[{"start":{"line":470,"column":4},"end":{"line":472,"column":null}},{"start":{},"end":{}}],"line":470},"70":{"loc":{"start":{"line":484,"column":1},"end":{"line":491,"column":null}},"type":"if","locations":[{"start":{"line":484,"column":1},"end":{"line":491,"column":null}},{"start":{"line":486,"column":8},"end":{"line":491,"column":null}}],"line":484},"71":{"loc":{"start":{"line":489,"column":3},"end":{"line":489,"column":null}},"type":"if","locations":[{"start":{"line":489,"column":3},"end":{"line":489,"column":null}},{"start":{},"end":{}}],"line":489},"72":{"loc":{"start":{"line":497,"column":66},"end":{"line":497,"column":109}},"type":"default-arg","locations":[{"start":{"line":497,"column":95},"end":{"line":497,"column":109}}],"line":497},"73":{"loc":{"start":{"line":500,"column":1},"end":{"line":510,"column":null}},"type":"if","locations":[{"start":{"line":500,"column":1},"end":{"line":510,"column":null}},{"start":{"line":507,"column":8},"end":{"line":510,"column":null}}],"line":500},"74":{"loc":{"start":{"line":500,"column":5},"end":{"line":500,"column":41}},"type":"binary-expr","locations":[{"start":{"line":500,"column":5},"end":{"line":500,"column":24}},{"start":{"line":500,"column":24},"end":{"line":500,"column":41}}],"line":500},"75":{"loc":{"start":{"line":502,"column":22},"end":{"line":502,"column":null}},"type":"cond-expr","locations":[{"start":{"line":502,"column":40},"end":{"line":502,"column":59}},{"start":{"line":502,"column":59},"end":{"line":502,"column":null}}],"line":502},"76":{"loc":{"start":{"line":521,"column":1},"end":{"line":521,"column":null}},"type":"default-arg","locations":[{"start":{"line":521,"column":16},"end":{"line":521,"column":null}}],"line":521},"77":{"loc":{"start":{"line":528,"column":1},"end":{"line":528,"column":null}},"type":"if","locations":[{"start":{"line":528,"column":1},"end":{"line":528,"column":null}},{"start":{},"end":{}}],"line":528},"78":{"loc":{"start":{"line":532,"column":1},"end":{"line":549,"column":null}},"type":"if","locations":[{"start":{"line":532,"column":1},"end":{"line":549,"column":null}},{"start":{"line":547,"column":8},"end":{"line":549,"column":null}}],"line":532},"79":{"loc":{"start":{"line":534,"column":2},"end":{"line":546,"column":null}},"type":"if","locations":[{"start":{"line":534,"column":2},"end":{"line":546,"column":null}},{"start":{},"end":{}}],"line":534},"80":{"loc":{"start":{"line":534,"column":6},"end":{"line":534,"column":77}},"type":"binary-expr","locations":[{"start":{"line":534,"column":6},"end":{"line":534,"column":25}},{"start":{"line":534,"column":25},"end":{"line":534,"column":77}}],"line":534},"81":{"loc":{"start":{"line":538,"column":3},"end":{"line":540,"column":null}},"type":"if","locations":[{"start":{"line":538,"column":3},"end":{"line":540,"column":null}},{"start":{},"end":{}}],"line":538},"82":{"loc":{"start":{"line":538,"column":7},"end":{"line":538,"column":44}},"type":"binary-expr","locations":[{"start":{"line":538,"column":7},"end":{"line":538,"column":26}},{"start":{"line":538,"column":26},"end":{"line":538,"column":44}}],"line":538},"83":{"loc":{"start":{"line":547,"column":8},"end":{"line":549,"column":null}},"type":"if","locations":[{"start":{"line":547,"column":8},"end":{"line":549,"column":null}},{"start":{},"end":{}}],"line":547},"84":{"loc":{"start":{"line":561,"column":1},"end":{"line":561,"column":null}},"type":"if","locations":[{"start":{"line":561,"column":1},"end":{"line":561,"column":null}},{"start":{},"end":{}}],"line":561},"85":{"loc":{"start":{"line":561,"column":5},"end":{"line":561,"column":33}},"type":"binary-expr","locations":[{"start":{"line":561,"column":5},"end":{"line":561,"column":20}},{"start":{"line":561,"column":20},"end":{"line":561,"column":33}}],"line":561},"86":{"loc":{"start":{"line":567,"column":1},"end":{"line":584,"column":null}},"type":"if","locations":[{"start":{"line":567,"column":1},"end":{"line":584,"column":null}},{"start":{},"end":{}}],"line":567},"87":{"loc":{"start":{"line":567,"column":5},"end":{"line":567,"column":39}},"type":"binary-expr","locations":[{"start":{"line":567,"column":5},"end":{"line":567,"column":23}},{"start":{"line":567,"column":23},"end":{"line":567,"column":39}}],"line":567},"88":{"loc":{"start":{"line":569,"column":2},"end":{"line":582,"column":null}},"type":"if","locations":[{"start":{"line":569,"column":2},"end":{"line":582,"column":null}},{"start":{},"end":{}}],"line":569},"89":{"loc":{"start":{"line":572,"column":3},"end":{"line":581,"column":null}},"type":"if","locations":[{"start":{"line":572,"column":3},"end":{"line":581,"column":null}},{"start":{},"end":{}}],"line":572},"90":{"loc":{"start":{"line":575,"column":5},"end":{"line":575,"column":null}},"type":"if","locations":[{"start":{"line":575,"column":5},"end":{"line":575,"column":null}},{"start":{},"end":{}}],"line":575},"91":{"loc":{"start":{"line":576,"column":5},"end":{"line":579,"column":null}},"type":"if","locations":[{"start":{"line":576,"column":5},"end":{"line":579,"column":null}},{"start":{},"end":{}}],"line":576},"92":{"loc":{"start":{"line":590,"column":21},"end":{"line":590,"column":null}},"type":"cond-expr","locations":[{"start":{"line":590,"column":44},"end":{"line":590,"column":53}},{"start":{"line":590,"column":53},"end":{"line":590,"column":null}}],"line":590},"93":{"loc":{"start":{"line":592,"column":1},"end":{"line":611,"column":null}},"type":"if","locations":[{"start":{"line":592,"column":1},"end":{"line":611,"column":null}},{"start":{"line":602,"column":8},"end":{"line":611,"column":null}}],"line":592},"94":{"loc":{"start":{"line":604,"column":2},"end":{"line":610,"column":null}},"type":"if","locations":[{"start":{"line":604,"column":2},"end":{"line":610,"column":null}},{"start":{},"end":{}}],"line":604},"95":{"loc":{"start":{"line":606,"column":15},"end":{"line":606,"column":null}},"type":"cond-expr","locations":[{"start":{"line":606,"column":65},"end":{"line":606,"column":72}},{"start":{"line":606,"column":72},"end":{"line":606,"column":null}}],"line":606},"96":{"loc":{"start":{"line":607,"column":3},"end":{"line":609,"column":null}},"type":"if","locations":[{"start":{"line":607,"column":3},"end":{"line":609,"column":null}},{"start":{},"end":{}}],"line":607},"97":{"loc":{"start":{"line":607,"column":7},"end":{"line":607,"column":45}},"type":"binary-expr","locations":[{"start":{"line":607,"column":7},"end":{"line":607,"column":14}},{"start":{"line":607,"column":14},"end":{"line":607,"column":45}}],"line":607},"98":{"loc":{"start":{"line":622,"column":1},"end":{"line":630,"column":null}},"type":"if","locations":[{"start":{"line":622,"column":1},"end":{"line":630,"column":null}},{"start":{},"end":{}}],"line":622},"99":{"loc":{"start":{"line":643,"column":1},"end":{"line":643,"column":null}},"type":"if","locations":[{"start":{"line":643,"column":1},"end":{"line":643,"column":null}},{"start":{},"end":{}}],"line":643},"100":{"loc":{"start":{"line":647,"column":1},"end":{"line":654,"column":null}},"type":"if","locations":[{"start":{"line":647,"column":1},"end":{"line":654,"column":null}},{"start":{"line":652,"column":8},"end":{"line":654,"column":null}}],"line":647},"101":{"loc":{"start":{"line":649,"column":2},"end":{"line":651,"column":null}},"type":"if","locations":[{"start":{"line":649,"column":2},"end":{"line":651,"column":null}},{"start":{},"end":{}}],"line":649},"102":{"loc":{"start":{"line":649,"column":6},"end":{"line":649,"column":77}},"type":"binary-expr","locations":[{"start":{"line":649,"column":6},"end":{"line":649,"column":25}},{"start":{"line":649,"column":25},"end":{"line":649,"column":77}}],"line":649},"103":{"loc":{"start":{"line":652,"column":8},"end":{"line":654,"column":null}},"type":"if","locations":[{"start":{"line":652,"column":8},"end":{"line":654,"column":null}},{"start":{},"end":{}}],"line":652},"104":{"loc":{"start":{"line":667,"column":1},"end":{"line":693,"column":null}},"type":"if","locations":[{"start":{"line":667,"column":1},"end":{"line":693,"column":null}},{"start":{},"end":{}}],"line":667},"105":{"loc":{"start":{"line":673,"column":2},"end":{"line":678,"column":null}},"type":"if","locations":[{"start":{"line":673,"column":2},"end":{"line":678,"column":null}},{"start":{},"end":{}}],"line":673},"106":{"loc":{"start":{"line":673,"column":6},"end":{"line":673,"column":113}},"type":"binary-expr","locations":[{"start":{"line":673,"column":6},"end":{"line":673,"column":56}},{"start":{"line":673,"column":56},"end":{"line":673,"column":113}}],"line":673},"107":{"loc":{"start":{"line":675,"column":3},"end":{"line":677,"column":null}},"type":"if","locations":[{"start":{"line":675,"column":3},"end":{"line":677,"column":null}},{"start":{},"end":{}}],"line":675},"108":{"loc":{"start":{"line":675,"column":7},"end":{"line":675,"column":68}},"type":"binary-expr","locations":[{"start":{"line":675,"column":7},"end":{"line":675,"column":26}},{"start":{"line":675,"column":26},"end":{"line":675,"column":68}}],"line":675},"109":{"loc":{"start":{"line":684,"column":2},"end":{"line":692,"column":null}},"type":"if","locations":[{"start":{"line":684,"column":2},"end":{"line":692,"column":null}},{"start":{},"end":{}}],"line":684},"110":{"loc":{"start":{"line":688,"column":3},"end":{"line":691,"column":null}},"type":"if","locations":[{"start":{"line":688,"column":3},"end":{"line":691,"column":null}},{"start":{},"end":{}}],"line":688},"111":{"loc":{"start":{"line":690,"column":4},"end":{"line":690,"column":null}},"type":"if","locations":[{"start":{"line":690,"column":4},"end":{"line":690,"column":null}},{"start":{},"end":{}}],"line":690},"112":{"loc":{"start":{"line":706,"column":1},"end":{"line":706,"column":null}},"type":"if","locations":[{"start":{"line":706,"column":1},"end":{"line":706,"column":null}},{"start":{},"end":{}}],"line":706},"113":{"loc":{"start":{"line":710,"column":1},"end":{"line":731,"column":null}},"type":"if","locations":[{"start":{"line":710,"column":1},"end":{"line":731,"column":null}},{"start":{"line":726,"column":8},"end":{"line":731,"column":null}}],"line":710},"114":{"loc":{"start":{"line":712,"column":2},"end":{"line":725,"column":null}},"type":"if","locations":[{"start":{"line":712,"column":2},"end":{"line":725,"column":null}},{"start":{},"end":{}}],"line":712},"115":{"loc":{"start":{"line":712,"column":6},"end":{"line":712,"column":77}},"type":"binary-expr","locations":[{"start":{"line":712,"column":6},"end":{"line":712,"column":25}},{"start":{"line":712,"column":25},"end":{"line":712,"column":77}}],"line":712},"116":{"loc":{"start":{"line":714,"column":3},"end":{"line":724,"column":null}},"type":"if","locations":[{"start":{"line":714,"column":3},"end":{"line":724,"column":null}},{"start":{},"end":{}}],"line":714},"117":{"loc":{"start":{"line":718,"column":4},"end":{"line":723,"column":null}},"type":"if","locations":[{"start":{"line":718,"column":4},"end":{"line":723,"column":null}},{"start":{},"end":{}}],"line":718},"118":{"loc":{"start":{"line":720,"column":5},"end":{"line":722,"column":null}},"type":"if","locations":[{"start":{"line":720,"column":5},"end":{"line":722,"column":null}},{"start":{},"end":{}}],"line":720},"119":{"loc":{"start":{"line":720,"column":9},"end":{"line":720,"column":76}},"type":"binary-expr","locations":[{"start":{"line":720,"column":9},"end":{"line":720,"column":31}},{"start":{"line":720,"column":31},"end":{"line":720,"column":76}}],"line":720},"120":{"loc":{"start":{"line":726,"column":8},"end":{"line":731,"column":null}},"type":"if","locations":[{"start":{"line":726,"column":8},"end":{"line":731,"column":null}},{"start":{},"end":{}}],"line":726},"121":{"loc":{"start":{"line":728,"column":2},"end":{"line":730,"column":null}},"type":"if","locations":[{"start":{"line":728,"column":2},"end":{"line":730,"column":null}},{"start":{},"end":{}}],"line":728},"122":{"loc":{"start":{"line":749,"column":1},"end":{"line":749,"column":null}},"type":"if","locations":[{"start":{"line":749,"column":1},"end":{"line":749,"column":null}},{"start":{},"end":{}}],"line":749},"123":{"loc":{"start":{"line":753,"column":1},"end":{"line":805,"column":null}},"type":"if","locations":[{"start":{"line":753,"column":1},"end":{"line":805,"column":null}},{"start":{},"end":{}}],"line":753},"124":{"loc":{"start":{"line":755,"column":2},"end":{"line":804,"column":null}},"type":"if","locations":[{"start":{"line":755,"column":2},"end":{"line":804,"column":null}},{"start":{},"end":{}}],"line":755},"125":{"loc":{"start":{"line":755,"column":6},"end":{"line":755,"column":77}},"type":"binary-expr","locations":[{"start":{"line":755,"column":6},"end":{"line":755,"column":25}},{"start":{"line":755,"column":25},"end":{"line":755,"column":77}}],"line":755},"126":{"loc":{"start":{"line":757,"column":3},"end":{"line":803,"column":null}},"type":"if","locations":[{"start":{"line":757,"column":3},"end":{"line":803,"column":null}},{"start":{},"end":{}}],"line":757},"127":{"loc":{"start":{"line":759,"column":4},"end":{"line":802,"column":null}},"type":"if","locations":[{"start":{"line":759,"column":4},"end":{"line":802,"column":null}},{"start":{},"end":{}}],"line":759},"128":{"loc":{"start":{"line":763,"column":5},"end":{"line":771,"column":null}},"type":"if","locations":[{"start":{"line":763,"column":5},"end":{"line":771,"column":null}},{"start":{},"end":{}}],"line":763},"129":{"loc":{"start":{"line":765,"column":6},"end":{"line":770,"column":null}},"type":"if","locations":[{"start":{"line":765,"column":6},"end":{"line":770,"column":null}},{"start":{"line":767,"column":13},"end":{"line":770,"column":null}}],"line":765},"130":{"loc":{"start":{"line":765,"column":10},"end":{"line":765,"column":36}},"type":"binary-expr","locations":[{"start":{"line":765,"column":10},"end":{"line":765,"column":28}},{"start":{"line":765,"column":28},"end":{"line":765,"column":36}}],"line":765},"131":{"loc":{"start":{"line":767,"column":13},"end":{"line":770,"column":null}},"type":"if","locations":[{"start":{"line":767,"column":13},"end":{"line":770,"column":null}},{"start":{},"end":{}}],"line":767},"132":{"loc":{"start":{"line":767,"column":17},"end":{"line":767,"column":43}},"type":"binary-expr","locations":[{"start":{"line":767,"column":17},"end":{"line":767,"column":36}},{"start":{"line":767,"column":36},"end":{"line":767,"column":43}}],"line":767},"133":{"loc":{"start":{"line":769,"column":7},"end":{"line":769,"column":null}},"type":"if","locations":[{"start":{"line":769,"column":7},"end":{"line":769,"column":null}},{"start":{},"end":{}}],"line":769},"134":{"loc":{"start":{"line":774,"column":5},"end":{"line":782,"column":null}},"type":"if","locations":[{"start":{"line":774,"column":5},"end":{"line":782,"column":null}},{"start":{},"end":{}}],"line":774},"135":{"loc":{"start":{"line":776,"column":6},"end":{"line":781,"column":null}},"type":"if","locations":[{"start":{"line":776,"column":6},"end":{"line":781,"column":null}},{"start":{"line":778,"column":13},"end":{"line":781,"column":null}}],"line":776},"136":{"loc":{"start":{"line":776,"column":10},"end":{"line":776,"column":44}},"type":"binary-expr","locations":[{"start":{"line":776,"column":10},"end":{"line":776,"column":31}},{"start":{"line":776,"column":31},"end":{"line":776,"column":44}}],"line":776},"137":{"loc":{"start":{"line":778,"column":13},"end":{"line":781,"column":null}},"type":"if","locations":[{"start":{"line":778,"column":13},"end":{"line":781,"column":null}},{"start":{},"end":{}}],"line":778},"138":{"loc":{"start":{"line":778,"column":17},"end":{"line":778,"column":51}},"type":"binary-expr","locations":[{"start":{"line":778,"column":17},"end":{"line":778,"column":39}},{"start":{"line":778,"column":39},"end":{"line":778,"column":51}}],"line":778},"139":{"loc":{"start":{"line":780,"column":7},"end":{"line":780,"column":null}},"type":"if","locations":[{"start":{"line":780,"column":7},"end":{"line":780,"column":null}},{"start":{},"end":{}}],"line":780},"140":{"loc":{"start":{"line":785,"column":5},"end":{"line":798,"column":null}},"type":"if","locations":[{"start":{"line":785,"column":5},"end":{"line":798,"column":null}},{"start":{},"end":{}}],"line":785},"141":{"loc":{"start":{"line":786,"column":50},"end":{"line":786,"column":96}},"type":"binary-expr","locations":[{"start":{"line":786,"column":50},"end":{"line":786,"column":74}},{"start":{"line":786,"column":74},"end":{"line":786,"column":96}}],"line":786},"142":{"loc":{"start":{"line":787,"column":6},"end":{"line":797,"column":null}},"type":"if","locations":[{"start":{"line":787,"column":6},"end":{"line":797,"column":null}},{"start":{"line":791,"column":13},"end":{"line":797,"column":null}}],"line":787},"143":{"loc":{"start":{"line":787,"column":10},"end":{"line":787,"column":117}},"type":"binary-expr","locations":[{"start":{"line":787,"column":10},"end":{"line":787,"column":43}},{"start":{"line":787,"column":43},"end":{"line":787,"column":81}},{"start":{"line":787,"column":81},"end":{"line":787,"column":117}}],"line":787},"144":{"loc":{"start":{"line":788,"column":7},"end":{"line":790,"column":null}},"type":"if","locations":[{"start":{"line":788,"column":7},"end":{"line":790,"column":null}},{"start":{},"end":{}}],"line":788},"145":{"loc":{"start":{"line":792,"column":7},"end":{"line":796,"column":null}},"type":"if","locations":[{"start":{"line":792,"column":7},"end":{"line":796,"column":null}},{"start":{"line":794,"column":14},"end":{"line":796,"column":null}}],"line":792}},"s":{"0":3,"1":3,"2":246,"3":37,"4":246,"5":253,"6":242,"7":11,"8":4,"9":123,"10":123,"11":0,"12":123,"13":123,"14":7,"15":116,"16":116,"17":116,"18":110,"19":6,"20":6,"21":6,"22":6,"23":6,"24":6,"25":6,"26":0,"27":1,"28":120,"29":120,"30":120,"31":120,"32":120,"33":120,"34":120,"35":123,"36":123,"37":123,"38":123,"39":123,"40":123,"41":107,"42":107,"43":107,"44":107,"45":107,"46":107,"47":107,"48":1,"49":123,"50":119,"51":119,"52":119,"53":119,"54":119,"55":1,"56":1,"57":120,"58":119,"59":119,"60":116,"61":120,"62":119,"63":120,"64":5,"65":120,"66":3,"67":117,"68":0,"69":0,"70":0,"71":0,"72":0,"73":0,"74":0,"75":0,"76":121,"77":121,"78":121,"79":235,"80":235,"81":114,"82":114,"83":3,"84":114,"85":114,"86":121,"87":121,"88":5,"89":5,"90":10,"91":5,"92":116,"93":116,"94":116,"95":0,"96":116,"97":116,"98":116,"99":116,"100":116,"101":116,"102":116,"103":116,"104":116,"105":116,"106":116,"107":116,"108":116,"109":116,"110":116,"111":116,"112":116,"113":116,"114":105,"115":116,"116":106,"117":116,"118":106,"119":116,"120":0,"121":116,"122":106,"123":116,"124":116,"125":3,"126":3,"127":3,"128":3,"129":0,"130":0,"131":0,"132":3,"133":3,"134":3,"135":3,"136":3,"137":116,"138":116,"139":116,"140":116,"141":116,"142":222,"143":1,"144":1,"145":1,"146":1,"147":1,"148":1,"149":1,"150":1,"151":1,"152":116,"153":116,"154":132,"155":132,"156":8,"157":8,"158":3,"159":3,"160":3,"161":3,"162":3,"163":3,"164":3,"165":3,"166":3,"167":3,"168":3,"169":3,"170":5,"171":5,"172":1,"173":0,"174":5,"175":103,"176":103,"177":103,"178":103,"179":103,"180":103,"181":103,"182":103,"183":102,"184":102,"185":102,"186":102,"187":102,"188":102,"189":102,"190":102,"191":102,"192":102,"193":0,"194":103,"195":1,"196":103,"197":2,"198":2,"199":2,"200":2,"201":2,"202":2,"203":2,"204":2,"205":2,"206":2,"207":2,"208":2,"209":2,"210":2,"211":2,"212":2,"213":2,"214":2,"215":2,"216":0,"217":2,"218":0,"219":2,"220":3,"221":0,"222":3,"223":3,"224":0,"225":0,"226":0,"227":0,"228":0,"229":0,"230":0,"231":0,"232":0,"233":0,"234":0,"235":0,"236":0,"237":0,"238":3,"239":3,"240":3,"241":3,"242":0,"243":3,"244":3,"245":2,"246":2,"247":2,"248":2,"249":2,"250":1,"251":2,"252":1,"253":1,"254":3,"255":3,"256":3,"257":3,"258":3,"259":0,"260":3,"261":3,"262":3,"263":2,"264":2,"265":2,"266":2,"267":2,"268":2,"269":2,"270":2,"271":2,"272":2,"273":0,"274":2,"275":2,"276":0,"277":2,"278":1,"279":1,"280":1,"281":1,"282":3,"283":0,"284":1,"285":1,"286":1,"287":1,"288":1,"289":1,"290":1,"291":2,"292":2,"293":2,"294":1,"295":1,"296":1,"297":1,"298":1,"299":1,"300":2,"301":3,"302":3,"303":3,"304":3,"305":0,"306":3,"307":3,"308":2,"309":2,"310":2,"311":1,"312":1,"313":3,"314":2,"315":2,"316":2,"317":2,"318":2,"319":2,"320":2,"321":2,"322":2,"323":2,"324":2,"325":2,"326":2,"327":1,"328":1,"329":1,"330":1,"331":1,"332":1,"333":2,"334":3,"335":3,"336":3,"337":3,"338":0,"339":3,"340":3,"341":2,"342":2,"343":2,"344":2,"345":2,"346":2,"347":2,"348":2,"349":2,"350":2,"351":1,"352":1,"353":1,"354":1,"355":3,"356":5,"357":5,"358":5,"359":5,"360":0,"361":5,"362":5,"363":5,"364":5,"365":5,"366":5,"367":5,"368":5,"369":5,"370":5,"371":3,"372":1,"373":3,"374":2,"375":1,"376":1,"377":1,"378":1,"379":1,"380":5,"381":3,"382":3,"383":3,"384":2,"385":1,"386":1,"387":1,"388":1,"389":1,"390":5,"391":3,"392":6,"393":3,"394":1,"395":1,"396":2,"397":1,"398":1,"399":5,"400":5,"401":5},"f":{"0":246,"1":253,"2":4,"3":123,"4":1,"5":120,"6":119,"7":5,"8":121,"9":3,"10":5,"11":116,"12":105,"13":106,"14":106,"15":106,"16":3,"17":116,"18":1,"19":5,"20":1,"21":103,"22":2,"23":3,"24":0,"25":0,"26":0,"27":3,"28":3,"29":0,"30":2,"31":1,"32":1,"33":3,"34":2,"35":3,"36":5,"37":1,"38":1,"39":3,"40":1,"41":6},"b":{"0":[37,209],"1":[242,11],"2":[253,246],"3":[0,123],"4":[7,116],"5":[110,6],"6":[6,0],"7":[6,0],"8":[116,7],"9":[107,0],"10":[119,4],"11":[123,7,5],"12":[119,0],"13":[0,0],"14":[116,3],"15":[1,118],"16":[119,1],"17":[119,0],"18":[116,3],"19":[5,5],"20":[3,117],"21":[120,4],"22":[0,0],"23":[0,0],"24":[114,121],"25":[0,116],"26":[116,0],"27":[116,0],"28":[116,0],"29":[116,0],"30":[116,0],"31":[116,0],"32":[106,106],"33":[0,116],"34":[116,0],"35":[0,3],"36":[0,0],"37":[0,0],"38":[3,0],"39":[3,3],"40":[3,0],"41":[3,0],"42":[116,0],"43":[1,221],"44":[1,0],"45":[1,0],"46":[8,124],"47":[132,132],"48":[3,5],"49":[8,8],"50":[0,3],"51":[3,0],"52":[3,0],"53":[3,0],"54":[3,0],"55":[5,1],"56":[1,0],"57":[0,5],"58":[5,5],"59":[5,1],"60":[1,0],"61":[4,1],"62":[103,0],"63":[103,0],"64":[102,0],"65":[1,102],"66":[2,0],"67":[2,0],"68":[2,0],"69":[0,2],"70":[3,0],"71":[0,0],"72":[0],"73":[0,0],"74":[0,0],"75":[0,0],"76":[3],"77":[0,3],"78":[2,1],"79":[2,0],"80":[2,2],"81":[1,1],"82":[2,1],"83":[1,0],"84":[0,3],"85":[3,3],"86":[2,1],"87":[3,1],"88":[2,0],"89":[2,0],"90":[2,0],"91":[2,0],"92":[1,0],"93":[0,1],"94":[1,0],"95":[0,1],"96":[1,0],"97":[1,1],"98":[1,1],"99":[0,3],"100":[2,1],"101":[2,0],"102":[2,2],"103":[1,0],"104":[2,0],"105":[2,0],"106":[2,2],"107":[2,0],"108":[2,2],"109":[1,1],"110":[1,0],"111":[1,0],"112":[0,3],"113":[2,1],"114":[2,0],"115":[2,2],"116":[2,0],"117":[2,0],"118":[2,0],"119":[2,2],"120":[1,0],"121":[1,0],"122":[0,5],"123":[5,0],"124":[5,0],"125":[5,5],"126":[5,0],"127":[5,0],"128":[3,2],"129":[2,1],"130":[3,2],"131":[1,0],"132":[1,1],"133":[1,0],"134":[3,2],"135":[2,1],"136":[3,2],"137":[1,0],"138":[1,1],"139":[1,0],"140":[3,2],"141":[6,4],"142":[1,2],"143":[3,2,2],"144":[1,0],"145":[1,1]},"meta":{"lastBranch":146,"lastFunction":42,"lastStatement":402,"seen":{"s:19:16:19:Infinity":0,"s:20:17:20:Infinity":1,"f:37:9:37:24":0,"b:38:1:40:Infinity:undefined:undefined:undefined:undefined":0,"s:38:1:40:Infinity":2,"s:39:2:39:Infinity":3,"s:41:1:41:Infinity":4,"f:47:9:47:29":1,"b:48:1:50:Infinity:undefined:undefined:undefined:undefined":1,"s:48:1:50:Infinity":5,"b:48:5:48:54:48:54:48:111":2,"s:49:2:49:Infinity":6,"s:51:1:51:Infinity":7,"f:51:68:51:73":2,"s:51:78:51:123":8,"f:58:9:58:35":3,"s:59:21:59:Infinity":9,"b:60:1:60:Infinity:undefined:undefined:undefined:undefined":3,"s:60:1:60:Infinity":10,"s:60:19:60:Infinity":11,"s:62:19:62:Infinity":12,"b:64:1:64:Infinity:undefined:undefined:undefined:undefined":4,"s:64:1:64:Infinity":13,"s:64:17:64:Infinity":14,"s:66:20:66:Infinity":15,"s:67:16:67:Infinity":16,"b:68:1:71:Infinity:undefined:undefined:undefined:undefined":5,"s:68:1:71:Infinity":17,"s:70:2:70:Infinity":18,"s:73:22:73:Infinity":19,"s:74:1:82:Infinity":20,"b:75:2:81:Infinity:undefined:undefined:undefined:undefined":6,"s:75:2:81:Infinity":21,"s:76:22:76:Infinity":22,"s:77:27:77:Infinity":23,"b:78:3:80:Infinity:undefined:undefined:undefined:undefined":7,"s:78:3:80:Infinity":24,"s:79:4:79:Infinity":25,"s:84:1:84:Infinity":26,"f:90:16:90:25":4,"s:91:1:91:Infinity":27,"f:98:16:98:28":5,"s:99:1:201:Infinity":28,"s:100:13:100:Infinity":29,"s:102:24:102:Infinity":30,"s:103:24:103:Infinity":31,"s:106:29:106:Infinity":32,"s:107:28:107:Infinity":33,"s:109:2:163:Infinity":34,"s:110:24:110:Infinity":35,"s:111:3:162:Infinity":36,"s:112:20:112:Infinity":37,"s:115:19:115:Infinity":38,"s:116:26:120:Infinity":39,"b:119:23:119:30:119:30:119:Infinity":8,"s:122:4:134:Infinity":40,"s:123:22:123:Infinity":41,"s:124:19:124:Infinity":42,"b:125:5:133:Infinity:undefined:undefined:undefined:undefined":9,"s:125:5:133:Infinity":43,"s:126:6:132:Infinity":44,"s:127:23:127:Infinity":45,"s:128:22:128:Infinity":46,"s:129:7:129:Infinity":47,"s:131:7:131:Infinity":48,"b:137:4:161:Infinity:undefined:undefined:undefined:undefined":10,"s:137:4:161:Infinity":49,"b:137:8:137:19:137:19:137:49:137:49:137:77":11,"s:138:23:138:Infinity":50,"s:139:20:139:Infinity":51,"b:139:20:139:42:139:42:139:Infinity":12,"b:139:52:139:59:139:59:139:Infinity":13,"s:141:5:141:Infinity":52,"s:143:5:153:Infinity":53,"b:148:26:148:49:148:49:148:Infinity":14,"b:156:5:160:Infinity:undefined:undefined:undefined:undefined":15,"s:156:5:160:Infinity":54,"b:156:9:156:33:156:33:156:70":16,"s:157:6:159:Infinity":55,"s:158:7:158:Infinity":56,"s:166:2:171:Infinity":57,"s:167:23:167:Infinity":58,"b:167:23:167:59:167:59:167:Infinity":17,"b:168:3:170:Infinity:undefined:undefined:undefined:undefined":18,"s:168:3:170:Infinity":59,"s:169:4:169:Infinity":60,"s:174:21:174:Infinity":61,"f:174:35:174:39":6,"s:174:44:174:48":62,"s:175:21:175:Infinity":63,"f:175:27:175:34":7,"s:175:39:175:91":64,"b:175:39:175:67:175:67:175:91":19,"b:177:2:179:Infinity:undefined:undefined:undefined:undefined":20,"s:177:2:179:Infinity":65,"b:177:6:177:28:177:28:177:52":21,"s:178:3:178:Infinity":66,"s:181:2:181:Infinity":67,"s:183:2:183:Infinity":68,"s:186:13:186:Infinity":69,"s:187:15:187:Infinity":70,"s:188:16:188:Infinity":71,"b:189:2:192:Infinity:undefined:undefined:undefined:undefined":22,"s:189:2:192:Infinity":72,"s:190:3:190:Infinity":73,"s:191:3:191:Infinity":74,"s:194:2:200:Infinity":75,"b:196:10:196:23:196:23:196:Infinity":23,"f:212:9:212:26":8,"s:213:35:213:Infinity":76,"s:214:15:214:Infinity":77,"s:216:1:226:Infinity":78,"s:217:15:217:Infinity":79,"b:218:2:225:Infinity:223:9:225:Infinity":24,"s:218:2:225:Infinity":80,"s:219:16:219:Infinity":81,"s:220:16:220:Infinity":82,"f:220:39:220:43":9,"s:220:48:220:59":83,"s:221:3:221:Infinity":84,"s:222:3:222:Infinity":85,"s:224:3:224:Infinity":86,"s:227:1:230:Infinity":87,"f:233:9:233:26":10,"s:234:13:234:Infinity":88,"s:235:1:237:Infinity":89,"s:236:2:236:Infinity":90,"s:238:1:238:Infinity":91,"f:244:9:244:24":11,"s:245:24:245:Infinity":92,"s:246:21:246:Infinity":93,"b:247:1:247:Infinity:undefined:undefined:undefined
[...]
null}},"loc":{"start":{"line":260,"column":3},"end":{"line":265,"column":null}},"line":260},"31":{"name":"(anonymous_31)","decl":{"start":{"line":262,"column":35},"end":{"line":262,"column":62}},"loc":{"start":{"line":263,"column":3},"end":{"line":263,"column":null}},"line":263},"32":{"name":"(anonymous_32)","decl":{"start":{"line":270,"column":7},"end":{"line":270,"column":20}},"loc":{"start":{"line":270,"column":56},"end":{"line":275,"column":null}},"line":270},"33":{"name":"(anonymous_33)","decl":{"start":{"line":272,"column":35},"end":{"line":272,"column":53}},"loc":{"start":{"line":273,"column":3},"end":{"line":273,"column":null}},"line":273},"34":{"name":"(anonymous_34)","decl":{"start":{"line":280,"column":7},"end":{"line":280,"column":19}},"loc":{"start":{"line":280,"column":38},"end":{"line":285,"column":null}},"line":280},"35":{"name":"(anonymous_35)","decl":{"start":{"line":282,"column":35},"end":{"line":282,"column":52}},"loc":{"start":{"line":283,"column":3},"end":{"line":283,"column":null}},"line":283},"36":{"name":"(anonymous_36)","decl":{"start":{"line":290,"column":7},"end":{"line":290,"column":20}},"loc":{"start":{"line":290,"column":20},"end":{"line":304,"column":null}},"line":290},"37":{"name":"(anonymous_37)","decl":{"start":{"line":293,"column":43},"end":{"line":293,"column":50}},"loc":{"start":{"line":293,"column":59},"end":{"line":300,"column":3}},"line":293},"38":{"name":"(anonymous_38)","decl":{"start":{"line":303,"column":2},"end":{"line":303,"column":20}},"loc":{"start":{"line":303,"column":20},"end":{"line":303,"column":51}},"line":303},"39":{"name":"(anonymous_39)","decl":{"start":{"line":309,"column":7},"end":{"line":309,"column":19}},"loc":{"start":{"line":309,"column":53},"end":{"line":314,"column":null}},"line":309},"40":{"name":"(anonymous_40)","decl":{"start":{"line":311,"column":35},"end":{"line":311,"column":52}},"loc":{"start":{"line":312,"column":3},"end":{"line":312,"column":null}},"line":312},"41":{"name":"(anonymous_41)","decl":{"start":{"line":319,"column":7},"end":{"line":319,"column":20}},"loc":{"start":{"line":319,"column":79},"end":{"line":324,"column":null}},"line":319},"42":{"name":"(anonymous_42)","decl":{"start":{"line":321,"column":35},"end":{"line":321,"column":53}},"loc":{"start":{"line":322,"column":3},"end":{"line":322,"column":null}},"line":322},"43":{"name":"(anonymous_43)","decl":{"start":{"line":329,"column":7},"end":{"line":329,"column":16}},"loc":{"start":{"line":329,"column":58},"end":{"line":334,"column":null}},"line":329},"44":{"name":"(anonymous_44)","decl":{"start":{"line":331,"column":35},"end":{"line":331,"column":49}},"loc":{"start":{"line":332,"column":3},"end":{"line":332,"column":null}},"line":332},"45":{"name":"(anonymous_45)","decl":{"start":{"line":339,"column":7},"end":{"line":339,"column":null}},"loc":{"start":{"line":345,"column":3},"end":{"line":350,"column":null}},"line":345},"46":{"name":"(anonymous_46)","decl":{"start":{"line":347,"column":35},"end":{"line":347,"column":50}},"loc":{"start":{"line":348,"column":3},"end":{"line":348,"column":null}},"line":348},"47":{"name":"(anonymous_47)","decl":{"start":{"line":355,"column":7},"end":{"line":355,"column":19}},"loc":{"start":{"line":355,"column":51},"end":{"line":360,"column":null}},"line":355},"48":{"name":"(anonymous_48)","decl":{"start":{"line":357,"column":35},"end":{"line":357,"column":52}},"loc":{"start":{"line":358,"column":3},"end":{"line":358,"column":null}},"line":358},"49":{"name":"(anonymous_49)","decl":{"start":{"line":366,"column":1},"end":{"line":366,"column":9}},"loc":{"start":{"line":366,"column":9},"end":{"line":374,"column":null}},"line":366},"50":{"name":"(anonymous_50)","decl":{"start":{"line":376,"column":1},"end":{"line":376,"column":15}},"loc":{"start":{"line":376,"column":15},"end":{"line":378,"column":null}},"line":376}},"branchMap":{"0":{"loc":{"start":{"line":64,"column":2},"end":{"line":64,"column":null}},"type":"cond-expr","locations":[{"start":{"line":64,"column":18},"end":{"line":64,"column":27}},{"start":{"line":64,"column":27},"end":{"line":64,"column":null}}],"line":64},"1":{"loc":{"start":{"line":138,"column":3},"end":{"line":138,"column":null}},"type":"if","locations":[{"start":{"line":138,"column":3},"end":{"line":138,"column":null}},{"start":{},"end":{}}],"line":138},"2":{"loc":{"start":{"line":149,"column":4},"end":{"line":153,"column":null}},"type":"if","locations":[{"start":{"line":149,"column":4},"end":{"line":153,"column":null}},{"start":{},"end":{}}],"line":149},"3":{"loc":{"start":{"line":149,"column":4},"end":{"line":149,"column":46}},"type":"binary-expr","locations":[{"start":{"line":149,"column":4},"end":{"line":149,"column":32}},{"start":{"line":149,"column":32},"end":{"line":149,"column":46}}],"line":149},"4":{"loc":{"start":{"line":157,"column":4},"end":{"line":180,"column":null}},"type":"if","locations":[{"start":{"line":157,"column":4},"end":{"line":180,"column":null}},{"start":{"line":174,"column":11},"end":{"line":180,"column":null}}],"line":157},"5":{"loc":{"start":{"line":176,"column":18},"end":{"line":176,"column":null}},"type":"binary-expr","locations":[{"start":{"line":176,"column":18},"end":{"line":176,"column":34}},{"start":{"line":176,"column":34},"end":{"line":176,"column":null}}],"line":176},"6":{"loc":{"start":{"line":177,"column":21},"end":{"line":177,"column":null}},"type":"binary-expr","locations":[{"start":{"line":177,"column":21},"end":{"line":177,"column":40}},{"start":{"line":177,"column":40},"end":{"line":177,"column":null}}],"line":177},"7":{"loc":{"start":{"line":196,"column":3},"end":{"line":200,"column":null}},"type":"if","locations":[{"start":{"line":196,"column":3},"end":{"line":200,"column":null}},{"start":{},"end":{}}],"line":196},"8":{"loc":{"start":{"line":214,"column":3},"end":{"line":214,"column":null}},"type":"if","locations":[{"start":{"line":214,"column":3},"end":{"line":214,"column":null}},{"start":{},"end":{}}],"line":214},"9":{"loc":{"start":{"line":224,"column":4},"end":{"line":243,"column":null}},"type":"if","locations":[{"start":{"line":224,"column":4},"end":{"line":243,"column":null}},{"start":{"line":237,"column":11},"end":{"line":243,"column":null}}],"line":224},"10":{"loc":{"start":{"line":239,"column":18},"end":{"line":239,"column":null}},"type":"binary-expr","locations":[{"start":{"line":239,"column":18},"end":{"line":239,"column":34}},{"start":{"line":239,"column":34},"end":{"line":239,"column":null}}],"line":239},"11":{"loc":{"start":{"line":240,"column":21},"end":{"line":240,"column":null}},"type":"binary-expr","locations":[{"start":{"line":240,"column":21},"end":{"line":240,"column":40}},{"start":{"line":240,"column":40},"end":{"line":240,"column":null}}],"line":240},"12":{"loc":{"start":{"line":291,"column":2},"end":{"line":291,"column":null}},"type":"if","locations":[{"start":{"line":291,"column":2},"end":{"line":291,"column":null}},{"start":{},"end":{}}],"line":291},"13":{"loc":{"start":{"line":291,"column":2},"end":{"line":291,"column":57}},"type":"binary-expr","locations":[{"start":{"line":291,"column":2},"end":{"line":291,"column":24}},{"start":{"line":291,"column":12},"end":{"line":291,"column":57}}],"line":291},"14":{"loc":{"start":{"line":295,"column":3},"end":{"line":298,"column":null}},"type":"if","locations":[{"start":{"line":295,"column":3},"end":{"line":298,"column":null}},{"start":{},"end":{}}],"line":295},"15":{"loc":{"start":{"line":342,"column":2},"end":{"line":342,"column":null}},"type":"default-arg","locations":[{"start":{"line":342,"column":17},"end":{"line":342,"column":null}}],"line":342},"16":{"loc":{"start":{"line":387,"column":0},"end":{"line":389,"column":null}},"type":"if","locations":[{"start":{"line":387,"column":0},"end":{"line":389,"column":null}},{"start":{},"end":{}}],"line":387},"17":{"loc":{"start":{"line":387,"column":0},"end":{"line":387,"column":58}},"type":"binary-expr","locations":[{"start":{"line":387,"column":0},"end":{"line":387,"column":37}},{"start":{"line":387,"column":37},"end":{"line":387,"column":58}}],"line":387}},"s":{"0":1,"1":1,"2":1,"3":1,"4":1,"5":1,"6":1,"7":1,"8":1,"9":1,"10":1,"11":1,"12":1,"13":1,"14":11,"15":0,"16":11,"17":0,"18":0,"19":1,"20":1,"21":6,"22":6,"23":0,"24":6,"25":6,"26":6,"27":6,"28":6,"29":6,"30":5,"31":1,"32":1,"33":4,"34":4,"35":2,"36":0,"37":0,"38":2,"39":2,"40":2,"41":2,"42":2,"43":2,"44":2,"45":2,"46":2,"47":2,"48":2,"49":2,"50":2,"51":2,"52":1,"53":1,"54":1,"55":1,"56":1,"57":1,"58":1,"59":1,"60":1,"61":1,"62":0,"63":5,"64":5,"65":0,"66":5,"67":5,"68":5,"69":5,"70":5,"71":4,"72":4,"73":4,"74":4,"75":0,"76":0,"77":4,"78":3,"79":4,"80":4,"81":4,"82":4,"83":4,"84":4,"85":4,"86":0,"87":0,"88":0,"89":0,"90":0,"91":1,"92":1,"93":1,"94":1,"95":1,"96":1,"97":1,"98":1,"99":1,"100":1,"101":1,"102":1,"103":1,"104":1,"105":0,"106":1,"107":1,"108":1,"109":1,"110":1,"111":1,"112":1,"113":1,"114":0,"115":1,"116":1,"117":1,"118":0,"119":0,"120":0,"121":0,"122":0,"123":0,"124":0,"125":0,"126":0,"127":0,"128":0,"129":0,"130":14,"131":14,"132":14,"133":14,"134":14,"135":14,"136":14,"137":1,"138":1,"139":1},"f":{"0":29,"1":20,"2":25,"3":33,"4":8,"5":18,"6":50,"7":34,"8":11,"9":0,"10":0,"11":0,"12":1,"13":1,"14":0,"15":0,"16":0,"17":1,"18":1,"19":6,"20":6,"21":0,"22":0,"23":2,"24":1,"25":5,"26":5,"27":0,"28":0,"29":3,"30":1,"31":1,"32":1,"33":1,"34":1,"35":1,"36":1,"37":1,"38":0,"39":1,"40":1,"41":0,"42":0,"43":0,"44":0,"45":0,"46":0,"47":0,"48":0,"49":14,"50":1},"b":{"0":[0,1],"1":[0,6],"2":[1,4],"3":[5,1],"4":[2,2],"5":[2,0],"6":[2,2],"7":[1,0],"8":[0,5],"9":[4,0],"10":[0,0],"11":[0,0],"12":[0,1],"13":[1,1],"14":[1,0],"15":[0],"16":[1,0],"17":[1,1]},"meta":{"lastBranch":18,"lastFunction":51,"lastStatement":140,"seen":{"s:31:9:31:Infinity":0,"s:33:19:33:Infinity":1,"s:35:11:35:Infinity":2,"s:37:9:37:Infinity":3,"s:39:12:39:Infinity":4,"s:41:13:41:Infinity":5,"s:45:12:45:Infinity":6,"s:47:11:47:Infinity":7,"s:50:26:50:Infinity":8,"s:63:11:102:Infinity":9,"s:118:19:118:Infinity":10,"s:122:16:122:Infinity":11,"s:124:21:124:Infinity":12,"s:126:12:126:Infinity":13,"f:29:1:29:9":0,"f:31:1:31:9":1,"f:35:1:35:11":2,"f:37:1:37:9":3,"f:39:1:39:12":4,"f:41:1:41:13":5,"f:45:1:45:12":6,"f:47:1:47:11":7,"f:51:15:51:23":8,"s:52:2:54:Infinity":14,"f:52:53:52:59":9,"s:53:3:53:Infinity":15,"s:55:2:55:Infinity":16,"b:64:18:64:27:64:27:64:Infinity":0,"f:109:5:109:16":10,"s:109:18:109:58":17,"f:111:5:111:17":11,"s:111:19:111:59":18,"f:113:5:113:25":12,"s:113:27:113:68":19,"f:116:1:116:19":13,"f:118:1:118:19":14,"f:122:1:122:16":15,"f:124:1:124:21":16,"f:126:1:126:12":17,"f:132:7:132:28":18,"s:133:8:133:Infinity":20,"f:136:7:136:22":19,"s:137:8:187:Infinity":21,"f:137:21:137:33":20,"b:138:3:138:Infinity:undefined:undefined:undefined:undefined":1,"s:138:3:138:Infinity":22,"s:138:23:138:Infinity":23,"s:140:3:140:Infinity":24,"s:141:3:141:Infinity":25,"s:142:3:142:Infinity":26,"s:144:3:186:Infinity":27,"s:146:12:146:Infinity":28,"s:148:10:148:Infinity":29,"b:149:4:153:Infinity:undefined:undefined:undefined:undefined":2,"s:149:4:153:Infinity":30,"b:149:4:149:32:149:32:149:46":3,"s:151:5:151:Infinity":31,"s:152:5:152:Infinity":32,"s:155:19:155:Infinity":33,"b:157:4:180:Infinity:174:11:180:Infinity":4,"s:157:4:180:Infinity":34,"s:159:29:159:Infinity":35,"f:159:48:159:55":21,"s:159:60:159:70":36,"f:159:72:159:76":22,"s:159:81:159:85":37,"s:161:5:163:Infinity":38,"f:161:31:161:35":23,"s:161:35:163:Infinity":39,"s:166:5:166:Infinity":40,"s:167:5:167:Infinity":41,"s:168:5:168:Infinity":42,"s:169:5:169:Infinity":43,"s:170:5:170:Infinity":44,"s:171:5:171:Infinity":45,"s:173:5:173:Infinity":46,"s:175:5:175:Infinity":47,"s:176:5:176:Infinity":48,"b:176:18:176:34:176:34:176:Infinity":5,"s:177:5:177:Infinity":49,"b:177:21:177:40:177:40:177:Infinity":6,"s:178:5:178:Infinity":50,"s:179:5:179:Infinity":51,"s:182:4:182:Infinity":52,"s:183:4:183:Infinity":53,"s:184:4:184:Infinity":54,"s:185:4:185:Infinity":55,"f:193:7:193:21":24,"s:194:2:203:Infinity":56,"s:195:9:195:Infinity":57,"b:196:3:200:Infinity:undefined:undefined:undefined:undefined":7,"s:196:3:200:Infinity":58,"s:197:4:197:Infinity":59,"s:198:4:198:Infinity":60,"s:199:10:199:Infinity":61,"s:202:3:202:Infinity":62,"f:209:15:209:Infinity":25,"s:213:8:250:Infinity":63,"f:213:21:213:33":26,"b:214:3:214:Infinity:undefined:undefined:undefined:undefined":8,"s:214:3:214:Infinity":64,"s:214:23:214:Infinity":65,"s:215:3:215:Infinity":66,"s:216:3:249:Infinity":67,"s:217:10:217:Infinity":68,"s:218:4:218:Infinity":69,"s:219:10:219:Infinity":70,"s:221:12:221:Infinity":71,"s:222:19:222:Infinity":72,"b:224:4:243:Infinity:237:11:243:Infinity":9,"s:224:4:243:Infinity":73,"s:225:29:225:Infinity":74,"f:225:48:225:55":27,"s:225:60:225:70":75,"f:225:72:225:76":28,"s:225:81:225:85":76,"s:226:5:228:Infinity":77,"f:226:31:226:35":29,"s:226:35:228:Infinity":78,"s:230:5:230:Infinity":79,"s:231:5:231:Infinity":80,"s:232:5:232:Infinity":81,"s:233:5:233:Infinity":82,"s:234:5:234:Infinity":83,"s:235:5:235:Infinity":84,"s:236:5:236:Infinity":85,"s:238:5:238:Infinity":86,"s:239:5:239:Infinity":87,"b:239:18:239:34:239:34:239:Infinity":10,"s:240:5:240:Infinity":88,"b:240:21:240:40:240:40:240:Infinity":11,"s:241:5:241:Infinity":89,"s:242:5:242:Infinity":90,"s:245:4:245:Infinity":91,"s:246:4:246:Infinity":92,"s:247:4:247:Infinity":93,"s:248:4:248:Infinity":94,"f:256:7:256:Infinity":30,"s:261:10:261:Infinity":95,"s:262:8:263:Infinity":96,"f:262:35:262:62":31,"s:263:3:263:Infinity":97,"f:270:7:270:20":32,"s:271:10:271:Infinity":98,"s:272:8:273:Infinity":99,"f:272:35:272:53":33,"s:273:3:273:Infinity":100,"f:280:7:280:19":34,"s:281:10:281:Infinity":101,"s:282:8:283:Infinity":102,"f:282:35:282:52":35,"s:283:3:283:Infinity":103,"f:290:7:290:20":36,"b:291:2:291:Infinity:undefined:undefined:undefined:undefined":12,"s:291:2:291:Infinity":104,"b:291:2:291:24:291:12:291:57":13,"s:291:57:291:Infinity":105,"s:293:8:300:Infinity":106,"f:293:43:293:50":37,"s:294:21:294:Infinity":107,"b:295:3:298:Infinity:undefined:undefined:undefined:undefined":14,"s:295:3:298:Infinity":108,"s:296:12:296:Infinity":109,"s:297:4:297:Infinity":110,"s:299:3:299:Infinity":111,"s:302:2:302:Infinity":112,"s:303:2:303:Infinity":113,"f:303:2:303:20":38,"s:303:20:303:51":114,"f:309:7:309:19":39,"s:310:10:310:Infinity":115,"s:311:8:312:Infinity":116,"f:311:35:311:52":40,"s:312:3:312:Infinity":117,"f:319:7:319:20":41,"s:320:10:320:Infinity":118,"s:321:8:322:Infinity":119,"f:321:35:321:53":42,"s:322:3:322:Infinity":120,"f:329:7:329:16":43,"s:330:10:330:Infinity":121,"s:331:8:332:Infinity":122,"f:331:35:331:49":44,"s:332:3:332:Infinity":123,"f:339:7:339:Infinity":45,"b:342:17:342:Infinity":15,"s:346:10:346:Infinity":124,"s:347:8:348:Infinity":125,"f:347:35:347:50":46,"s:348:3:348:Infinity":126,"f:355:7:355:19":47,"s:356:10:356:Infinity":127,"s:357:8:358:Infinity":128,"f:357:35:357:52":48,"s:358:3:358:Infinity":129,"f:366:1:366:9":49,"s:367:2:367:Infinity":130,"s:368:2:368:Infinity":131,"s:369:2:369:Infinity":132,"s:370:2:370:Infinity":133,"s:371:2:371:Infinity":134,"s:372:2:372:Infinity":135,"s:373:2:373:Infinity":136,"f:376:1:376:15":50,"s:384:27:384:Infinity":137,"b:387:0:389:Infinity:undefined:undefined:undefined:undefined":16,"s:387:0:389:Infinity":138,"b:387:0:387:37:387:37:387:58":17,"s:388:1:388:Infinity":139}}}
,"/run/media/system/2tbsata/projects/tauri/strata/src/lib/services/platform.ts": {"path":"/run/media/system/2tbsata/projects/tauri/strata/src/lib/services/platform.ts","statementMap":{"0":{"start":{"line":10,"column":21},"end":{"line":10,"column":null}},"1":{"start":{"line":11,"column":2},"end":{"line":11,"column":null}},"2":{"start":{"line":15,"column":21},"end":{"line":15,"column":null}},"3":{"start":{"line":16,"column":2},"end":{"line":16,"column":null}},"4":{"start":{"line":20,"column":19},"end":{"line":20,"column":null}},"5":{"start":{"line":21,"column":19},"end":{"line":24,"column":null}},"6":{"start":{"line":25,"column":2},"end":{"line":25,"column":null}},"7":{"start":{"line":29,"column":2},"end":{"line":34,"column":null}},"8":{"start":{"line":30,"column":22},"end":{"line":30,"column":null}},"9":{"start":{"line":31,"column":3},"end":{"line":31,"column":null}},"10":{"start":{"line":33,"column":3},"end":{"line":33,"column":null}},"11":{"start":{"line":36,"column":21},"end":{"line":36,"column":null}},"12":{"start":{"line":37,"column":19},"end":{"line":39,"column":null}},"13":{"start":{"line":38,"column":3},"end":{"line":38,"column":null}},"14":{"start":{"line":41,"column":2},"end":{"line":41,"column":null}},"15":{"start":{"line":45,"column":21},"end":{"line":45,"column":null}},"16":{"start":{"line":46,"column":2},"end":{"line":46,"column":null}},"17":{"start":{"line":50,"column":31},"end":{"line":50,"column":null}},"18":{"start":{"line":51,"column":2},"end":{"line":51,"column":null}},"19":{"start":{"line":55,"column":31},"end":{"line":55,"column":null}},"20":{"start":{"line":56,"column":2},"end":{"line":56,"column":null}},"21":{"start":{"line":60,"column":31},"end":{"line":60,"column":null}},"22":{"start":{"line":61,"column":2},"end":{"line":61,"column":null}}},"fnMap":{"0":{"name":"(anonymous_0)","decl":{"start":{"line":9,"column":14},"end":{"line":9,"column":23}},"loc":{"start":{"line":9,"column":54},"end":{"line":12,"column":null}},"line":9},"1":{"name":"(anonymous_1)","decl":{"start":{"line":14,"column":14},"end":{"line":14,"column":24}},"loc":{"start":{"line":14,"column":70},"end":{"line":17,"column":null}},"line":14},"2":{"name":"(anonymous_2)","decl":{"start":{"line":19,"column":14},"end":{"line":19,"column":25}},"loc":{"start":{"line":19,"column":71},"end":{"line":26,"column":null}},"line":19},"3":{"name":"(anonymous_3)","decl":{"start":{"line":28,"column":14},"end":{"line":28,"column":24}},"loc":{"start":{"line":28,"column":81},"end":{"line":42,"column":null}},"line":28},"4":{"name":"(anonymous_4)","decl":{"start":{"line":37,"column":32},"end":{"line":37,"column":54}},"loc":{"start":{"line":37,"column":54},"end":{"line":39,"column":3}},"line":37},"5":{"name":"(anonymous_5)","decl":{"start":{"line":44,"column":14},"end":{"line":44,"column":26}},"loc":{"start":{"line":44,"column":98},"end":{"line":47,"column":null}},"line":44},"6":{"name":"(anonymous_6)","decl":{"start":{"line":49,"column":14},"end":{"line":49,"column":46}},"loc":{"start":{"line":49,"column":46},"end":{"line":52,"column":null}},"line":49},"7":{"name":"(anonymous_7)","decl":{"start":{"line":54,"column":14},"end":{"line":54,"column":52}},"loc":{"start":{"line":54,"column":52},"end":{"line":57,"column":null}},"line":54},"8":{"name":"(anonymous_8)","decl":{"start":{"line":59,"column":14},"end":{"line":59,"column":43}},"loc":{"start":{"line":59,"column":43},"end":{"line":62,"column":null}},"line":59}},"branchMap":{"0":{"loc":{"start":{"line":25,"column":9},"end":{"line":25,"column":null}},"type":"cond-expr","locations":[{"start":{"line":25,"column":40},"end":{"line":25,"column":51}},{"start":{"line":25,"column":51},"end":{"line":25,"column":null}}],"line":25}},"s":{"0":6,"1":6,"2":5,"3":5,"4":1,"5":1,"6":1,"7":0,"8":0,"9":0,"10":0,"11":0,"12":0,"13":0,"14":0,"15":0,"16":0,"17":0,"18":0,"19":0,"20":0,"21":0,"22":0},"f":{"0":1,"1":1,"2":1,"3":1,"4":0,"5":1,"6":1,"7":1,"8":1},"b":{"0":[1,0]},"meta":{"lastBranch":1,"lastFunction":9,"lastStatement":23,"seen":{"f:9:14:9:23":0,"s:10:21:10:Infinity":0,"s:11:2:11:Infinity":1,"f:14:14:14:24":1,"s:15:21:15:Infinity":2,"s:16:2:16:Infinity":3,"f:19:14:19:25":2,"s:20:19:20:Infinity":4,"s:21:19:24:Infinity":5,"s:25:2:25:Infinity":6,"b:25:40:25:51:25:51:25:Infinity":0,"f:28:14:28:24":3,"s:29:2:34:Infinity":7,"s:30:22:30:Infinity":8,"s:31:3:31:Infinity":9,"s:33:3:33:Infinity":10,"s:36:21:36:Infinity":11,"s:37:19:39:Infinity":12,"f:37:32:37:54":4,"s:38:3:38:Infinity":13,"s:41:2:41:Infinity":14,"f:44:14:44:26":5,"s:45:21:45:Infinity":15,"s:46:2:46:Infinity":16,"f:49:14:49:46":6,"s:50:31:50:Infinity":17,"s:51:2:51:Infinity":18,"f:54:14:54:52":7,"s:55:31:55:Infinity":19,"s:56:2:56:Infinity":20,"f:59:14:59:43":8,"s:60:31:60:Infinity":21,"s:61:2:61:Infinity":22}}}
}
